Using device: cuda



Standard training for 0 epochs



Standard Accuracy-	Test: 9.257812%.
Adversarial training for 100 epochs
======= Epoch 1 =======
Loss: 1.3526.	LR: 0.0084
Standard Accuracy-	Test: 55.54%.
Adversarial Accuracy-	Train: 50.68%.
Time taken: 0:02:21
======= Epoch 2 =======
Loss: 0.8521.	LR: 0.0092
Standard Accuracy-	Test: 63.11%.
Adversarial Accuracy-	Train: 69.98%.
Time taken: 0:02:22
======= Epoch 3 =======
Loss: 0.6878.	LR: 0.0116
Standard Accuracy-	Test: 73.30%.
Adversarial Accuracy-	Train: 76.08%.
Time taken: 0:02:22
======= Epoch 4 =======
Loss: 0.6028.	LR: 0.0155
Standard Accuracy-	Test: 67.92%.
Adversarial Accuracy-	Train: 79.35%.
Time taken: 0:02:22
======= Epoch 5 =======
Loss: 0.5498.	LR: 0.0209
Standard Accuracy-	Test: 74.38%.
Adversarial Accuracy-	Train: 81.14%.
Time taken: 0:02:22
======= Epoch 6 =======
Loss: 0.5121.	LR: 0.0277
Standard Accuracy-	Test: 75.31%.
Adversarial Accuracy-	Train: 82.46%.
Time taken: 0:02:22
======= Epoch 7 =======
Loss: 0.4838.	LR: 0.0357
Standard Accuracy-	Test: 76.66%.
Adversarial Accuracy-	Train: 83.31%.
Time taken: 0:02:22
======= Epoch 8 =======
Loss: 0.4563.	LR: 0.0450
Standard Accuracy-	Test: 75.47%.
Adversarial Accuracy-	Train: 84.21%.
Time taken: 0:02:22
======= Epoch 9 =======
Loss: 0.4357.	LR: 0.0552
Standard Accuracy-	Test: 79.07%.
Adversarial Accuracy-	Train: 85.08%.
Time taken: 0:02:22
======= Epoch 10 =======
Loss: 0.4281.	LR: 0.0663
Standard Accuracy-	Test: 79.70%.
Adversarial Accuracy-	Train: 85.28%.
Time taken: 0:02:22
======= Epoch 11 =======
Loss: 0.4113.	LR: 0.0781
Standard Accuracy-	Test: 80.66%.
Adversarial Accuracy-	Train: 85.91%.
Time taken: 0:02:22
======= Epoch 12 =======
Loss: 0.4144.	LR: 0.0903
Standard Accuracy-	Test: 78.51%.
Adversarial Accuracy-	Train: 85.85%.
Time taken: 0:02:22
======= Epoch 13 =======
Loss: 0.4102.	LR: 0.1029
Standard Accuracy-	Test: 80.32%.
Adversarial Accuracy-	Train: 85.96%.
Time taken: 0:02:22
======= Epoch 14 =======
Loss: 0.4110.	LR: 0.1155
Standard Accuracy-	Test: 80.19%.
Adversarial Accuracy-	Train: 86.05%.
Time taken: 0:02:22
======= Epoch 15 =======
Loss: 0.4158.	LR: 0.1281
Standard Accuracy-	Test: 82.44%.
Adversarial Accuracy-	Train: 85.66%.
Time taken: 0:02:22
======= Epoch 16 =======
Loss: 0.4145.	LR: 0.1404
Standard Accuracy-	Test: 75.99%.
Adversarial Accuracy-	Train: 85.85%.
Time taken: 0:02:22
======= Epoch 17 =======
Loss: 0.4138.	LR: 0.1521
Standard Accuracy-	Test: 78.05%.
Adversarial Accuracy-	Train: 85.97%.
Time taken: 0:02:22
======= Epoch 18 =======
Loss: 0.4126.	LR: 0.1632
Standard Accuracy-	Test: 79.73%.
Adversarial Accuracy-	Train: 85.85%.
Time taken: 0:02:22
======= Epoch 19 =======
Loss: 0.4096.	LR: 0.1735
Standard Accuracy-	Test: 70.68%.
Adversarial Accuracy-	Train: 85.90%.
Time taken: 0:02:22
======= Epoch 20 =======
Loss: 0.4053.	LR: 0.1827
Standard Accuracy-	Test: 79.71%.
Adversarial Accuracy-	Train: 86.12%.
Time taken: 0:02:22
======= Epoch 21 =======
Loss: 0.4098.	LR: 0.1908
Standard Accuracy-	Test: 81.67%.
Adversarial Accuracy-	Train: 85.87%.
Time taken: 0:02:22
======= Epoch 22 =======
Loss: 0.4058.	LR: 0.1975
Standard Accuracy-	Test: 76.04%.
Adversarial Accuracy-	Train: 86.20%.
Time taken: 0:02:22
======= Epoch 23 =======
Loss: 0.4029.	LR: 0.2029
Standard Accuracy-	Test: 75.11%.
Adversarial Accuracy-	Train: 86.27%.
Time taken: 0:02:22
======= Epoch 24 =======
Loss: 0.4053.	LR: 0.2068
Standard Accuracy-	Test: 75.59%.
Adversarial Accuracy-	Train: 86.30%.
Time taken: 0:02:22
======= Epoch 25 =======
Loss: 0.3974.	LR: 0.2092
Standard Accuracy-	Test: 79.25%.
Adversarial Accuracy-	Train: 86.54%.
Time taken: 0:02:22
======= Epoch 26 =======
Loss: 0.4021.	LR: 0.2100
Standard Accuracy-	Test: 75.68%.
Adversarial Accuracy-	Train: 86.35%.
Time taken: 0:02:22
======= Epoch 27 =======
Loss: 0.3984.	LR: 0.2099
Standard Accuracy-	Test: 79.41%.
Adversarial Accuracy-	Train: 86.35%.
Time taken: 0:02:22
======= Epoch 28 =======
Loss: 0.4009.	LR: 0.2096
Standard Accuracy-	Test: 79.38%.
Adversarial Accuracy-	Train: 86.37%.
Time taken: 0:02:22
======= Epoch 29 =======
Loss: 0.3913.	LR: 0.2092
Standard Accuracy-	Test: 65.46%.
Adversarial Accuracy-	Train: 86.69%.
Time taken: 0:02:22
======= Epoch 30 =======
Loss: 0.3922.	LR: 0.2085
Standard Accuracy-	Test: 72.02%.
Adversarial Accuracy-	Train: 86.70%.	Test: 72.02%.
Time taken: 0:03:10
======= Epoch 31 =======
Loss: 0.3895.	LR: 0.2077
Standard Accuracy-	Test: 80.26%.
Adversarial Accuracy-	Train: 86.97%.
Time taken: 0:02:22
======= Epoch 32 =======
Loss: 0.3822.	LR: 0.2067
Standard Accuracy-	Test: 77.53%.
Adversarial Accuracy-	Train: 87.00%.
Time taken: 0:02:22
======= Epoch 33 =======
Loss: 0.3873.	LR: 0.2055
Standard Accuracy-	Test: 80.52%.
Adversarial Accuracy-	Train: 86.96%.
Time taken: 0:02:22
======= Epoch 34 =======
Loss: 0.3849.	LR: 0.2042
Standard Accuracy-	Test: 75.39%.
Adversarial Accuracy-	Train: 86.83%.
Time taken: 0:02:22
======= Epoch 35 =======
Loss: 0.3809.	LR: 0.2026
Standard Accuracy-	Test: 83.54%.
Adversarial Accuracy-	Train: 87.06%.
Time taken: 0:02:22
======= Epoch 36 =======
Loss: 0.3782.	LR: 0.2009
Standard Accuracy-	Test: 84.91%.
Adversarial Accuracy-	Train: 86.99%.
Time taken: 0:02:22
======= Epoch 37 =======
Loss: 0.3766.	LR: 0.1990
Standard Accuracy-	Test: 80.04%.
Adversarial Accuracy-	Train: 87.18%.
Time taken: 0:02:22
======= Epoch 38 =======
Loss: 0.3792.	LR: 0.1970
Standard Accuracy-	Test: 79.39%.
Adversarial Accuracy-	Train: 87.05%.
Time taken: 0:02:22
======= Epoch 39 =======
Loss: 0.3763.	LR: 0.1948
Standard Accuracy-	Test: 73.23%.
Adversarial Accuracy-	Train: 87.15%.
Time taken: 0:02:22
======= Epoch 40 =======
Loss: 0.3797.	LR: 0.1925
Standard Accuracy-	Test: 76.66%.
Adversarial Accuracy-	Train: 87.14%.
Time taken: 0:02:22
======= Epoch 41 =======
Loss: 0.3717.	LR: 0.1899
Standard Accuracy-	Test: 76.88%.
Adversarial Accuracy-	Train: 87.20%.
Time taken: 0:02:22
======= Epoch 42 =======
Loss: 0.3722.	LR: 0.1873
Standard Accuracy-	Test: 69.49%.
Adversarial Accuracy-	Train: 87.42%.
Time taken: 0:02:22
======= Epoch 43 =======
Loss: 0.3666.	LR: 0.1845
Standard Accuracy-	Test: 70.60%.
Adversarial Accuracy-	Train: 87.62%.
Time taken: 0:02:22
======= Epoch 44 =======
Loss: 0.3726.	LR: 0.1815
Standard Accuracy-	Test: 81.23%.
Adversarial Accuracy-	Train: 87.47%.
Time taken: 0:02:22
======= Epoch 45 =======
Loss: 0.3634.	LR: 0.1785
Standard Accuracy-	Test: 84.91%.
Adversarial Accuracy-	Train: 87.71%.
Time taken: 0:02:22
======= Epoch 46 =======
Loss: 0.3640.	LR: 0.1753
Standard Accuracy-	Test: 78.14%.
Adversarial Accuracy-	Train: 87.57%.
Time taken: 0:02:22
======= Epoch 47 =======
Loss: 0.3588.	LR: 0.1719
Standard Accuracy-	Test: 83.37%.
Adversarial Accuracy-	Train: 87.71%.
Time taken: 0:02:22
======= Epoch 48 =======
Loss: 0.3645.	LR: 0.1685
Standard Accuracy-	Test: 83.31%.
Adversarial Accuracy-	Train: 87.45%.
Time taken: 0:02:22
======= Epoch 49 =======
Loss: 0.3533.	LR: 0.1649
Standard Accuracy-	Test: 83.76%.
Adversarial Accuracy-	Train: 87.87%.
Time taken: 0:02:22
======= Epoch 50 =======
Loss: 0.3553.	LR: 0.1613
Standard Accuracy-	Test: 76.10%.
Adversarial Accuracy-	Train: 87.86%.
Time taken: 0:02:22
======= Epoch 51 =======
Loss: 0.3536.	LR: 0.1575
Standard Accuracy-	Test: 81.47%.
Adversarial Accuracy-	Train: 87.99%.
Time taken: 0:02:22
======= Epoch 52 =======
Loss: 0.3494.	LR: 0.1536
Standard Accuracy-	Test: 82.96%.
Adversarial Accuracy-	Train: 88.19%.
Time taken: 0:02:22
======= Epoch 53 =======
Loss: 0.3463.	LR: 0.1497
Standard Accuracy-	Test: 82.72%.
Adversarial Accuracy-	Train: 88.32%.
Time taken: 0:02:22
======= Epoch 54 =======
Loss: 0.3436.	LR: 0.1457
Standard Accuracy-	Test: 83.39%.
Adversarial Accuracy-	Train: 88.29%.
Time taken: 0:02:22
======= Epoch 55 =======
Loss: 0.3448.	LR: 0.1416
Standard Accuracy-	Test: 82.85%.
Adversarial Accuracy-	Train: 88.27%.
Time taken: 0:02:22
======= Epoch 56 =======
Loss: 0.3377.	LR: 0.1374
Standard Accuracy-	Test: 82.52%.
Adversarial Accuracy-	Train: 88.38%.
Time taken: 0:02:22
======= Epoch 57 =======
Loss: 0.3357.	LR: 0.1332
Standard Accuracy-	Test: 80.30%.
Adversarial Accuracy-	Train: 88.53%.
Time taken: 0:02:22
======= Epoch 58 =======
Loss: 0.3336.	LR: 0.1290
Standard Accuracy-	Test: 81.22%.
Adversarial Accuracy-	Train: 88.77%.
Time taken: 0:02:22
======= Epoch 59 =======
Loss: 0.3277.	LR: 0.1247
Standard Accuracy-	Test: 84.98%.
Adversarial Accuracy-	Train: 88.86%.
Time taken: 0:02:22
======= Epoch 60 =======
Loss: 0.3211.	LR: 0.1203
Standard Accuracy-	Test: 81.47%.
Adversarial Accuracy-	Train: 89.08%.	Test: 81.47%.
Time taken: 0:03:09
======= Epoch 61 =======
Loss: 0.3276.	LR: 0.1160
Standard Accuracy-	Test: 84.48%.
Adversarial Accuracy-	Train: 89.04%.
Time taken: 0:02:22
======= Epoch 62 =======
Loss: 0.3177.	LR: 0.1116
Standard Accuracy-	Test: 85.93%.
Adversarial Accuracy-	Train: 89.25%.
Time taken: 0:02:22
======= Epoch 63 =======
Loss: 0.3160.	LR: 0.1072
Standard Accuracy-	Test: 83.94%.
Adversarial Accuracy-	Train: 89.35%.
Time taken: 0:02:22
======= Epoch 64 =======
Loss: 0.3123.	LR: 0.1028
Standard Accuracy-	Test: 82.29%.
Adversarial Accuracy-	Train: 89.34%.
Time taken: 0:02:22
======= Epoch 65 =======
Loss: 0.3061.	LR: 0.0984
Standard Accuracy-	Test: 76.63%.
Adversarial Accuracy-	Train: 89.69%.
Time taken: 0:02:22
======= Epoch 66 =======
Loss: 0.3026.	LR: 0.0940
Standard Accuracy-	Test: 85.28%.
Adversarial Accuracy-	Train: 89.80%.
Time taken: 0:02:22
======= Epoch 67 =======
Loss: 0.2927.	LR: 0.0897
Standard Accuracy-	Test: 86.07%.
Adversarial Accuracy-	Train: 90.12%.
Time taken: 0:02:22
======= Epoch 68 =======
Loss: 0.2917.	LR: 0.0853
Standard Accuracy-	Test: 83.58%.
Adversarial Accuracy-	Train: 90.16%.
Time taken: 0:02:22
======= Epoch 69 =======
Loss: 0.2827.	LR: 0.0810
Standard Accuracy-	Test: 82.89%.
Adversarial Accuracy-	Train: 90.35%.
Time taken: 0:02:22
======= Epoch 70 =======
Loss: 0.2779.	LR: 0.0768
Standard Accuracy-	Test: 87.39%.
Adversarial Accuracy-	Train: 90.59%.
Time taken: 0:02:22
======= Epoch 71 =======
Loss: 0.2787.	LR: 0.0725
Standard Accuracy-	Test: 87.71%.
Adversarial Accuracy-	Train: 90.54%.
Time taken: 0:02:22
======= Epoch 72 =======
Loss: 0.2690.	LR: 0.0684
Standard Accuracy-	Test: 83.23%.
Adversarial Accuracy-	Train: 90.85%.
Time taken: 0:02:22
======= Epoch 73 =======
Loss: 0.2637.	LR: 0.0643
Standard Accuracy-	Test: 85.33%.
Adversarial Accuracy-	Train: 91.04%.
Time taken: 0:02:22
======= Epoch 74 =======
Loss: 0.2506.	LR: 0.0603
Standard Accuracy-	Test: 88.57%.
Adversarial Accuracy-	Train: 91.42%.
Time taken: 0:02:22
======= Epoch 75 =======
Loss: 0.2448.	LR: 0.0563
Standard Accuracy-	Test: 86.55%.
Adversarial Accuracy-	Train: 91.50%.
Time taken: 0:02:22
======= Epoch 76 =======
Loss: 0.2442.	LR: 0.0525
Standard Accuracy-	Test: 87.26%.
Adversarial Accuracy-	Train: 91.65%.
Time taken: 0:02:22
======= Epoch 77 =======
Loss: 0.2268.	LR: 0.0487
Standard Accuracy-	Test: 88.08%.
Adversarial Accuracy-	Train: 92.30%.
Time taken: 0:02:22
======= Epoch 78 =======
Loss: 0.2233.	LR: 0.0451
Standard Accuracy-	Test: 87.54%.
Adversarial Accuracy-	Train: 92.35%.
Time taken: 0:02:22
======= Epoch 79 =======
Loss: 0.2101.	LR: 0.0415
Standard Accuracy-	Test: 85.99%.
Adversarial Accuracy-	Train: 92.94%.
Time taken: 0:02:22
======= Epoch 80 =======
Loss: 0.1979.	LR: 0.0381
Standard Accuracy-	Test: 89.77%.
Adversarial Accuracy-	Train: 93.21%.
Time taken: 0:02:25
======= Epoch 81 =======
Loss: 0.1868.	LR: 0.0347
Standard Accuracy-	Test: 85.97%.
Adversarial Accuracy-	Train: 93.49%.
Time taken: 0:02:22
======= Epoch 82 =======
Loss: 0.1814.	LR: 0.0315
Standard Accuracy-	Test: 90.43%.
Adversarial Accuracy-	Train: 93.77%.
Time taken: 0:02:22
======= Epoch 83 =======
Loss: 0.1627.	LR: 0.0285
Standard Accuracy-	Test: 89.35%.
Adversarial Accuracy-	Train: 94.45%.
Time taken: 0:02:22
======= Epoch 84 =======
Loss: 0.1558.	LR: 0.0255
Standard Accuracy-	Test: 90.62%.
Adversarial Accuracy-	Train: 94.71%.
Time taken: 0:02:22
======= Epoch 85 =======
Loss: 0.1347.	LR: 0.0227
Standard Accuracy-	Test: 90.76%.
Adversarial Accuracy-	Train: 95.48%.
Time taken: 0:02:22
======= Epoch 86 =======
Loss: 0.1265.	LR: 0.0200
Standard Accuracy-	Test: 90.84%.
Adversarial Accuracy-	Train: 95.74%.
Time taken: 0:02:22
======= Epoch 87 =======
Loss: 0.1112.	LR: 0.0175
Standard Accuracy-	Test: 91.84%.
Adversarial Accuracy-	Train: 96.28%.
Time taken: 0:02:22
======= Epoch 88 =======
Loss: 0.0955.	LR: 0.0152
Standard Accuracy-	Test: 92.50%.
Adversarial Accuracy-	Train: 96.73%.
Time taken: 0:02:22
======= Epoch 89 =======
Loss: 0.0820.	LR: 0.0130
Standard Accuracy-	Test: 92.69%.
Adversarial Accuracy-	Train: 97.20%.
Time taken: 0:02:22
======= Epoch 90 =======
Loss: 0.0656.	LR: 0.0109
Standard Accuracy-	Test: 92.76%.
Adversarial Accuracy-	Train: 97.79%.	Test: 92.76%.
Time taken: 0:03:09
======= Epoch 91 =======
Loss: 0.0521.	LR: 0.0091
Standard Accuracy-	Test: 93.20%.
Adversarial Accuracy-	Train: 98.26%.	Test: 93.20%.
Time taken: 0:03:09
======= Epoch 92 =======
Loss: 0.0410.	LR: 0.0074
Standard Accuracy-	Test: 94.04%.
Adversarial Accuracy-	Train: 98.65%.	Test: 94.04%.
Time taken: 0:03:09
======= Epoch 93 =======
Loss: 0.0289.	LR: 0.0058
Standard Accuracy-	Test: 94.12%.
Adversarial Accuracy-	Train: 99.09%.	Test: 94.12%.
Time taken: 0:03:09
======= Epoch 94 =======
Loss: 0.0201.	LR: 0.0045
Standard Accuracy-	Test: 94.44%.
Adversarial Accuracy-	Train: 99.43%.	Test: 94.44%.
Time taken: 0:03:09
======= Epoch 95 =======
Loss: 0.0142.	LR: 0.0033
Standard Accuracy-	Test: 94.44%.
Adversarial Accuracy-	Train: 99.61%.	Test: 94.44%.
Time taken: 0:03:09
======= Epoch 96 =======
Loss: 0.0103.	LR: 0.0023
Standard Accuracy-	Test: 94.63%.
Adversarial Accuracy-	Train: 99.73%.	Test: 94.63%.
Time taken: 0:03:09
======= Epoch 97 =======
Loss: 0.0085.	LR: 0.0015
Standard Accuracy-	Test: 94.62%.
Adversarial Accuracy-	Train: 99.81%.	Test: 94.62%.
Time taken: 0:03:09
======= Epoch 98 =======
Loss: 0.0080.	LR: 0.0008
Standard Accuracy-	Test: 94.61%.
Adversarial Accuracy-	Train: 99.81%.	Test: 94.61%.
Time taken: 0:03:09
======= Epoch 99 =======
Loss: 0.0073.	LR: 0.0004
Standard Accuracy-	Test: 94.78%.
Adversarial Accuracy-	Train: 99.83%.	Test: 94.78%.
Time taken: 0:03:09
======= Epoch 100 =======
Loss: 0.0072.	LR: 0.0001
Standard Accuracy-	Test: 94.71%.
Adversarial Accuracy-	Train: 99.85%.	Test: 94.71%.
Time taken: 0:03:09

Training completed.
Standard Accuracy-	Train: 99.93%.	Test: 94.78%.
Adversarial Accuracy-	Train: 99.85%.	Test: 94.78%.
Script Completed.
