Using device: cuda



Standard training for 0 epochs



Standard Accuracy-	Test: 9.257812%.
Adversarial training for 100 epochs
======= Epoch 1 =======
Loss: 2.0273.	LR: 0.0084
Standard Accuracy-	Test: 38.29%.
Adversarial Accuracy-	Train: 23.95%.
Time taken: 0:02:24
======= Epoch 2 =======
Loss: 1.9067.	LR: 0.0092
Standard Accuracy-	Test: 46.75%.
Adversarial Accuracy-	Train: 28.07%.
Time taken: 0:02:25
======= Epoch 3 =======
Loss: 1.8343.	LR: 0.0116
Standard Accuracy-	Test: 50.92%.
Adversarial Accuracy-	Train: 30.88%.
Time taken: 0:02:25
======= Epoch 4 =======
Loss: 1.7758.	LR: 0.0155
Standard Accuracy-	Test: 55.19%.
Adversarial Accuracy-	Train: 32.74%.
Time taken: 0:02:24
======= Epoch 5 =======
Loss: 1.7263.	LR: 0.0209
Standard Accuracy-	Test: 54.98%.
Adversarial Accuracy-	Train: 34.36%.
Time taken: 0:02:24
======= Epoch 6 =======
Loss: 1.6790.	LR: 0.0277
Standard Accuracy-	Test: 59.66%.
Adversarial Accuracy-	Train: 36.49%.
Time taken: 0:02:25
======= Epoch 7 =======
Loss: 1.6395.	LR: 0.0357
Standard Accuracy-	Test: 59.38%.
Adversarial Accuracy-	Train: 37.97%.
Time taken: 0:02:24
======= Epoch 8 =======
Loss: 1.6095.	LR: 0.0450
Standard Accuracy-	Test: 63.18%.
Adversarial Accuracy-	Train: 39.25%.
Time taken: 0:02:24
======= Epoch 9 =======
Loss: 1.5809.	LR: 0.0552
Standard Accuracy-	Test: 57.63%.
Adversarial Accuracy-	Train: 40.53%.
Time taken: 0:02:24
======= Epoch 10 =======
Loss: 1.5582.	LR: 0.0663
Standard Accuracy-	Test: 60.81%.
Adversarial Accuracy-	Train: 41.55%.
Time taken: 0:02:24
======= Epoch 11 =======
Loss: 1.5355.	LR: 0.0781
Standard Accuracy-	Test: 62.96%.
Adversarial Accuracy-	Train: 42.48%.
Time taken: 0:02:24
======= Epoch 12 =======
Loss: 1.5199.	LR: 0.0903
Standard Accuracy-	Test: 67.43%.
Adversarial Accuracy-	Train: 42.97%.
Time taken: 0:02:24
======= Epoch 13 =======
Loss: 1.5073.	LR: 0.1029
Standard Accuracy-	Test: 65.90%.
Adversarial Accuracy-	Train: 43.53%.
Time taken: 0:02:24
======= Epoch 14 =======
Loss: 1.4998.	LR: 0.1155
Standard Accuracy-	Test: 66.49%.
Adversarial Accuracy-	Train: 43.69%.
Time taken: 0:02:24
======= Epoch 15 =======
Loss: 1.4931.	LR: 0.1281
Standard Accuracy-	Test: 67.27%.
Adversarial Accuracy-	Train: 44.01%.
Time taken: 0:02:24
======= Epoch 16 =======
Loss: 1.4847.	LR: 0.1404
Standard Accuracy-	Test: 67.42%.
Adversarial Accuracy-	Train: 44.32%.
Time taken: 0:02:24
======= Epoch 17 =======
Loss: 1.4814.	LR: 0.1521
Standard Accuracy-	Test: 65.60%.
Adversarial Accuracy-	Train: 44.54%.
Time taken: 0:02:24
======= Epoch 18 =======
Loss: 1.4725.	LR: 0.1632
Standard Accuracy-	Test: 68.59%.
Adversarial Accuracy-	Train: 44.77%.
Time taken: 0:02:24
======= Epoch 19 =======
Loss: 1.4682.	LR: 0.1735
Standard Accuracy-	Test: 67.20%.
Adversarial Accuracy-	Train: 44.96%.
Time taken: 0:02:24
======= Epoch 20 =======
Loss: 1.4636.	LR: 0.1827
Standard Accuracy-	Test: 68.32%.
Adversarial Accuracy-	Train: 45.09%.
Time taken: 0:02:24
======= Epoch 21 =======
Loss: 1.4604.	LR: 0.1908
Standard Accuracy-	Test: 67.60%.
Adversarial Accuracy-	Train: 45.02%.
Time taken: 0:02:24
======= Epoch 22 =======
Loss: 1.4537.	LR: 0.1975
Standard Accuracy-	Test: 70.30%.
Adversarial Accuracy-	Train: 45.32%.
Time taken: 0:02:24
======= Epoch 23 =======
Loss: 1.4499.	LR: 0.2029
Standard Accuracy-	Test: 70.27%.
Adversarial Accuracy-	Train: 45.51%.
Time taken: 0:02:24
======= Epoch 24 =======
Loss: 1.4430.	LR: 0.2068
Standard Accuracy-	Test: 71.19%.
Adversarial Accuracy-	Train: 45.90%.
Time taken: 0:02:24
======= Epoch 25 =======
Loss: 1.4412.	LR: 0.2092
Standard Accuracy-	Test: 69.13%.
Adversarial Accuracy-	Train: 45.83%.
Time taken: 0:02:24
======= Epoch 26 =======
Loss: 1.4353.	LR: 0.2100
Standard Accuracy-	Test: 65.03%.
Adversarial Accuracy-	Train: 46.03%.
Time taken: 0:02:24
======= Epoch 27 =======
Loss: 1.4361.	LR: 0.2099
Standard Accuracy-	Test: 72.91%.
Adversarial Accuracy-	Train: 46.05%.
Time taken: 0:02:24
======= Epoch 28 =======
Loss: 1.4310.	LR: 0.2096
Standard Accuracy-	Test: 70.21%.
Adversarial Accuracy-	Train: 46.27%.
Time taken: 0:02:24
======= Epoch 29 =======
Loss: 1.4266.	LR: 0.2092
Standard Accuracy-	Test: 67.79%.
Adversarial Accuracy-	Train: 46.64%.
Time taken: 0:02:24
======= Epoch 30 =======
Loss: 1.4226.	LR: 0.2085
Standard Accuracy-	Test: 72.08%.
Adversarial Accuracy-	Train: 46.58%.	Test: 41.38%.
Time taken: 0:03:12
======= Epoch 31 =======
Loss: 1.4239.	LR: 0.2077
Standard Accuracy-	Test: 70.19%.
Adversarial Accuracy-	Train: 46.68%.
Time taken: 0:02:24
======= Epoch 32 =======
Loss: 1.4146.	LR: 0.2067
Standard Accuracy-	Test: 69.71%.
Adversarial Accuracy-	Train: 46.97%.
Time taken: 0:02:24
======= Epoch 33 =======
Loss: 1.4156.	LR: 0.2055
Standard Accuracy-	Test: 67.14%.
Adversarial Accuracy-	Train: 46.93%.
Time taken: 0:02:24
======= Epoch 34 =======
Loss: 1.4116.	LR: 0.2042
Standard Accuracy-	Test: 70.72%.
Adversarial Accuracy-	Train: 47.30%.
Time taken: 0:02:24
======= Epoch 35 =======
Loss: 1.4079.	LR: 0.2026
Standard Accuracy-	Test: 71.43%.
Adversarial Accuracy-	Train: 47.00%.
Time taken: 0:02:24
======= Epoch 36 =======
Loss: 1.4075.	LR: 0.2009
Standard Accuracy-	Test: 72.77%.
Adversarial Accuracy-	Train: 47.16%.
Time taken: 0:02:24
======= Epoch 37 =======
Loss: 1.4047.	LR: 0.1990
Standard Accuracy-	Test: 71.88%.
Adversarial Accuracy-	Train: 47.26%.
Time taken: 0:02:24
======= Epoch 38 =======
Loss: 1.3992.	LR: 0.1970
Standard Accuracy-	Test: 70.15%.
Adversarial Accuracy-	Train: 47.59%.
Time taken: 0:02:24
======= Epoch 39 =======
Loss: 1.3983.	LR: 0.1948
Standard Accuracy-	Test: 73.17%.
Adversarial Accuracy-	Train: 47.44%.
Time taken: 0:02:24
======= Epoch 40 =======
Loss: 1.3978.	LR: 0.1925
Standard Accuracy-	Test: 72.61%.
Adversarial Accuracy-	Train: 47.29%.
Time taken: 0:02:24
======= Epoch 41 =======
Loss: 1.3892.	LR: 0.1899
Standard Accuracy-	Test: 69.97%.
Adversarial Accuracy-	Train: 47.76%.
Time taken: 0:02:24
======= Epoch 42 =======
Loss: 1.3929.	LR: 0.1873
Standard Accuracy-	Test: 72.29%.
Adversarial Accuracy-	Train: 47.80%.
Time taken: 0:02:24
======= Epoch 43 =======
Loss: 1.3914.	LR: 0.1845
Standard Accuracy-	Test: 71.27%.
Adversarial Accuracy-	Train: 47.82%.
Time taken: 0:02:24
======= Epoch 44 =======
Loss: 1.3889.	LR: 0.1815
Standard Accuracy-	Test: 73.35%.
Adversarial Accuracy-	Train: 47.58%.
Time taken: 0:02:24
======= Epoch 45 =======
Loss: 1.3824.	LR: 0.1785
Standard Accuracy-	Test: 69.36%.
Adversarial Accuracy-	Train: 48.13%.
Time taken: 0:02:24
======= Epoch 46 =======
Loss: 1.3803.	LR: 0.1753
Standard Accuracy-	Test: 69.48%.
Adversarial Accuracy-	Train: 48.12%.
Time taken: 0:02:24
======= Epoch 47 =======
Loss: 1.3771.	LR: 0.1719
Standard Accuracy-	Test: 70.60%.
Adversarial Accuracy-	Train: 48.48%.
Time taken: 0:02:24
======= Epoch 48 =======
Loss: 1.3772.	LR: 0.1685
Standard Accuracy-	Test: 72.60%.
Adversarial Accuracy-	Train: 48.29%.
Time taken: 0:02:24
======= Epoch 49 =======
Loss: 1.3740.	LR: 0.1649
Standard Accuracy-	Test: 72.15%.
Adversarial Accuracy-	Train: 48.13%.
Time taken: 0:02:24
======= Epoch 50 =======
Loss: 1.3715.	LR: 0.1613
Standard Accuracy-	Test: 75.01%.
Adversarial Accuracy-	Train: 48.33%.
Time taken: 0:02:24
======= Epoch 51 =======
Loss: 1.3696.	LR: 0.1575
Standard Accuracy-	Test: 73.44%.
Adversarial Accuracy-	Train: 48.33%.
Time taken: 0:02:24
======= Epoch 52 =======
Loss: 1.3671.	LR: 0.1536
Standard Accuracy-	Test: 72.71%.
Adversarial Accuracy-	Train: 48.36%.
Time taken: 0:02:24
======= Epoch 53 =======
Loss: 1.3659.	LR: 0.1497
Standard Accuracy-	Test: 72.29%.
Adversarial Accuracy-	Train: 48.55%.
Time taken: 0:02:24
======= Epoch 54 =======
Loss: 1.3599.	LR: 0.1457
Standard Accuracy-	Test: 72.34%.
Adversarial Accuracy-	Train: 48.90%.
Time taken: 0:02:24
======= Epoch 55 =======
Loss: 1.3604.	LR: 0.1416
Standard Accuracy-	Test: 74.91%.
Adversarial Accuracy-	Train: 48.79%.
Time taken: 0:02:24
======= Epoch 56 =======
Loss: 1.3486.	LR: 0.1374
Standard Accuracy-	Test: 74.60%.
Adversarial Accuracy-	Train: 49.22%.
Time taken: 0:02:24
======= Epoch 57 =======
Loss: 1.3480.	LR: 0.1332
Standard Accuracy-	Test: 71.73%.
Adversarial Accuracy-	Train: 49.42%.
Time taken: 0:02:24
======= Epoch 58 =======
Loss: 1.3468.	LR: 0.1290
Standard Accuracy-	Test: 74.20%.
Adversarial Accuracy-	Train: 49.05%.
Time taken: 0:02:24
======= Epoch 59 =======
Loss: 1.3399.	LR: 0.1247
Standard Accuracy-	Test: 75.40%.
Adversarial Accuracy-	Train: 49.41%.
Time taken: 0:02:24
======= Epoch 60 =======
Loss: 1.3397.	LR: 0.1203
Standard Accuracy-	Test: 74.42%.
Adversarial Accuracy-	Train: 49.47%.	Test: 43.96%.
Time taken: 0:03:12
======= Epoch 61 =======
Loss: 1.3325.	LR: 0.1160
Standard Accuracy-	Test: 73.96%.
Adversarial Accuracy-	Train: 49.74%.
Time taken: 0:02:24
======= Epoch 62 =======
Loss: 1.3327.	LR: 0.1116
Standard Accuracy-	Test: 73.34%.
Adversarial Accuracy-	Train: 49.70%.
Time taken: 0:02:24
======= Epoch 63 =======
Loss: 1.3245.	LR: 0.1072
Standard Accuracy-	Test: 74.83%.
Adversarial Accuracy-	Train: 50.16%.
Time taken: 0:02:24
======= Epoch 64 =======
Loss: 1.3212.	LR: 0.1028
Standard Accuracy-	Test: 74.65%.
Adversarial Accuracy-	Train: 50.32%.
Time taken: 0:02:24
======= Epoch 65 =======
Loss: 1.3159.	LR: 0.0984
Standard Accuracy-	Test: 74.13%.
Adversarial Accuracy-	Train: 50.22%.
Time taken: 0:02:24
======= Epoch 66 =======
Loss: 1.3102.	LR: 0.0940
Standard Accuracy-	Test: 76.17%.
Adversarial Accuracy-	Train: 50.44%.
Time taken: 0:02:24
======= Epoch 67 =======
Loss: 1.3036.	LR: 0.0897
Standard Accuracy-	Test: 74.65%.
Adversarial Accuracy-	Train: 50.74%.
Time taken: 0:02:24
======= Epoch 68 =======
Loss: 1.2952.	LR: 0.0853
Standard Accuracy-	Test: 75.58%.
Adversarial Accuracy-	Train: 50.91%.
Time taken: 0:02:24
======= Epoch 69 =======
Loss: 1.2909.	LR: 0.0810
Standard Accuracy-	Test: 75.50%.
Adversarial Accuracy-	Train: 51.21%.
Time taken: 0:02:24
======= Epoch 70 =======
Loss: 1.2830.	LR: 0.0768
Standard Accuracy-	Test: 77.18%.
Adversarial Accuracy-	Train: 51.29%.
Time taken: 0:02:24
======= Epoch 71 =======
Loss: 1.2825.	LR: 0.0725
Standard Accuracy-	Test: 76.51%.
Adversarial Accuracy-	Train: 51.54%.
Time taken: 0:02:24
======= Epoch 72 =======
Loss: 1.2709.	LR: 0.0684
Standard Accuracy-	Test: 76.86%.
Adversarial Accuracy-	Train: 52.00%.
Time taken: 0:02:24
======= Epoch 73 =======
Loss: 1.2622.	LR: 0.0643
Standard Accuracy-	Test: 74.36%.
Adversarial Accuracy-	Train: 52.24%.
Time taken: 0:02:24
======= Epoch 74 =======
Loss: 1.2539.	LR: 0.0603
Standard Accuracy-	Test: 78.26%.
Adversarial Accuracy-	Train: 52.29%.
Time taken: 0:02:24
======= Epoch 75 =======
Loss: 1.2477.	LR: 0.0563
Standard Accuracy-	Test: 78.04%.
Adversarial Accuracy-	Train: 52.62%.
Time taken: 0:02:24
======= Epoch 76 =======
Loss: 1.2324.	LR: 0.0525
Standard Accuracy-	Test: 76.50%.
Adversarial Accuracy-	Train: 53.33%.
Time taken: 0:02:24
======= Epoch 77 =======
Loss: 1.2264.	LR: 0.0487
Standard Accuracy-	Test: 78.07%.
Adversarial Accuracy-	Train: 53.31%.
Time taken: 0:02:24
======= Epoch 78 =======
Loss: 1.2120.	LR: 0.0451
Standard Accuracy-	Test: 77.74%.
Adversarial Accuracy-	Train: 53.75%.
Time taken: 0:02:24
======= Epoch 79 =======
Loss: 1.1941.	LR: 0.0415
Standard Accuracy-	Test: 79.35%.
Adversarial Accuracy-	Train: 54.50%.
Time taken: 0:02:24
======= Epoch 80 =======
Loss: 1.1872.	LR: 0.0381
Standard Accuracy-	Test: 77.38%.
Adversarial Accuracy-	Train: 54.57%.
Time taken: 0:02:24
======= Epoch 81 =======
Loss: 1.1696.	LR: 0.0347
Standard Accuracy-	Test: 79.52%.
Adversarial Accuracy-	Train: 55.24%.
Time taken: 0:02:24
======= Epoch 82 =======
Loss: 1.1562.	LR: 0.0315
Standard Accuracy-	Test: 80.05%.
Adversarial Accuracy-	Train: 55.53%.
Time taken: 0:02:24
======= Epoch 83 =======
Loss: 1.1362.	LR: 0.0285
Standard Accuracy-	Test: 80.26%.
Adversarial Accuracy-	Train: 56.31%.
Time taken: 0:02:24
======= Epoch 84 =======
Loss: 1.1159.	LR: 0.0255
Standard Accuracy-	Test: 81.32%.
Adversarial Accuracy-	Train: 57.04%.
Time taken: 0:02:24
======= Epoch 85 =======
Loss: 1.0975.	LR: 0.0227
Standard Accuracy-	Test: 80.85%.
Adversarial Accuracy-	Train: 57.43%.
Time taken: 0:02:24
======= Epoch 86 =======
Loss: 1.0713.	LR: 0.0200
Standard Accuracy-	Test: 82.06%.
Adversarial Accuracy-	Train: 58.67%.
Time taken: 0:02:24
======= Epoch 87 =======
Loss: 1.0498.	LR: 0.0175
Standard Accuracy-	Test: 80.84%.
Adversarial Accuracy-	Train: 59.34%.
Time taken: 0:02:24
======= Epoch 88 =======
Loss: 1.0218.	LR: 0.0152
Standard Accuracy-	Test: 83.12%.
Adversarial Accuracy-	Train: 59.95%.
Time taken: 0:02:24
======= Epoch 89 =======
Loss: 0.9950.	LR: 0.0130
Standard Accuracy-	Test: 82.66%.
Adversarial Accuracy-	Train: 61.09%.
Time taken: 0:02:24
======= Epoch 90 =======
Loss: 0.9613.	LR: 0.0109
Standard Accuracy-	Test: 83.42%.
Adversarial Accuracy-	Train: 62.13%.	Test: 50.41%.
Time taken: 0:03:12
======= Epoch 91 =======
Loss: 0.9236.	LR: 0.0091
Standard Accuracy-	Test: 83.31%.
Adversarial Accuracy-	Train: 63.27%.	Test: 50.53%.
Time taken: 0:03:12
======= Epoch 92 =======
Loss: 0.8895.	LR: 0.0074
Standard Accuracy-	Test: 84.26%.
Adversarial Accuracy-	Train: 64.53%.	Test: 50.95%.
Time taken: 0:03:12
======= Epoch 93 =======
Loss: 0.8488.	LR: 0.0058
Standard Accuracy-	Test: 84.51%.
Adversarial Accuracy-	Train: 65.96%.	Test: 50.75%.
Time taken: 0:03:12
======= Epoch 94 =======
Loss: 0.8060.	LR: 0.0045
Standard Accuracy-	Test: 85.21%.
Adversarial Accuracy-	Train: 67.56%.	Test: 50.37%.
Time taken: 0:03:12
======= Epoch 95 =======
Loss: 0.7663.	LR: 0.0033
Standard Accuracy-	Test: 85.09%.
Adversarial Accuracy-	Train: 68.88%.	Test: 50.16%.
Time taken: 0:03:12
======= Epoch 96 =======
Loss: 0.7261.	LR: 0.0023
Standard Accuracy-	Test: 85.48%.
Adversarial Accuracy-	Train: 70.40%.	Test: 50.62%.
Time taken: 0:03:12
======= Epoch 97 =======
Loss: 0.6900.	LR: 0.0015
Standard Accuracy-	Test: 85.37%.
Adversarial Accuracy-	Train: 71.74%.	Test: 50.52%.
Time taken: 0:03:12
======= Epoch 98 =======
Loss: 0.6654.	LR: 0.0008
Standard Accuracy-	Test: 85.58%.
Adversarial Accuracy-	Train: 72.69%.	Test: 50.15%.
Time taken: 0:03:12
======= Epoch 99 =======
Loss: 0.6485.	LR: 0.0004
Standard Accuracy-	Test: 85.85%.
Adversarial Accuracy-	Train: 73.26%.	Test: 50.28%.
Time taken: 0:03:12
======= Epoch 100 =======
Loss: 0.6390.	LR: 0.0001
Standard Accuracy-	Test: 85.81%.
Adversarial Accuracy-	Train: 73.82%.	Test: 50.49%.
Time taken: 0:03:12

Training completed.
Standard Accuracy-	Train: 94.81%.	Test: 84.26%.
Adversarial Accuracy-	Train: 73.82%.	Test: 50.95%.
Script Completed.
