Using device: cuda



Standard training for 0 epochs
Standard Accuracy-	Test: 9.257812%.
Wrong label Adversarial training for 100 epochs
======= Epoch 1 =======
Loss: 3.5780.	LR: 0.0084
Standard Accuracy-	Train: 41.63%.	Test: 53.64%.
Adversarial Accuracy-	Train: 25.33%.
Time taken: 0:02:48
======= Epoch 2 =======
Loss: 3.0524.	LR: 0.0092
Standard Accuracy-	Train: 55.59%.	Test: 57.02%.
Adversarial Accuracy-	Train: 31.35%.
Time taken: 0:02:49
======= Epoch 3 =======
Loss: 2.7181.	LR: 0.0116
Standard Accuracy-	Train: 63.35%.	Test: 66.66%.
Adversarial Accuracy-	Train: 35.44%.
Time taken: 0:02:49
======= Epoch 4 =======
Loss: 2.4857.	LR: 0.0155
Standard Accuracy-	Train: 68.50%.	Test: 69.89%.
Adversarial Accuracy-	Train: 38.18%.
Time taken: 0:02:49
======= Epoch 5 =======
Loss: 2.3151.	LR: 0.0209
Standard Accuracy-	Train: 72.26%.	Test: 71.63%.
Adversarial Accuracy-	Train: 39.53%.
Time taken: 0:02:49
======= Epoch 6 =======
Loss: 2.1702.	LR: 0.0277
Standard Accuracy-	Train: 74.58%.	Test: 74.95%.
Adversarial Accuracy-	Train: 40.98%.
Time taken: 0:02:49
======= Epoch 7 =======
Loss: 2.0495.	LR: 0.0357
Standard Accuracy-	Train: 76.79%.	Test: 75.15%.
Adversarial Accuracy-	Train: 41.65%.
Time taken: 0:02:49
======= Epoch 8 =======
Loss: 1.9702.	LR: 0.0450
Standard Accuracy-	Train: 78.41%.	Test: 77.30%.
Adversarial Accuracy-	Train: 42.11%.
Time taken: 0:02:49
======= Epoch 9 =======
Loss: 1.8904.	LR: 0.0552
Standard Accuracy-	Train: 79.68%.	Test: 77.50%.
Adversarial Accuracy-	Train: 42.84%.
Time taken: 0:02:49
======= Epoch 10 =======
Loss: 1.7957.	LR: 0.0663
Standard Accuracy-	Train: 81.00%.	Test: 76.64%.
Adversarial Accuracy-	Train: 41.88%.
Time taken: 0:02:49
======= Epoch 11 =======
Loss: 1.7361.	LR: 0.0781
Standard Accuracy-	Train: 82.01%.	Test: 77.81%.
Adversarial Accuracy-	Train: 41.26%.
Time taken: 0:02:49
======= Epoch 12 =======
Loss: 1.6875.	LR: 0.0903
Standard Accuracy-	Train: 82.52%.	Test: 77.90%.
Adversarial Accuracy-	Train: 40.14%.
Time taken: 0:02:49
======= Epoch 13 =======
Loss: 1.6062.	LR: 0.1029
Standard Accuracy-	Train: 82.96%.	Test: 82.32%.
Adversarial Accuracy-	Train: 37.08%.
Time taken: 0:02:49
======= Epoch 14 =======
Loss: 1.4925.	LR: 0.1155
Standard Accuracy-	Train: 83.85%.	Test: 78.02%.
Adversarial Accuracy-	Train: 30.90%.
Time taken: 0:02:49
======= Epoch 15 =======
Loss: 1.3243.	LR: 0.1281
Standard Accuracy-	Train: 84.65%.	Test: 81.82%.
Adversarial Accuracy-	Train: 21.38%.
Time taken: 0:02:49
======= Epoch 16 =======
Loss: 1.1773.	LR: 0.1404
Standard Accuracy-	Train: 85.24%.	Test: 82.17%.
Adversarial Accuracy-	Train: 14.23%.
Time taken: 0:02:49
======= Epoch 17 =======
Loss: 1.0381.	LR: 0.1521
Standard Accuracy-	Train: 85.96%.	Test: 84.53%.
Adversarial Accuracy-	Train: 9.63%.
Time taken: 0:02:49
======= Epoch 18 =======
Loss: 0.9721.	LR: 0.1632
Standard Accuracy-	Train: 86.12%.	Test: 84.60%.
Adversarial Accuracy-	Train: 7.86%.
Time taken: 0:02:49
======= Epoch 19 =======
Loss: 0.9174.	LR: 0.1735
Standard Accuracy-	Train: 86.41%.	Test: 79.47%.
Adversarial Accuracy-	Train: 7.00%.
Time taken: 0:02:49
======= Epoch 20 =======
Loss: 0.9212.	LR: 0.1827
Standard Accuracy-	Train: 86.34%.	Test: 72.11%.
Adversarial Accuracy-	Train: 6.76%.
Time taken: 0:02:49
======= Epoch 21 =======
Loss: 0.8867.	LR: 0.1908
Standard Accuracy-	Train: 86.43%.	Test: 83.54%.
Adversarial Accuracy-	Train: 5.77%.
Time taken: 0:02:49
======= Epoch 22 =======
Loss: 0.8409.	LR: 0.1975
Standard Accuracy-	Train: 86.79%.	Test: 81.53%.
Adversarial Accuracy-	Train: 5.01%.
Time taken: 0:02:49
======= Epoch 23 =======
Loss: 0.8680.	LR: 0.2029
Standard Accuracy-	Train: 86.37%.	Test: 81.11%.
Adversarial Accuracy-	Train: 5.07%.
Time taken: 0:02:49
======= Epoch 24 =======
Loss: 0.8058.	LR: 0.2068
Standard Accuracy-	Train: 87.07%.	Test: 68.09%.
Adversarial Accuracy-	Train: 4.23%.
Time taken: 0:02:49
======= Epoch 25 =======
Loss: 0.8001.	LR: 0.2092
Standard Accuracy-	Train: 86.93%.	Test: 76.42%.
Adversarial Accuracy-	Train: 3.95%.
Time taken: 0:02:49
======= Epoch 26 =======
Loss: 0.8094.	LR: 0.2100
Standard Accuracy-	Train: 86.86%.	Test: 78.57%.
Adversarial Accuracy-	Train: 3.94%.
Time taken: 0:02:49
======= Epoch 27 =======
Loss: 0.7571.	LR: 0.2099
Standard Accuracy-	Train: 87.01%.	Test: 82.24%.
Adversarial Accuracy-	Train: 3.19%.
Time taken: 0:02:49
======= Epoch 28 =======
Loss: 0.7815.	LR: 0.2096
Standard Accuracy-	Train: 86.76%.	Test: 75.94%.
Adversarial Accuracy-	Train: 3.31%.
Time taken: 0:02:49
======= Epoch 29 =======
Loss: 0.7456.	LR: 0.2092
Standard Accuracy-	Train: 87.33%.	Test: 78.19%.
Adversarial Accuracy-	Train: 3.07%.
Time taken: 0:02:49
======= Epoch 30 =======
Loss: 0.7335.	LR: 0.2085
Standard Accuracy-	Train: 87.54%.	Test: 84.11%.
Adversarial Accuracy-	Train: 3.08%.	Test: 0.33%.
Time taken: 0:03:36
======= Epoch 31 =======
Loss: 0.7448.	LR: 0.2077
Standard Accuracy-	Train: 87.48%.	Test: 77.74%.
Adversarial Accuracy-	Train: 3.11%.
Time taken: 0:02:49
======= Epoch 32 =======
Loss: 0.7125.	LR: 0.2067
Standard Accuracy-	Train: 87.54%.	Test: 82.09%.
Adversarial Accuracy-	Train: 2.80%.
Time taken: 0:02:49
======= Epoch 33 =======
Loss: 0.7277.	LR: 0.2055
Standard Accuracy-	Train: 87.57%.	Test: 81.50%.
Adversarial Accuracy-	Train: 3.02%.
Time taken: 0:02:49
======= Epoch 34 =======
Loss: 0.7329.	LR: 0.2042
Standard Accuracy-	Train: 87.69%.	Test: 78.89%.
Adversarial Accuracy-	Train: 3.16%.
Time taken: 0:02:49
======= Epoch 35 =======
Loss: 0.7298.	LR: 0.2026
Standard Accuracy-	Train: 87.55%.	Test: 76.66%.
Adversarial Accuracy-	Train: 3.03%.
Time taken: 0:02:49
======= Epoch 36 =======
Loss: 0.7331.	LR: 0.2009
Standard Accuracy-	Train: 87.56%.	Test: 77.69%.
Adversarial Accuracy-	Train: 3.26%.
Time taken: 0:02:49
======= Epoch 37 =======
Loss: 0.6915.	LR: 0.1990
Standard Accuracy-	Train: 87.92%.	Test: 79.62%.
Adversarial Accuracy-	Train: 3.00%.
Time taken: 0:02:49
======= Epoch 38 =======
Loss: 0.7149.	LR: 0.1970
Standard Accuracy-	Train: 87.86%.	Test: 73.48%.
Adversarial Accuracy-	Train: 3.00%.
Time taken: 0:02:49
======= Epoch 39 =======
Loss: 0.6814.	LR: 0.1948
Standard Accuracy-	Train: 88.15%.	Test: 83.23%.
Adversarial Accuracy-	Train: 2.60%.
Time taken: 0:02:49
======= Epoch 40 =======
Loss: 0.6884.	LR: 0.1925
Standard Accuracy-	Train: 88.16%.	Test: 81.66%.
Adversarial Accuracy-	Train: 2.94%.
Time taken: 0:02:49
======= Epoch 41 =======
Loss: 0.6948.	LR: 0.1899
Standard Accuracy-	Train: 88.04%.	Test: 78.54%.
Adversarial Accuracy-	Train: 2.92%.
Time taken: 0:02:49
======= Epoch 42 =======
Loss: 0.6998.	LR: 0.1873
Standard Accuracy-	Train: 88.26%.	Test: 78.48%.
Adversarial Accuracy-	Train: 3.05%.
Time taken: 0:02:49
======= Epoch 43 =======
Loss: 0.6745.	LR: 0.1845
Standard Accuracy-	Train: 87.95%.	Test: 78.41%.
Adversarial Accuracy-	Train: 2.89%.
Time taken: 0:02:49
======= Epoch 44 =======
Loss: 0.6598.	LR: 0.1815
Standard Accuracy-	Train: 88.49%.	Test: 73.46%.
Adversarial Accuracy-	Train: 2.71%.
Time taken: 0:02:49
======= Epoch 45 =======
Loss: 0.6717.	LR: 0.1785
Standard Accuracy-	Train: 88.56%.	Test: 79.41%.
Adversarial Accuracy-	Train: 2.66%.
Time taken: 0:02:49
======= Epoch 46 =======
Loss: 0.6487.	LR: 0.1753
Standard Accuracy-	Train: 88.50%.	Test: 83.52%.
Adversarial Accuracy-	Train: 2.79%.
Time taken: 0:02:49
======= Epoch 47 =======
Loss: 0.6543.	LR: 0.1719
Standard Accuracy-	Train: 88.34%.	Test: 83.45%.
Adversarial Accuracy-	Train: 2.51%.
Time taken: 0:02:49
======= Epoch 48 =======
Loss: 0.6697.	LR: 0.1685
Standard Accuracy-	Train: 88.43%.	Test: 81.91%.
Adversarial Accuracy-	Train: 2.79%.
Time taken: 0:02:49
======= Epoch 49 =======
Loss: 0.6313.	LR: 0.1649
Standard Accuracy-	Train: 88.59%.	Test: 79.18%.
Adversarial Accuracy-	Train: 2.62%.
Time taken: 0:02:49
======= Epoch 50 =======
Loss: 0.6658.	LR: 0.1613
Standard Accuracy-	Train: 88.64%.	Test: 82.15%.
Adversarial Accuracy-	Train: 3.04%.
Time taken: 0:02:49
======= Epoch 51 =======
Loss: 0.6264.	LR: 0.1575
Standard Accuracy-	Train: 88.86%.	Test: 82.53%.
Adversarial Accuracy-	Train: 2.57%.
Time taken: 0:02:49
======= Epoch 52 =======
Loss: 0.5979.	LR: 0.1536
Standard Accuracy-	Train: 88.96%.	Test: 87.02%.
Adversarial Accuracy-	Train: 2.15%.
Time taken: 0:02:49
======= Epoch 53 =======
Loss: 0.6176.	LR: 0.1497
Standard Accuracy-	Train: 89.06%.	Test: 80.73%.
Adversarial Accuracy-	Train: 2.56%.
Time taken: 0:02:49
======= Epoch 54 =======
Loss: 0.5897.	LR: 0.1457
Standard Accuracy-	Train: 89.20%.	Test: 83.72%.
Adversarial Accuracy-	Train: 2.38%.
Time taken: 0:02:49
======= Epoch 55 =======
Loss: 0.5680.	LR: 0.1416
Standard Accuracy-	Train: 89.45%.	Test: 84.16%.
Adversarial Accuracy-	Train: 2.01%.
Time taken: 0:02:49
======= Epoch 56 =======
Loss: 0.5997.	LR: 0.1374
Standard Accuracy-	Train: 89.17%.	Test: 83.08%.
Adversarial Accuracy-	Train: 2.40%.
Time taken: 0:02:49
======= Epoch 57 =======
Loss: 0.5851.	LR: 0.1332
Standard Accuracy-	Train: 89.30%.	Test: 83.66%.
Adversarial Accuracy-	Train: 2.25%.
Time taken: 0:02:49
======= Epoch 58 =======
Loss: 0.5636.	LR: 0.1290
Standard Accuracy-	Train: 89.55%.	Test: 85.93%.
Adversarial Accuracy-	Train: 2.27%.
Time taken: 0:02:49
======= Epoch 59 =======
Loss: 0.5636.	LR: 0.1247
Standard Accuracy-	Train: 89.80%.	Test: 81.86%.
Adversarial Accuracy-	Train: 2.38%.
Time taken: 0:02:49
======= Epoch 60 =======
Loss: 0.5474.	LR: 0.1203
Standard Accuracy-	Train: 89.66%.	Test: 85.58%.
Adversarial Accuracy-	Train: 2.01%.	Test: 0.25%.
Time taken: 0:03:37
======= Epoch 61 =======
Loss: 0.5483.	LR: 0.1160
Standard Accuracy-	Train: 89.71%.	Test: 84.05%.
Adversarial Accuracy-	Train: 2.31%.
Time taken: 0:02:49
======= Epoch 62 =======
Loss: 0.5526.	LR: 0.1116
Standard Accuracy-	Train: 89.94%.	Test: 81.35%.
Adversarial Accuracy-	Train: 2.13%.
Time taken: 0:02:49
======= Epoch 63 =======
Loss: 0.5099.	LR: 0.1072
Standard Accuracy-	Train: 90.35%.	Test: 83.63%.
Adversarial Accuracy-	Train: 1.85%.
Time taken: 0:02:49
======= Epoch 64 =======
Loss: 0.5353.	LR: 0.1028
Standard Accuracy-	Train: 90.27%.	Test: 87.12%.
Adversarial Accuracy-	Train: 2.11%.
Time taken: 0:02:49
======= Epoch 65 =======
Loss: 0.5120.	LR: 0.0984
Standard Accuracy-	Train: 90.30%.	Test: 84.15%.
Adversarial Accuracy-	Train: 1.92%.
Time taken: 0:02:49
======= Epoch 66 =======
Loss: 0.5040.	LR: 0.0940
Standard Accuracy-	Train: 90.57%.	Test: 81.08%.
Adversarial Accuracy-	Train: 1.82%.
Time taken: 0:02:49
======= Epoch 67 =======
Loss: 0.4810.	LR: 0.0897
Standard Accuracy-	Train: 90.65%.	Test: 85.07%.
Adversarial Accuracy-	Train: 1.76%.
Time taken: 0:02:49
======= Epoch 68 =======
Loss: 0.4740.	LR: 0.0853
Standard Accuracy-	Train: 91.25%.	Test: 85.30%.
Adversarial Accuracy-	Train: 1.89%.
Time taken: 0:02:49
======= Epoch 69 =======
Loss: 0.4990.	LR: 0.0810
Standard Accuracy-	Train: 90.88%.	Test: 87.20%.
Adversarial Accuracy-	Train: 2.09%.
Time taken: 0:02:49
======= Epoch 70 =======
Loss: 0.4663.	LR: 0.0768
Standard Accuracy-	Train: 91.15%.	Test: 86.72%.
Adversarial Accuracy-	Train: 1.79%.
Time taken: 0:02:49
======= Epoch 71 =======
Loss: 0.4400.	LR: 0.0725
Standard Accuracy-	Train: 91.41%.	Test: 86.32%.
Adversarial Accuracy-	Train: 1.66%.
Time taken: 0:02:49
======= Epoch 72 =======
Loss: 0.4209.	LR: 0.0684
Standard Accuracy-	Train: 91.65%.	Test: 87.96%.
Adversarial Accuracy-	Train: 1.71%.
Time taken: 0:02:49
======= Epoch 73 =======
Loss: 0.4175.	LR: 0.0643
Standard Accuracy-	Train: 92.02%.	Test: 84.85%.
Adversarial Accuracy-	Train: 1.51%.
Time taken: 0:02:49
======= Epoch 74 =======
Loss: 0.4161.	LR: 0.0603
Standard Accuracy-	Train: 91.96%.	Test: 87.50%.
Adversarial Accuracy-	Train: 1.51%.
Time taken: 0:02:48
======= Epoch 75 =======
Loss: 0.3795.	LR: 0.0563
Standard Accuracy-	Train: 92.47%.	Test: 86.16%.
Adversarial Accuracy-	Train: 1.33%.
Time taken: 0:02:48
======= Epoch 76 =======
Loss: 0.3767.	LR: 0.0525
Standard Accuracy-	Train: 92.51%.	Test: 86.74%.
Adversarial Accuracy-	Train: 1.42%.
Time taken: 0:02:48
======= Epoch 77 =======
Loss: 0.3636.	LR: 0.0487
Standard Accuracy-	Train: 92.82%.	Test: 87.75%.
Adversarial Accuracy-	Train: 1.43%.
Time taken: 0:02:48
======= Epoch 78 =======
Loss: 0.3562.	LR: 0.0451
Standard Accuracy-	Train: 92.95%.	Test: 88.21%.
Adversarial Accuracy-	Train: 1.37%.
Time taken: 0:02:48
======= Epoch 79 =======
Loss: 0.3226.	LR: 0.0415
Standard Accuracy-	Train: 93.58%.	Test: 88.22%.
Adversarial Accuracy-	Train: 1.31%.
Time taken: 0:02:48
======= Epoch 80 =======
Loss: 0.3097.	LR: 0.0381
Standard Accuracy-	Train: 93.72%.	Test: 89.18%.
Adversarial Accuracy-	Train: 1.25%.
Time taken: 0:02:48
======= Epoch 81 =======
Loss: 0.2839.	LR: 0.0347
Standard Accuracy-	Train: 94.14%.	Test: 88.89%.
Adversarial Accuracy-	Train: 1.12%.
Time taken: 0:02:48
======= Epoch 82 =======
Loss: 0.2668.	LR: 0.0315
Standard Accuracy-	Train: 94.51%.	Test: 89.41%.
Adversarial Accuracy-	Train: 1.05%.
Time taken: 0:02:48
======= Epoch 83 =======
Loss: 0.2560.	LR: 0.0285
Standard Accuracy-	Train: 94.86%.	Test: 90.14%.
Adversarial Accuracy-	Train: 1.09%.
Time taken: 0:02:48
======= Epoch 84 =======
Loss: 0.2392.	LR: 0.0255
Standard Accuracy-	Train: 95.12%.	Test: 89.83%.
Adversarial Accuracy-	Train: 0.99%.
Time taken: 0:02:49
======= Epoch 85 =======
Loss: 0.2125.	LR: 0.0227
Standard Accuracy-	Train: 95.86%.	Test: 91.19%.
Adversarial Accuracy-	Train: 0.92%.
Time taken: 0:02:49
======= Epoch 86 =======
Loss: 0.1907.	LR: 0.0200
Standard Accuracy-	Train: 96.17%.	Test: 89.98%.
Adversarial Accuracy-	Train: 1.02%.
Time taken: 0:02:48
======= Epoch 87 =======
Loss: 0.1808.	LR: 0.0175
Standard Accuracy-	Train: 96.55%.	Test: 91.66%.
Adversarial Accuracy-	Train: 1.00%.
Time taken: 0:02:49
======= Epoch 88 =======
Loss: 0.1543.	LR: 0.0152
Standard Accuracy-	Train: 96.95%.	Test: 91.36%.
Adversarial Accuracy-	Train: 0.84%.
Time taken: 0:02:49
======= Epoch 89 =======
Loss: 0.1308.	LR: 0.0130
Standard Accuracy-	Train: 97.58%.	Test: 92.32%.
Adversarial Accuracy-	Train: 0.86%.
Time taken: 0:02:48
======= Epoch 90 =======
Loss: 0.1126.	LR: 0.0109
Standard Accuracy-	Train: 98.03%.	Test: 92.47%.
Adversarial Accuracy-	Train: 0.73%.	Test: 0.12%.
Time taken: 0:03:36
======= Epoch 91 =======
Loss: 0.0939.	LR: 0.0091
Standard Accuracy-	Train: 98.60%.	Test: 92.68%.
Adversarial Accuracy-	Train: 0.85%.	Test: 0.16%.
Time taken: 0:03:36
======= Epoch 92 =======
Loss: 0.0735.	LR: 0.0074
Standard Accuracy-	Train: 98.99%.	Test: 93.53%.
Adversarial Accuracy-	Train: 0.72%.	Test: 0.03%.
Time taken: 0:03:36
======= Epoch 93 =======
Loss: 0.0634.	LR: 0.0058
Standard Accuracy-	Train: 99.30%.	Test: 93.18%.
Adversarial Accuracy-	Train: 0.66%.	Test: 0.08%.
Time taken: 0:04:28
======= Epoch 94 =======
Loss: 0.0512.	LR: 0.0045
Standard Accuracy-	Train: 99.51%.	Test: 93.83%.
Adversarial Accuracy-	Train: 0.69%.	Test: 0.04%.
Time taken: 0:03:36
======= Epoch 95 =======
Loss: 0.0418.	LR: 0.0033
Standard Accuracy-	Train: 99.69%.	Test: 94.59%.
Adversarial Accuracy-	Train: 0.66%.	Test: 0.04%.
Time taken: 0:03:37
======= Epoch 96 =======
Loss: 0.0385.	LR: 0.0023
Standard Accuracy-	Train: 99.77%.	Test: 94.49%.
Adversarial Accuracy-	Train: 0.62%.	Test: 0.04%.
Time taken: 0:03:36
======= Epoch 97 =======
Loss: 0.0321.	LR: 0.0015
Standard Accuracy-	Train: 99.85%.	Test: 94.52%.
Adversarial Accuracy-	Train: 0.60%.	Test: 0.05%.
Time taken: 0:03:36
======= Epoch 98 =======
Loss: 0.0290.	LR: 0.0008
Standard Accuracy-	Train: 99.88%.	Test: 94.50%.
Adversarial Accuracy-	Train: 0.56%.	Test: 0.03%.
Time taken: 0:03:36
======= Epoch 99 =======
Loss: 0.0316.	LR: 0.0004
Standard Accuracy-	Train: 99.86%.	Test: 94.38%.
Adversarial Accuracy-	Train: 0.51%.	Test: 0.03%.
Time taken: 0:03:36
======= Epoch 100 =======
Loss: 0.0286.	LR: 0.0001
Standard Accuracy-	Train: 99.88%.	Test: 94.45%.
Adversarial Accuracy-	Train: 0.56%.	Test: 0.04%.
Time taken: 0:03:36

Training completed.
Standard Accuracy-	Train: 99.88%.	Test: 94.59%.
Adversarial Accuracy-	Train: 0.56%.	Test: 0.04%.
Script Completed.
