Using device: cuda



Standard training for 0 epochs
Standard Accuracy-	Test: 9.257812%.
Wrong label Adversarial training for 100 epochs
======= Epoch 1 =======
Loss: 3.6299.	LR: 0.0084
Standard Accuracy-	Train: 41.15%.	Test: 53.71%.
Adversarial Accuracy-	Train: 23.80%.
Time taken: 0:02:48
======= Epoch 2 =======
Loss: 3.1340.	LR: 0.0092
Standard Accuracy-	Train: 54.83%.	Test: 58.48%.
Adversarial Accuracy-	Train: 28.85%.
Time taken: 0:02:49
======= Epoch 3 =======
Loss: 2.8055.	LR: 0.0116
Standard Accuracy-	Train: 62.69%.	Test: 66.25%.
Adversarial Accuracy-	Train: 32.24%.
Time taken: 0:02:50
======= Epoch 4 =======
Loss: 2.5671.	LR: 0.0155
Standard Accuracy-	Train: 67.80%.	Test: 69.78%.
Adversarial Accuracy-	Train: 34.28%.
Time taken: 0:02:49
======= Epoch 5 =======
Loss: 2.3669.	LR: 0.0209
Standard Accuracy-	Train: 71.81%.	Test: 72.23%.
Adversarial Accuracy-	Train: 35.27%.
Time taken: 0:02:49
======= Epoch 6 =======
Loss: 2.2169.	LR: 0.0277
Standard Accuracy-	Train: 74.13%.	Test: 72.72%.
Adversarial Accuracy-	Train: 35.98%.
Time taken: 0:02:49
======= Epoch 7 =======
Loss: 2.0764.	LR: 0.0357
Standard Accuracy-	Train: 76.44%.	Test: 75.95%.
Adversarial Accuracy-	Train: 35.59%.
Time taken: 0:02:49
======= Epoch 8 =======
Loss: 1.9546.	LR: 0.0450
Standard Accuracy-	Train: 78.12%.	Test: 77.17%.
Adversarial Accuracy-	Train: 34.72%.
Time taken: 0:02:49
======= Epoch 9 =======
Loss: 1.7859.	LR: 0.0552
Standard Accuracy-	Train: 80.22%.	Test: 78.54%.
Adversarial Accuracy-	Train: 31.68%.
Time taken: 0:02:49
======= Epoch 10 =======
Loss: 1.5178.	LR: 0.0663
Standard Accuracy-	Train: 82.21%.	Test: 81.10%.
Adversarial Accuracy-	Train: 22.22%.
Time taken: 0:02:49
======= Epoch 11 =======
Loss: 1.2502.	LR: 0.0781
Standard Accuracy-	Train: 83.79%.	Test: 75.95%.
Adversarial Accuracy-	Train: 12.42%.
Time taken: 0:02:49
======= Epoch 12 =======
Loss: 1.0651.	LR: 0.0903
Standard Accuracy-	Train: 85.02%.	Test: 81.59%.
Adversarial Accuracy-	Train: 8.37%.
Time taken: 0:02:49
======= Epoch 13 =======
Loss: 0.9313.	LR: 0.1029
Standard Accuracy-	Train: 85.59%.	Test: 82.44%.
Adversarial Accuracy-	Train: 5.15%.
Time taken: 0:02:49
======= Epoch 14 =======
Loss: 0.9004.	LR: 0.1155
Standard Accuracy-	Train: 85.64%.	Test: 83.26%.
Adversarial Accuracy-	Train: 4.40%.
Time taken: 0:02:49
======= Epoch 15 =======
Loss: 0.8709.	LR: 0.1281
Standard Accuracy-	Train: 85.74%.	Test: 82.54%.
Adversarial Accuracy-	Train: 3.53%.
Time taken: 0:02:49
======= Epoch 16 =======
Loss: 0.8242.	LR: 0.1404
Standard Accuracy-	Train: 86.23%.	Test: 83.62%.
Adversarial Accuracy-	Train: 2.97%.
Time taken: 0:02:49
======= Epoch 17 =======
Loss: 0.7721.	LR: 0.1521
Standard Accuracy-	Train: 86.28%.	Test: 81.13%.
Adversarial Accuracy-	Train: 2.55%.
Time taken: 0:02:49
======= Epoch 18 =======
Loss: 0.7296.	LR: 0.1632
Standard Accuracy-	Train: 86.64%.	Test: 83.60%.
Adversarial Accuracy-	Train: 1.96%.
Time taken: 0:02:49
======= Epoch 19 =======
Loss: 0.7676.	LR: 0.1735
Standard Accuracy-	Train: 86.13%.	Test: 78.86%.
Adversarial Accuracy-	Train: 2.25%.
Time taken: 0:02:49
======= Epoch 20 =======
Loss: 0.6956.	LR: 0.1827
Standard Accuracy-	Train: 86.83%.	Test: 80.21%.
Adversarial Accuracy-	Train: 1.70%.
Time taken: 0:02:49
======= Epoch 21 =======
Loss: 0.6958.	LR: 0.1908
Standard Accuracy-	Train: 86.81%.	Test: 82.63%.
Adversarial Accuracy-	Train: 1.40%.
Time taken: 0:02:49
======= Epoch 22 =======
Loss: 0.7464.	LR: 0.1975
Standard Accuracy-	Train: 86.32%.	Test: 80.17%.
Adversarial Accuracy-	Train: 1.90%.
Time taken: 0:02:49
======= Epoch 23 =======
Loss: 0.6650.	LR: 0.2029
Standard Accuracy-	Train: 87.08%.	Test: 50.50%.
Adversarial Accuracy-	Train: 1.34%.
Time taken: 0:02:49
======= Epoch 24 =======
Loss: 0.6574.	LR: 0.2068
Standard Accuracy-	Train: 87.19%.	Test: 76.87%.
Adversarial Accuracy-	Train: 1.22%.
Time taken: 0:02:49
======= Epoch 25 =======
Loss: 0.6700.	LR: 0.2092
Standard Accuracy-	Train: 87.03%.	Test: 60.39%.
Adversarial Accuracy-	Train: 1.28%.
Time taken: 0:02:49
======= Epoch 26 =======
Loss: 0.6474.	LR: 0.2100
Standard Accuracy-	Train: 87.28%.	Test: 71.29%.
Adversarial Accuracy-	Train: 1.24%.
Time taken: 0:02:49
======= Epoch 27 =======
Loss: 0.6669.	LR: 0.2099
Standard Accuracy-	Train: 87.14%.	Test: 79.28%.
Adversarial Accuracy-	Train: 1.40%.
Time taken: 0:02:49
======= Epoch 28 =======
Loss: 0.6405.	LR: 0.2096
Standard Accuracy-	Train: 87.17%.	Test: 74.94%.
Adversarial Accuracy-	Train: 1.10%.
Time taken: 0:02:49
======= Epoch 29 =======
Loss: 0.6595.	LR: 0.2092
Standard Accuracy-	Train: 86.99%.	Test: 81.01%.
Adversarial Accuracy-	Train: 1.18%.
Time taken: 0:02:49
======= Epoch 30 =======
Loss: 0.6050.	LR: 0.2085
Standard Accuracy-	Train: 87.59%.	Test: 81.80%.
Adversarial Accuracy-	Train: 0.93%.	Test: 0.13%.
Time taken: 0:03:36
======= Epoch 31 =======
Loss: 0.6308.	LR: 0.2077
Standard Accuracy-	Train: 87.26%.	Test: 84.03%.
Adversarial Accuracy-	Train: 0.91%.
Time taken: 0:02:49
======= Epoch 32 =======
Loss: 0.6013.	LR: 0.2067
Standard Accuracy-	Train: 87.52%.	Test: 75.26%.
Adversarial Accuracy-	Train: 0.85%.
Time taken: 0:02:49
======= Epoch 33 =======
Loss: 0.6511.	LR: 0.2055
Standard Accuracy-	Train: 87.21%.	Test: 80.25%.
Adversarial Accuracy-	Train: 1.03%.
Time taken: 0:02:49
======= Epoch 34 =======
Loss: 0.5983.	LR: 0.2042
Standard Accuracy-	Train: 87.65%.	Test: 79.77%.
Adversarial Accuracy-	Train: 0.79%.
Time taken: 0:02:49
======= Epoch 35 =======
Loss: 0.6433.	LR: 0.2026
Standard Accuracy-	Train: 87.13%.	Test: 84.45%.
Adversarial Accuracy-	Train: 1.07%.
Time taken: 0:02:49
======= Epoch 36 =======
Loss: 0.5800.	LR: 0.2009
Standard Accuracy-	Train: 87.72%.	Test: 81.66%.
Adversarial Accuracy-	Train: 0.75%.
Time taken: 0:02:49
======= Epoch 37 =======
Loss: 0.5834.	LR: 0.1990
Standard Accuracy-	Train: 87.73%.	Test: 79.18%.
Adversarial Accuracy-	Train: 0.65%.
Time taken: 0:02:49
======= Epoch 38 =======
Loss: 0.5928.	LR: 0.1970
Standard Accuracy-	Train: 87.92%.	Test: 83.03%.
Adversarial Accuracy-	Train: 0.76%.
Time taken: 0:02:49
======= Epoch 39 =======
Loss: 0.5701.	LR: 0.1948
Standard Accuracy-	Train: 88.09%.	Test: 72.86%.
Adversarial Accuracy-	Train: 0.61%.
Time taken: 0:02:49
======= Epoch 40 =======
Loss: 0.5781.	LR: 0.1925
Standard Accuracy-	Train: 87.85%.	Test: 82.36%.
Adversarial Accuracy-	Train: 0.75%.
Time taken: 0:02:49
======= Epoch 41 =======
Loss: 0.5732.	LR: 0.1899
Standard Accuracy-	Train: 87.84%.	Test: 81.78%.
Adversarial Accuracy-	Train: 0.77%.
Time taken: 0:02:49
======= Epoch 42 =======
Loss: 0.5942.	LR: 0.1873
Standard Accuracy-	Train: 87.90%.	Test: 83.06%.
Adversarial Accuracy-	Train: 0.95%.
Time taken: 0:02:49
======= Epoch 43 =======
Loss: 0.6496.	LR: 0.1845
Standard Accuracy-	Train: 87.49%.	Test: 80.64%.
Adversarial Accuracy-	Train: 1.33%.
Time taken: 0:02:49
======= Epoch 44 =======
Loss: 0.5507.	LR: 0.1815
Standard Accuracy-	Train: 88.48%.	Test: 85.61%.
Adversarial Accuracy-	Train: 0.75%.
Time taken: 0:02:49
======= Epoch 45 =======
Loss: 0.5643.	LR: 0.1785
Standard Accuracy-	Train: 88.21%.	Test: 78.95%.
Adversarial Accuracy-	Train: 0.69%.
Time taken: 0:02:49
======= Epoch 46 =======
Loss: 0.5321.	LR: 0.1753
Standard Accuracy-	Train: 88.57%.	Test: 83.05%.
Adversarial Accuracy-	Train: 0.69%.
Time taken: 0:02:49
======= Epoch 47 =======
Loss: 0.5531.	LR: 0.1719
Standard Accuracy-	Train: 88.41%.	Test: 79.74%.
Adversarial Accuracy-	Train: 0.58%.
Time taken: 0:02:49
======= Epoch 48 =======
Loss: 0.5339.	LR: 0.1685
Standard Accuracy-	Train: 88.46%.	Test: 83.91%.
Adversarial Accuracy-	Train: 0.63%.
Time taken: 0:02:49
======= Epoch 49 =======
Loss: 0.5155.	LR: 0.1649
Standard Accuracy-	Train: 88.58%.	Test: 82.98%.
Adversarial Accuracy-	Train: 0.59%.
Time taken: 0:02:49
======= Epoch 50 =======
Loss: 0.5158.	LR: 0.1613
Standard Accuracy-	Train: 88.81%.	Test: 81.94%.
Adversarial Accuracy-	Train: 0.56%.
Time taken: 0:02:49
======= Epoch 51 =======
Loss: 0.5272.	LR: 0.1575
Standard Accuracy-	Train: 88.64%.	Test: 84.51%.
Adversarial Accuracy-	Train: 0.63%.
Time taken: 0:02:49
======= Epoch 52 =======
Loss: 0.4958.	LR: 0.1536
Standard Accuracy-	Train: 88.95%.	Test: 85.86%.
Adversarial Accuracy-	Train: 0.41%.
Time taken: 0:02:49
======= Epoch 53 =======
Loss: 0.4936.	LR: 0.1497
Standard Accuracy-	Train: 89.03%.	Test: 82.89%.
Adversarial Accuracy-	Train: 0.62%.
Time taken: 0:02:49
======= Epoch 54 =======
Loss: 0.5099.	LR: 0.1457
Standard Accuracy-	Train: 89.09%.	Test: 79.34%.
Adversarial Accuracy-	Train: 0.54%.
Time taken: 0:02:49
======= Epoch 55 =======
Loss: 0.4883.	LR: 0.1416
Standard Accuracy-	Train: 88.95%.	Test: 86.03%.
Adversarial Accuracy-	Train: 0.59%.
Time taken: 0:02:49
======= Epoch 56 =======
Loss: 0.4768.	LR: 0.1374
Standard Accuracy-	Train: 89.19%.	Test: 82.69%.
Adversarial Accuracy-	Train: 0.53%.
Time taken: 0:02:49
======= Epoch 57 =======
Loss: 0.4699.	LR: 0.1332
Standard Accuracy-	Train: 89.54%.	Test: 87.22%.
Adversarial Accuracy-	Train: 0.45%.
Time taken: 0:02:49
======= Epoch 58 =======
Loss: 0.5078.	LR: 0.1290
Standard Accuracy-	Train: 89.05%.	Test: 84.96%.
Adversarial Accuracy-	Train: 0.66%.
Time taken: 0:02:49
======= Epoch 59 =======
Loss: 0.4638.	LR: 0.1247
Standard Accuracy-	Train: 89.57%.	Test: 84.44%.
Adversarial Accuracy-	Train: 0.56%.
Time taken: 0:02:49
======= Epoch 60 =======
Loss: 0.4692.	LR: 0.1203
Standard Accuracy-	Train: 89.63%.	Test: 84.04%.
Adversarial Accuracy-	Train: 0.53%.	Test: 0.10%.
Time taken: 0:03:36
======= Epoch 61 =======
Loss: 0.4403.	LR: 0.1160
Standard Accuracy-	Train: 89.87%.	Test: 84.78%.
Adversarial Accuracy-	Train: 0.51%.
Time taken: 0:02:49
======= Epoch 62 =======
Loss: 0.4377.	LR: 0.1116
Standard Accuracy-	Train: 89.98%.	Test: 83.76%.
Adversarial Accuracy-	Train: 0.53%.
Time taken: 0:02:49
======= Epoch 63 =======
Loss: 0.4373.	LR: 0.1072
Standard Accuracy-	Train: 90.07%.	Test: 84.51%.
Adversarial Accuracy-	Train: 0.43%.
Time taken: 0:02:49
======= Epoch 64 =======
Loss: 0.4322.	LR: 0.1028
Standard Accuracy-	Train: 90.22%.	Test: 85.89%.
Adversarial Accuracy-	Train: 0.42%.
Time taken: 0:02:49
======= Epoch 65 =======
Loss: 0.4260.	LR: 0.0984
Standard Accuracy-	Train: 90.48%.	Test: 86.89%.
Adversarial Accuracy-	Train: 0.46%.
Time taken: 0:02:49
======= Epoch 66 =======
Loss: 0.4136.	LR: 0.0940
Standard Accuracy-	Train: 90.43%.	Test: 81.21%.
Adversarial Accuracy-	Train: 0.42%.
Time taken: 0:02:49
======= Epoch 67 =======
Loss: 0.4021.	LR: 0.0897
Standard Accuracy-	Train: 90.73%.	Test: 84.10%.
Adversarial Accuracy-	Train: 0.45%.
Time taken: 0:02:49
======= Epoch 68 =======
Loss: 0.4141.	LR: 0.0853
Standard Accuracy-	Train: 90.74%.	Test: 86.78%.
Adversarial Accuracy-	Train: 0.43%.
Time taken: 0:02:49
======= Epoch 69 =======
Loss: 0.3806.	LR: 0.0810
Standard Accuracy-	Train: 91.21%.	Test: 87.81%.
Adversarial Accuracy-	Train: 0.35%.
Time taken: 0:02:49
======= Epoch 70 =======
Loss: 0.3760.	LR: 0.0768
Standard Accuracy-	Train: 91.19%.	Test: 87.35%.
Adversarial Accuracy-	Train: 0.37%.
Time taken: 0:02:49
======= Epoch 71 =======
Loss: 0.3764.	LR: 0.0725
Standard Accuracy-	Train: 91.23%.	Test: 86.00%.
Adversarial Accuracy-	Train: 0.35%.
Time taken: 0:02:49
======= Epoch 72 =======
Loss: 0.3636.	LR: 0.0684
Standard Accuracy-	Train: 91.61%.	Test: 87.78%.
Adversarial Accuracy-	Train: 0.46%.
Time taken: 0:02:49
======= Epoch 73 =======
Loss: 0.3490.	LR: 0.0643
Standard Accuracy-	Train: 91.67%.	Test: 87.85%.
Adversarial Accuracy-	Train: 0.27%.
Time taken: 0:02:49
======= Epoch 74 =======
Loss: 0.3428.	LR: 0.0603
Standard Accuracy-	Train: 91.81%.	Test: 88.56%.
Adversarial Accuracy-	Train: 0.32%.
Time taken: 0:02:49
======= Epoch 75 =======
Loss: 0.3319.	LR: 0.0563
Standard Accuracy-	Train: 92.23%.	Test: 88.98%.
Adversarial Accuracy-	Train: 0.34%.
Time taken: 0:02:49
======= Epoch 76 =======
Loss: 0.3074.	LR: 0.0525
Standard Accuracy-	Train: 92.78%.	Test: 89.18%.
Adversarial Accuracy-	Train: 0.30%.
Time taken: 0:02:49
======= Epoch 77 =======
Loss: 0.3109.	LR: 0.0487
Standard Accuracy-	Train: 92.67%.	Test: 87.92%.
Adversarial Accuracy-	Train: 0.37%.
Time taken: 0:02:49
======= Epoch 78 =======
Loss: 0.2859.	LR: 0.0451
Standard Accuracy-	Train: 93.06%.	Test: 88.87%.
Adversarial Accuracy-	Train: 0.26%.
Time taken: 0:02:49
======= Epoch 79 =======
Loss: 0.2725.	LR: 0.0415
Standard Accuracy-	Train: 93.41%.	Test: 89.72%.
Adversarial Accuracy-	Train: 0.29%.
Time taken: 0:02:49
======= Epoch 80 =======
Loss: 0.2595.	LR: 0.0381
Standard Accuracy-	Train: 93.60%.	Test: 89.17%.
Adversarial Accuracy-	Train: 0.29%.
Time taken: 0:02:49
======= Epoch 81 =======
Loss: 0.2397.	LR: 0.0347
Standard Accuracy-	Train: 94.08%.	Test: 89.70%.
Adversarial Accuracy-	Train: 0.27%.
Time taken: 0:02:49
======= Epoch 82 =======
Loss: 0.2262.	LR: 0.0315
Standard Accuracy-	Train: 94.45%.	Test: 89.62%.
Adversarial Accuracy-	Train: 0.27%.
Time taken: 0:02:49
======= Epoch 83 =======
Loss: 0.2181.	LR: 0.0285
Standard Accuracy-	Train: 94.90%.	Test: 90.40%.
Adversarial Accuracy-	Train: 0.25%.
Time taken: 0:02:49
======= Epoch 84 =======
Loss: 0.1974.	LR: 0.0255
Standard Accuracy-	Train: 95.33%.	Test: 90.50%.
Adversarial Accuracy-	Train: 0.26%.
Time taken: 0:02:49
======= Epoch 85 =======
Loss: 0.1808.	LR: 0.0227
Standard Accuracy-	Train: 95.72%.	Test: 91.08%.
Adversarial Accuracy-	Train: 0.22%.
Time taken: 0:02:49
======= Epoch 86 =======
Loss: 0.1595.	LR: 0.0200
Standard Accuracy-	Train: 96.33%.	Test: 91.17%.
Adversarial Accuracy-	Train: 0.25%.
Time taken: 0:02:49
======= Epoch 87 =======
Loss: 0.1439.	LR: 0.0175
Standard Accuracy-	Train: 96.78%.	Test: 91.44%.
Adversarial Accuracy-	Train: 0.25%.
Time taken: 0:02:49
======= Epoch 88 =======
Loss: 0.1261.	LR: 0.0152
Standard Accuracy-	Train: 97.20%.	Test: 92.10%.
Adversarial Accuracy-	Train: 0.25%.
Time taken: 0:02:49
======= Epoch 89 =======
Loss: 0.1104.	LR: 0.0130
Standard Accuracy-	Train: 97.67%.	Test: 92.23%.
Adversarial Accuracy-	Train: 0.29%.
Time taken: 0:02:49
======= Epoch 90 =======
Loss: 0.0888.	LR: 0.0109
Standard Accuracy-	Train: 98.10%.	Test: 92.61%.
Adversarial Accuracy-	Train: 0.25%.	Test: 0.01%.
Time taken: 0:03:36
======= Epoch 91 =======
Loss: 0.0772.	LR: 0.0091
Standard Accuracy-	Train: 98.63%.	Test: 92.82%.
Adversarial Accuracy-	Train: 0.26%.	Test: 0.05%.
Time taken: 0:03:37
======= Epoch 92 =======
Loss: 0.0618.	LR: 0.0074
Standard Accuracy-	Train: 98.94%.	Test: 93.14%.
Adversarial Accuracy-	Train: 0.24%.	Test: 0.01%.
Time taken: 0:03:36
======= Epoch 93 =======
Loss: 0.0505.	LR: 0.0058
Standard Accuracy-	Train: 99.27%.	Test: 93.82%.
Adversarial Accuracy-	Train: 0.24%.	Test: 0.01%.
Time taken: 0:03:36
======= Epoch 94 =======
Loss: 0.0406.	LR: 0.0045
Standard Accuracy-	Train: 99.60%.	Test: 94.40%.
Adversarial Accuracy-	Train: 0.24%.	Test: 0.02%.
Time taken: 0:03:36
======= Epoch 95 =======
Loss: 0.0338.	LR: 0.0033
Standard Accuracy-	Train: 99.70%.	Test: 94.21%.
Adversarial Accuracy-	Train: 0.22%.	Test: 0.01%.
Time taken: 0:03:36
======= Epoch 96 =======
Loss: 0.0312.	LR: 0.0023
Standard Accuracy-	Train: 99.77%.	Test: 94.44%.
Adversarial Accuracy-	Train: 0.25%.	Test: 0.02%.
Time taken: 0:03:36
======= Epoch 97 =======
Loss: 0.0266.	LR: 0.0015
Standard Accuracy-	Train: 99.83%.	Test: 94.57%.
Adversarial Accuracy-	Train: 0.23%.	Test: 0.02%.
Time taken: 0:03:36
======= Epoch 98 =======
Loss: 0.0253.	LR: 0.0008
Standard Accuracy-	Train: 99.88%.	Test: 94.92%.
Adversarial Accuracy-	Train: 0.20%.	Test: 0.01%.
Time taken: 0:03:36
======= Epoch 99 =======
Loss: 0.0249.	LR: 0.0004
Standard Accuracy-	Train: 99.88%.	Test: 94.63%.
Adversarial Accuracy-	Train: 0.20%.	Test: 0.01%.
Time taken: 0:03:36
======= Epoch 100 =======
Loss: 0.0240.	LR: 0.0001
Standard Accuracy-	Train: 99.89%.	Test: 94.89%.
Adversarial Accuracy-	Train: 0.19%.	Test: 0.02%.
Time taken: 0:03:37

Training completed.
Standard Accuracy-	Train: 99.89%.	Test: 94.92%.
Adversarial Accuracy-	Train: 0.19%.	Test: 0.01%.
Script Completed.
