Using device: cuda



Standard training for 0 epochs



Standard Accuracy-	Test: 9.257812%.
Inverse Adversarial training for 100 epochs
======= Epoch 1 =======
Loss: 2.0914.	LR: 0.0084
Standard Accuracy-	Test: 53.12%.
Inverse Adversarial Accuracy-	Train: 78.89%.
Time taken: 0:02:44
======= Epoch 2 =======
Loss: 1.1394.	LR: 0.0092
Standard Accuracy-	Test: 69.27%.
Inverse Adversarial Accuracy-	Train: 94.37%.
Time taken: 0:02:45
======= Epoch 3 =======
Loss: 0.8728.	LR: 0.0116
Standard Accuracy-	Test: 73.01%.
Inverse Adversarial Accuracy-	Train: 96.67%.
Time taken: 0:02:45
======= Epoch 4 =======
Loss: 0.7877.	LR: 0.0155
Standard Accuracy-	Test: 70.06%.
Inverse Adversarial Accuracy-	Train: 96.76%.
Time taken: 0:02:45
======= Epoch 5 =======
Loss: 0.7260.	LR: 0.0209
Standard Accuracy-	Test: 76.07%.
Inverse Adversarial Accuracy-	Train: 96.84%.
Time taken: 0:02:45
======= Epoch 6 =======
Loss: 0.6366.	LR: 0.0277
Standard Accuracy-	Test: 77.59%.
Inverse Adversarial Accuracy-	Train: 97.80%.
Time taken: 0:02:44
======= Epoch 7 =======
Loss: 0.6105.	LR: 0.0357
Standard Accuracy-	Test: 81.25%.
Inverse Adversarial Accuracy-	Train: 97.81%.
Time taken: 0:02:44
======= Epoch 8 =======
Loss: 0.5904.	LR: 0.0450
Standard Accuracy-	Test: 80.15%.
Inverse Adversarial Accuracy-	Train: 97.47%.
Time taken: 0:02:44
======= Epoch 9 =======
Loss: 0.5656.	LR: 0.0552
Standard Accuracy-	Test: 80.41%.
Inverse Adversarial Accuracy-	Train: 97.55%.
Time taken: 0:02:44
======= Epoch 10 =======
Loss: 0.5985.	LR: 0.0663
Standard Accuracy-	Test: 77.23%.
Inverse Adversarial Accuracy-	Train: 96.73%.
Time taken: 0:02:44
======= Epoch 11 =======
Loss: 0.5584.	LR: 0.0781
Standard Accuracy-	Test: 81.82%.
Inverse Adversarial Accuracy-	Train: 97.23%.
Time taken: 0:02:45
======= Epoch 12 =======
Loss: 0.5799.	LR: 0.0903
Standard Accuracy-	Test: 77.29%.
Inverse Adversarial Accuracy-	Train: 96.68%.
Time taken: 0:02:44
======= Epoch 13 =======
Loss: 0.5512.	LR: 0.1029
Standard Accuracy-	Test: 78.19%.
Inverse Adversarial Accuracy-	Train: 97.10%.
Time taken: 0:02:44
======= Epoch 14 =======
Loss: 0.5559.	LR: 0.1155
Standard Accuracy-	Test: 77.69%.
Inverse Adversarial Accuracy-	Train: 96.93%.
Time taken: 0:02:44
======= Epoch 15 =======
Loss: 0.5695.	LR: 0.1281
Standard Accuracy-	Test: 74.47%.
Inverse Adversarial Accuracy-	Train: 96.58%.
Time taken: 0:02:44
======= Epoch 16 =======
Loss: 0.5827.	LR: 0.1404
Standard Accuracy-	Test: 75.87%.
Inverse Adversarial Accuracy-	Train: 96.24%.
Time taken: 0:02:44
======= Epoch 17 =======
Loss: 0.5670.	LR: 0.1521
Standard Accuracy-	Test: 76.67%.
Inverse Adversarial Accuracy-	Train: 96.46%.
Time taken: 0:02:44
======= Epoch 18 =======
Loss: 0.5537.	LR: 0.1632
Standard Accuracy-	Test: 78.06%.
Inverse Adversarial Accuracy-	Train: 96.76%.
Time taken: 0:02:44
======= Epoch 19 =======
Loss: 0.5609.	LR: 0.1735
Standard Accuracy-	Test: 83.03%.
Inverse Adversarial Accuracy-	Train: 96.40%.
Time taken: 0:02:44
======= Epoch 20 =======
Loss: 0.5408.	LR: 0.1827
Standard Accuracy-	Test: 79.92%.
Inverse Adversarial Accuracy-	Train: 96.70%.
Time taken: 0:02:44
======= Epoch 21 =======
Loss: 0.5418.	LR: 0.1908
Standard Accuracy-	Test: 69.31%.
Inverse Adversarial Accuracy-	Train: 96.88%.
Time taken: 0:02:44
======= Epoch 22 =======
Loss: 0.5345.	LR: 0.1975
Standard Accuracy-	Test: 81.75%.
Inverse Adversarial Accuracy-	Train: 96.86%.
Time taken: 0:02:44
======= Epoch 23 =======
Loss: 0.5442.	LR: 0.2029
Standard Accuracy-	Test: 77.71%.
Inverse Adversarial Accuracy-	Train: 96.68%.
Time taken: 0:02:44
======= Epoch 24 =======
Loss: 0.5374.	LR: 0.2068
Standard Accuracy-	Test: 76.82%.
Inverse Adversarial Accuracy-	Train: 96.78%.
Time taken: 0:02:44
======= Epoch 25 =======
Loss: 0.5175.	LR: 0.2092
Standard Accuracy-	Test: 77.36%.
Inverse Adversarial Accuracy-	Train: 97.02%.
Time taken: 0:02:44
======= Epoch 26 =======
Loss: 0.5079.	LR: 0.2100
Standard Accuracy-	Test: 81.04%.
Inverse Adversarial Accuracy-	Train: 97.21%.
Time taken: 0:02:44
======= Epoch 27 =======
Loss: 0.5201.	LR: 0.2099
Standard Accuracy-	Test: 78.50%.
Inverse Adversarial Accuracy-	Train: 96.98%.
Time taken: 0:02:44
======= Epoch 28 =======
Loss: 0.5098.	LR: 0.2096
Standard Accuracy-	Test: 71.20%.
Inverse Adversarial Accuracy-	Train: 97.34%.
Time taken: 0:02:44
======= Epoch 29 =======
Loss: 0.5210.	LR: 0.2092
Standard Accuracy-	Test: 72.79%.
Inverse Adversarial Accuracy-	Train: 96.96%.
Time taken: 0:02:44
======= Epoch 30 =======
Loss: 0.5045.	LR: 0.2085
Standard Accuracy-	Test: 78.32%.
Inverse Adversarial Accuracy-	Train: 97.28%.	Test: 96.14%.
Time taken: 0:03:32
======= Epoch 31 =======
Loss: 0.5105.	LR: 0.2077
Standard Accuracy-	Test: 83.24%.
Inverse Adversarial Accuracy-	Train: 97.02%.
Time taken: 0:02:44
======= Epoch 32 =======
Loss: 0.5035.	LR: 0.2067
Standard Accuracy-	Test: 82.50%.
Inverse Adversarial Accuracy-	Train: 97.20%.
Time taken: 0:02:44
======= Epoch 33 =======
Loss: 0.5009.	LR: 0.2055
Standard Accuracy-	Test: 76.69%.
Inverse Adversarial Accuracy-	Train: 97.17%.
Time taken: 0:02:44
======= Epoch 34 =======
Loss: 0.5023.	LR: 0.2042
Standard Accuracy-	Test: 81.75%.
Inverse Adversarial Accuracy-	Train: 97.14%.
Time taken: 0:02:44
======= Epoch 35 =======
Loss: 0.4870.	LR: 0.2026
Standard Accuracy-	Test: 81.58%.
Inverse Adversarial Accuracy-	Train: 97.33%.
Time taken: 0:02:44
======= Epoch 36 =======
Loss: 0.4968.	LR: 0.2009
Standard Accuracy-	Test: 81.44%.
Inverse Adversarial Accuracy-	Train: 97.21%.
Time taken: 0:02:44
======= Epoch 37 =======
Loss: 0.4898.	LR: 0.1990
Standard Accuracy-	Test: 84.54%.
Inverse Adversarial Accuracy-	Train: 97.22%.
Time taken: 0:02:44
======= Epoch 38 =======
Loss: 0.4792.	LR: 0.1970
Standard Accuracy-	Test: 79.47%.
Inverse Adversarial Accuracy-	Train: 97.45%.
Time taken: 0:02:44
======= Epoch 39 =======
Loss: 0.4867.	LR: 0.1948
Standard Accuracy-	Test: 80.77%.
Inverse Adversarial Accuracy-	Train: 97.15%.
Time taken: 0:02:44
======= Epoch 40 =======
Loss: 0.4879.	LR: 0.1925
Standard Accuracy-	Test: 85.19%.
Inverse Adversarial Accuracy-	Train: 97.19%.
Time taken: 0:02:44
======= Epoch 41 =======
Loss: 0.4757.	LR: 0.1899
Standard Accuracy-	Test: 82.60%.
Inverse Adversarial Accuracy-	Train: 97.43%.
Time taken: 0:02:44
======= Epoch 42 =======
Loss: 0.4561.	LR: 0.1873
Standard Accuracy-	Test: 78.10%.
Inverse Adversarial Accuracy-	Train: 97.73%.
Time taken: 0:02:44
======= Epoch 43 =======
Loss: 0.4543.	LR: 0.1845
Standard Accuracy-	Test: 81.04%.
Inverse Adversarial Accuracy-	Train: 97.84%.
Time taken: 0:02:44
======= Epoch 44 =======
Loss: 0.4865.	LR: 0.1815
Standard Accuracy-	Test: 81.71%.
Inverse Adversarial Accuracy-	Train: 97.23%.
Time taken: 0:02:44
======= Epoch 45 =======
Loss: 0.4654.	LR: 0.1785
Standard Accuracy-	Test: 75.70%.
Inverse Adversarial Accuracy-	Train: 97.49%.
Time taken: 0:02:44
======= Epoch 46 =======
Loss: 0.4481.	LR: 0.1753
Standard Accuracy-	Test: 81.17%.
Inverse Adversarial Accuracy-	Train: 97.83%.
Time taken: 0:02:44
======= Epoch 47 =======
Loss: 0.4561.	LR: 0.1719
Standard Accuracy-	Test: 83.59%.
Inverse Adversarial Accuracy-	Train: 97.70%.
Time taken: 0:02:44
======= Epoch 48 =======
Loss: 0.4569.	LR: 0.1685
Standard Accuracy-	Test: 82.10%.
Inverse Adversarial Accuracy-	Train: 97.70%.
Time taken: 0:02:44
======= Epoch 49 =======
Loss: 0.4490.	LR: 0.1649
Standard Accuracy-	Test: 80.31%.
Inverse Adversarial Accuracy-	Train: 97.76%.
Time taken: 0:02:44
======= Epoch 50 =======
Loss: 0.4375.	LR: 0.1613
Standard Accuracy-	Test: 81.15%.
Inverse Adversarial Accuracy-	Train: 97.89%.
Time taken: 0:02:44
======= Epoch 51 =======
Loss: 0.4456.	LR: 0.1575
Standard Accuracy-	Test: 84.15%.
Inverse Adversarial Accuracy-	Train: 97.86%.
Time taken: 0:02:44
======= Epoch 52 =======
Loss: 0.4261.	LR: 0.1536
Standard Accuracy-	Test: 85.39%.
Inverse Adversarial Accuracy-	Train: 98.15%.
Time taken: 0:02:44
======= Epoch 53 =======
Loss: 0.4380.	LR: 0.1497
Standard Accuracy-	Test: 83.20%.
Inverse Adversarial Accuracy-	Train: 97.82%.
Time taken: 0:02:44
======= Epoch 54 =======
Loss: 0.4265.	LR: 0.1457
Standard Accuracy-	Test: 82.93%.
Inverse Adversarial Accuracy-	Train: 97.90%.
Time taken: 0:02:44
======= Epoch 55 =======
Loss: 0.4349.	LR: 0.1416
Standard Accuracy-	Test: 83.54%.
Inverse Adversarial Accuracy-	Train: 97.77%.
Time taken: 0:02:44
======= Epoch 56 =======
Loss: 0.4152.	LR: 0.1374
Standard Accuracy-	Test: 84.34%.
Inverse Adversarial Accuracy-	Train: 97.92%.
Time taken: 0:02:44
======= Epoch 57 =======
Loss: 0.4237.	LR: 0.1332
Standard Accuracy-	Test: 84.18%.
Inverse Adversarial Accuracy-	Train: 97.84%.
Time taken: 0:02:44
======= Epoch 58 =======
Loss: 0.4174.	LR: 0.1290
Standard Accuracy-	Test: 80.05%.
Inverse Adversarial Accuracy-	Train: 97.90%.
Time taken: 0:02:44
======= Epoch 59 =======
Loss: 0.4019.	LR: 0.1247
Standard Accuracy-	Test: 82.87%.
Inverse Adversarial Accuracy-	Train: 98.17%.
Time taken: 0:02:44
======= Epoch 60 =======
Loss: 0.4008.	LR: 0.1203
Standard Accuracy-	Test: 83.15%.
Inverse Adversarial Accuracy-	Train: 98.11%.	Test: 97.89%.
Time taken: 0:03:32
======= Epoch 61 =======
Loss: 0.3892.	LR: 0.1160
Standard Accuracy-	Test: 77.80%.
Inverse Adversarial Accuracy-	Train: 98.27%.
Time taken: 0:02:44
======= Epoch 62 =======
Loss: 0.3990.	LR: 0.1116
Standard Accuracy-	Test: 83.32%.
Inverse Adversarial Accuracy-	Train: 98.18%.
Time taken: 0:02:44
======= Epoch 63 =======
Loss: 0.3721.	LR: 0.1072
Standard Accuracy-	Test: 83.30%.
Inverse Adversarial Accuracy-	Train: 98.42%.
Time taken: 0:02:44
======= Epoch 64 =======
Loss: 0.3697.	LR: 0.1028
Standard Accuracy-	Test: 86.96%.
Inverse Adversarial Accuracy-	Train: 98.46%.
Time taken: 0:02:44
======= Epoch 65 =======
Loss: 0.3639.	LR: 0.0984
Standard Accuracy-	Test: 85.62%.
Inverse Adversarial Accuracy-	Train: 98.50%.
Time taken: 0:02:44
======= Epoch 66 =======
Loss: 0.3682.	LR: 0.0940
Standard Accuracy-	Test: 83.71%.
Inverse Adversarial Accuracy-	Train: 98.43%.
Time taken: 0:02:44
======= Epoch 67 =======
Loss: 0.3560.	LR: 0.0897
Standard Accuracy-	Test: 83.39%.
Inverse Adversarial Accuracy-	Train: 98.53%.
Time taken: 0:02:44
======= Epoch 68 =======
Loss: 0.3468.	LR: 0.0853
Standard Accuracy-	Test: 84.11%.
Inverse Adversarial Accuracy-	Train: 98.59%.
Time taken: 0:02:44
======= Epoch 69 =======
Loss: 0.3380.	LR: 0.0810
Standard Accuracy-	Test: 83.12%.
Inverse Adversarial Accuracy-	Train: 98.71%.
Time taken: 0:02:44
======= Epoch 70 =======
Loss: 0.3320.	LR: 0.0768
Standard Accuracy-	Test: 86.50%.
Inverse Adversarial Accuracy-	Train: 98.61%.
Time taken: 0:02:44
======= Epoch 71 =======
Loss: 0.3253.	LR: 0.0725
Standard Accuracy-	Test: 85.67%.
Inverse Adversarial Accuracy-	Train: 98.72%.
Time taken: 0:02:44
======= Epoch 72 =======
Loss: 0.3080.	LR: 0.0684
Standard Accuracy-	Test: 85.43%.
Inverse Adversarial Accuracy-	Train: 98.97%.
Time taken: 0:02:44
======= Epoch 73 =======
Loss: 0.3072.	LR: 0.0643
Standard Accuracy-	Test: 87.72%.
Inverse Adversarial Accuracy-	Train: 98.95%.
Time taken: 0:02:44
======= Epoch 74 =======
Loss: 0.2884.	LR: 0.0603
Standard Accuracy-	Test: 88.27%.
Inverse Adversarial Accuracy-	Train: 99.03%.
Time taken: 0:02:44
======= Epoch 75 =======
Loss: 0.2893.	LR: 0.0563
Standard Accuracy-	Test: 87.76%.
Inverse Adversarial Accuracy-	Train: 98.99%.
Time taken: 0:02:44
======= Epoch 76 =======
Loss: 0.2747.	LR: 0.0525
Standard Accuracy-	Test: 86.70%.
Inverse Adversarial Accuracy-	Train: 99.15%.
Time taken: 0:02:44
======= Epoch 77 =======
Loss: 0.2641.	LR: 0.0487
Standard Accuracy-	Test: 88.79%.
Inverse Adversarial Accuracy-	Train: 99.03%.
Time taken: 0:02:44
======= Epoch 78 =======
Loss: 0.2571.	LR: 0.0451
Standard Accuracy-	Test: 89.71%.
Inverse Adversarial Accuracy-	Train: 99.22%.
Time taken: 0:02:44
======= Epoch 79 =======
Loss: 0.2394.	LR: 0.0415
Standard Accuracy-	Test: 89.15%.
Inverse Adversarial Accuracy-	Train: 99.31%.
Time taken: 0:02:44
======= Epoch 80 =======
Loss: 0.2287.	LR: 0.0381
Standard Accuracy-	Test: 89.19%.
Inverse Adversarial Accuracy-	Train: 99.39%.
Time taken: 0:02:44
======= Epoch 81 =======
Loss: 0.2083.	LR: 0.0347
Standard Accuracy-	Test: 89.62%.
Inverse Adversarial Accuracy-	Train: 99.48%.
Time taken: 0:02:44
======= Epoch 82 =======
Loss: 0.2052.	LR: 0.0315
Standard Accuracy-	Test: 89.65%.
Inverse Adversarial Accuracy-	Train: 99.44%.
Time taken: 0:02:44
======= Epoch 83 =======
Loss: 0.1889.	LR: 0.0285
Standard Accuracy-	Test: 90.25%.
Inverse Adversarial Accuracy-	Train: 99.49%.
Time taken: 0:02:44
======= Epoch 84 =======
Loss: 0.1747.	LR: 0.0255
Standard Accuracy-	Test: 91.30%.
Inverse Adversarial Accuracy-	Train: 99.52%.
Time taken: 0:02:44
======= Epoch 85 =======
Loss: 0.1547.	LR: 0.0227
Standard Accuracy-	Test: 91.19%.
Inverse Adversarial Accuracy-	Train: 99.65%.
Time taken: 0:02:44
======= Epoch 86 =======
Loss: 0.1379.	LR: 0.0200
Standard Accuracy-	Test: 91.35%.
Inverse Adversarial Accuracy-	Train: 99.71%.
Time taken: 0:02:44
======= Epoch 87 =======
Loss: 0.1277.	LR: 0.0175
Standard Accuracy-	Test: 91.80%.
Inverse Adversarial Accuracy-	Train: 99.76%.
Time taken: 0:02:44
======= Epoch 88 =======
Loss: 0.1070.	LR: 0.0152
Standard Accuracy-	Test: 91.70%.
Inverse Adversarial Accuracy-	Train: 99.76%.
Time taken: 0:02:44
======= Epoch 89 =======
Loss: 0.0916.	LR: 0.0130
Standard Accuracy-	Test: 92.29%.
Inverse Adversarial Accuracy-	Train: 99.83%.
Time taken: 0:02:44
======= Epoch 90 =======
Loss: 0.0763.	LR: 0.0109
Standard Accuracy-	Test: 92.97%.
Inverse Adversarial Accuracy-	Train: 99.87%.	Test: 99.25%.
Time taken: 0:03:32
======= Epoch 91 =======
Loss: 0.0576.	LR: 0.0091
Standard Accuracy-	Test: 93.49%.
Inverse Adversarial Accuracy-	Train: 99.91%.	Test: 99.26%.
Time taken: 0:03:31
======= Epoch 92 =======
Loss: 0.0466.	LR: 0.0074
Standard Accuracy-	Test: 93.28%.
Inverse Adversarial Accuracy-	Train: 99.92%.	Test: 99.36%.
Time taken: 0:03:32
======= Epoch 93 =======
Loss: 0.0315.	LR: 0.0058
Standard Accuracy-	Test: 93.71%.
Inverse Adversarial Accuracy-	Train: 99.97%.	Test: 99.15%.
Time taken: 0:03:32
======= Epoch 94 =======
Loss: 0.0226.	LR: 0.0045
Standard Accuracy-	Test: 94.28%.
Inverse Adversarial Accuracy-	Train: 99.97%.	Test: 99.13%.
Time taken: 0:03:32
======= Epoch 95 =======
Loss: 0.0158.	LR: 0.0033
Standard Accuracy-	Test: 93.94%.
Inverse Adversarial Accuracy-	Train: 99.97%.	Test: 99.31%.
Time taken: 0:03:32
======= Epoch 96 =======
Loss: 0.0109.	LR: 0.0023
Standard Accuracy-	Test: 94.07%.
Inverse Adversarial Accuracy-	Train: 99.99%.	Test: 99.25%.
Time taken: 0:03:32
======= Epoch 97 =======
Loss: 0.0093.	LR: 0.0015
Standard Accuracy-	Test: 94.42%.
Inverse Adversarial Accuracy-	Train: 99.98%.	Test: 99.26%.
Time taken: 0:03:32
======= Epoch 98 =======
Loss: 0.0090.	LR: 0.0008
Standard Accuracy-	Test: 94.32%.
Inverse Adversarial Accuracy-	Train: 99.99%.	Test: 99.23%.
Time taken: 0:03:32
======= Epoch 99 =======
Loss: 0.0080.	LR: 0.0004
Standard Accuracy-	Test: 94.37%.
Inverse Adversarial Accuracy-	Train: 99.99%.	Test: 99.39%.
Time taken: 0:03:36
======= Epoch 100 =======
Loss: 0.0074.	LR: 0.0001
Standard Accuracy-	Test: 94.36%.
Inverse Adversarial Accuracy-	Train: 99.99%.	Test: 99.30%.
Time taken: 0:03:32

Training completed.
Standard Accuracy-	Train: 99.83%.	Test: 94.42%.
Inverse Adversarial Accuracy-	Train: 99.99%.	Test: 99.26%.
Script Completed.
