Using device: cuda
using standard version including apgd-ce, apgd-t, fab-t, square.
initial accuracy: 94.92%
apgd-ce - 1/38 - 251 out of 256 successfully perturbed
apgd-ce - 2/38 - 254 out of 256 successfully perturbed
apgd-ce - 3/38 - 255 out of 256 successfully perturbed
apgd-ce - 4/38 - 253 out of 256 successfully perturbed
apgd-ce - 5/38 - 251 out of 256 successfully perturbed
apgd-ce - 6/38 - 252 out of 256 successfully perturbed
apgd-ce - 7/38 - 254 out of 256 successfully perturbed
apgd-ce - 8/38 - 253 out of 256 successfully perturbed
apgd-ce - 9/38 - 250 out of 256 successfully perturbed
apgd-ce - 10/38 - 254 out of 256 successfully perturbed
apgd-ce - 11/38 - 253 out of 256 successfully perturbed
apgd-ce - 12/38 - 249 out of 256 successfully perturbed
apgd-ce - 13/38 - 253 out of 256 successfully perturbed
apgd-ce - 14/38 - 253 out of 256 successfully perturbed
apgd-ce - 15/38 - 255 out of 256 successfully perturbed
apgd-ce - 16/38 - 251 out of 256 successfully perturbed
apgd-ce - 17/38 - 252 out of 256 successfully perturbed
apgd-ce - 18/38 - 249 out of 256 successfully perturbed
apgd-ce - 19/38 - 254 out of 256 successfully perturbed
apgd-ce - 20/38 - 252 out of 256 successfully perturbed
apgd-ce - 21/38 - 253 out of 256 successfully perturbed
apgd-ce - 22/38 - 254 out of 256 successfully perturbed
apgd-ce - 23/38 - 251 out of 256 successfully perturbed
apgd-ce - 24/38 - 252 out of 256 successfully perturbed
apgd-ce - 25/38 - 254 out of 256 successfully perturbed
apgd-ce - 26/38 - 254 out of 256 successfully perturbed
apgd-ce - 27/38 - 253 out of 256 successfully perturbed
apgd-ce - 28/38 - 251 out of 256 successfully perturbed
apgd-ce - 29/38 - 255 out of 256 successfully perturbed
apgd-ce - 30/38 - 255 out of 256 successfully perturbed
apgd-ce - 31/38 - 256 out of 256 successfully perturbed
apgd-ce - 32/38 - 255 out of 256 successfully perturbed
apgd-ce - 33/38 - 253 out of 256 successfully perturbed
apgd-ce - 34/38 - 253 out of 256 successfully perturbed
apgd-ce - 35/38 - 252 out of 256 successfully perturbed
apgd-ce - 36/38 - 251 out of 256 successfully perturbed
apgd-ce - 37/38 - 255 out of 256 successfully perturbed
apgd-ce - 38/38 - 20 out of 20 successfully perturbed
robust accuracy after APGD-CE: 1.17% (total time 395.3 s)
apgd-t - 1/1 - 37 out of 117 successfully perturbed
robust accuracy after APGD-T: 0.80% (total time 434.8 s)
fab-t - 1/1 - 0 out of 80 successfully perturbed
robust accuracy after FAB-T: 0.80% (total time 479.2 s)
square - 1/1 - 0 out of 80 successfully perturbed
robust accuracy after SQUARE: 0.80% (total time 522.4 s)
max Linf perturbation: 0.01569, nan in tensor: 0, max: 1.00000, min: 0.00000
robust accuracy: 0.80%
