Using device: cuda
using standard version including apgd-ce, apgd-t, fab-t, square.
initial accuracy: 95.06%
apgd-ce - 1/38 - 248 out of 256 successfully perturbed
apgd-ce - 2/38 - 253 out of 256 successfully perturbed
apgd-ce - 3/38 - 252 out of 256 successfully perturbed
apgd-ce - 4/38 - 250 out of 256 successfully perturbed
apgd-ce - 5/38 - 249 out of 256 successfully perturbed
apgd-ce - 6/38 - 247 out of 256 successfully perturbed
apgd-ce - 7/38 - 251 out of 256 successfully perturbed
apgd-ce - 8/38 - 248 out of 256 successfully perturbed
apgd-ce - 9/38 - 247 out of 256 successfully perturbed
apgd-ce - 10/38 - 249 out of 256 successfully perturbed
apgd-ce - 11/38 - 248 out of 256 successfully perturbed
apgd-ce - 12/38 - 240 out of 256 successfully perturbed
apgd-ce - 13/38 - 248 out of 256 successfully perturbed
apgd-ce - 14/38 - 245 out of 256 successfully perturbed
apgd-ce - 15/38 - 246 out of 256 successfully perturbed
apgd-ce - 16/38 - 239 out of 256 successfully perturbed
apgd-ce - 17/38 - 245 out of 256 successfully perturbed
apgd-ce - 18/38 - 239 out of 256 successfully perturbed
apgd-ce - 19/38 - 246 out of 256 successfully perturbed
apgd-ce - 20/38 - 248 out of 256 successfully perturbed
apgd-ce - 21/38 - 248 out of 256 successfully perturbed
apgd-ce - 22/38 - 248 out of 256 successfully perturbed
apgd-ce - 23/38 - 243 out of 256 successfully perturbed
apgd-ce - 24/38 - 249 out of 256 successfully perturbed
apgd-ce - 25/38 - 247 out of 256 successfully perturbed
apgd-ce - 26/38 - 250 out of 256 successfully perturbed
apgd-ce - 27/38 - 250 out of 256 successfully perturbed
apgd-ce - 28/38 - 244 out of 256 successfully perturbed
apgd-ce - 29/38 - 247 out of 256 successfully perturbed
apgd-ce - 30/38 - 246 out of 256 successfully perturbed
apgd-ce - 31/38 - 252 out of 256 successfully perturbed
apgd-ce - 32/38 - 249 out of 256 successfully perturbed
apgd-ce - 33/38 - 251 out of 256 successfully perturbed
apgd-ce - 34/38 - 246 out of 256 successfully perturbed
apgd-ce - 35/38 - 247 out of 256 successfully perturbed
apgd-ce - 36/38 - 243 out of 256 successfully perturbed
apgd-ce - 37/38 - 250 out of 256 successfully perturbed
apgd-ce - 38/38 - 33 out of 34 successfully perturbed
robust accuracy after APGD-CE: 3.25% (total time 394.2 s)
apgd-t - 1/2 - 92 out of 256 successfully perturbed
apgd-t - 2/2 - 31 out of 69 successfully perturbed
robust accuracy after APGD-T: 2.02% (total time 489.2 s)
fab-t - 1/1 - 0 out of 202 successfully perturbed
robust accuracy after FAB-T: 2.02% (total time 589.5 s)
square - 1/1 - 0 out of 202 successfully perturbed
robust accuracy after SQUARE: 2.02% (total time 681.0 s)
max Linf perturbation: 0.00784, nan in tensor: 0, max: 1.00000, min: 0.00000
robust accuracy: 2.02%
