Using device: cuda



Standard training for 100 epochs
======= Epoch 1 =======
Loss: 1.3411.	LR: 0.0084
Standard Accuracy-	Train: 50.89%.	Test: 58.60%.
Time taken: 0:00:34
======= Epoch 2 =======
Loss: 0.8617.	LR: 0.0092
Standard Accuracy-	Train: 69.48%.	Test: 72.65%.
Time taken: 0:00:25
======= Epoch 3 =======
Loss: 0.6879.	LR: 0.0116
Standard Accuracy-	Train: 76.14%.	Test: 70.69%.
Time taken: 0:00:25
======= Epoch 4 =======
Loss: 0.6024.	LR: 0.0155
Standard Accuracy-	Train: 79.29%.	Test: 77.91%.
Time taken: 0:00:25
======= Epoch 5 =======
Loss: 0.5507.	LR: 0.0209
Standard Accuracy-	Train: 81.12%.	Test: 73.82%.
Time taken: 0:00:25
======= Epoch 6 =======
Loss: 0.5158.	LR: 0.0277
Standard Accuracy-	Train: 82.20%.	Test: 76.60%.
Time taken: 0:00:25
======= Epoch 7 =======
Loss: 0.4847.	LR: 0.0357
Standard Accuracy-	Train: 83.38%.	Test: 79.56%.
Time taken: 0:00:25
======= Epoch 8 =======
Loss: 0.4529.	LR: 0.0450
Standard Accuracy-	Train: 84.48%.	Test: 81.00%.
Time taken: 0:00:25
======= Epoch 9 =======
Loss: 0.4398.	LR: 0.0552
Standard Accuracy-	Train: 84.74%.	Test: 78.95%.
Time taken: 0:00:25
======= Epoch 10 =======
Loss: 0.4278.	LR: 0.0663
Standard Accuracy-	Train: 85.13%.	Test: 65.79%.
Time taken: 0:00:25
======= Epoch 11 =======
Loss: 0.4149.	LR: 0.0781
Standard Accuracy-	Train: 85.91%.	Test: 81.42%.
Time taken: 0:00:25
======= Epoch 12 =======
Loss: 0.4094.	LR: 0.0903
Standard Accuracy-	Train: 86.04%.	Test: 78.35%.
Time taken: 0:00:25
======= Epoch 13 =======
Loss: 0.4139.	LR: 0.1029
Standard Accuracy-	Train: 85.94%.	Test: 73.54%.
Time taken: 0:00:25
======= Epoch 14 =======
Loss: 0.4126.	LR: 0.1155
Standard Accuracy-	Train: 85.93%.	Test: 79.32%.
Time taken: 0:00:25
======= Epoch 15 =======
Loss: 0.4142.	LR: 0.1281
Standard Accuracy-	Train: 85.81%.	Test: 75.31%.
Time taken: 0:00:25
======= Epoch 16 =======
Loss: 0.4129.	LR: 0.1404
Standard Accuracy-	Train: 85.90%.	Test: 74.48%.
Time taken: 0:00:25
======= Epoch 17 =======
Loss: 0.4146.	LR: 0.1521
Standard Accuracy-	Train: 85.84%.	Test: 81.47%.
Time taken: 0:00:25
======= Epoch 18 =======
Loss: 0.4124.	LR: 0.1632
Standard Accuracy-	Train: 85.99%.	Test: 79.62%.
Time taken: 0:00:25
======= Epoch 19 =======
Loss: 0.4113.	LR: 0.1735
Standard Accuracy-	Train: 86.01%.	Test: 81.28%.
Time taken: 0:00:25
======= Epoch 20 =======
Loss: 0.4120.	LR: 0.1827
Standard Accuracy-	Train: 86.02%.	Test: 73.28%.
Time taken: 0:00:25
======= Epoch 21 =======
Loss: 0.4079.	LR: 0.1908
Standard Accuracy-	Train: 86.13%.	Test: 76.08%.
Time taken: 0:00:25
======= Epoch 22 =======
Loss: 0.4053.	LR: 0.1975
Standard Accuracy-	Train: 86.13%.	Test: 82.30%.
Time taken: 0:00:25
======= Epoch 23 =======
Loss: 0.4067.	LR: 0.2029
Standard Accuracy-	Train: 86.11%.	Test: 70.63%.
Time taken: 0:00:35
======= Epoch 24 =======
Loss: 0.4034.	LR: 0.2068
Standard Accuracy-	Train: 86.40%.	Test: 78.33%.
Time taken: 0:00:25
======= Epoch 25 =======
Loss: 0.4058.	LR: 0.2092
Standard Accuracy-	Train: 86.22%.	Test: 81.52%.
Time taken: 0:00:25
======= Epoch 26 =======
Loss: 0.3998.	LR: 0.2100
Standard Accuracy-	Train: 86.61%.	Test: 76.58%.
Time taken: 0:00:25
======= Epoch 27 =======
Loss: 0.3951.	LR: 0.2099
Standard Accuracy-	Train: 86.61%.	Test: 80.04%.
Time taken: 0:00:25
======= Epoch 28 =======
Loss: 0.3939.	LR: 0.2096
Standard Accuracy-	Train: 86.51%.	Test: 81.43%.
Time taken: 0:00:25
======= Epoch 29 =======
Loss: 0.3885.	LR: 0.2092
Standard Accuracy-	Train: 86.72%.	Test: 75.25%.
Time taken: 0:00:25
======= Epoch 30 =======
Loss: 0.3922.	LR: 0.2085
Standard Accuracy-	Train: 86.61%.	Test: 77.22%.
Time taken: 0:00:25
======= Epoch 31 =======
Loss: 0.3839.	LR: 0.2077
Standard Accuracy-	Train: 87.07%.	Test: 79.05%.
Time taken: 0:00:25
======= Epoch 32 =======
Loss: 0.3874.	LR: 0.2067
Standard Accuracy-	Train: 86.76%.	Test: 73.51%.
Time taken: 0:00:25
======= Epoch 33 =======
Loss: 0.3840.	LR: 0.2055
Standard Accuracy-	Train: 87.23%.	Test: 77.01%.
Time taken: 0:00:25
======= Epoch 34 =======
Loss: 0.3859.	LR: 0.2042
Standard Accuracy-	Train: 86.91%.	Test: 73.26%.
Time taken: 0:00:25
======= Epoch 35 =======
Loss: 0.3846.	LR: 0.2026
Standard Accuracy-	Train: 86.91%.	Test: 76.97%.
Time taken: 0:00:25
======= Epoch 36 =======
Loss: 0.3783.	LR: 0.2009
Standard Accuracy-	Train: 87.18%.	Test: 78.54%.
Time taken: 0:00:25
======= Epoch 37 =======
Loss: 0.3821.	LR: 0.1990
Standard Accuracy-	Train: 87.05%.	Test: 76.08%.
Time taken: 0:00:25
======= Epoch 38 =======
Loss: 0.3797.	LR: 0.1970
Standard Accuracy-	Train: 87.01%.	Test: 82.51%.
Time taken: 0:00:25
======= Epoch 39 =======
Loss: 0.3768.	LR: 0.1948
Standard Accuracy-	Train: 87.10%.	Test: 77.86%.
Time taken: 0:00:25
======= Epoch 40 =======
Loss: 0.3713.	LR: 0.1925
Standard Accuracy-	Train: 87.40%.	Test: 82.93%.
Time taken: 0:00:25
======= Epoch 41 =======
Loss: 0.3702.	LR: 0.1899
Standard Accuracy-	Train: 87.56%.	Test: 82.20%.
Time taken: 0:00:25
======= Epoch 42 =======
Loss: 0.3698.	LR: 0.1873
Standard Accuracy-	Train: 87.48%.	Test: 79.68%.
Time taken: 0:00:25
======= Epoch 43 =======
Loss: 0.3636.	LR: 0.1845
Standard Accuracy-	Train: 87.65%.	Test: 82.43%.
Time taken: 0:00:25
======= Epoch 44 =======
Loss: 0.3679.	LR: 0.1815
Standard Accuracy-	Train: 87.58%.	Test: 76.67%.
Time taken: 0:00:25
======= Epoch 45 =======
Loss: 0.3636.	LR: 0.1785
Standard Accuracy-	Train: 87.51%.	Test: 74.96%.
Time taken: 0:00:25
======= Epoch 46 =======
Loss: 0.3601.	LR: 0.1753
Standard Accuracy-	Train: 87.78%.	Test: 84.44%.
Time taken: 0:00:25
======= Epoch 47 =======
Loss: 0.3610.	LR: 0.1719
Standard Accuracy-	Train: 87.72%.	Test: 73.72%.
Time taken: 0:00:25
======= Epoch 48 =======
Loss: 0.3614.	LR: 0.1685
Standard Accuracy-	Train: 87.71%.	Test: 82.92%.
Time taken: 0:00:25
======= Epoch 49 =======
Loss: 0.3563.	LR: 0.1649
Standard Accuracy-	Train: 87.89%.	Test: 84.56%.
Time taken: 0:00:25
======= Epoch 50 =======
Loss: 0.3547.	LR: 0.1613
Standard Accuracy-	Train: 87.94%.	Test: 84.25%.
Time taken: 0:00:25
======= Epoch 51 =======
Loss: 0.3509.	LR: 0.1575
Standard Accuracy-	Train: 88.01%.	Test: 75.97%.
Time taken: 0:00:25
======= Epoch 52 =======
Loss: 0.3526.	LR: 0.1536
Standard Accuracy-	Train: 88.23%.	Test: 74.71%.
Time taken: 0:00:25
======= Epoch 53 =======
Loss: 0.3494.	LR: 0.1497
Standard Accuracy-	Train: 88.07%.	Test: 85.75%.
Time taken: 0:00:25
======= Epoch 54 =======
Loss: 0.3417.	LR: 0.1457
Standard Accuracy-	Train: 88.41%.	Test: 85.92%.
Time taken: 0:00:25
======= Epoch 55 =======
Loss: 0.3423.	LR: 0.1416
Standard Accuracy-	Train: 88.28%.	Test: 80.50%.
Time taken: 0:00:25
======= Epoch 56 =======
Loss: 0.3364.	LR: 0.1374
Standard Accuracy-	Train: 88.72%.	Test: 84.62%.
Time taken: 0:00:25
======= Epoch 57 =======
Loss: 0.3332.	LR: 0.1332
Standard Accuracy-	Train: 88.68%.	Test: 80.29%.
Time taken: 0:00:25
======= Epoch 58 =======
Loss: 0.3340.	LR: 0.1290
Standard Accuracy-	Train: 88.71%.	Test: 82.62%.
Time taken: 0:00:25
======= Epoch 59 =======
Loss: 0.3276.	LR: 0.1247
Standard Accuracy-	Train: 88.96%.	Test: 83.48%.
Time taken: 0:00:25
======= Epoch 60 =======
Loss: 0.3219.	LR: 0.1203
Standard Accuracy-	Train: 89.15%.	Test: 71.44%.
Time taken: 0:00:25
======= Epoch 61 =======
Loss: 0.3214.	LR: 0.1160
Standard Accuracy-	Train: 89.10%.	Test: 83.30%.
Time taken: 0:00:25
======= Epoch 62 =======
Loss: 0.3155.	LR: 0.1116
Standard Accuracy-	Train: 89.31%.	Test: 84.55%.
Time taken: 0:00:25
======= Epoch 63 =======
Loss: 0.3123.	LR: 0.1072
Standard Accuracy-	Train: 89.24%.	Test: 77.47%.
Time taken: 0:00:25
======= Epoch 64 =======
Loss: 0.3076.	LR: 0.1028
Standard Accuracy-	Train: 89.55%.	Test: 83.81%.
Time taken: 0:00:25
======= Epoch 65 =======
Loss: 0.3078.	LR: 0.0984
Standard Accuracy-	Train: 89.59%.	Test: 82.29%.
Time taken: 0:00:25
======= Epoch 66 =======
Loss: 0.2975.	LR: 0.0940
Standard Accuracy-	Train: 89.86%.	Test: 84.23%.
Time taken: 0:00:25
======= Epoch 67 =======
Loss: 0.2932.	LR: 0.0897
Standard Accuracy-	Train: 90.11%.	Test: 79.29%.
Time taken: 0:00:25
======= Epoch 68 =======
Loss: 0.2919.	LR: 0.0853
Standard Accuracy-	Train: 90.02%.	Test: 85.67%.
Time taken: 0:00:25
======= Epoch 69 =======
Loss: 0.2865.	LR: 0.0810
Standard Accuracy-	Train: 90.22%.	Test: 84.60%.
Time taken: 0:00:25
======= Epoch 70 =======
Loss: 0.2809.	LR: 0.0768
Standard Accuracy-	Train: 90.46%.	Test: 86.33%.
Time taken: 0:00:25
======= Epoch 71 =======
Loss: 0.2735.	LR: 0.0725
Standard Accuracy-	Train: 90.69%.	Test: 85.77%.
Time taken: 0:00:25
======= Epoch 72 =======
Loss: 0.2659.	LR: 0.0684
Standard Accuracy-	Train: 90.95%.	Test: 88.63%.
Time taken: 0:00:25
======= Epoch 73 =======
Loss: 0.2581.	LR: 0.0643
Standard Accuracy-	Train: 91.21%.	Test: 87.99%.
Time taken: 0:00:25
======= Epoch 74 =======
Loss: 0.2537.	LR: 0.0603
Standard Accuracy-	Train: 91.30%.	Test: 88.40%.
Time taken: 0:00:25
======= Epoch 75 =======
Loss: 0.2460.	LR: 0.0563
Standard Accuracy-	Train: 91.63%.	Test: 86.00%.
Time taken: 0:00:25
======= Epoch 76 =======
Loss: 0.2364.	LR: 0.0525
Standard Accuracy-	Train: 91.95%.	Test: 87.25%.
Time taken: 0:00:25
======= Epoch 77 =======
Loss: 0.2275.	LR: 0.0487
Standard Accuracy-	Train: 92.20%.	Test: 87.88%.
Time taken: 0:00:25
======= Epoch 78 =======
Loss: 0.2148.	LR: 0.0451
Standard Accuracy-	Train: 92.79%.	Test: 86.35%.
Time taken: 0:00:25
======= Epoch 79 =======
Loss: 0.2122.	LR: 0.0415
Standard Accuracy-	Train: 92.80%.	Test: 89.62%.
Time taken: 0:00:25
======= Epoch 80 =======
Loss: 0.2005.	LR: 0.0381
Standard Accuracy-	Train: 93.17%.	Test: 89.06%.
Time taken: 0:00:25
======= Epoch 81 =======
Loss: 0.1898.	LR: 0.0347
Standard Accuracy-	Train: 93.45%.	Test: 86.97%.
Time taken: 0:00:25
======= Epoch 82 =======
Loss: 0.1746.	LR: 0.0315
Standard Accuracy-	Train: 94.14%.	Test: 89.14%.
Time taken: 0:00:25
======= Epoch 83 =======
Loss: 0.1643.	LR: 0.0285
Standard Accuracy-	Train: 94.42%.	Test: 90.19%.
Time taken: 0:00:25
======= Epoch 84 =======
Loss: 0.1529.	LR: 0.0255
Standard Accuracy-	Train: 94.67%.	Test: 90.61%.
Time taken: 0:00:25
======= Epoch 85 =======
Loss: 0.1360.	LR: 0.0227
Standard Accuracy-	Train: 95.42%.	Test: 91.54%.
Time taken: 0:00:25
======= Epoch 86 =======
Loss: 0.1236.	LR: 0.0200
Standard Accuracy-	Train: 95.78%.	Test: 91.47%.
Time taken: 0:00:25
======= Epoch 87 =======
Loss: 0.1083.	LR: 0.0175
Standard Accuracy-	Train: 96.23%.	Test: 90.73%.
Time taken: 0:00:25
======= Epoch 88 =======
Loss: 0.0980.	LR: 0.0152
Standard Accuracy-	Train: 96.74%.	Test: 91.79%.
Time taken: 0:00:25
======= Epoch 89 =======
Loss: 0.0801.	LR: 0.0130
Standard Accuracy-	Train: 97.30%.	Test: 92.60%.
Time taken: 0:00:25
======= Epoch 90 =======
Loss: 0.0669.	LR: 0.0109
Standard Accuracy-	Train: 97.72%.	Test: 92.95%.
Time taken: 0:00:35
======= Epoch 91 =======
Loss: 0.0529.	LR: 0.0091
Standard Accuracy-	Train: 98.22%.	Test: 93.35%.
Time taken: 0:00:25
======= Epoch 92 =======
Loss: 0.0411.	LR: 0.0074
Standard Accuracy-	Train: 98.69%.	Test: 93.93%.
Time taken: 0:00:35
======= Epoch 93 =======
Loss: 0.0271.	LR: 0.0058
Standard Accuracy-	Train: 99.16%.	Test: 94.20%.
Time taken: 0:00:25
======= Epoch 94 =======
Loss: 0.0177.	LR: 0.0045
Standard Accuracy-	Train: 99.50%.	Test: 94.40%.
Time taken: 0:00:25
======= Epoch 95 =======
Loss: 0.0145.	LR: 0.0033
Standard Accuracy-	Train: 99.63%.	Test: 94.68%.
Time taken: 0:00:35
======= Epoch 96 =======
Loss: 0.0101.	LR: 0.0023
Standard Accuracy-	Train: 99.75%.	Test: 94.68%.
Time taken: 0:00:25
======= Epoch 97 =======
Loss: 0.0079.	LR: 0.0015
Standard Accuracy-	Train: 99.81%.	Test: 94.92%.
Time taken: 0:00:35
======= Epoch 98 =======
Loss: 0.0078.	LR: 0.0008
Standard Accuracy-	Train: 99.82%.	Test: 94.92%.
Time taken: 0:00:35
======= Epoch 99 =======
Loss: 0.0068.	LR: 0.0004
Standard Accuracy-	Train: 99.85%.	Test: 95.03%.
Time taken: 0:00:25
======= Epoch 100 =======
Loss: 0.0064.	LR: 0.0001
Standard Accuracy-	Train: 99.88%.	Test: 94.95%.
Time taken: 0:00:35
Adversarial Accuracy-	Test: 0.00%.

Training completed.
Standard Accuracy-	Train: 99.88%.	Test: 95.03%.
Script Completed.
