Using device: cuda



Standard training for 0 epochs



Standard Accuracy-	Test: 9.257812%.
Inverse Adversarial training for 100 epochs
======= Epoch 1 =======
Loss: 2.3943.	LR: 0.0084
Standard Accuracy-	Test: 55.92%.
Inverse Adversarial Accuracy-	Train: 65.55%.
Time taken: 0:02:43
======= Epoch 2 =======
Loss: 1.2264.	LR: 0.0092
Standard Accuracy-	Test: 67.44%.
Inverse Adversarial Accuracy-	Train: 91.90%.
Time taken: 0:02:44
======= Epoch 3 =======
Loss: 0.9537.	LR: 0.0116
Standard Accuracy-	Test: 68.68%.
Inverse Adversarial Accuracy-	Train: 94.74%.
Time taken: 0:02:44
======= Epoch 4 =======
Loss: 0.8407.	LR: 0.0155
Standard Accuracy-	Test: 73.02%.
Inverse Adversarial Accuracy-	Train: 95.31%.
Time taken: 0:02:44
======= Epoch 5 =======
Loss: 0.7438.	LR: 0.0209
Standard Accuracy-	Test: 76.05%.
Inverse Adversarial Accuracy-	Train: 96.29%.
Time taken: 0:02:44
======= Epoch 6 =======
Loss: 0.6811.	LR: 0.0277
Standard Accuracy-	Test: 79.93%.
Inverse Adversarial Accuracy-	Train: 96.75%.
Time taken: 0:02:43
======= Epoch 7 =======
Loss: 0.6377.	LR: 0.0357
Standard Accuracy-	Test: 77.16%.
Inverse Adversarial Accuracy-	Train: 97.02%.
Time taken: 0:02:43
======= Epoch 8 =======
Loss: 0.5989.	LR: 0.0450
Standard Accuracy-	Test: 80.33%.
Inverse Adversarial Accuracy-	Train: 97.14%.
Time taken: 0:02:44
======= Epoch 9 =======
Loss: 0.5738.	LR: 0.0552
Standard Accuracy-	Test: 80.62%.
Inverse Adversarial Accuracy-	Train: 97.41%.
Time taken: 0:02:43
======= Epoch 10 =======
Loss: 0.5838.	LR: 0.0663
Standard Accuracy-	Test: 79.59%.
Inverse Adversarial Accuracy-	Train: 97.09%.
Time taken: 0:02:43
======= Epoch 11 =======
Loss: 0.5584.	LR: 0.0781
Standard Accuracy-	Test: 77.60%.
Inverse Adversarial Accuracy-	Train: 97.36%.
Time taken: 0:02:43
======= Epoch 12 =======
Loss: 0.5525.	LR: 0.0903
Standard Accuracy-	Test: 79.79%.
Inverse Adversarial Accuracy-	Train: 97.30%.
Time taken: 0:02:43
======= Epoch 13 =======
Loss: 0.5486.	LR: 0.1029
Standard Accuracy-	Test: 73.25%.
Inverse Adversarial Accuracy-	Train: 97.36%.
Time taken: 0:02:43
======= Epoch 14 =======
Loss: 0.5578.	LR: 0.1155
Standard Accuracy-	Test: 77.92%.
Inverse Adversarial Accuracy-	Train: 97.10%.
Time taken: 0:02:43
======= Epoch 15 =======
Loss: 0.5645.	LR: 0.1281
Standard Accuracy-	Test: 81.88%.
Inverse Adversarial Accuracy-	Train: 97.04%.
Time taken: 0:02:43
======= Epoch 16 =======
Loss: 0.5385.	LR: 0.1404
Standard Accuracy-	Test: 77.91%.
Inverse Adversarial Accuracy-	Train: 97.32%.
Time taken: 0:02:43
======= Epoch 17 =======
Loss: 0.5361.	LR: 0.1521
Standard Accuracy-	Test: 73.89%.
Inverse Adversarial Accuracy-	Train: 97.31%.
Time taken: 0:02:43
======= Epoch 18 =======
Loss: 0.5355.	LR: 0.1632
Standard Accuracy-	Test: 79.85%.
Inverse Adversarial Accuracy-	Train: 97.34%.
Time taken: 0:02:44
======= Epoch 19 =======
Loss: 0.5339.	LR: 0.1735
Standard Accuracy-	Test: 76.96%.
Inverse Adversarial Accuracy-	Train: 97.28%.
Time taken: 0:02:43
======= Epoch 20 =======
Loss: 0.5268.	LR: 0.1827
Standard Accuracy-	Test: 84.01%.
Inverse Adversarial Accuracy-	Train: 97.30%.
Time taken: 0:02:43
======= Epoch 21 =======
Loss: 0.5251.	LR: 0.1908
Standard Accuracy-	Test: 74.79%.
Inverse Adversarial Accuracy-	Train: 97.48%.
Time taken: 0:02:43
======= Epoch 22 =======
Loss: 0.5201.	LR: 0.1975
Standard Accuracy-	Test: 79.12%.
Inverse Adversarial Accuracy-	Train: 97.49%.
Time taken: 0:02:43
======= Epoch 23 =======
Loss: 0.5160.	LR: 0.2029
Standard Accuracy-	Test: 75.54%.
Inverse Adversarial Accuracy-	Train: 97.41%.
Time taken: 0:02:43
======= Epoch 24 =======
Loss: 0.5180.	LR: 0.2068
Standard Accuracy-	Test: 78.84%.
Inverse Adversarial Accuracy-	Train: 97.58%.
Time taken: 0:02:43
======= Epoch 25 =======
Loss: 0.5066.	LR: 0.2092
Standard Accuracy-	Test: 73.81%.
Inverse Adversarial Accuracy-	Train: 97.65%.
Time taken: 0:02:43
======= Epoch 26 =======
Loss: 0.5088.	LR: 0.2100
Standard Accuracy-	Test: 70.36%.
Inverse Adversarial Accuracy-	Train: 97.45%.
Time taken: 0:02:43
======= Epoch 27 =======
Loss: 0.5095.	LR: 0.2099
Standard Accuracy-	Test: 77.99%.
Inverse Adversarial Accuracy-	Train: 97.59%.
Time taken: 0:02:43
======= Epoch 28 =======
Loss: 0.5018.	LR: 0.2096
Standard Accuracy-	Test: 82.90%.
Inverse Adversarial Accuracy-	Train: 97.59%.
Time taken: 0:02:43
======= Epoch 29 =======
Loss: 0.4849.	LR: 0.2092
Standard Accuracy-	Test: 75.35%.
Inverse Adversarial Accuracy-	Train: 97.87%.
Time taken: 0:02:43
======= Epoch 30 =======
Loss: 0.4920.	LR: 0.2085
Standard Accuracy-	Test: 82.25%.
Inverse Adversarial Accuracy-	Train: 97.80%.	Test: 97.12%.
Time taken: 0:03:31
======= Epoch 31 =======
Loss: 0.4875.	LR: 0.2077
Standard Accuracy-	Test: 76.93%.
Inverse Adversarial Accuracy-	Train: 97.73%.
Time taken: 0:02:43
======= Epoch 32 =======
Loss: 0.4932.	LR: 0.2067
Standard Accuracy-	Test: 75.47%.
Inverse Adversarial Accuracy-	Train: 97.47%.
Time taken: 0:02:43
======= Epoch 33 =======
Loss: 0.5533.	LR: 0.2055
Standard Accuracy-	Test: 76.52%.
Inverse Adversarial Accuracy-	Train: 96.54%.
Time taken: 0:02:43
======= Epoch 34 =======
Loss: 0.5124.	LR: 0.2042
Standard Accuracy-	Test: 78.61%.
Inverse Adversarial Accuracy-	Train: 97.03%.
Time taken: 0:02:43
======= Epoch 35 =======
Loss: 0.4804.	LR: 0.2026
Standard Accuracy-	Test: 81.58%.
Inverse Adversarial Accuracy-	Train: 97.52%.
Time taken: 0:02:43
======= Epoch 36 =======
Loss: 0.4778.	LR: 0.2009
Standard Accuracy-	Test: 78.12%.
Inverse Adversarial Accuracy-	Train: 97.69%.
Time taken: 0:02:43
======= Epoch 37 =======
Loss: 0.4831.	LR: 0.1990
Standard Accuracy-	Test: 81.30%.
Inverse Adversarial Accuracy-	Train: 97.52%.
Time taken: 0:02:43
======= Epoch 38 =======
Loss: 0.4610.	LR: 0.1970
Standard Accuracy-	Test: 78.78%.
Inverse Adversarial Accuracy-	Train: 97.96%.
Time taken: 0:02:43
======= Epoch 39 =======
Loss: 0.4758.	LR: 0.1948
Standard Accuracy-	Test: 73.65%.
Inverse Adversarial Accuracy-	Train: 97.76%.
Time taken: 0:02:43
======= Epoch 40 =======
Loss: 0.4674.	LR: 0.1925
Standard Accuracy-	Test: 80.15%.
Inverse Adversarial Accuracy-	Train: 97.91%.
Time taken: 0:02:43
======= Epoch 41 =======
Loss: 0.4576.	LR: 0.1899
Standard Accuracy-	Test: 79.24%.
Inverse Adversarial Accuracy-	Train: 98.07%.
Time taken: 0:02:43
======= Epoch 42 =======
Loss: 0.4649.	LR: 0.1873
Standard Accuracy-	Test: 80.02%.
Inverse Adversarial Accuracy-	Train: 97.79%.
Time taken: 0:02:43
======= Epoch 43 =======
Loss: 0.4564.	LR: 0.1845
Standard Accuracy-	Test: 81.18%.
Inverse Adversarial Accuracy-	Train: 97.95%.
Time taken: 0:02:43
======= Epoch 44 =======
Loss: 0.4607.	LR: 0.1815
Standard Accuracy-	Test: 80.23%.
Inverse Adversarial Accuracy-	Train: 97.83%.
Time taken: 0:02:43
======= Epoch 45 =======
Loss: 0.4507.	LR: 0.1785
Standard Accuracy-	Test: 81.83%.
Inverse Adversarial Accuracy-	Train: 97.98%.
Time taken: 0:02:43
======= Epoch 46 =======
Loss: 0.4412.	LR: 0.1753
Standard Accuracy-	Test: 77.36%.
Inverse Adversarial Accuracy-	Train: 98.12%.
Time taken: 0:02:43
======= Epoch 47 =======
Loss: 0.4414.	LR: 0.1719
Standard Accuracy-	Test: 83.69%.
Inverse Adversarial Accuracy-	Train: 98.11%.
Time taken: 0:02:43
======= Epoch 48 =======
Loss: 0.4665.	LR: 0.1685
Standard Accuracy-	Test: 79.35%.
Inverse Adversarial Accuracy-	Train: 97.62%.
Time taken: 0:02:43
======= Epoch 49 =======
Loss: 0.4575.	LR: 0.1649
Standard Accuracy-	Test: 82.95%.
Inverse Adversarial Accuracy-	Train: 97.84%.
Time taken: 0:02:44
======= Epoch 50 =======
Loss: 0.4274.	LR: 0.1613
Standard Accuracy-	Test: 75.34%.
Inverse Adversarial Accuracy-	Train: 98.25%.
Time taken: 0:02:43
======= Epoch 51 =======
Loss: 0.4306.	LR: 0.1575
Standard Accuracy-	Test: 83.52%.
Inverse Adversarial Accuracy-	Train: 98.18%.
Time taken: 0:02:43
======= Epoch 52 =======
Loss: 0.4205.	LR: 0.1536
Standard Accuracy-	Test: 83.92%.
Inverse Adversarial Accuracy-	Train: 98.27%.
Time taken: 0:02:43
======= Epoch 53 =======
Loss: 0.4171.	LR: 0.1497
Standard Accuracy-	Test: 81.26%.
Inverse Adversarial Accuracy-	Train: 98.29%.
Time taken: 0:02:43
======= Epoch 54 =======
Loss: 0.4137.	LR: 0.1457
Standard Accuracy-	Test: 85.42%.
Inverse Adversarial Accuracy-	Train: 98.29%.
Time taken: 0:02:43
======= Epoch 55 =======
Loss: 0.4170.	LR: 0.1416
Standard Accuracy-	Test: 84.76%.
Inverse Adversarial Accuracy-	Train: 98.28%.
Time taken: 0:02:43
======= Epoch 56 =======
Loss: 0.4044.	LR: 0.1374
Standard Accuracy-	Test: 84.63%.
Inverse Adversarial Accuracy-	Train: 98.37%.
Time taken: 0:02:43
======= Epoch 57 =======
Loss: 0.4107.	LR: 0.1332
Standard Accuracy-	Test: 81.21%.
Inverse Adversarial Accuracy-	Train: 98.24%.
Time taken: 0:02:43
======= Epoch 58 =======
Loss: 0.4008.	LR: 0.1290
Standard Accuracy-	Test: 81.15%.
Inverse Adversarial Accuracy-	Train: 98.44%.
Time taken: 0:02:43
======= Epoch 59 =======
Loss: 0.3920.	LR: 0.1247
Standard Accuracy-	Test: 85.62%.
Inverse Adversarial Accuracy-	Train: 98.46%.
Time taken: 0:02:43
======= Epoch 60 =======
Loss: 0.3857.	LR: 0.1203
Standard Accuracy-	Test: 86.20%.
Inverse Adversarial Accuracy-	Train: 98.50%.	Test: 97.88%.
Time taken: 0:03:31
======= Epoch 61 =======
Loss: 0.3907.	LR: 0.1160
Standard Accuracy-	Test: 85.32%.
Inverse Adversarial Accuracy-	Train: 98.44%.
Time taken: 0:02:43
======= Epoch 62 =======
Loss: 0.3898.	LR: 0.1116
Standard Accuracy-	Test: 84.22%.
Inverse Adversarial Accuracy-	Train: 98.52%.
Time taken: 0:02:43
======= Epoch 63 =======
Loss: 0.3765.	LR: 0.1072
Standard Accuracy-	Test: 80.07%.
Inverse Adversarial Accuracy-	Train: 98.53%.
Time taken: 0:02:43
======= Epoch 64 =======
Loss: 0.3719.	LR: 0.1028
Standard Accuracy-	Test: 81.76%.
Inverse Adversarial Accuracy-	Train: 98.58%.
Time taken: 0:02:43
======= Epoch 65 =======
Loss: 0.3687.	LR: 0.0984
Standard Accuracy-	Test: 87.71%.
Inverse Adversarial Accuracy-	Train: 98.60%.
Time taken: 0:02:43
======= Epoch 66 =======
Loss: 0.3577.	LR: 0.0940
Standard Accuracy-	Test: 86.70%.
Inverse Adversarial Accuracy-	Train: 98.70%.
Time taken: 0:02:43
======= Epoch 67 =======
Loss: 0.3563.	LR: 0.0897
Standard Accuracy-	Test: 84.60%.
Inverse Adversarial Accuracy-	Train: 98.66%.
Time taken: 0:02:43
======= Epoch 68 =======
Loss: 0.3413.	LR: 0.0853
Standard Accuracy-	Test: 83.76%.
Inverse Adversarial Accuracy-	Train: 98.72%.
Time taken: 0:02:43
======= Epoch 69 =======
Loss: 0.3377.	LR: 0.0810
Standard Accuracy-	Test: 85.18%.
Inverse Adversarial Accuracy-	Train: 98.74%.
Time taken: 0:02:43
======= Epoch 70 =======
Loss: 0.3278.	LR: 0.0768
Standard Accuracy-	Test: 83.84%.
Inverse Adversarial Accuracy-	Train: 98.89%.
Time taken: 0:02:44
======= Epoch 71 =======
Loss: 0.3195.	LR: 0.0725
Standard Accuracy-	Test: 88.78%.
Inverse Adversarial Accuracy-	Train: 98.92%.
Time taken: 0:02:43
======= Epoch 72 =======
Loss: 0.3129.	LR: 0.0684
Standard Accuracy-	Test: 86.97%.
Inverse Adversarial Accuracy-	Train: 98.93%.
Time taken: 0:02:43
======= Epoch 73 =======
Loss: 0.3088.	LR: 0.0643
Standard Accuracy-	Test: 84.99%.
Inverse Adversarial Accuracy-	Train: 99.12%.
Time taken: 0:02:43
======= Epoch 74 =======
Loss: 0.2900.	LR: 0.0603
Standard Accuracy-	Test: 85.07%.
Inverse Adversarial Accuracy-	Train: 99.16%.
Time taken: 0:02:43
======= Epoch 75 =======
Loss: 0.2882.	LR: 0.0563
Standard Accuracy-	Test: 88.36%.
Inverse Adversarial Accuracy-	Train: 99.15%.
Time taken: 0:02:43
======= Epoch 76 =======
Loss: 0.2836.	LR: 0.0525
Standard Accuracy-	Test: 88.25%.
Inverse Adversarial Accuracy-	Train: 99.11%.
Time taken: 0:02:43
======= Epoch 77 =======
Loss: 0.2630.	LR: 0.0487
Standard Accuracy-	Test: 88.73%.
Inverse Adversarial Accuracy-	Train: 99.32%.
Time taken: 0:02:43
======= Epoch 78 =======
Loss: 0.2458.	LR: 0.0451
Standard Accuracy-	Test: 89.41%.
Inverse Adversarial Accuracy-	Train: 99.37%.
Time taken: 0:02:43
======= Epoch 79 =======
Loss: 0.2386.	LR: 0.0415
Standard Accuracy-	Test: 87.81%.
Inverse Adversarial Accuracy-	Train: 99.40%.
Time taken: 0:02:43
======= Epoch 80 =======
Loss: 0.2321.	LR: 0.0381
Standard Accuracy-	Test: 89.18%.
Inverse Adversarial Accuracy-	Train: 99.46%.
Time taken: 0:02:43
======= Epoch 81 =======
Loss: 0.2086.	LR: 0.0347
Standard Accuracy-	Test: 89.35%.
Inverse Adversarial Accuracy-	Train: 99.57%.
Time taken: 0:02:43
======= Epoch 82 =======
Loss: 0.2004.	LR: 0.0315
Standard Accuracy-	Test: 90.56%.
Inverse Adversarial Accuracy-	Train: 99.60%.
Time taken: 0:02:43
======= Epoch 83 =======
Loss: 0.1822.	LR: 0.0285
Standard Accuracy-	Test: 89.99%.
Inverse Adversarial Accuracy-	Train: 99.67%.
Time taken: 0:02:43
======= Epoch 84 =======
Loss: 0.1737.	LR: 0.0255
Standard Accuracy-	Test: 91.71%.
Inverse Adversarial Accuracy-	Train: 99.68%.
Time taken: 0:02:43
======= Epoch 85 =======
Loss: 0.1536.	LR: 0.0227
Standard Accuracy-	Test: 91.48%.
Inverse Adversarial Accuracy-	Train: 99.76%.
Time taken: 0:02:43
======= Epoch 86 =======
Loss: 0.1370.	LR: 0.0200
Standard Accuracy-	Test: 91.18%.
Inverse Adversarial Accuracy-	Train: 99.76%.
Time taken: 0:02:43
======= Epoch 87 =======
Loss: 0.1206.	LR: 0.0175
Standard Accuracy-	Test: 91.85%.
Inverse Adversarial Accuracy-	Train: 99.84%.
Time taken: 0:02:43
======= Epoch 88 =======
Loss: 0.1062.	LR: 0.0152
Standard Accuracy-	Test: 92.42%.
Inverse Adversarial Accuracy-	Train: 99.86%.
Time taken: 0:02:43
======= Epoch 89 =======
Loss: 0.0881.	LR: 0.0130
Standard Accuracy-	Test: 92.71%.
Inverse Adversarial Accuracy-	Train: 99.91%.
Time taken: 0:02:43
======= Epoch 90 =======
Loss: 0.0763.	LR: 0.0109
Standard Accuracy-	Test: 93.16%.
Inverse Adversarial Accuracy-	Train: 99.90%.	Test: 99.20%.
Time taken: 0:03:30
======= Epoch 91 =======
Loss: 0.0554.	LR: 0.0091
Standard Accuracy-	Test: 93.28%.
Inverse Adversarial Accuracy-	Train: 99.97%.	Test: 99.22%.
Time taken: 0:03:30
======= Epoch 92 =======
Loss: 0.0432.	LR: 0.0074
Standard Accuracy-	Test: 93.42%.
Inverse Adversarial Accuracy-	Train: 99.96%.	Test: 99.26%.
Time taken: 0:03:31
======= Epoch 93 =======
Loss: 0.0290.	LR: 0.0058
Standard Accuracy-	Test: 94.01%.
Inverse Adversarial Accuracy-	Train: 99.99%.	Test: 98.95%.
Time taken: 0:03:30
======= Epoch 94 =======
Loss: 0.0229.	LR: 0.0045
Standard Accuracy-	Test: 94.34%.
Inverse Adversarial Accuracy-	Train: 99.99%.	Test: 99.21%.
Time taken: 0:03:30
======= Epoch 95 =======
Loss: 0.0140.	LR: 0.0033
Standard Accuracy-	Test: 94.60%.
Inverse Adversarial Accuracy-	Train: 99.99%.	Test: 99.23%.
Time taken: 0:03:31
======= Epoch 96 =======
Loss: 0.0116.	LR: 0.0023
Standard Accuracy-	Test: 94.86%.
Inverse Adversarial Accuracy-	Train: 100.00%.	Test: 99.18%.
Time taken: 0:03:31
======= Epoch 97 =======
Loss: 0.0092.	LR: 0.0015
Standard Accuracy-	Test: 94.80%.
Inverse Adversarial Accuracy-	Train: 100.00%.	Test: 99.19%.
Time taken: 0:03:30
======= Epoch 98 =======
Loss: 0.0085.	LR: 0.0008
Standard Accuracy-	Test: 94.93%.
Inverse Adversarial Accuracy-	Train: 99.99%.	Test: 99.21%.
Time taken: 0:03:31
======= Epoch 99 =======
Loss: 0.0074.	LR: 0.0004
Standard Accuracy-	Test: 94.93%.
Inverse Adversarial Accuracy-	Train: 100.00%.	Test: 99.26%.
Time taken: 0:03:31
======= Epoch 100 =======
Loss: 0.0071.	LR: 0.0001
Standard Accuracy-	Test: 94.81%.
Inverse Adversarial Accuracy-	Train: 100.00%.	Test: 99.20%.
Time taken: 0:03:30

Training completed.
Standard Accuracy-	Train: 99.88%.	Test: 94.93%.
Inverse Adversarial Accuracy-	Train: 100.00%.	Test: 99.26%.
Script Completed.
