Using device: cuda
using standard version including apgd-ce, apgd-t, fab-t, square.
initial accuracy: 94.79%
apgd-ce - 1/38 - 249 out of 256 successfully perturbed
apgd-ce - 2/38 - 253 out of 256 successfully perturbed
apgd-ce - 3/38 - 253 out of 256 successfully perturbed
apgd-ce - 4/38 - 251 out of 256 successfully perturbed
apgd-ce - 5/38 - 249 out of 256 successfully perturbed
apgd-ce - 6/38 - 250 out of 256 successfully perturbed
apgd-ce - 7/38 - 252 out of 256 successfully perturbed
apgd-ce - 8/38 - 252 out of 256 successfully perturbed
apgd-ce - 9/38 - 247 out of 256 successfully perturbed
apgd-ce - 10/38 - 249 out of 256 successfully perturbed
apgd-ce - 11/38 - 252 out of 256 successfully perturbed
apgd-ce - 12/38 - 247 out of 256 successfully perturbed
apgd-ce - 13/38 - 251 out of 256 successfully perturbed
apgd-ce - 14/38 - 248 out of 256 successfully perturbed
apgd-ce - 15/38 - 251 out of 256 successfully perturbed
apgd-ce - 16/38 - 245 out of 256 successfully perturbed
apgd-ce - 17/38 - 249 out of 256 successfully perturbed
apgd-ce - 18/38 - 243 out of 256 successfully perturbed
apgd-ce - 19/38 - 249 out of 256 successfully perturbed
apgd-ce - 20/38 - 251 out of 256 successfully perturbed
apgd-ce - 21/38 - 252 out of 256 successfully perturbed
apgd-ce - 22/38 - 253 out of 256 successfully perturbed
apgd-ce - 23/38 - 244 out of 256 successfully perturbed
apgd-ce - 24/38 - 251 out of 256 successfully perturbed
apgd-ce - 25/38 - 245 out of 256 successfully perturbed
apgd-ce - 26/38 - 249 out of 256 successfully perturbed
apgd-ce - 27/38 - 250 out of 256 successfully perturbed
apgd-ce - 28/38 - 249 out of 256 successfully perturbed
apgd-ce - 29/38 - 251 out of 256 successfully perturbed
apgd-ce - 30/38 - 248 out of 256 successfully perturbed
apgd-ce - 31/38 - 251 out of 256 successfully perturbed
apgd-ce - 32/38 - 252 out of 256 successfully perturbed
apgd-ce - 33/38 - 251 out of 256 successfully perturbed
apgd-ce - 34/38 - 252 out of 256 successfully perturbed
apgd-ce - 35/38 - 251 out of 256 successfully perturbed
apgd-ce - 36/38 - 242 out of 256 successfully perturbed
apgd-ce - 37/38 - 252 out of 256 successfully perturbed
apgd-ce - 38/38 - 7 out of 7 successfully perturbed
robust accuracy after APGD-CE: 2.38% (total time 392.7 s)
apgd-t - 1/1 - 90 out of 238 successfully perturbed
robust accuracy after APGD-T: 1.48% (total time 460.5 s)
fab-t - 1/1 - 0 out of 148 successfully perturbed
robust accuracy after FAB-T: 1.48% (total time 538.1 s)
square - 1/1 - 0 out of 148 successfully perturbed
robust accuracy after SQUARE: 1.48% (total time 610.9 s)
max Linf perturbation: 0.00784, nan in tensor: 0, max: 1.00000, min: 0.00000
robust accuracy: 1.48%
