Using device: cuda



Standard training for 0 epochs



Standard Accuracy-	Test: 9.257812%.
Adversarial training for 100 epochs
======= Epoch 1 =======
Loss: 1.6601.	LR: 0.0084
Standard Accuracy-	Test: 48.15%.
Adversarial Accuracy-	Train: 37.72%.
Time taken: 0:02:23
======= Epoch 2 =======
Loss: 1.3308.	LR: 0.0092
Standard Accuracy-	Test: 66.28%.
Adversarial Accuracy-	Train: 50.67%.
Time taken: 0:02:23
======= Epoch 3 =======
Loss: 1.1591.	LR: 0.0116
Standard Accuracy-	Test: 68.58%.
Adversarial Accuracy-	Train: 57.33%.
Time taken: 0:02:23
======= Epoch 4 =======
Loss: 1.0610.	LR: 0.0155
Standard Accuracy-	Test: 67.96%.
Adversarial Accuracy-	Train: 61.38%.
Time taken: 0:02:25
======= Epoch 5 =======
Loss: 0.9990.	LR: 0.0209
Standard Accuracy-	Test: 48.87%.
Adversarial Accuracy-	Train: 63.56%.
Time taken: 0:02:23
======= Epoch 6 =======
Loss: 0.9461.	LR: 0.0277
Standard Accuracy-	Test: 76.53%.
Adversarial Accuracy-	Train: 65.35%.
Time taken: 0:02:23
======= Epoch 7 =======
Loss: 0.9038.	LR: 0.0357
Standard Accuracy-	Test: 64.79%.
Adversarial Accuracy-	Train: 67.28%.
Time taken: 0:02:23
======= Epoch 8 =======
Loss: 0.8780.	LR: 0.0450
Standard Accuracy-	Test: 78.34%.
Adversarial Accuracy-	Train: 68.13%.
Time taken: 0:02:23
======= Epoch 9 =======
Loss: 0.8435.	LR: 0.0552
Standard Accuracy-	Test: 74.54%.
Adversarial Accuracy-	Train: 69.31%.
Time taken: 0:02:23
======= Epoch 10 =======
Loss: 0.8237.	LR: 0.0663
Standard Accuracy-	Test: 78.86%.
Adversarial Accuracy-	Train: 70.30%.
Time taken: 0:02:23
======= Epoch 11 =======
Loss: 0.7977.	LR: 0.0781
Standard Accuracy-	Test: 78.07%.
Adversarial Accuracy-	Train: 71.02%.
Time taken: 0:02:23
======= Epoch 12 =======
Loss: 0.7929.	LR: 0.0903
Standard Accuracy-	Test: 79.42%.
Adversarial Accuracy-	Train: 71.45%.
Time taken: 0:02:23
======= Epoch 13 =======
Loss: 0.7848.	LR: 0.1029
Standard Accuracy-	Test: 79.39%.
Adversarial Accuracy-	Train: 71.82%.
Time taken: 0:02:23
======= Epoch 14 =======
Loss: 0.7811.	LR: 0.1155
Standard Accuracy-	Test: 80.92%.
Adversarial Accuracy-	Train: 71.89%.
Time taken: 0:02:23
======= Epoch 15 =======
Loss: 0.7800.	LR: 0.1281
Standard Accuracy-	Test: 77.45%.
Adversarial Accuracy-	Train: 71.88%.
Time taken: 0:02:23
======= Epoch 16 =======
Loss: 0.7754.	LR: 0.1404
Standard Accuracy-	Test: 78.90%.
Adversarial Accuracy-	Train: 71.97%.
Time taken: 0:02:23
======= Epoch 17 =======
Loss: 0.7656.	LR: 0.1521
Standard Accuracy-	Test: 79.17%.
Adversarial Accuracy-	Train: 72.36%.
Time taken: 0:02:23
======= Epoch 18 =======
Loss: 0.7620.	LR: 0.1632
Standard Accuracy-	Test: 80.32%.
Adversarial Accuracy-	Train: 72.50%.
Time taken: 0:02:23
======= Epoch 19 =======
Loss: 0.7556.	LR: 0.1735
Standard Accuracy-	Test: 78.62%.
Adversarial Accuracy-	Train: 72.83%.
Time taken: 0:02:23
======= Epoch 20 =======
Loss: 0.7522.	LR: 0.1827
Standard Accuracy-	Test: 79.83%.
Adversarial Accuracy-	Train: 73.07%.
Time taken: 0:02:23
======= Epoch 21 =======
Loss: 0.7533.	LR: 0.1908
Standard Accuracy-	Test: 79.33%.
Adversarial Accuracy-	Train: 72.98%.
Time taken: 0:02:23
======= Epoch 22 =======
Loss: 0.7440.	LR: 0.1975
Standard Accuracy-	Test: 79.71%.
Adversarial Accuracy-	Train: 73.12%.
Time taken: 0:02:23
======= Epoch 23 =======
Loss: 0.7414.	LR: 0.2029
Standard Accuracy-	Test: 81.22%.
Adversarial Accuracy-	Train: 73.33%.
Time taken: 0:02:23
======= Epoch 24 =======
Loss: 0.7369.	LR: 0.2068
Standard Accuracy-	Test: 79.82%.
Adversarial Accuracy-	Train: 73.54%.
Time taken: 0:02:23
======= Epoch 25 =======
Loss: 0.7315.	LR: 0.2092
Standard Accuracy-	Test: 75.81%.
Adversarial Accuracy-	Train: 73.85%.
Time taken: 0:02:23
======= Epoch 26 =======
Loss: 0.7293.	LR: 0.2100
Standard Accuracy-	Test: 80.53%.
Adversarial Accuracy-	Train: 73.68%.
Time taken: 0:02:23
======= Epoch 27 =======
Loss: 0.7281.	LR: 0.2099
Standard Accuracy-	Test: 81.96%.
Adversarial Accuracy-	Train: 73.73%.
Time taken: 0:02:23
======= Epoch 28 =======
Loss: 0.7226.	LR: 0.2096
Standard Accuracy-	Test: 82.61%.
Adversarial Accuracy-	Train: 73.90%.
Time taken: 0:02:23
======= Epoch 29 =======
Loss: 0.7198.	LR: 0.2092
Standard Accuracy-	Test: 79.22%.
Adversarial Accuracy-	Train: 74.17%.
Time taken: 0:02:23
======= Epoch 30 =======
Loss: 0.7181.	LR: 0.2085
Standard Accuracy-	Test: 82.31%.
Adversarial Accuracy-	Train: 74.05%.	Test: 64.39%.
Time taken: 0:03:11
======= Epoch 31 =======
Loss: 0.7116.	LR: 0.2077
Standard Accuracy-	Test: 81.47%.
Adversarial Accuracy-	Train: 74.39%.
Time taken: 0:02:23
======= Epoch 32 =======
Loss: 0.7040.	LR: 0.2067
Standard Accuracy-	Test: 79.83%.
Adversarial Accuracy-	Train: 74.82%.
Time taken: 0:02:23
======= Epoch 33 =======
Loss: 0.7058.	LR: 0.2055
Standard Accuracy-	Test: 79.43%.
Adversarial Accuracy-	Train: 74.63%.
Time taken: 0:02:23
======= Epoch 34 =======
Loss: 0.7049.	LR: 0.2042
Standard Accuracy-	Test: 82.28%.
Adversarial Accuracy-	Train: 74.62%.
Time taken: 0:02:23
======= Epoch 35 =======
Loss: 0.6986.	LR: 0.2026
Standard Accuracy-	Test: 83.10%.
Adversarial Accuracy-	Train: 74.67%.
Time taken: 0:02:23
======= Epoch 36 =======
Loss: 0.7012.	LR: 0.2009
Standard Accuracy-	Test: 85.81%.
Adversarial Accuracy-	Train: 74.88%.
Time taken: 0:02:23
======= Epoch 37 =======
Loss: 0.6955.	LR: 0.1990
Standard Accuracy-	Test: 78.34%.
Adversarial Accuracy-	Train: 75.17%.
Time taken: 0:02:23
======= Epoch 38 =======
Loss: 0.6953.	LR: 0.1970
Standard Accuracy-	Test: 77.29%.
Adversarial Accuracy-	Train: 74.95%.
Time taken: 0:02:23
======= Epoch 39 =======
Loss: 0.6894.	LR: 0.1948
Standard Accuracy-	Test: 82.87%.
Adversarial Accuracy-	Train: 75.43%.
Time taken: 0:02:23
======= Epoch 40 =======
Loss: 0.6922.	LR: 0.1925
Standard Accuracy-	Test: 81.39%.
Adversarial Accuracy-	Train: 74.93%.
Time taken: 0:02:23
======= Epoch 41 =======
Loss: 0.6804.	LR: 0.1899
Standard Accuracy-	Test: 82.49%.
Adversarial Accuracy-	Train: 75.69%.
Time taken: 0:02:23
======= Epoch 42 =======
Loss: 0.6808.	LR: 0.1873
Standard Accuracy-	Test: 81.80%.
Adversarial Accuracy-	Train: 75.53%.
Time taken: 0:02:23
======= Epoch 43 =======
Loss: 0.6811.	LR: 0.1845
Standard Accuracy-	Test: 79.36%.
Adversarial Accuracy-	Train: 75.34%.
Time taken: 0:02:23
======= Epoch 44 =======
Loss: 0.6798.	LR: 0.1815
Standard Accuracy-	Test: 85.10%.
Adversarial Accuracy-	Train: 75.46%.
Time taken: 0:02:23
======= Epoch 45 =======
Loss: 0.6729.	LR: 0.1785
Standard Accuracy-	Test: 81.97%.
Adversarial Accuracy-	Train: 75.76%.
Time taken: 0:02:23
======= Epoch 46 =======
Loss: 0.6736.	LR: 0.1753
Standard Accuracy-	Test: 84.79%.
Adversarial Accuracy-	Train: 75.58%.
Time taken: 0:02:23
======= Epoch 47 =======
Loss: 0.6688.	LR: 0.1719
Standard Accuracy-	Test: 83.91%.
Adversarial Accuracy-	Train: 75.82%.
Time taken: 0:02:23
======= Epoch 48 =======
Loss: 0.6661.	LR: 0.1685
Standard Accuracy-	Test: 84.14%.
Adversarial Accuracy-	Train: 75.84%.
Time taken: 0:02:23
======= Epoch 49 =======
Loss: 0.6602.	LR: 0.1649
Standard Accuracy-	Test: 80.69%.
Adversarial Accuracy-	Train: 76.16%.
Time taken: 0:02:23
======= Epoch 50 =======
Loss: 0.6624.	LR: 0.1613
Standard Accuracy-	Test: 86.14%.
Adversarial Accuracy-	Train: 75.88%.
Time taken: 0:02:23
======= Epoch 51 =======
Loss: 0.6613.	LR: 0.1575
Standard Accuracy-	Test: 85.42%.
Adversarial Accuracy-	Train: 76.19%.
Time taken: 0:02:23
======= Epoch 52 =======
Loss: 0.6543.	LR: 0.1536
Standard Accuracy-	Test: 84.88%.
Adversarial Accuracy-	Train: 76.35%.
Time taken: 0:02:23
======= Epoch 53 =======
Loss: 0.6534.	LR: 0.1497
Standard Accuracy-	Test: 84.55%.
Adversarial Accuracy-	Train: 76.52%.
Time taken: 0:02:23
======= Epoch 54 =======
Loss: 0.6420.	LR: 0.1457
Standard Accuracy-	Test: 83.39%.
Adversarial Accuracy-	Train: 76.84%.
Time taken: 0:02:23
======= Epoch 55 =======
Loss: 0.6434.	LR: 0.1416
Standard Accuracy-	Test: 85.27%.
Adversarial Accuracy-	Train: 76.74%.
Time taken: 0:02:23
======= Epoch 56 =======
Loss: 0.6345.	LR: 0.1374
Standard Accuracy-	Test: 86.58%.
Adversarial Accuracy-	Train: 77.11%.
Time taken: 0:02:23
======= Epoch 57 =======
Loss: 0.6389.	LR: 0.1332
Standard Accuracy-	Test: 84.95%.
Adversarial Accuracy-	Train: 76.80%.
Time taken: 0:02:23
======= Epoch 58 =======
Loss: 0.6273.	LR: 0.1290
Standard Accuracy-	Test: 83.75%.
Adversarial Accuracy-	Train: 77.37%.
Time taken: 0:02:23
======= Epoch 59 =======
Loss: 0.6268.	LR: 0.1247
Standard Accuracy-	Test: 85.86%.
Adversarial Accuracy-	Train: 77.31%.
Time taken: 0:02:23
======= Epoch 60 =======
Loss: 0.6169.	LR: 0.1203
Standard Accuracy-	Test: 84.96%.
Adversarial Accuracy-	Train: 77.68%.	Test: 68.16%.
Time taken: 0:03:10
======= Epoch 61 =======
Loss: 0.6167.	LR: 0.1160
Standard Accuracy-	Test: 86.27%.
Adversarial Accuracy-	Train: 77.69%.
Time taken: 0:02:23
======= Epoch 62 =======
Loss: 0.6120.	LR: 0.1116
Standard Accuracy-	Test: 84.72%.
Adversarial Accuracy-	Train: 77.82%.
Time taken: 0:02:23
======= Epoch 63 =======
Loss: 0.6100.	LR: 0.1072
Standard Accuracy-	Test: 85.49%.
Adversarial Accuracy-	Train: 77.85%.
Time taken: 0:02:23
======= Epoch 64 =======
Loss: 0.6013.	LR: 0.1028
Standard Accuracy-	Test: 75.51%.
Adversarial Accuracy-	Train: 78.12%.
Time taken: 0:02:23
======= Epoch 65 =======
Loss: 0.5985.	LR: 0.0984
Standard Accuracy-	Test: 85.54%.
Adversarial Accuracy-	Train: 78.24%.
Time taken: 0:02:23
======= Epoch 66 =======
Loss: 0.5896.	LR: 0.0940
Standard Accuracy-	Test: 86.73%.
Adversarial Accuracy-	Train: 78.54%.
Time taken: 0:02:23
======= Epoch 67 =======
Loss: 0.5845.	LR: 0.0897
Standard Accuracy-	Test: 84.10%.
Adversarial Accuracy-	Train: 78.69%.
Time taken: 0:02:23
======= Epoch 68 =======
Loss: 0.5752.	LR: 0.0853
Standard Accuracy-	Test: 86.55%.
Adversarial Accuracy-	Train: 79.13%.
Time taken: 0:02:23
======= Epoch 69 =======
Loss: 0.5682.	LR: 0.0810
Standard Accuracy-	Test: 87.04%.
Adversarial Accuracy-	Train: 79.34%.
Time taken: 0:02:23
======= Epoch 70 =======
Loss: 0.5621.	LR: 0.0768
Standard Accuracy-	Test: 85.94%.
Adversarial Accuracy-	Train: 79.39%.
Time taken: 0:02:23
======= Epoch 71 =======
Loss: 0.5581.	LR: 0.0725
Standard Accuracy-	Test: 87.79%.
Adversarial Accuracy-	Train: 79.58%.
Time taken: 0:02:23
======= Epoch 72 =======
Loss: 0.5410.	LR: 0.0684
Standard Accuracy-	Test: 87.67%.
Adversarial Accuracy-	Train: 80.34%.
Time taken: 0:02:23
======= Epoch 73 =======
Loss: 0.5344.	LR: 0.0643
Standard Accuracy-	Test: 85.96%.
Adversarial Accuracy-	Train: 80.73%.
Time taken: 0:02:23
======= Epoch 74 =======
Loss: 0.5256.	LR: 0.0603
Standard Accuracy-	Test: 88.98%.
Adversarial Accuracy-	Train: 80.74%.
Time taken: 0:02:23
======= Epoch 75 =======
Loss: 0.5151.	LR: 0.0563
Standard Accuracy-	Test: 87.58%.
Adversarial Accuracy-	Train: 81.26%.
Time taken: 0:02:23
======= Epoch 76 =======
Loss: 0.5012.	LR: 0.0525
Standard Accuracy-	Test: 88.05%.
Adversarial Accuracy-	Train: 81.56%.
Time taken: 0:02:23
======= Epoch 77 =======
Loss: 0.4878.	LR: 0.0487
Standard Accuracy-	Test: 88.89%.
Adversarial Accuracy-	Train: 81.99%.
Time taken: 0:02:23
======= Epoch 78 =======
Loss: 0.4783.	LR: 0.0451
Standard Accuracy-	Test: 87.73%.
Adversarial Accuracy-	Train: 82.34%.
Time taken: 0:02:23
======= Epoch 79 =======
Loss: 0.4626.	LR: 0.0415
Standard Accuracy-	Test: 88.51%.
Adversarial Accuracy-	Train: 82.90%.
Time taken: 0:02:23
======= Epoch 80 =======
Loss: 0.4489.	LR: 0.0381
Standard Accuracy-	Test: 88.86%.
Adversarial Accuracy-	Train: 83.49%.
Time taken: 0:02:23
======= Epoch 81 =======
Loss: 0.4307.	LR: 0.0347
Standard Accuracy-	Test: 89.88%.
Adversarial Accuracy-	Train: 84.14%.
Time taken: 0:02:23
======= Epoch 82 =======
Loss: 0.4199.	LR: 0.0315
Standard Accuracy-	Test: 88.80%.
Adversarial Accuracy-	Train: 84.38%.
Time taken: 0:02:23
======= Epoch 83 =======
Loss: 0.3998.	LR: 0.0285
Standard Accuracy-	Test: 90.27%.
Adversarial Accuracy-	Train: 85.29%.
Time taken: 0:02:23
======= Epoch 84 =======
Loss: 0.3787.	LR: 0.0255
Standard Accuracy-	Test: 90.23%.
Adversarial Accuracy-	Train: 86.05%.
Time taken: 0:02:23
======= Epoch 85 =======
Loss: 0.3563.	LR: 0.0227
Standard Accuracy-	Test: 89.36%.
Adversarial Accuracy-	Train: 86.66%.
Time taken: 0:02:23
======= Epoch 86 =======
Loss: 0.3300.	LR: 0.0200
Standard Accuracy-	Test: 90.68%.
Adversarial Accuracy-	Train: 87.79%.
Time taken: 0:02:23
======= Epoch 87 =======
Loss: 0.3096.	LR: 0.0175
Standard Accuracy-	Test: 90.99%.
Adversarial Accuracy-	Train: 88.35%.
Time taken: 0:02:23
======= Epoch 88 =======
Loss: 0.2855.	LR: 0.0152
Standard Accuracy-	Test: 91.45%.
Adversarial Accuracy-	Train: 89.42%.
Time taken: 0:02:23
======= Epoch 89 =======
Loss: 0.2600.	LR: 0.0130
Standard Accuracy-	Test: 92.02%.
Adversarial Accuracy-	Train: 90.28%.
Time taken: 0:02:23
======= Epoch 90 =======
Loss: 0.2301.	LR: 0.0109
Standard Accuracy-	Test: 91.99%.
Adversarial Accuracy-	Train: 91.38%.	Test: 78.25%.
Time taken: 0:03:11
======= Epoch 91 =======
Loss: 0.1965.	LR: 0.0091
Standard Accuracy-	Test: 91.70%.
Adversarial Accuracy-	Train: 92.65%.	Test: 78.66%.
Time taken: 0:03:11
======= Epoch 92 =======
Loss: 0.1686.	LR: 0.0074
Standard Accuracy-	Test: 92.28%.
Adversarial Accuracy-	Train: 93.70%.	Test: 79.07%.
Time taken: 0:03:11
======= Epoch 93 =======
Loss: 0.1418.	LR: 0.0058
Standard Accuracy-	Test: 92.51%.
Adversarial Accuracy-	Train: 94.76%.	Test: 79.38%.
Time taken: 0:03:11
======= Epoch 94 =======
Loss: 0.1130.	LR: 0.0045
Standard Accuracy-	Test: 92.52%.
Adversarial Accuracy-	Train: 95.92%.	Test: 79.29%.
Time taken: 0:03:10
======= Epoch 95 =======
Loss: 0.0890.	LR: 0.0033
Standard Accuracy-	Test: 92.34%.
Adversarial Accuracy-	Train: 96.85%.	Test: 80.43%.
Time taken: 0:03:10
======= Epoch 96 =======
Loss: 0.0673.	LR: 0.0023
Standard Accuracy-	Test: 92.54%.
Adversarial Accuracy-	Train: 97.67%.	Test: 80.15%.
Time taken: 0:03:10
======= Epoch 97 =======
Loss: 0.0554.	LR: 0.0015
Standard Accuracy-	Test: 92.84%.
Adversarial Accuracy-	Train: 98.20%.	Test: 80.21%.
Time taken: 0:03:10
======= Epoch 98 =======
Loss: 0.0455.	LR: 0.0008
Standard Accuracy-	Test: 92.83%.
Adversarial Accuracy-	Train: 98.63%.	Test: 80.30%.
Time taken: 0:03:10
======= Epoch 99 =======
Loss: 0.0414.	LR: 0.0004
Standard Accuracy-	Test: 92.87%.
Adversarial Accuracy-	Train: 98.74%.	Test: 80.43%.
Time taken: 0:03:11
======= Epoch 100 =======
Loss: 0.0412.	LR: 0.0001
Standard Accuracy-	Test: 92.77%.
Adversarial Accuracy-	Train: 98.68%.	Test: 80.40%.
Time taken: 0:03:11

Training completed.
Standard Accuracy-	Train: 99.91%.	Test: 92.87%.
Adversarial Accuracy-	Train: 98.68%.	Test: 80.43%.
Script Completed.
