Using device: cuda
using standard version including apgd-ce, apgd-t, fab-t, square.
initial accuracy: 92.85%
apgd-ce - 1/37 - 205 out of 256 successfully perturbed
apgd-ce - 2/37 - 199 out of 256 successfully perturbed
apgd-ce - 3/37 - 209 out of 256 successfully perturbed
apgd-ce - 4/37 - 194 out of 256 successfully perturbed
apgd-ce - 5/37 - 211 out of 256 successfully perturbed
apgd-ce - 6/37 - 206 out of 256 successfully perturbed
apgd-ce - 7/37 - 190 out of 256 successfully perturbed
apgd-ce - 8/37 - 198 out of 256 successfully perturbed
apgd-ce - 9/37 - 210 out of 256 successfully perturbed
apgd-ce - 10/37 - 207 out of 256 successfully perturbed
apgd-ce - 11/37 - 201 out of 256 successfully perturbed
apgd-ce - 12/37 - 189 out of 256 successfully perturbed
apgd-ce - 13/37 - 200 out of 256 successfully perturbed
apgd-ce - 14/37 - 196 out of 256 successfully perturbed
apgd-ce - 15/37 - 200 out of 256 successfully perturbed
apgd-ce - 16/37 - 188 out of 256 successfully perturbed
apgd-ce - 17/37 - 200 out of 256 successfully perturbed
apgd-ce - 18/37 - 185 out of 256 successfully perturbed
apgd-ce - 19/37 - 210 out of 256 successfully perturbed
apgd-ce - 20/37 - 207 out of 256 successfully perturbed
apgd-ce - 21/37 - 210 out of 256 successfully perturbed
apgd-ce - 22/37 - 210 out of 256 successfully perturbed
apgd-ce - 23/37 - 193 out of 256 successfully perturbed
apgd-ce - 24/37 - 209 out of 256 successfully perturbed
apgd-ce - 25/37 - 212 out of 256 successfully perturbed
apgd-ce - 26/37 - 205 out of 256 successfully perturbed
apgd-ce - 27/37 - 211 out of 256 successfully perturbed
apgd-ce - 28/37 - 203 out of 256 successfully perturbed
apgd-ce - 29/37 - 197 out of 256 successfully perturbed
apgd-ce - 30/37 - 210 out of 256 successfully perturbed
apgd-ce - 31/37 - 208 out of 256 successfully perturbed
apgd-ce - 32/37 - 200 out of 256 successfully perturbed
apgd-ce - 33/37 - 206 out of 256 successfully perturbed
apgd-ce - 34/37 - 200 out of 256 successfully perturbed
apgd-ce - 35/37 - 191 out of 256 successfully perturbed
apgd-ce - 36/37 - 196 out of 256 successfully perturbed
apgd-ce - 37/37 - 55 out of 69 successfully perturbed
robust accuracy after APGD-CE: 19.64% (total time 386.2 s)
apgd-t - 1/8 - 41 out of 256 successfully perturbed
apgd-t - 2/8 - 34 out of 256 successfully perturbed
apgd-t - 3/8 - 38 out of 256 successfully perturbed
apgd-t - 4/8 - 24 out of 256 successfully perturbed
apgd-t - 5/8 - 32 out of 256 successfully perturbed
apgd-t - 6/8 - 41 out of 256 successfully perturbed
apgd-t - 7/8 - 29 out of 256 successfully perturbed
apgd-t - 8/8 - 19 out of 172 successfully perturbed
robust accuracy after APGD-T: 17.06% (total time 1084.7 s)
fab-t - 1/7 - 0 out of 256 successfully perturbed
fab-t - 2/7 - 0 out of 256 successfully perturbed
fab-t - 3/7 - 0 out of 256 successfully perturbed
fab-t - 4/7 - 0 out of 256 successfully perturbed
fab-t - 5/7 - 0 out of 256 successfully perturbed
fab-t - 6/7 - 0 out of 256 successfully perturbed
fab-t - 7/7 - 0 out of 170 successfully perturbed
robust accuracy after FAB-T: 17.06% (total time 1896.9 s)
square - 1/7 - 0 out of 256 successfully perturbed
square - 2/7 - 0 out of 256 successfully perturbed
square - 3/7 - 0 out of 256 successfully perturbed
square - 4/7 - 0 out of 256 successfully perturbed
square - 5/7 - 0 out of 256 successfully perturbed
square - 6/7 - 0 out of 256 successfully perturbed
square - 7/7 - 0 out of 170 successfully perturbed
robust accuracy after SQUARE: 17.06% (total time 2640.4 s)
max Linf perturbation: 0.03137, nan in tensor: 0, max: 1.00000, min: 0.00000
robust accuracy: 17.06%
