Using device: cuda
using standard version including apgd-ce, apgd-t, fab-t, square.
initial accuracy: 90.81%
apgd-ce - 1/36 - 168 out of 256 successfully perturbed
apgd-ce - 2/36 - 148 out of 256 successfully perturbed
apgd-ce - 3/36 - 153 out of 256 successfully perturbed
apgd-ce - 4/36 - 154 out of 256 successfully perturbed
apgd-ce - 5/36 - 150 out of 256 successfully perturbed
apgd-ce - 6/36 - 166 out of 256 successfully perturbed
apgd-ce - 7/36 - 150 out of 256 successfully perturbed
apgd-ce - 8/36 - 153 out of 256 successfully perturbed
apgd-ce - 9/36 - 170 out of 256 successfully perturbed
apgd-ce - 10/36 - 155 out of 256 successfully perturbed
apgd-ce - 11/36 - 153 out of 256 successfully perturbed
apgd-ce - 12/36 - 159 out of 256 successfully perturbed
apgd-ce - 13/36 - 144 out of 256 successfully perturbed
apgd-ce - 14/36 - 149 out of 256 successfully perturbed
apgd-ce - 15/36 - 148 out of 256 successfully perturbed
apgd-ce - 16/36 - 145 out of 256 successfully perturbed
apgd-ce - 17/36 - 155 out of 256 successfully perturbed
apgd-ce - 18/36 - 157 out of 256 successfully perturbed
apgd-ce - 19/36 - 168 out of 256 successfully perturbed
apgd-ce - 20/36 - 154 out of 256 successfully perturbed
apgd-ce - 21/36 - 155 out of 256 successfully perturbed
apgd-ce - 22/36 - 161 out of 256 successfully perturbed
apgd-ce - 23/36 - 157 out of 256 successfully perturbed
apgd-ce - 24/36 - 164 out of 256 successfully perturbed
apgd-ce - 25/36 - 163 out of 256 successfully perturbed
apgd-ce - 26/36 - 164 out of 256 successfully perturbed
apgd-ce - 27/36 - 156 out of 256 successfully perturbed
apgd-ce - 28/36 - 151 out of 256 successfully perturbed
apgd-ce - 29/36 - 152 out of 256 successfully perturbed
apgd-ce - 30/36 - 167 out of 256 successfully perturbed
apgd-ce - 31/36 - 164 out of 256 successfully perturbed
apgd-ce - 32/36 - 153 out of 256 successfully perturbed
apgd-ce - 33/36 - 153 out of 256 successfully perturbed
apgd-ce - 34/36 - 156 out of 256 successfully perturbed
apgd-ce - 35/36 - 153 out of 256 successfully perturbed
apgd-ce - 36/36 - 68 out of 121 successfully perturbed
robust accuracy after APGD-CE: 35.45% (total time 378.6 s)
apgd-t - 1/14 - 5 out of 256 successfully perturbed
apgd-t - 2/14 - 12 out of 256 successfully perturbed
apgd-t - 3/14 - 6 out of 256 successfully perturbed
apgd-t - 4/14 - 9 out of 256 successfully perturbed
apgd-t - 5/14 - 11 out of 256 successfully perturbed
apgd-t - 6/14 - 11 out of 256 successfully perturbed
apgd-t - 7/14 - 9 out of 256 successfully perturbed
apgd-t - 8/14 - 12 out of 256 successfully perturbed
apgd-t - 9/14 - 8 out of 256 successfully perturbed
apgd-t - 10/14 - 14 out of 256 successfully perturbed
apgd-t - 11/14 - 6 out of 256 successfully perturbed
apgd-t - 12/14 - 13 out of 256 successfully perturbed
apgd-t - 13/14 - 9 out of 256 successfully perturbed
apgd-t - 14/14 - 9 out of 217 successfully perturbed
robust accuracy after APGD-T: 34.11% (total time 1727.1 s)
fab-t - 1/14 - 0 out of 256 successfully perturbed
fab-t - 2/14 - 0 out of 256 successfully perturbed
fab-t - 3/14 - 0 out of 256 successfully perturbed
fab-t - 4/14 - 0 out of 256 successfully perturbed
fab-t - 5/14 - 0 out of 256 successfully perturbed
fab-t - 6/14 - 0 out of 256 successfully perturbed
fab-t - 7/14 - 0 out of 256 successfully perturbed
fab-t - 8/14 - 0 out of 256 successfully perturbed
fab-t - 9/14 - 0 out of 256 successfully perturbed
fab-t - 10/14 - 0 out of 256 successfully perturbed
fab-t - 11/14 - 1 out of 256 successfully perturbed
fab-t - 12/14 - 0 out of 256 successfully perturbed
fab-t - 13/14 - 0 out of 256 successfully perturbed
fab-t - 14/14 - 0 out of 83 successfully perturbed
robust accuracy after FAB-T: 34.10% (total time 3349.8 s)
square - 1/14 - 0 out of 256 successfully perturbed
square - 2/14 - 0 out of 256 successfully perturbed
square - 3/14 - 0 out of 256 successfully perturbed
square - 4/14 - 0 out of 256 successfully perturbed
square - 5/14 - 0 out of 256 successfully perturbed
square - 6/14 - 0 out of 256 successfully perturbed
square - 7/14 - 0 out of 256 successfully perturbed
square - 8/14 - 0 out of 256 successfully perturbed
square - 9/14 - 0 out of 256 successfully perturbed
square - 10/14 - 0 out of 256 successfully perturbed
square - 11/14 - 0 out of 256 successfully perturbed
square - 12/14 - 0 out of 256 successfully perturbed
square - 13/14 - 0 out of 256 successfully perturbed
square - 14/14 - 0 out of 82 successfully perturbed
robust accuracy after SQUARE: 34.10% (total time 4833.4 s)
max Linf perturbation: 0.03137, nan in tensor: 0, max: 1.00000, min: 0.00000
robust accuracy: 34.10%
