Using device: cuda



Standard training for 0 epochs



Standard Accuracy-	Test: 9.257812%.
Adversarial training for 100 epochs
======= Epoch 1 =======
Loss: 1.7481.	LR: 0.0084
Standard Accuracy-	Test: 49.82%.
Adversarial Accuracy-	Train: 34.27%.
Time taken: 0:02:23
======= Epoch 2 =======
Loss: 1.4789.	LR: 0.0092
Standard Accuracy-	Test: 62.37%.
Adversarial Accuracy-	Train: 44.40%.
Time taken: 0:02:24
======= Epoch 3 =======
Loss: 1.3223.	LR: 0.0116
Standard Accuracy-	Test: 64.82%.
Adversarial Accuracy-	Train: 50.74%.
Time taken: 0:02:24
======= Epoch 4 =======
Loss: 1.2301.	LR: 0.0155
Standard Accuracy-	Test: 69.39%.
Adversarial Accuracy-	Train: 54.45%.
Time taken: 0:02:24
======= Epoch 5 =======
Loss: 1.1612.	LR: 0.0209
Standard Accuracy-	Test: 58.37%.
Adversarial Accuracy-	Train: 57.19%.
Time taken: 0:02:24
======= Epoch 6 =======
Loss: 1.1090.	LR: 0.0277
Standard Accuracy-	Test: 73.93%.
Adversarial Accuracy-	Train: 59.03%.
Time taken: 0:02:24
======= Epoch 7 =======
Loss: 1.0702.	LR: 0.0357
Standard Accuracy-	Test: 70.35%.
Adversarial Accuracy-	Train: 60.64%.
Time taken: 0:02:24
======= Epoch 8 =======
Loss: 1.0381.	LR: 0.0450
Standard Accuracy-	Test: 77.53%.
Adversarial Accuracy-	Train: 61.85%.
Time taken: 0:02:24
======= Epoch 9 =======
Loss: 1.0040.	LR: 0.0552
Standard Accuracy-	Test: 73.74%.
Adversarial Accuracy-	Train: 63.06%.
Time taken: 0:02:24
======= Epoch 10 =======
Loss: 0.9805.	LR: 0.0663
Standard Accuracy-	Test: 75.11%.
Adversarial Accuracy-	Train: 64.07%.
Time taken: 0:02:24
======= Epoch 11 =======
Loss: 0.9567.	LR: 0.0781
Standard Accuracy-	Test: 76.29%.
Adversarial Accuracy-	Train: 64.73%.
Time taken: 0:02:24
======= Epoch 12 =======
Loss: 0.9452.	LR: 0.0903
Standard Accuracy-	Test: 78.04%.
Adversarial Accuracy-	Train: 65.34%.
Time taken: 0:02:24
======= Epoch 13 =======
Loss: 0.9372.	LR: 0.1029
Standard Accuracy-	Test: 78.03%.
Adversarial Accuracy-	Train: 65.63%.
Time taken: 0:02:23
======= Epoch 14 =======
Loss: 0.9343.	LR: 0.1155
Standard Accuracy-	Test: 79.24%.
Adversarial Accuracy-	Train: 65.80%.
Time taken: 0:02:23
======= Epoch 15 =======
Loss: 0.9275.	LR: 0.1281
Standard Accuracy-	Test: 75.21%.
Adversarial Accuracy-	Train: 66.13%.
Time taken: 0:02:23
======= Epoch 16 =======
Loss: 0.9221.	LR: 0.1404
Standard Accuracy-	Test: 78.00%.
Adversarial Accuracy-	Train: 66.19%.
Time taken: 0:02:23
======= Epoch 17 =======
Loss: 0.9143.	LR: 0.1521
Standard Accuracy-	Test: 77.82%.
Adversarial Accuracy-	Train: 66.60%.
Time taken: 0:02:23
======= Epoch 18 =======
Loss: 0.9096.	LR: 0.1632
Standard Accuracy-	Test: 80.80%.
Adversarial Accuracy-	Train: 66.57%.
Time taken: 0:02:23
======= Epoch 19 =======
Loss: 0.9029.	LR: 0.1735
Standard Accuracy-	Test: 76.76%.
Adversarial Accuracy-	Train: 66.97%.
Time taken: 0:02:23
======= Epoch 20 =======
Loss: 0.8983.	LR: 0.1827
Standard Accuracy-	Test: 78.74%.
Adversarial Accuracy-	Train: 67.12%.
Time taken: 0:02:23
======= Epoch 21 =======
Loss: 0.8967.	LR: 0.1908
Standard Accuracy-	Test: 78.12%.
Adversarial Accuracy-	Train: 67.16%.
Time taken: 0:02:23
======= Epoch 22 =======
Loss: 0.8879.	LR: 0.1975
Standard Accuracy-	Test: 78.56%.
Adversarial Accuracy-	Train: 67.57%.
Time taken: 0:02:23
======= Epoch 23 =======
Loss: 0.8840.	LR: 0.2029
Standard Accuracy-	Test: 81.57%.
Adversarial Accuracy-	Train: 67.72%.
Time taken: 0:02:23
======= Epoch 24 =======
Loss: 0.8779.	LR: 0.2068
Standard Accuracy-	Test: 79.85%.
Adversarial Accuracy-	Train: 68.10%.
Time taken: 0:02:23
======= Epoch 25 =======
Loss: 0.8766.	LR: 0.2092
Standard Accuracy-	Test: 74.16%.
Adversarial Accuracy-	Train: 67.86%.
Time taken: 0:02:23
======= Epoch 26 =======
Loss: 0.8709.	LR: 0.2100
Standard Accuracy-	Test: 78.08%.
Adversarial Accuracy-	Train: 68.18%.
Time taken: 0:02:23
======= Epoch 27 =======
Loss: 0.8680.	LR: 0.2099
Standard Accuracy-	Test: 79.67%.
Adversarial Accuracy-	Train: 68.10%.
Time taken: 0:02:23
======= Epoch 28 =======
Loss: 0.8644.	LR: 0.2096
Standard Accuracy-	Test: 79.11%.
Adversarial Accuracy-	Train: 68.42%.
Time taken: 0:02:23
======= Epoch 29 =======
Loss: 0.8603.	LR: 0.2092
Standard Accuracy-	Test: 79.28%.
Adversarial Accuracy-	Train: 68.62%.
Time taken: 0:02:23
======= Epoch 30 =======
Loss: 0.8571.	LR: 0.2085
Standard Accuracy-	Test: 82.28%.
Adversarial Accuracy-	Train: 68.56%.	Test: 61.73%.
Time taken: 0:03:11
======= Epoch 31 =======
Loss: 0.8507.	LR: 0.2077
Standard Accuracy-	Test: 81.62%.
Adversarial Accuracy-	Train: 68.71%.
Time taken: 0:02:23
======= Epoch 32 =======
Loss: 0.8470.	LR: 0.2067
Standard Accuracy-	Test: 81.46%.
Adversarial Accuracy-	Train: 69.00%.
Time taken: 0:02:23
======= Epoch 33 =======
Loss: 0.8513.	LR: 0.2055
Standard Accuracy-	Test: 75.65%.
Adversarial Accuracy-	Train: 68.98%.
Time taken: 0:02:23
======= Epoch 34 =======
Loss: 0.8456.	LR: 0.2042
Standard Accuracy-	Test: 80.42%.
Adversarial Accuracy-	Train: 69.09%.
Time taken: 0:02:23
======= Epoch 35 =======
Loss: 0.8410.	LR: 0.2026
Standard Accuracy-	Test: 81.47%.
Adversarial Accuracy-	Train: 69.25%.
Time taken: 0:02:23
======= Epoch 36 =======
Loss: 0.8413.	LR: 0.2009
Standard Accuracy-	Test: 83.04%.
Adversarial Accuracy-	Train: 69.42%.
Time taken: 0:02:23
======= Epoch 37 =======
Loss: 0.8332.	LR: 0.1990
Standard Accuracy-	Test: 80.94%.
Adversarial Accuracy-	Train: 69.62%.
Time taken: 0:02:23
======= Epoch 38 =======
Loss: 0.8324.	LR: 0.1970
Standard Accuracy-	Test: 80.88%.
Adversarial Accuracy-	Train: 69.53%.
Time taken: 0:02:23
======= Epoch 39 =======
Loss: 0.8285.	LR: 0.1948
Standard Accuracy-	Test: 80.39%.
Adversarial Accuracy-	Train: 69.69%.
Time taken: 0:02:23
======= Epoch 40 =======
Loss: 0.8319.	LR: 0.1925
Standard Accuracy-	Test: 77.34%.
Adversarial Accuracy-	Train: 69.71%.
Time taken: 0:02:23
======= Epoch 41 =======
Loss: 0.8241.	LR: 0.1899
Standard Accuracy-	Test: 82.83%.
Adversarial Accuracy-	Train: 70.07%.
Time taken: 0:02:23
======= Epoch 42 =======
Loss: 0.8252.	LR: 0.1873
Standard Accuracy-	Test: 81.46%.
Adversarial Accuracy-	Train: 69.56%.
Time taken: 0:02:23
======= Epoch 43 =======
Loss: 0.8204.	LR: 0.1845
Standard Accuracy-	Test: 80.20%.
Adversarial Accuracy-	Train: 69.83%.
Time taken: 0:02:23
======= Epoch 44 =======
Loss: 0.8170.	LR: 0.1815
Standard Accuracy-	Test: 83.15%.
Adversarial Accuracy-	Train: 70.25%.
Time taken: 0:02:23
======= Epoch 45 =======
Loss: 0.8164.	LR: 0.1785
Standard Accuracy-	Test: 80.53%.
Adversarial Accuracy-	Train: 70.23%.
Time taken: 0:02:23
======= Epoch 46 =======
Loss: 0.8122.	LR: 0.1753
Standard Accuracy-	Test: 81.14%.
Adversarial Accuracy-	Train: 70.25%.
Time taken: 0:02:23
======= Epoch 47 =======
Loss: 0.8087.	LR: 0.1719
Standard Accuracy-	Test: 81.72%.
Adversarial Accuracy-	Train: 70.51%.
Time taken: 0:02:23
======= Epoch 48 =======
Loss: 0.8051.	LR: 0.1685
Standard Accuracy-	Test: 78.17%.
Adversarial Accuracy-	Train: 70.49%.
Time taken: 0:02:23
======= Epoch 49 =======
Loss: 0.8019.	LR: 0.1649
Standard Accuracy-	Test: 82.42%.
Adversarial Accuracy-	Train: 70.55%.
Time taken: 0:02:23
======= Epoch 50 =======
Loss: 0.8025.	LR: 0.1613
Standard Accuracy-	Test: 84.15%.
Adversarial Accuracy-	Train: 70.57%.
Time taken: 0:02:23
======= Epoch 51 =======
Loss: 0.7970.	LR: 0.1575
Standard Accuracy-	Test: 81.27%.
Adversarial Accuracy-	Train: 70.79%.
Time taken: 0:02:23
======= Epoch 52 =======
Loss: 0.7930.	LR: 0.1536
Standard Accuracy-	Test: 83.23%.
Adversarial Accuracy-	Train: 70.82%.
Time taken: 0:02:23
======= Epoch 53 =======
Loss: 0.7916.	LR: 0.1497
Standard Accuracy-	Test: 83.87%.
Adversarial Accuracy-	Train: 71.02%.
Time taken: 0:02:23
======= Epoch 54 =======
Loss: 0.7854.	LR: 0.1457
Standard Accuracy-	Test: 83.32%.
Adversarial Accuracy-	Train: 71.15%.
Time taken: 0:02:23
======= Epoch 55 =======
Loss: 0.7841.	LR: 0.1416
Standard Accuracy-	Test: 83.61%.
Adversarial Accuracy-	Train: 71.47%.
Time taken: 0:02:23
======= Epoch 56 =======
Loss: 0.7738.	LR: 0.1374
Standard Accuracy-	Test: 84.92%.
Adversarial Accuracy-	Train: 71.48%.
Time taken: 0:02:23
======= Epoch 57 =======
Loss: 0.7749.	LR: 0.1332
Standard Accuracy-	Test: 82.72%.
Adversarial Accuracy-	Train: 71.54%.
Time taken: 0:02:23
======= Epoch 58 =======
Loss: 0.7681.	LR: 0.1290
Standard Accuracy-	Test: 82.80%.
Adversarial Accuracy-	Train: 71.89%.
Time taken: 0:02:23
======= Epoch 59 =======
Loss: 0.7654.	LR: 0.1247
Standard Accuracy-	Test: 85.02%.
Adversarial Accuracy-	Train: 71.90%.
Time taken: 0:02:23
======= Epoch 60 =======
Loss: 0.7575.	LR: 0.1203
Standard Accuracy-	Test: 84.74%.
Adversarial Accuracy-	Train: 72.19%.	Test: 63.08%.
Time taken: 0:03:11
======= Epoch 61 =======
Loss: 0.7565.	LR: 0.1160
Standard Accuracy-	Test: 83.22%.
Adversarial Accuracy-	Train: 72.20%.
Time taken: 0:02:23
======= Epoch 62 =======
Loss: 0.7502.	LR: 0.1116
Standard Accuracy-	Test: 84.16%.
Adversarial Accuracy-	Train: 72.32%.
Time taken: 0:02:23
======= Epoch 63 =======
Loss: 0.7472.	LR: 0.1072
Standard Accuracy-	Test: 85.88%.
Adversarial Accuracy-	Train: 72.35%.
Time taken: 0:02:23
======= Epoch 64 =======
Loss: 0.7405.	LR: 0.1028
Standard Accuracy-	Test: 81.53%.
Adversarial Accuracy-	Train: 72.59%.
Time taken: 0:02:23
======= Epoch 65 =======
Loss: 0.7372.	LR: 0.0984
Standard Accuracy-	Test: 83.83%.
Adversarial Accuracy-	Train: 72.79%.
Time taken: 0:02:23
======= Epoch 66 =======
Loss: 0.7249.	LR: 0.0940
Standard Accuracy-	Test: 85.31%.
Adversarial Accuracy-	Train: 73.13%.
Time taken: 0:02:23
======= Epoch 67 =======
Loss: 0.7207.	LR: 0.0897
Standard Accuracy-	Test: 84.71%.
Adversarial Accuracy-	Train: 73.42%.
Time taken: 0:02:23
======= Epoch 68 =======
Loss: 0.7151.	LR: 0.0853
Standard Accuracy-	Test: 86.59%.
Adversarial Accuracy-	Train: 73.60%.
Time taken: 0:02:23
======= Epoch 69 =======
Loss: 0.7038.	LR: 0.0810
Standard Accuracy-	Test: 86.18%.
Adversarial Accuracy-	Train: 73.90%.
Time taken: 0:02:23
======= Epoch 70 =======
Loss: 0.6971.	LR: 0.0768
Standard Accuracy-	Test: 84.56%.
Adversarial Accuracy-	Train: 74.27%.
Time taken: 0:02:23
======= Epoch 71 =======
Loss: 0.6938.	LR: 0.0725
Standard Accuracy-	Test: 86.24%.
Adversarial Accuracy-	Train: 74.34%.
Time taken: 0:02:23
======= Epoch 72 =======
Loss: 0.6779.	LR: 0.0684
Standard Accuracy-	Test: 86.17%.
Adversarial Accuracy-	Train: 74.80%.
Time taken: 0:02:23
======= Epoch 73 =======
Loss: 0.6725.	LR: 0.0643
Standard Accuracy-	Test: 83.60%.
Adversarial Accuracy-	Train: 75.03%.
Time taken: 0:02:23
======= Epoch 74 =======
Loss: 0.6607.	LR: 0.0603
Standard Accuracy-	Test: 86.05%.
Adversarial Accuracy-	Train: 75.25%.
Time taken: 0:02:23
======= Epoch 75 =======
Loss: 0.6469.	LR: 0.0563
Standard Accuracy-	Test: 87.39%.
Adversarial Accuracy-	Train: 75.92%.
Time taken: 0:02:23
======= Epoch 76 =======
Loss: 0.6405.	LR: 0.0525
Standard Accuracy-	Test: 87.60%.
Adversarial Accuracy-	Train: 76.10%.
Time taken: 0:02:23
======= Epoch 77 =======
Loss: 0.6218.	LR: 0.0487
Standard Accuracy-	Test: 87.16%.
Adversarial Accuracy-	Train: 76.73%.
Time taken: 0:02:23
======= Epoch 78 =======
Loss: 0.6103.	LR: 0.0451
Standard Accuracy-	Test: 87.76%.
Adversarial Accuracy-	Train: 77.02%.
Time taken: 0:02:23
======= Epoch 79 =======
Loss: 0.5934.	LR: 0.0415
Standard Accuracy-	Test: 87.24%.
Adversarial Accuracy-	Train: 77.76%.
Time taken: 0:02:23
======= Epoch 80 =======
Loss: 0.5797.	LR: 0.0381
Standard Accuracy-	Test: 87.87%.
Adversarial Accuracy-	Train: 78.41%.
Time taken: 0:02:23
======= Epoch 81 =======
Loss: 0.5607.	LR: 0.0347
Standard Accuracy-	Test: 87.28%.
Adversarial Accuracy-	Train: 79.01%.
Time taken: 0:02:23
======= Epoch 82 =======
Loss: 0.5477.	LR: 0.0315
Standard Accuracy-	Test: 87.75%.
Adversarial Accuracy-	Train: 79.12%.
Time taken: 0:02:23
======= Epoch 83 =======
Loss: 0.5245.	LR: 0.0285
Standard Accuracy-	Test: 88.51%.
Adversarial Accuracy-	Train: 80.27%.
Time taken: 0:02:23
======= Epoch 84 =======
Loss: 0.5028.	LR: 0.0255
Standard Accuracy-	Test: 89.56%.
Adversarial Accuracy-	Train: 80.93%.
Time taken: 0:02:23
======= Epoch 85 =======
Loss: 0.4796.	LR: 0.0227
Standard Accuracy-	Test: 89.80%.
Adversarial Accuracy-	Train: 81.73%.
Time taken: 0:02:23
======= Epoch 86 =======
Loss: 0.4536.	LR: 0.0200
Standard Accuracy-	Test: 89.38%.
Adversarial Accuracy-	Train: 82.70%.
Time taken: 0:02:23
======= Epoch 87 =======
Loss: 0.4283.	LR: 0.0175
Standard Accuracy-	Test: 89.72%.
Adversarial Accuracy-	Train: 83.47%.
Time taken: 0:02:23
======= Epoch 88 =======
Loss: 0.4008.	LR: 0.0152
Standard Accuracy-	Test: 90.40%.
Adversarial Accuracy-	Train: 84.65%.
Time taken: 0:02:23
======= Epoch 89 =======
Loss: 0.3686.	LR: 0.0130
Standard Accuracy-	Test: 90.22%.
Adversarial Accuracy-	Train: 85.75%.
Time taken: 0:02:23
======= Epoch 90 =======
Loss: 0.3369.	LR: 0.0109
Standard Accuracy-	Test: 90.65%.
Adversarial Accuracy-	Train: 87.07%.	Test: 72.29%.
Time taken: 0:03:11
======= Epoch 91 =======
Loss: 0.2974.	LR: 0.0091
Standard Accuracy-	Test: 90.21%.
Adversarial Accuracy-	Train: 88.62%.	Test: 72.24%.
Time taken: 0:03:11
======= Epoch 92 =======
Loss: 0.2670.	LR: 0.0074
Standard Accuracy-	Test: 91.22%.
Adversarial Accuracy-	Train: 89.64%.	Test: 73.75%.
Time taken: 0:03:11
======= Epoch 93 =======
Loss: 0.2289.	LR: 0.0058
Standard Accuracy-	Test: 91.13%.
Adversarial Accuracy-	Train: 91.27%.	Test: 73.55%.
Time taken: 0:03:11
======= Epoch 94 =======
Loss: 0.1962.	LR: 0.0045
Standard Accuracy-	Test: 91.54%.
Adversarial Accuracy-	Train: 92.56%.	Test: 73.55%.
Time taken: 0:03:11
======= Epoch 95 =======
Loss: 0.1623.	LR: 0.0033
Standard Accuracy-	Test: 91.85%.
Adversarial Accuracy-	Train: 93.79%.	Test: 74.22%.
Time taken: 0:03:11
======= Epoch 96 =======
Loss: 0.1344.	LR: 0.0023
Standard Accuracy-	Test: 91.80%.
Adversarial Accuracy-	Train: 94.90%.	Test: 74.02%.
Time taken: 0:03:10
======= Epoch 97 =======
Loss: 0.1145.	LR: 0.0015
Standard Accuracy-	Test: 91.78%.
Adversarial Accuracy-	Train: 95.72%.	Test: 74.21%.
Time taken: 0:03:11
======= Epoch 98 =======
Loss: 0.0995.	LR: 0.0008
Standard Accuracy-	Test: 91.81%.
Adversarial Accuracy-	Train: 96.45%.	Test: 74.15%.
Time taken: 0:03:11
======= Epoch 99 =======
Loss: 0.0917.	LR: 0.0004
Standard Accuracy-	Test: 91.74%.
Adversarial Accuracy-	Train: 96.71%.	Test: 74.22%.
Time taken: 0:03:14
======= Epoch 100 =======
Loss: 0.0888.	LR: 0.0001
Standard Accuracy-	Test: 91.79%.
Adversarial Accuracy-	Train: 96.86%.	Test: 74.38%.
Time taken: 0:03:11

Training completed.
Standard Accuracy-	Train: 99.78%.	Test: 91.79%.
Adversarial Accuracy-	Train: 96.86%.	Test: 74.38%.
Script Completed.
