Using device: cuda
using standard version including apgd-ce, apgd-t, fab-t, square.
initial accuracy: 91.74%
apgd-ce - 1/36 - 180 out of 256 successfully perturbed
apgd-ce - 2/36 - 168 out of 256 successfully perturbed
apgd-ce - 3/36 - 181 out of 256 successfully perturbed
apgd-ce - 4/36 - 181 out of 256 successfully perturbed
apgd-ce - 5/36 - 175 out of 256 successfully perturbed
apgd-ce - 6/36 - 182 out of 256 successfully perturbed
apgd-ce - 7/36 - 169 out of 256 successfully perturbed
apgd-ce - 8/36 - 170 out of 256 successfully perturbed
apgd-ce - 9/36 - 185 out of 256 successfully perturbed
apgd-ce - 10/36 - 165 out of 256 successfully perturbed
apgd-ce - 11/36 - 174 out of 256 successfully perturbed
apgd-ce - 12/36 - 165 out of 256 successfully perturbed
apgd-ce - 13/36 - 169 out of 256 successfully perturbed
apgd-ce - 14/36 - 159 out of 256 successfully perturbed
apgd-ce - 15/36 - 172 out of 256 successfully perturbed
apgd-ce - 16/36 - 161 out of 256 successfully perturbed
apgd-ce - 17/36 - 183 out of 256 successfully perturbed
apgd-ce - 18/36 - 170 out of 256 successfully perturbed
apgd-ce - 19/36 - 186 out of 256 successfully perturbed
apgd-ce - 20/36 - 174 out of 256 successfully perturbed
apgd-ce - 21/36 - 177 out of 256 successfully perturbed
apgd-ce - 22/36 - 181 out of 256 successfully perturbed
apgd-ce - 23/36 - 173 out of 256 successfully perturbed
apgd-ce - 24/36 - 186 out of 256 successfully perturbed
apgd-ce - 25/36 - 180 out of 256 successfully perturbed
apgd-ce - 26/36 - 170 out of 256 successfully perturbed
apgd-ce - 27/36 - 180 out of 256 successfully perturbed
apgd-ce - 28/36 - 166 out of 256 successfully perturbed
apgd-ce - 29/36 - 166 out of 256 successfully perturbed
apgd-ce - 30/36 - 183 out of 256 successfully perturbed
apgd-ce - 31/36 - 180 out of 256 successfully perturbed
apgd-ce - 32/36 - 170 out of 256 successfully perturbed
apgd-ce - 33/36 - 164 out of 256 successfully perturbed
apgd-ce - 34/36 - 171 out of 256 successfully perturbed
apgd-ce - 35/36 - 174 out of 256 successfully perturbed
apgd-ce - 36/36 - 136 out of 214 successfully perturbed
robust accuracy after APGD-CE: 29.48% (total time 386.1 s)
apgd-t - 1/12 - 21 out of 256 successfully perturbed
apgd-t - 2/12 - 16 out of 256 successfully perturbed
apgd-t - 3/12 - 15 out of 256 successfully perturbed
apgd-t - 4/12 - 21 out of 256 successfully perturbed
apgd-t - 5/12 - 17 out of 256 successfully perturbed
apgd-t - 6/12 - 11 out of 256 successfully perturbed
apgd-t - 7/12 - 20 out of 256 successfully perturbed
apgd-t - 8/12 - 21 out of 256 successfully perturbed
apgd-t - 9/12 - 26 out of 256 successfully perturbed
apgd-t - 10/12 - 20 out of 256 successfully perturbed
apgd-t - 11/12 - 21 out of 256 successfully perturbed
apgd-t - 12/12 - 10 out of 132 successfully perturbed
robust accuracy after APGD-T: 27.29% (total time 1503.3 s)
fab-t - 1/11 - 0 out of 256 successfully perturbed
fab-t - 2/11 - 0 out of 256 successfully perturbed
fab-t - 3/11 - 0 out of 256 successfully perturbed
fab-t - 4/11 - 0 out of 256 successfully perturbed
fab-t - 5/11 - 0 out of 256 successfully perturbed
fab-t - 6/11 - 0 out of 256 successfully perturbed
fab-t - 7/11 - 0 out of 256 successfully perturbed
fab-t - 8/11 - 0 out of 256 successfully perturbed
fab-t - 9/11 - 0 out of 256 successfully perturbed
fab-t - 10/11 - 0 out of 256 successfully perturbed
fab-t - 11/11 - 0 out of 169 successfully perturbed
robust accuracy after FAB-T: 27.29% (total time 2813.6 s)
square - 1/11 - 0 out of 256 successfully perturbed
square - 2/11 - 0 out of 256 successfully perturbed
square - 3/11 - 0 out of 256 successfully perturbed
square - 4/11 - 0 out of 256 successfully perturbed
square - 5/11 - 0 out of 256 successfully perturbed
square - 6/11 - 0 out of 256 successfully perturbed
square - 7/11 - 0 out of 256 successfully perturbed
square - 8/11 - 0 out of 256 successfully perturbed
square - 9/11 - 0 out of 256 successfully perturbed
square - 10/11 - 0 out of 256 successfully perturbed
square - 11/11 - 0 out of 169 successfully perturbed
robust accuracy after SQUARE: 27.29% (total time 4007.1 s)
max Linf perturbation: 0.03137, nan in tensor: 0, max: 1.00000, min: 0.00000
robust accuracy: 27.29%
