Using device: cuda



Standard training for 0 epochs



Standard Accuracy-	Test: 9.257812%.
Inverse Adversarial training for 100 epochs
======= Epoch 1 =======
Loss: 2.0347.	LR: 0.0084
Standard Accuracy-	Test: 49.67%.
Inverse Adversarial Accuracy-	Train: 80.15%.
Time taken: 0:02:44
======= Epoch 2 =======
Loss: 1.1779.	LR: 0.0092
Standard Accuracy-	Test: 67.11%.
Inverse Adversarial Accuracy-	Train: 93.70%.
Time taken: 0:02:45
======= Epoch 3 =======
Loss: 0.8945.	LR: 0.0116
Standard Accuracy-	Test: 71.25%.
Inverse Adversarial Accuracy-	Train: 96.62%.
Time taken: 0:02:45
======= Epoch 4 =======
Loss: 0.7658.	LR: 0.0155
Standard Accuracy-	Test: 68.08%.
Inverse Adversarial Accuracy-	Train: 97.60%.
Time taken: 0:02:45
======= Epoch 5 =======
Loss: 0.7134.	LR: 0.0209
Standard Accuracy-	Test: 77.86%.
Inverse Adversarial Accuracy-	Train: 97.49%.
Time taken: 0:02:45
======= Epoch 6 =======
Loss: 0.6470.	LR: 0.0277
Standard Accuracy-	Test: 71.46%.
Inverse Adversarial Accuracy-	Train: 97.68%.
Time taken: 0:02:45
======= Epoch 7 =======
Loss: 0.6121.	LR: 0.0357
Standard Accuracy-	Test: 78.75%.
Inverse Adversarial Accuracy-	Train: 97.76%.
Time taken: 0:02:45
======= Epoch 8 =======
Loss: 0.5613.	LR: 0.0450
Standard Accuracy-	Test: 81.31%.
Inverse Adversarial Accuracy-	Train: 98.19%.
Time taken: 0:02:45
======= Epoch 9 =======
Loss: 0.5831.	LR: 0.0552
Standard Accuracy-	Test: 77.33%.
Inverse Adversarial Accuracy-	Train: 97.52%.
Time taken: 0:02:45
======= Epoch 10 =======
Loss: 0.6176.	LR: 0.0663
Standard Accuracy-	Test: 71.85%.
Inverse Adversarial Accuracy-	Train: 96.48%.
Time taken: 0:02:45
======= Epoch 11 =======
Loss: 0.5746.	LR: 0.0781
Standard Accuracy-	Test: 76.24%.
Inverse Adversarial Accuracy-	Train: 96.83%.
Time taken: 0:02:45
======= Epoch 12 =======
Loss: 0.5699.	LR: 0.0903
Standard Accuracy-	Test: 76.76%.
Inverse Adversarial Accuracy-	Train: 96.88%.
Time taken: 0:02:45
======= Epoch 13 =======
Loss: 0.5745.	LR: 0.1029
Standard Accuracy-	Test: 73.33%.
Inverse Adversarial Accuracy-	Train: 96.60%.
Time taken: 0:02:45
======= Epoch 14 =======
Loss: 0.5671.	LR: 0.1155
Standard Accuracy-	Test: 77.73%.
Inverse Adversarial Accuracy-	Train: 96.67%.
Time taken: 0:02:45
======= Epoch 15 =======
Loss: 0.5634.	LR: 0.1281
Standard Accuracy-	Test: 81.44%.
Inverse Adversarial Accuracy-	Train: 96.77%.
Time taken: 0:02:45
======= Epoch 16 =======
Loss: 0.5455.	LR: 0.1404
Standard Accuracy-	Test: 82.04%.
Inverse Adversarial Accuracy-	Train: 96.93%.
Time taken: 0:02:45
======= Epoch 17 =======
Loss: 0.5435.	LR: 0.1521
Standard Accuracy-	Test: 78.58%.
Inverse Adversarial Accuracy-	Train: 96.99%.
Time taken: 0:02:45
======= Epoch 18 =======
Loss: 0.5259.	LR: 0.1632
Standard Accuracy-	Test: 79.92%.
Inverse Adversarial Accuracy-	Train: 97.27%.
Time taken: 0:02:45
======= Epoch 19 =======
Loss: 0.5248.	LR: 0.1735
Standard Accuracy-	Test: 75.19%.
Inverse Adversarial Accuracy-	Train: 97.21%.
Time taken: 0:02:45
======= Epoch 20 =======
Loss: 0.5242.	LR: 0.1827
Standard Accuracy-	Test: 76.86%.
Inverse Adversarial Accuracy-	Train: 97.16%.
Time taken: 0:02:45
======= Epoch 21 =======
Loss: 0.5004.	LR: 0.1908
Standard Accuracy-	Test: 78.55%.
Inverse Adversarial Accuracy-	Train: 97.68%.
Time taken: 0:02:45
======= Epoch 22 =======
Loss: 0.4995.	LR: 0.1975
Standard Accuracy-	Test: 77.02%.
Inverse Adversarial Accuracy-	Train: 97.66%.
Time taken: 0:02:45
======= Epoch 23 =======
Loss: 0.5113.	LR: 0.2029
Standard Accuracy-	Test: 71.50%.
Inverse Adversarial Accuracy-	Train: 97.44%.
Time taken: 0:02:45
======= Epoch 24 =======
Loss: 0.4990.	LR: 0.2068
Standard Accuracy-	Test: 73.23%.
Inverse Adversarial Accuracy-	Train: 97.51%.
Time taken: 0:02:45
======= Epoch 25 =======
Loss: 0.5236.	LR: 0.2092
Standard Accuracy-	Test: 73.38%.
Inverse Adversarial Accuracy-	Train: 96.96%.
Time taken: 0:02:45
======= Epoch 26 =======
Loss: 0.5169.	LR: 0.2100
Standard Accuracy-	Test: 78.51%.
Inverse Adversarial Accuracy-	Train: 97.29%.
Time taken: 0:02:45
======= Epoch 27 =======
Loss: 0.5186.	LR: 0.2099
Standard Accuracy-	Test: 83.85%.
Inverse Adversarial Accuracy-	Train: 97.05%.
Time taken: 0:02:45
======= Epoch 28 =======
Loss: 0.4845.	LR: 0.2096
Standard Accuracy-	Test: 80.27%.
Inverse Adversarial Accuracy-	Train: 97.62%.
Time taken: 0:02:45
======= Epoch 29 =======
Loss: 0.5023.	LR: 0.2092
Standard Accuracy-	Test: 79.16%.
Inverse Adversarial Accuracy-	Train: 97.22%.
Time taken: 0:02:45
======= Epoch 30 =======
Loss: 0.4994.	LR: 0.2085
Standard Accuracy-	Test: 76.98%.
Inverse Adversarial Accuracy-	Train: 97.23%.	Test: 92.98%.
Time taken: 0:03:33
======= Epoch 31 =======
Loss: 0.4878.	LR: 0.2077
Standard Accuracy-	Test: 82.64%.
Inverse Adversarial Accuracy-	Train: 97.41%.
Time taken: 0:02:45
======= Epoch 32 =======
Loss: 0.4841.	LR: 0.2067
Standard Accuracy-	Test: 79.42%.
Inverse Adversarial Accuracy-	Train: 97.40%.
Time taken: 0:02:45
======= Epoch 33 =======
Loss: 0.5058.	LR: 0.2055
Standard Accuracy-	Test: 79.58%.
Inverse Adversarial Accuracy-	Train: 97.14%.
Time taken: 0:02:45
======= Epoch 34 =======
Loss: 0.4822.	LR: 0.2042
Standard Accuracy-	Test: 74.46%.
Inverse Adversarial Accuracy-	Train: 97.53%.
Time taken: 0:02:45
======= Epoch 35 =======
Loss: 0.4763.	LR: 0.2026
Standard Accuracy-	Test: 79.33%.
Inverse Adversarial Accuracy-	Train: 97.61%.
Time taken: 0:02:45
======= Epoch 36 =======
Loss: 0.4819.	LR: 0.2009
Standard Accuracy-	Test: 84.50%.
Inverse Adversarial Accuracy-	Train: 97.50%.
Time taken: 0:02:45
======= Epoch 37 =======
Loss: 0.4694.	LR: 0.1990
Standard Accuracy-	Test: 77.28%.
Inverse Adversarial Accuracy-	Train: 97.68%.
Time taken: 0:02:45
======= Epoch 38 =======
Loss: 0.4713.	LR: 0.1970
Standard Accuracy-	Test: 82.28%.
Inverse Adversarial Accuracy-	Train: 97.55%.
Time taken: 0:02:45
======= Epoch 39 =======
Loss: 0.4703.	LR: 0.1948
Standard Accuracy-	Test: 79.94%.
Inverse Adversarial Accuracy-	Train: 97.65%.
Time taken: 0:02:45
======= Epoch 40 =======
Loss: 0.4664.	LR: 0.1925
Standard Accuracy-	Test: 83.09%.
Inverse Adversarial Accuracy-	Train: 97.63%.
Time taken: 0:02:45
======= Epoch 41 =======
Loss: 0.4419.	LR: 0.1899
Standard Accuracy-	Test: 82.94%.
Inverse Adversarial Accuracy-	Train: 98.02%.
Time taken: 0:02:45
======= Epoch 42 =======
Loss: 0.4550.	LR: 0.1873
Standard Accuracy-	Test: 74.65%.
Inverse Adversarial Accuracy-	Train: 97.94%.
Time taken: 0:02:45
======= Epoch 43 =======
Loss: 0.4506.	LR: 0.1845
Standard Accuracy-	Test: 79.40%.
Inverse Adversarial Accuracy-	Train: 97.82%.
Time taken: 0:02:45
======= Epoch 44 =======
Loss: 0.4496.	LR: 0.1815
Standard Accuracy-	Test: 81.39%.
Inverse Adversarial Accuracy-	Train: 97.96%.
Time taken: 0:02:44
======= Epoch 45 =======
Loss: 0.4515.	LR: 0.1785
Standard Accuracy-	Test: 81.29%.
Inverse Adversarial Accuracy-	Train: 97.88%.
Time taken: 0:02:45
======= Epoch 46 =======
Loss: 0.4412.	LR: 0.1753
Standard Accuracy-	Test: 79.13%.
Inverse Adversarial Accuracy-	Train: 97.95%.
Time taken: 0:02:45
======= Epoch 47 =======
Loss: 0.4429.	LR: 0.1719
Standard Accuracy-	Test: 84.15%.
Inverse Adversarial Accuracy-	Train: 97.90%.
Time taken: 0:02:45
======= Epoch 48 =======
Loss: 0.4193.	LR: 0.1685
Standard Accuracy-	Test: 83.43%.
Inverse Adversarial Accuracy-	Train: 98.35%.
Time taken: 0:02:45
======= Epoch 49 =======
Loss: 0.4220.	LR: 0.1649
Standard Accuracy-	Test: 78.62%.
Inverse Adversarial Accuracy-	Train: 98.26%.
Time taken: 0:02:45
======= Epoch 50 =======
Loss: 0.4193.	LR: 0.1613
Standard Accuracy-	Test: 78.72%.
Inverse Adversarial Accuracy-	Train: 98.24%.
Time taken: 0:02:45
======= Epoch 51 =======
Loss: 0.4293.	LR: 0.1575
Standard Accuracy-	Test: 79.64%.
Inverse Adversarial Accuracy-	Train: 98.20%.
Time taken: 0:02:45
======= Epoch 52 =======
Loss: 0.4232.	LR: 0.1536
Standard Accuracy-	Test: 82.52%.
Inverse Adversarial Accuracy-	Train: 98.04%.
Time taken: 0:02:44
======= Epoch 53 =======
Loss: 0.4424.	LR: 0.1497
Standard Accuracy-	Test: 76.36%.
Inverse Adversarial Accuracy-	Train: 97.84%.
Time taken: 0:02:45
======= Epoch 54 =======
Loss: 0.4104.	LR: 0.1457
Standard Accuracy-	Test: 83.62%.
Inverse Adversarial Accuracy-	Train: 98.26%.
Time taken: 0:02:45
======= Epoch 55 =======
Loss: 0.4176.	LR: 0.1416
Standard Accuracy-	Test: 81.02%.
Inverse Adversarial Accuracy-	Train: 98.12%.
Time taken: 0:02:45
======= Epoch 56 =======
Loss: 0.4069.	LR: 0.1374
Standard Accuracy-	Test: 83.79%.
Inverse Adversarial Accuracy-	Train: 98.20%.
Time taken: 0:02:45
======= Epoch 57 =======
Loss: 0.4069.	LR: 0.1332
Standard Accuracy-	Test: 82.73%.
Inverse Adversarial Accuracy-	Train: 98.10%.
Time taken: 0:02:45
======= Epoch 58 =======
Loss: 0.3998.	LR: 0.1290
Standard Accuracy-	Test: 84.33%.
Inverse Adversarial Accuracy-	Train: 98.28%.
Time taken: 0:02:45
======= Epoch 59 =======
Loss: 0.4086.	LR: 0.1247
Standard Accuracy-	Test: 84.71%.
Inverse Adversarial Accuracy-	Train: 98.16%.
Time taken: 0:02:45
======= Epoch 60 =======
Loss: 0.3900.	LR: 0.1203
Standard Accuracy-	Test: 85.87%.
Inverse Adversarial Accuracy-	Train: 98.33%.	Test: 97.09%.
Time taken: 0:03:32
======= Epoch 61 =======
Loss: 0.3874.	LR: 0.1160
Standard Accuracy-	Test: 84.41%.
Inverse Adversarial Accuracy-	Train: 98.31%.
Time taken: 0:02:44
======= Epoch 62 =======
Loss: 0.3948.	LR: 0.1116
Standard Accuracy-	Test: 81.38%.
Inverse Adversarial Accuracy-	Train: 98.36%.
Time taken: 0:02:45
======= Epoch 63 =======
Loss: 0.3802.	LR: 0.1072
Standard Accuracy-	Test: 84.66%.
Inverse Adversarial Accuracy-	Train: 98.37%.
Time taken: 0:02:44
======= Epoch 64 =======
Loss: 0.3741.	LR: 0.1028
Standard Accuracy-	Test: 83.14%.
Inverse Adversarial Accuracy-	Train: 98.34%.
Time taken: 0:02:45
======= Epoch 65 =======
Loss: 0.3666.	LR: 0.0984
Standard Accuracy-	Test: 85.30%.
Inverse Adversarial Accuracy-	Train: 98.44%.
Time taken: 0:02:45
======= Epoch 66 =======
Loss: 0.3597.	LR: 0.0940
Standard Accuracy-	Test: 84.59%.
Inverse Adversarial Accuracy-	Train: 98.43%.
Time taken: 0:02:45
======= Epoch 67 =======
Loss: 0.3406.	LR: 0.0897
Standard Accuracy-	Test: 86.46%.
Inverse Adversarial Accuracy-	Train: 98.70%.
Time taken: 0:02:45
======= Epoch 68 =======
Loss: 0.3522.	LR: 0.0853
Standard Accuracy-	Test: 86.91%.
Inverse Adversarial Accuracy-	Train: 98.53%.
Time taken: 0:02:45
======= Epoch 69 =======
Loss: 0.3381.	LR: 0.0810
Standard Accuracy-	Test: 79.73%.
Inverse Adversarial Accuracy-	Train: 98.56%.
Time taken: 0:02:45
======= Epoch 70 =======
Loss: 0.3345.	LR: 0.0768
Standard Accuracy-	Test: 84.96%.
Inverse Adversarial Accuracy-	Train: 98.70%.
Time taken: 0:02:45
======= Epoch 71 =======
Loss: 0.3286.	LR: 0.0725
Standard Accuracy-	Test: 86.78%.
Inverse Adversarial Accuracy-	Train: 98.63%.
Time taken: 0:02:45
======= Epoch 72 =======
Loss: 0.3298.	LR: 0.0684
Standard Accuracy-	Test: 87.38%.
Inverse Adversarial Accuracy-	Train: 98.49%.
Time taken: 0:02:45
======= Epoch 73 =======
Loss: 0.3042.	LR: 0.0643
Standard Accuracy-	Test: 87.41%.
Inverse Adversarial Accuracy-	Train: 98.88%.
Time taken: 0:02:45
======= Epoch 74 =======
Loss: 0.3051.	LR: 0.0603
Standard Accuracy-	Test: 85.86%.
Inverse Adversarial Accuracy-	Train: 98.70%.
Time taken: 0:02:45
======= Epoch 75 =======
Loss: 0.3029.	LR: 0.0563
Standard Accuracy-	Test: 87.17%.
Inverse Adversarial Accuracy-	Train: 98.71%.
Time taken: 0:02:49
======= Epoch 76 =======
Loss: 0.2861.	LR: 0.0525
Standard Accuracy-	Test: 88.16%.
Inverse Adversarial Accuracy-	Train: 98.89%.
Time taken: 0:02:45
======= Epoch 77 =======
Loss: 0.2649.	LR: 0.0487
Standard Accuracy-	Test: 87.24%.
Inverse Adversarial Accuracy-	Train: 99.02%.
Time taken: 0:02:45
======= Epoch 78 =======
Loss: 0.2587.	LR: 0.0451
Standard Accuracy-	Test: 87.92%.
Inverse Adversarial Accuracy-	Train: 99.06%.
Time taken: 0:02:47
======= Epoch 79 =======
Loss: 0.2393.	LR: 0.0415
Standard Accuracy-	Test: 87.72%.
Inverse Adversarial Accuracy-	Train: 99.24%.
Time taken: 0:02:45
======= Epoch 80 =======
Loss: 0.2278.	LR: 0.0381
Standard Accuracy-	Test: 88.97%.
Inverse Adversarial Accuracy-	Train: 99.29%.
Time taken: 0:02:45
======= Epoch 81 =======
Loss: 0.2136.	LR: 0.0347
Standard Accuracy-	Test: 88.12%.
Inverse Adversarial Accuracy-	Train: 99.36%.
Time taken: 0:02:45
======= Epoch 82 =======
Loss: 0.2111.	LR: 0.0315
Standard Accuracy-	Test: 90.30%.
Inverse Adversarial Accuracy-	Train: 99.34%.
Time taken: 0:02:45
======= Epoch 83 =======
Loss: 0.1856.	LR: 0.0285
Standard Accuracy-	Test: 89.34%.
Inverse Adversarial Accuracy-	Train: 99.45%.
Time taken: 0:02:45
======= Epoch 84 =======
Loss: 0.1732.	LR: 0.0255
Standard Accuracy-	Test: 90.24%.
Inverse Adversarial Accuracy-	Train: 99.54%.
Time taken: 0:02:45
======= Epoch 85 =======
Loss: 0.1628.	LR: 0.0227
Standard Accuracy-	Test: 91.30%.
Inverse Adversarial Accuracy-	Train: 99.54%.
Time taken: 0:02:45
======= Epoch 86 =======
Loss: 0.1479.	LR: 0.0200
Standard Accuracy-	Test: 90.99%.
Inverse Adversarial Accuracy-	Train: 99.57%.
Time taken: 0:02:44
======= Epoch 87 =======
Loss: 0.1273.	LR: 0.0175
Standard Accuracy-	Test: 91.69%.
Inverse Adversarial Accuracy-	Train: 99.68%.
Time taken: 0:02:45
======= Epoch 88 =======
Loss: 0.1108.	LR: 0.0152
Standard Accuracy-	Test: 91.43%.
Inverse Adversarial Accuracy-	Train: 99.73%.
Time taken: 0:02:45
======= Epoch 89 =======
Loss: 0.0946.	LR: 0.0130
Standard Accuracy-	Test: 91.83%.
Inverse Adversarial Accuracy-	Train: 99.77%.
Time taken: 0:02:45
======= Epoch 90 =======
Loss: 0.0777.	LR: 0.0109
Standard Accuracy-	Test: 92.61%.
Inverse Adversarial Accuracy-	Train: 99.83%.	Test: 99.09%.
Time taken: 0:03:33
======= Epoch 91 =======
Loss: 0.0602.	LR: 0.0091
Standard Accuracy-	Test: 92.79%.
Inverse Adversarial Accuracy-	Train: 99.86%.	Test: 99.03%.
Time taken: 0:03:32
======= Epoch 92 =======
Loss: 0.0493.	LR: 0.0074
Standard Accuracy-	Test: 93.12%.
Inverse Adversarial Accuracy-	Train: 99.91%.	Test: 99.11%.
Time taken: 0:03:32
======= Epoch 93 =======
Loss: 0.0324.	LR: 0.0058
Standard Accuracy-	Test: 93.70%.
Inverse Adversarial Accuracy-	Train: 99.95%.	Test: 99.00%.
Time taken: 0:03:32
======= Epoch 94 =======
Loss: 0.0252.	LR: 0.0045
Standard Accuracy-	Test: 93.83%.
Inverse Adversarial Accuracy-	Train: 99.95%.	Test: 99.07%.
Time taken: 0:03:32
======= Epoch 95 =======
Loss: 0.0179.	LR: 0.0033
Standard Accuracy-	Test: 93.71%.
Inverse Adversarial Accuracy-	Train: 99.96%.	Test: 99.09%.
Time taken: 0:03:32
======= Epoch 96 =======
Loss: 0.0138.	LR: 0.0023
Standard Accuracy-	Test: 94.18%.
Inverse Adversarial Accuracy-	Train: 99.97%.	Test: 99.14%.
Time taken: 0:03:32
======= Epoch 97 =======
Loss: 0.0102.	LR: 0.0015
Standard Accuracy-	Test: 94.21%.
Inverse Adversarial Accuracy-	Train: 99.98%.	Test: 99.05%.
Time taken: 0:03:32
======= Epoch 98 =======
Loss: 0.0088.	LR: 0.0008
Standard Accuracy-	Test: 94.22%.
Inverse Adversarial Accuracy-	Train: 99.98%.	Test: 99.02%.
Time taken: 0:03:33
======= Epoch 99 =======
Loss: 0.0083.	LR: 0.0004
Standard Accuracy-	Test: 94.24%.
Inverse Adversarial Accuracy-	Train: 99.99%.	Test: 99.10%.
Time taken: 0:03:33
======= Epoch 100 =======
Loss: 0.0076.	LR: 0.0001
Standard Accuracy-	Test: 94.12%.
Inverse Adversarial Accuracy-	Train: 99.99%.	Test: 99.13%.
Time taken: 0:03:33

Training completed.
Standard Accuracy-	Train: 99.72%.	Test: 94.24%.
Inverse Adversarial Accuracy-	Train: 99.99%.	Test: 99.10%.
Script Completed.
