Using device: cuda



Standard training for 0 epochs



Standard Accuracy-	Test: 9.257812%.
Inverse Adversarial training for 100 epochs
======= Epoch 1 =======
Loss: 2.1436.	LR: 0.0084
Standard Accuracy-	Test: 51.65%.
Inverse Adversarial Accuracy-	Train: 77.62%.
Time taken: 0:02:45
======= Epoch 2 =======
Loss: 1.1130.	LR: 0.0092
Standard Accuracy-	Test: 70.72%.
Inverse Adversarial Accuracy-	Train: 94.81%.
Time taken: 0:02:46
======= Epoch 3 =======
Loss: 0.8693.	LR: 0.0116
Standard Accuracy-	Test: 74.39%.
Inverse Adversarial Accuracy-	Train: 96.30%.
Time taken: 0:02:46
======= Epoch 4 =======
Loss: 0.7706.	LR: 0.0155
Standard Accuracy-	Test: 71.53%.
Inverse Adversarial Accuracy-	Train: 96.65%.
Time taken: 0:02:46
======= Epoch 5 =======
Loss: 0.7041.	LR: 0.0209
Standard Accuracy-	Test: 77.99%.
Inverse Adversarial Accuracy-	Train: 96.90%.
Time taken: 0:02:46
======= Epoch 6 =======
Loss: 0.6456.	LR: 0.0277
Standard Accuracy-	Test: 78.68%.
Inverse Adversarial Accuracy-	Train: 97.19%.
Time taken: 0:02:45
======= Epoch 7 =======
Loss: 0.6096.	LR: 0.0357
Standard Accuracy-	Test: 80.05%.
Inverse Adversarial Accuracy-	Train: 97.42%.
Time taken: 0:02:45
======= Epoch 8 =======
Loss: 0.5704.	LR: 0.0450
Standard Accuracy-	Test: 80.51%.
Inverse Adversarial Accuracy-	Train: 97.54%.
Time taken: 0:02:45
======= Epoch 9 =======
Loss: 0.5583.	LR: 0.0552
Standard Accuracy-	Test: 82.22%.
Inverse Adversarial Accuracy-	Train: 97.51%.
Time taken: 0:02:45
======= Epoch 10 =======
Loss: 0.5550.	LR: 0.0663
Standard Accuracy-	Test: 79.49%.
Inverse Adversarial Accuracy-	Train: 97.30%.
Time taken: 0:02:45
======= Epoch 11 =======
Loss: 0.5535.	LR: 0.0781
Standard Accuracy-	Test: 73.24%.
Inverse Adversarial Accuracy-	Train: 97.14%.
Time taken: 0:02:45
======= Epoch 12 =======
Loss: 0.5768.	LR: 0.0903
Standard Accuracy-	Test: 72.48%.
Inverse Adversarial Accuracy-	Train: 96.76%.
Time taken: 0:02:45
======= Epoch 13 =======
Loss: 0.5479.	LR: 0.1029
Standard Accuracy-	Test: 63.67%.
Inverse Adversarial Accuracy-	Train: 97.02%.
Time taken: 0:02:45
======= Epoch 14 =======
Loss: 0.5474.	LR: 0.1155
Standard Accuracy-	Test: 72.40%.
Inverse Adversarial Accuracy-	Train: 96.88%.
Time taken: 0:02:45
======= Epoch 15 =======
Loss: 0.5631.	LR: 0.1281
Standard Accuracy-	Test: 81.89%.
Inverse Adversarial Accuracy-	Train: 96.56%.
Time taken: 0:02:45
======= Epoch 16 =======
Loss: 0.5500.	LR: 0.1404
Standard Accuracy-	Test: 73.97%.
Inverse Adversarial Accuracy-	Train: 96.71%.
Time taken: 0:02:45
======= Epoch 17 =======
Loss: 0.5475.	LR: 0.1521
Standard Accuracy-	Test: 79.68%.
Inverse Adversarial Accuracy-	Train: 96.91%.
Time taken: 0:02:45
======= Epoch 18 =======
Loss: 0.5516.	LR: 0.1632
Standard Accuracy-	Test: 82.84%.
Inverse Adversarial Accuracy-	Train: 96.65%.
Time taken: 0:02:45
======= Epoch 19 =======
Loss: 0.5485.	LR: 0.1735
Standard Accuracy-	Test: 82.15%.
Inverse Adversarial Accuracy-	Train: 96.58%.
Time taken: 0:02:45
======= Epoch 20 =======
Loss: 0.5422.	LR: 0.1827
Standard Accuracy-	Test: 77.58%.
Inverse Adversarial Accuracy-	Train: 96.69%.
Time taken: 0:02:45
======= Epoch 21 =======
Loss: 0.5563.	LR: 0.1908
Standard Accuracy-	Test: 75.16%.
Inverse Adversarial Accuracy-	Train: 96.43%.
Time taken: 0:02:45
======= Epoch 22 =======
Loss: 0.5321.	LR: 0.1975
Standard Accuracy-	Test: 79.74%.
Inverse Adversarial Accuracy-	Train: 96.84%.
Time taken: 0:02:45
======= Epoch 23 =======
Loss: 0.5281.	LR: 0.2029
Standard Accuracy-	Test: 76.47%.
Inverse Adversarial Accuracy-	Train: 96.78%.
Time taken: 0:02:45
======= Epoch 24 =======
Loss: 0.5356.	LR: 0.2068
Standard Accuracy-	Test: 80.33%.
Inverse Adversarial Accuracy-	Train: 96.70%.
Time taken: 0:02:45
======= Epoch 25 =======
Loss: 0.5210.	LR: 0.2092
Standard Accuracy-	Test: 74.26%.
Inverse Adversarial Accuracy-	Train: 96.88%.
Time taken: 0:02:45
======= Epoch 26 =======
Loss: 0.5370.	LR: 0.2100
Standard Accuracy-	Test: 68.73%.
Inverse Adversarial Accuracy-	Train: 96.63%.
Time taken: 0:02:45
======= Epoch 27 =======
Loss: 0.5397.	LR: 0.2099
Standard Accuracy-	Test: 82.18%.
Inverse Adversarial Accuracy-	Train: 96.43%.
Time taken: 0:02:45
======= Epoch 28 =======
Loss: 0.5099.	LR: 0.2096
Standard Accuracy-	Test: 80.56%.
Inverse Adversarial Accuracy-	Train: 97.03%.
Time taken: 0:02:45
======= Epoch 29 =======
Loss: 0.5063.	LR: 0.2092
Standard Accuracy-	Test: 76.92%.
Inverse Adversarial Accuracy-	Train: 97.03%.
Time taken: 0:02:45
======= Epoch 30 =======
Loss: 0.5186.	LR: 0.2085
Standard Accuracy-	Test: 83.34%.
Inverse Adversarial Accuracy-	Train: 96.83%.	Test: 95.61%.
Time taken: 0:03:33
======= Epoch 31 =======
Loss: 0.5005.	LR: 0.2077
Standard Accuracy-	Test: 82.73%.
Inverse Adversarial Accuracy-	Train: 97.11%.
Time taken: 0:02:45
======= Epoch 32 =======
Loss: 0.5047.	LR: 0.2067
Standard Accuracy-	Test: 81.55%.
Inverse Adversarial Accuracy-	Train: 97.02%.
Time taken: 0:02:45
======= Epoch 33 =======
Loss: 0.5174.	LR: 0.2055
Standard Accuracy-	Test: 82.65%.
Inverse Adversarial Accuracy-	Train: 96.70%.
Time taken: 0:02:45
======= Epoch 34 =======
Loss: 0.5131.	LR: 0.2042
Standard Accuracy-	Test: 77.79%.
Inverse Adversarial Accuracy-	Train: 96.90%.
Time taken: 0:02:45
======= Epoch 35 =======
Loss: 0.4947.	LR: 0.2026
Standard Accuracy-	Test: 82.73%.
Inverse Adversarial Accuracy-	Train: 96.95%.
Time taken: 0:02:45
======= Epoch 36 =======
Loss: 0.4888.	LR: 0.2009
Standard Accuracy-	Test: 79.90%.
Inverse Adversarial Accuracy-	Train: 97.11%.
Time taken: 0:02:45
======= Epoch 37 =======
Loss: 0.5007.	LR: 0.1990
Standard Accuracy-	Test: 80.62%.
Inverse Adversarial Accuracy-	Train: 96.92%.
Time taken: 0:02:45
======= Epoch 38 =======
Loss: 0.5032.	LR: 0.1970
Standard Accuracy-	Test: 80.24%.
Inverse Adversarial Accuracy-	Train: 96.88%.
Time taken: 0:02:45
======= Epoch 39 =======
Loss: 0.4875.	LR: 0.1948
Standard Accuracy-	Test: 80.89%.
Inverse Adversarial Accuracy-	Train: 96.99%.
Time taken: 0:02:45
======= Epoch 40 =======
Loss: 0.4796.	LR: 0.1925
Standard Accuracy-	Test: 77.34%.
Inverse Adversarial Accuracy-	Train: 97.17%.
Time taken: 0:02:45
======= Epoch 41 =======
Loss: 0.5017.	LR: 0.1899
Standard Accuracy-	Test: 78.87%.
Inverse Adversarial Accuracy-	Train: 97.03%.
Time taken: 0:02:45
======= Epoch 42 =======
Loss: 0.4714.	LR: 0.1873
Standard Accuracy-	Test: 77.45%.
Inverse Adversarial Accuracy-	Train: 97.27%.
Time taken: 0:02:45
======= Epoch 43 =======
Loss: 0.4648.	LR: 0.1845
Standard Accuracy-	Test: 80.20%.
Inverse Adversarial Accuracy-	Train: 97.37%.
Time taken: 0:02:45
======= Epoch 44 =======
Loss: 0.4640.	LR: 0.1815
Standard Accuracy-	Test: 81.97%.
Inverse Adversarial Accuracy-	Train: 97.44%.
Time taken: 0:02:45
======= Epoch 45 =======
Loss: 0.4621.	LR: 0.1785
Standard Accuracy-	Test: 79.18%.
Inverse Adversarial Accuracy-	Train: 97.40%.
Time taken: 0:02:45
======= Epoch 46 =======
Loss: 0.4567.	LR: 0.1753
Standard Accuracy-	Test: 82.52%.
Inverse Adversarial Accuracy-	Train: 97.50%.
Time taken: 0:02:45
======= Epoch 47 =======
Loss: 0.4542.	LR: 0.1719
Standard Accuracy-	Test: 78.96%.
Inverse Adversarial Accuracy-	Train: 97.44%.
Time taken: 0:02:45
======= Epoch 48 =======
Loss: 0.4563.	LR: 0.1685
Standard Accuracy-	Test: 84.96%.
Inverse Adversarial Accuracy-	Train: 97.45%.
Time taken: 0:02:45
======= Epoch 49 =======
Loss: 0.4570.	LR: 0.1649
Standard Accuracy-	Test: 80.49%.
Inverse Adversarial Accuracy-	Train: 97.49%.
Time taken: 0:02:45
======= Epoch 50 =======
Loss: 0.4463.	LR: 0.1613
Standard Accuracy-	Test: 80.22%.
Inverse Adversarial Accuracy-	Train: 97.49%.
Time taken: 0:02:45
======= Epoch 51 =======
Loss: 0.4455.	LR: 0.1575
Standard Accuracy-	Test: 82.92%.
Inverse Adversarial Accuracy-	Train: 97.56%.
Time taken: 0:02:45
======= Epoch 52 =======
Loss: 0.4378.	LR: 0.1536
Standard Accuracy-	Test: 82.78%.
Inverse Adversarial Accuracy-	Train: 97.68%.
Time taken: 0:02:45
======= Epoch 53 =======
Loss: 0.4449.	LR: 0.1497
Standard Accuracy-	Test: 82.58%.
Inverse Adversarial Accuracy-	Train: 97.56%.
Time taken: 0:02:45
======= Epoch 54 =======
Loss: 0.4339.	LR: 0.1457
Standard Accuracy-	Test: 82.82%.
Inverse Adversarial Accuracy-	Train: 97.62%.
Time taken: 0:02:45
======= Epoch 55 =======
Loss: 0.4271.	LR: 0.1416
Standard Accuracy-	Test: 83.51%.
Inverse Adversarial Accuracy-	Train: 97.72%.
Time taken: 0:02:45
======= Epoch 56 =======
Loss: 0.4136.	LR: 0.1374
Standard Accuracy-	Test: 83.37%.
Inverse Adversarial Accuracy-	Train: 97.83%.
Time taken: 0:02:45
======= Epoch 57 =======
Loss: 0.4286.	LR: 0.1332
Standard Accuracy-	Test: 83.30%.
Inverse Adversarial Accuracy-	Train: 97.65%.
Time taken: 0:02:45
======= Epoch 58 =======
Loss: 0.4115.	LR: 0.1290
Standard Accuracy-	Test: 77.72%.
Inverse Adversarial Accuracy-	Train: 97.91%.
Time taken: 0:02:45
======= Epoch 59 =======
Loss: 0.4133.	LR: 0.1247
Standard Accuracy-	Test: 83.72%.
Inverse Adversarial Accuracy-	Train: 97.74%.
Time taken: 0:02:45
======= Epoch 60 =======
Loss: 0.4076.	LR: 0.1203
Standard Accuracy-	Test: 84.88%.
Inverse Adversarial Accuracy-	Train: 97.82%.	Test: 97.17%.
Time taken: 0:03:33
======= Epoch 61 =======
Loss: 0.4018.	LR: 0.1160
Standard Accuracy-	Test: 83.68%.
Inverse Adversarial Accuracy-	Train: 97.97%.
Time taken: 0:02:45
======= Epoch 62 =======
Loss: 0.4050.	LR: 0.1116
Standard Accuracy-	Test: 86.69%.
Inverse Adversarial Accuracy-	Train: 97.84%.
Time taken: 0:02:45
======= Epoch 63 =======
Loss: 0.3795.	LR: 0.1072
Standard Accuracy-	Test: 81.59%.
Inverse Adversarial Accuracy-	Train: 98.18%.
Time taken: 0:02:45
======= Epoch 64 =======
Loss: 0.3841.	LR: 0.1028
Standard Accuracy-	Test: 82.50%.
Inverse Adversarial Accuracy-	Train: 98.18%.
Time taken: 0:02:45
======= Epoch 65 =======
Loss: 0.3716.	LR: 0.0984
Standard Accuracy-	Test: 85.02%.
Inverse Adversarial Accuracy-	Train: 98.19%.
Time taken: 0:02:45
======= Epoch 66 =======
Loss: 0.3825.	LR: 0.0940
Standard Accuracy-	Test: 82.07%.
Inverse Adversarial Accuracy-	Train: 98.11%.
Time taken: 0:02:45
======= Epoch 67 =======
Loss: 0.3514.	LR: 0.0897
Standard Accuracy-	Test: 85.41%.
Inverse Adversarial Accuracy-	Train: 98.44%.
Time taken: 0:02:45
======= Epoch 68 =======
Loss: 0.3521.	LR: 0.0853
Standard Accuracy-	Test: 87.32%.
Inverse Adversarial Accuracy-	Train: 98.34%.
Time taken: 0:02:45
======= Epoch 69 =======
Loss: 0.3464.	LR: 0.0810
Standard Accuracy-	Test: 83.63%.
Inverse Adversarial Accuracy-	Train: 98.42%.
Time taken: 0:02:45
======= Epoch 70 =======
Loss: 0.3397.	LR: 0.0768
Standard Accuracy-	Test: 83.80%.
Inverse Adversarial Accuracy-	Train: 98.41%.
Time taken: 0:02:45
======= Epoch 71 =======
Loss: 0.3252.	LR: 0.0725
Standard Accuracy-	Test: 86.63%.
Inverse Adversarial Accuracy-	Train: 98.62%.
Time taken: 0:02:45
======= Epoch 72 =======
Loss: 0.3190.	LR: 0.0684
Standard Accuracy-	Test: 87.62%.
Inverse Adversarial Accuracy-	Train: 98.69%.
Time taken: 0:02:45
======= Epoch 73 =======
Loss: 0.3166.	LR: 0.0643
Standard Accuracy-	Test: 82.19%.
Inverse Adversarial Accuracy-	Train: 98.66%.
Time taken: 0:02:45
======= Epoch 74 =======
Loss: 0.2976.	LR: 0.0603
Standard Accuracy-	Test: 87.23%.
Inverse Adversarial Accuracy-	Train: 98.79%.
Time taken: 0:02:45
======= Epoch 75 =======
Loss: 0.2919.	LR: 0.0563
Standard Accuracy-	Test: 87.72%.
Inverse Adversarial Accuracy-	Train: 98.91%.
Time taken: 0:02:45
======= Epoch 76 =======
Loss: 0.2806.	LR: 0.0525
Standard Accuracy-	Test: 84.24%.
Inverse Adversarial Accuracy-	Train: 98.83%.
Time taken: 0:02:45
======= Epoch 77 =======
Loss: 0.2683.	LR: 0.0487
Standard Accuracy-	Test: 88.61%.
Inverse Adversarial Accuracy-	Train: 98.96%.
Time taken: 0:02:45
======= Epoch 78 =======
Loss: 0.2574.	LR: 0.0451
Standard Accuracy-	Test: 87.09%.
Inverse Adversarial Accuracy-	Train: 99.02%.
Time taken: 0:02:45
======= Epoch 79 =======
Loss: 0.2432.	LR: 0.0415
Standard Accuracy-	Test: 87.14%.
Inverse Adversarial Accuracy-	Train: 99.11%.
Time taken: 0:02:45
======= Epoch 80 =======
Loss: 0.2307.	LR: 0.0381
Standard Accuracy-	Test: 89.91%.
Inverse Adversarial Accuracy-	Train: 99.17%.
Time taken: 0:02:45
======= Epoch 81 =======
Loss: 0.2121.	LR: 0.0347
Standard Accuracy-	Test: 89.40%.
Inverse Adversarial Accuracy-	Train: 99.31%.
Time taken: 0:02:45
======= Epoch 82 =======
Loss: 0.2036.	LR: 0.0315
Standard Accuracy-	Test: 88.53%.
Inverse Adversarial Accuracy-	Train: 99.36%.
Time taken: 0:02:45
======= Epoch 83 =======
Loss: 0.1859.	LR: 0.0285
Standard Accuracy-	Test: 89.79%.
Inverse Adversarial Accuracy-	Train: 99.47%.
Time taken: 0:02:45
======= Epoch 84 =======
Loss: 0.1738.	LR: 0.0255
Standard Accuracy-	Test: 90.61%.
Inverse Adversarial Accuracy-	Train: 99.50%.
Time taken: 0:02:45
======= Epoch 85 =======
Loss: 0.1575.	LR: 0.0227
Standard Accuracy-	Test: 91.34%.
Inverse Adversarial Accuracy-	Train: 99.57%.
Time taken: 0:02:45
======= Epoch 86 =======
Loss: 0.1358.	LR: 0.0200
Standard Accuracy-	Test: 91.32%.
Inverse Adversarial Accuracy-	Train: 99.68%.
Time taken: 0:02:45
======= Epoch 87 =======
Loss: 0.1219.	LR: 0.0175
Standard Accuracy-	Test: 91.77%.
Inverse Adversarial Accuracy-	Train: 99.77%.
Time taken: 0:02:45
======= Epoch 88 =======
Loss: 0.1036.	LR: 0.0152
Standard Accuracy-	Test: 91.46%.
Inverse Adversarial Accuracy-	Train: 99.79%.
Time taken: 0:02:45
======= Epoch 89 =======
Loss: 0.0880.	LR: 0.0130
Standard Accuracy-	Test: 92.73%.
Inverse Adversarial Accuracy-	Train: 99.81%.
Time taken: 0:02:45
======= Epoch 90 =======
Loss: 0.0734.	LR: 0.0109
Standard Accuracy-	Test: 93.05%.
Inverse Adversarial Accuracy-	Train: 99.88%.	Test: 99.15%.
Time taken: 0:03:33
======= Epoch 91 =======
Loss: 0.0547.	LR: 0.0091
Standard Accuracy-	Test: 93.09%.
Inverse Adversarial Accuracy-	Train: 99.93%.	Test: 99.18%.
Time taken: 0:03:33
======= Epoch 92 =======
Loss: 0.0418.	LR: 0.0074
Standard Accuracy-	Test: 93.08%.
Inverse Adversarial Accuracy-	Train: 99.95%.	Test: 99.18%.
Time taken: 0:03:33
======= Epoch 93 =======
Loss: 0.0315.	LR: 0.0058
Standard Accuracy-	Test: 93.62%.
Inverse Adversarial Accuracy-	Train: 99.98%.	Test: 99.10%.
Time taken: 0:03:33
======= Epoch 94 =======
Loss: 0.0214.	LR: 0.0045
Standard Accuracy-	Test: 93.96%.
Inverse Adversarial Accuracy-	Train: 99.98%.	Test: 99.16%.
Time taken: 0:03:33
======= Epoch 95 =======
Loss: 0.0177.	LR: 0.0033
Standard Accuracy-	Test: 94.30%.
Inverse Adversarial Accuracy-	Train: 99.98%.	Test: 99.25%.
Time taken: 0:03:33
======= Epoch 96 =======
Loss: 0.0110.	LR: 0.0023
Standard Accuracy-	Test: 94.37%.
Inverse Adversarial Accuracy-	Train: 99.98%.	Test: 99.40%.
Time taken: 0:03:33
======= Epoch 97 =======
Loss: 0.0094.	LR: 0.0015
Standard Accuracy-	Test: 94.47%.
Inverse Adversarial Accuracy-	Train: 100.00%.	Test: 99.38%.
Time taken: 0:03:33
======= Epoch 98 =======
Loss: 0.0083.	LR: 0.0008
Standard Accuracy-	Test: 94.62%.
Inverse Adversarial Accuracy-	Train: 100.00%.	Test: 99.38%.
Time taken: 0:03:33
======= Epoch 99 =======
Loss: 0.0072.	LR: 0.0004
Standard Accuracy-	Test: 94.60%.
Inverse Adversarial Accuracy-	Train: 99.99%.	Test: 99.39%.
Time taken: 0:03:33
======= Epoch 100 =======
Loss: 0.0067.	LR: 0.0001
Standard Accuracy-	Test: 94.65%.
Inverse Adversarial Accuracy-	Train: 100.00%.	Test: 99.38%.
Time taken: 0:03:33

Training completed.
Standard Accuracy-	Train: 99.84%.	Test: 94.65%.
Inverse Adversarial Accuracy-	Train: 100.00%.	Test: 99.38%.
Script Completed.
