Using device: cuda



Standard training for 0 epochs



Standard Accuracy-	Test: 9.257812%.
Inverse Adversarial training for 100 epochs
======= Epoch 1 =======
Loss: 1.9946.	LR: 0.0084
Standard Accuracy-	Test: 53.84%.
Inverse Adversarial Accuracy-	Train: 82.36%.
Time taken: 0:02:44
======= Epoch 2 =======
Loss: 1.2047.	LR: 0.0092
Standard Accuracy-	Test: 61.61%.
Inverse Adversarial Accuracy-	Train: 93.63%.
Time taken: 0:02:45
======= Epoch 3 =======
Loss: 0.9263.	LR: 0.0116
Standard Accuracy-	Test: 70.95%.
Inverse Adversarial Accuracy-	Train: 96.38%.
Time taken: 0:02:45
======= Epoch 4 =======
Loss: 0.8398.	LR: 0.0155
Standard Accuracy-	Test: 71.57%.
Inverse Adversarial Accuracy-	Train: 96.60%.
Time taken: 0:02:45
======= Epoch 5 =======
Loss: 0.7826.	LR: 0.0209
Standard Accuracy-	Test: 74.56%.
Inverse Adversarial Accuracy-	Train: 96.21%.
Time taken: 0:02:45
======= Epoch 6 =======
Loss: 0.7169.	LR: 0.0277
Standard Accuracy-	Test: 76.23%.
Inverse Adversarial Accuracy-	Train: 96.62%.
Time taken: 0:02:45
======= Epoch 7 =======
Loss: 0.6514.	LR: 0.0357
Standard Accuracy-	Test: 77.35%.
Inverse Adversarial Accuracy-	Train: 97.21%.
Time taken: 0:02:45
======= Epoch 8 =======
Loss: 0.6161.	LR: 0.0450
Standard Accuracy-	Test: 77.91%.
Inverse Adversarial Accuracy-	Train: 97.40%.
Time taken: 0:02:45
======= Epoch 9 =======
Loss: 0.5997.	LR: 0.0552
Standard Accuracy-	Test: 80.20%.
Inverse Adversarial Accuracy-	Train: 97.17%.
Time taken: 0:02:45
======= Epoch 10 =======
Loss: 0.5786.	LR: 0.0663
Standard Accuracy-	Test: 78.74%.
Inverse Adversarial Accuracy-	Train: 97.44%.
Time taken: 0:02:45
======= Epoch 11 =======
Loss: 0.5554.	LR: 0.0781
Standard Accuracy-	Test: 79.45%.
Inverse Adversarial Accuracy-	Train: 97.41%.
Time taken: 0:02:45
======= Epoch 12 =======
Loss: 0.5980.	LR: 0.0903
Standard Accuracy-	Test: 76.85%.
Inverse Adversarial Accuracy-	Train: 96.41%.
Time taken: 0:02:45
======= Epoch 13 =======
Loss: 0.5690.	LR: 0.1029
Standard Accuracy-	Test: 73.07%.
Inverse Adversarial Accuracy-	Train: 96.71%.
Time taken: 0:02:45
======= Epoch 14 =======
Loss: 0.5739.	LR: 0.1155
Standard Accuracy-	Test: 80.16%.
Inverse Adversarial Accuracy-	Train: 96.66%.
Time taken: 0:02:45
======= Epoch 15 =======
Loss: 0.5690.	LR: 0.1281
Standard Accuracy-	Test: 82.35%.
Inverse Adversarial Accuracy-	Train: 96.72%.
Time taken: 0:02:45
======= Epoch 16 =======
Loss: 0.5610.	LR: 0.1404
Standard Accuracy-	Test: 80.53%.
Inverse Adversarial Accuracy-	Train: 96.74%.
Time taken: 0:02:45
======= Epoch 17 =======
Loss: 0.5631.	LR: 0.1521
Standard Accuracy-	Test: 70.96%.
Inverse Adversarial Accuracy-	Train: 96.66%.
Time taken: 0:02:45
======= Epoch 18 =======
Loss: 0.5609.	LR: 0.1632
Standard Accuracy-	Test: 80.28%.
Inverse Adversarial Accuracy-	Train: 96.65%.
Time taken: 0:02:45
======= Epoch 19 =======
Loss: 0.5697.	LR: 0.1735
Standard Accuracy-	Test: 77.93%.
Inverse Adversarial Accuracy-	Train: 96.14%.
Time taken: 0:02:45
======= Epoch 20 =======
Loss: 0.5430.	LR: 0.1827
Standard Accuracy-	Test: 79.02%.
Inverse Adversarial Accuracy-	Train: 96.78%.
Time taken: 0:02:45
======= Epoch 21 =======
Loss: 0.5439.	LR: 0.1908
Standard Accuracy-	Test: 75.25%.
Inverse Adversarial Accuracy-	Train: 96.77%.
Time taken: 0:02:45
======= Epoch 22 =======
Loss: 0.5437.	LR: 0.1975
Standard Accuracy-	Test: 76.71%.
Inverse Adversarial Accuracy-	Train: 96.65%.
Time taken: 0:02:45
======= Epoch 23 =======
Loss: 0.5242.	LR: 0.2029
Standard Accuracy-	Test: 76.52%.
Inverse Adversarial Accuracy-	Train: 97.11%.
Time taken: 0:02:45
======= Epoch 24 =======
Loss: 0.5243.	LR: 0.2068
Standard Accuracy-	Test: 77.29%.
Inverse Adversarial Accuracy-	Train: 96.98%.
Time taken: 0:02:45
======= Epoch 25 =======
Loss: 0.5334.	LR: 0.2092
Standard Accuracy-	Test: 71.91%.
Inverse Adversarial Accuracy-	Train: 96.86%.
Time taken: 0:02:45
======= Epoch 26 =======
Loss: 0.5317.	LR: 0.2100
Standard Accuracy-	Test: 79.89%.
Inverse Adversarial Accuracy-	Train: 96.82%.
Time taken: 0:02:45
======= Epoch 27 =======
Loss: 0.5230.	LR: 0.2099
Standard Accuracy-	Test: 78.15%.
Inverse Adversarial Accuracy-	Train: 96.81%.
Time taken: 0:02:45
======= Epoch 28 =======
Loss: 0.5008.	LR: 0.2096
Standard Accuracy-	Test: 79.23%.
Inverse Adversarial Accuracy-	Train: 97.41%.
Time taken: 0:02:45
======= Epoch 29 =======
Loss: 0.4929.	LR: 0.2092
Standard Accuracy-	Test: 79.13%.
Inverse Adversarial Accuracy-	Train: 97.50%.
Time taken: 0:02:45
======= Epoch 30 =======
Loss: 0.5120.	LR: 0.2085
Standard Accuracy-	Test: 81.04%.
Inverse Adversarial Accuracy-	Train: 97.09%.	Test: 93.46%.
Time taken: 0:03:32
======= Epoch 31 =======
Loss: 0.5002.	LR: 0.2077
Standard Accuracy-	Test: 73.17%.
Inverse Adversarial Accuracy-	Train: 97.15%.
Time taken: 0:02:45
======= Epoch 32 =======
Loss: 0.5153.	LR: 0.2067
Standard Accuracy-	Test: 78.06%.
Inverse Adversarial Accuracy-	Train: 96.79%.
Time taken: 0:02:45
======= Epoch 33 =======
Loss: 0.5081.	LR: 0.2055
Standard Accuracy-	Test: 81.10%.
Inverse Adversarial Accuracy-	Train: 96.88%.
Time taken: 0:02:45
======= Epoch 34 =======
Loss: 0.4905.	LR: 0.2042
Standard Accuracy-	Test: 81.95%.
Inverse Adversarial Accuracy-	Train: 97.29%.
Time taken: 0:02:45
======= Epoch 35 =======
Loss: 0.4951.	LR: 0.2026
Standard Accuracy-	Test: 80.89%.
Inverse Adversarial Accuracy-	Train: 96.99%.
Time taken: 0:02:45
======= Epoch 36 =======
Loss: 0.4995.	LR: 0.2009
Standard Accuracy-	Test: 79.86%.
Inverse Adversarial Accuracy-	Train: 96.98%.
Time taken: 0:02:45
======= Epoch 37 =======
Loss: 0.5020.	LR: 0.1990
Standard Accuracy-	Test: 82.66%.
Inverse Adversarial Accuracy-	Train: 96.92%.
Time taken: 0:02:45
======= Epoch 38 =======
Loss: 0.4960.	LR: 0.1970
Standard Accuracy-	Test: 76.52%.
Inverse Adversarial Accuracy-	Train: 97.11%.
Time taken: 0:02:45
======= Epoch 39 =======
Loss: 0.4790.	LR: 0.1948
Standard Accuracy-	Test: 77.58%.
Inverse Adversarial Accuracy-	Train: 97.32%.
Time taken: 0:02:45
======= Epoch 40 =======
Loss: 0.4879.	LR: 0.1925
Standard Accuracy-	Test: 76.96%.
Inverse Adversarial Accuracy-	Train: 97.24%.
Time taken: 0:02:45
======= Epoch 41 =======
Loss: 0.4668.	LR: 0.1899
Standard Accuracy-	Test: 80.08%.
Inverse Adversarial Accuracy-	Train: 97.51%.
Time taken: 0:02:45
======= Epoch 42 =======
Loss: 0.4518.	LR: 0.1873
Standard Accuracy-	Test: 80.90%.
Inverse Adversarial Accuracy-	Train: 97.84%.
Time taken: 0:02:45
======= Epoch 43 =======
Loss: 0.4589.	LR: 0.1845
Standard Accuracy-	Test: 73.43%.
Inverse Adversarial Accuracy-	Train: 97.66%.
Time taken: 0:02:49
======= Epoch 44 =======
Loss: 0.4792.	LR: 0.1815
Standard Accuracy-	Test: 77.85%.
Inverse Adversarial Accuracy-	Train: 97.31%.
Time taken: 0:02:45
======= Epoch 45 =======
Loss: 0.4649.	LR: 0.1785
Standard Accuracy-	Test: 81.46%.
Inverse Adversarial Accuracy-	Train: 97.32%.
Time taken: 0:02:45
======= Epoch 46 =======
Loss: 0.4750.	LR: 0.1753
Standard Accuracy-	Test: 80.47%.
Inverse Adversarial Accuracy-	Train: 97.20%.
Time taken: 0:02:45
======= Epoch 47 =======
Loss: 0.4620.	LR: 0.1719
Standard Accuracy-	Test: 77.59%.
Inverse Adversarial Accuracy-	Train: 97.38%.
Time taken: 0:02:47
======= Epoch 48 =======
Loss: 0.4577.	LR: 0.1685
Standard Accuracy-	Test: 81.05%.
Inverse Adversarial Accuracy-	Train: 97.53%.
Time taken: 0:02:45
======= Epoch 49 =======
Loss: 0.4454.	LR: 0.1649
Standard Accuracy-	Test: 75.81%.
Inverse Adversarial Accuracy-	Train: 97.64%.
Time taken: 0:02:45
======= Epoch 50 =======
Loss: 0.4354.	LR: 0.1613
Standard Accuracy-	Test: 79.62%.
Inverse Adversarial Accuracy-	Train: 97.86%.
Time taken: 0:02:45
======= Epoch 51 =======
Loss: 0.4274.	LR: 0.1575
Standard Accuracy-	Test: 80.37%.
Inverse Adversarial Accuracy-	Train: 98.18%.
Time taken: 0:02:45
======= Epoch 52 =======
Loss: 0.4378.	LR: 0.1536
Standard Accuracy-	Test: 82.82%.
Inverse Adversarial Accuracy-	Train: 97.84%.
Time taken: 0:02:45
======= Epoch 53 =======
Loss: 0.4488.	LR: 0.1497
Standard Accuracy-	Test: 74.28%.
Inverse Adversarial Accuracy-	Train: 97.51%.
Time taken: 0:02:46
======= Epoch 54 =======
Loss: 0.4214.	LR: 0.1457
Standard Accuracy-	Test: 82.97%.
Inverse Adversarial Accuracy-	Train: 97.89%.
Time taken: 0:02:45
======= Epoch 55 =======
Loss: 0.4180.	LR: 0.1416
Standard Accuracy-	Test: 77.00%.
Inverse Adversarial Accuracy-	Train: 98.07%.
Time taken: 0:02:45
======= Epoch 56 =======
Loss: 0.4141.	LR: 0.1374
Standard Accuracy-	Test: 81.89%.
Inverse Adversarial Accuracy-	Train: 97.85%.
Time taken: 0:02:45
======= Epoch 57 =======
Loss: 0.4063.	LR: 0.1332
Standard Accuracy-	Test: 84.53%.
Inverse Adversarial Accuracy-	Train: 98.17%.
Time taken: 0:02:45
======= Epoch 58 =======
Loss: 0.4071.	LR: 0.1290
Standard Accuracy-	Test: 78.35%.
Inverse Adversarial Accuracy-	Train: 98.05%.
Time taken: 0:02:45
======= Epoch 59 =======
Loss: 0.3894.	LR: 0.1247
Standard Accuracy-	Test: 84.28%.
Inverse Adversarial Accuracy-	Train: 98.27%.
Time taken: 0:02:45
======= Epoch 60 =======
Loss: 0.3806.	LR: 0.1203
Standard Accuracy-	Test: 80.29%.
Inverse Adversarial Accuracy-	Train: 98.60%.	Test: 96.01%.
Time taken: 0:03:32
======= Epoch 61 =======
Loss: 0.3847.	LR: 0.1160
Standard Accuracy-	Test: 83.98%.
Inverse Adversarial Accuracy-	Train: 98.42%.
Time taken: 0:02:45
======= Epoch 62 =======
Loss: 0.3846.	LR: 0.1116
Standard Accuracy-	Test: 85.47%.
Inverse Adversarial Accuracy-	Train: 98.33%.
Time taken: 0:02:45
======= Epoch 63 =======
Loss: 0.3720.	LR: 0.1072
Standard Accuracy-	Test: 79.84%.
Inverse Adversarial Accuracy-	Train: 98.52%.
Time taken: 0:02:45
======= Epoch 64 =======
Loss: 0.3644.	LR: 0.1028
Standard Accuracy-	Test: 81.22%.
Inverse Adversarial Accuracy-	Train: 98.54%.
Time taken: 0:02:45
======= Epoch 65 =======
Loss: 0.3694.	LR: 0.0984
Standard Accuracy-	Test: 85.63%.
Inverse Adversarial Accuracy-	Train: 98.50%.
Time taken: 0:02:45
======= Epoch 66 =======
Loss: 0.3567.	LR: 0.0940
Standard Accuracy-	Test: 86.93%.
Inverse Adversarial Accuracy-	Train: 98.64%.
Time taken: 0:02:45
======= Epoch 67 =======
Loss: 0.3453.	LR: 0.0897
Standard Accuracy-	Test: 84.26%.
Inverse Adversarial Accuracy-	Train: 98.61%.
Time taken: 0:02:45
======= Epoch 68 =======
Loss: 0.3318.	LR: 0.0853
Standard Accuracy-	Test: 83.61%.
Inverse Adversarial Accuracy-	Train: 98.84%.
Time taken: 0:02:45
======= Epoch 69 =======
Loss: 0.3381.	LR: 0.0810
Standard Accuracy-	Test: 87.75%.
Inverse Adversarial Accuracy-	Train: 98.69%.
Time taken: 0:02:45
======= Epoch 70 =======
Loss: 0.3295.	LR: 0.0768
Standard Accuracy-	Test: 84.91%.
Inverse Adversarial Accuracy-	Train: 98.78%.
Time taken: 0:02:45
======= Epoch 71 =======
Loss: 0.3096.	LR: 0.0725
Standard Accuracy-	Test: 87.87%.
Inverse Adversarial Accuracy-	Train: 99.05%.
Time taken: 0:02:45
======= Epoch 72 =======
Loss: 0.3055.	LR: 0.0684
Standard Accuracy-	Test: 84.72%.
Inverse Adversarial Accuracy-	Train: 99.04%.
Time taken: 0:02:45
======= Epoch 73 =======
Loss: 0.2995.	LR: 0.0643
Standard Accuracy-	Test: 88.17%.
Inverse Adversarial Accuracy-	Train: 99.00%.
Time taken: 0:02:45
======= Epoch 74 =======
Loss: 0.2893.	LR: 0.0603
Standard Accuracy-	Test: 84.48%.
Inverse Adversarial Accuracy-	Train: 99.14%.
Time taken: 0:02:45
======= Epoch 75 =======
Loss: 0.2801.	LR: 0.0563
Standard Accuracy-	Test: 85.81%.
Inverse Adversarial Accuracy-	Train: 99.11%.
Time taken: 0:02:45
======= Epoch 76 =======
Loss: 0.2781.	LR: 0.0525
Standard Accuracy-	Test: 85.92%.
Inverse Adversarial Accuracy-	Train: 99.10%.
Time taken: 0:02:45
======= Epoch 77 =======
Loss: 0.2626.	LR: 0.0487
Standard Accuracy-	Test: 86.63%.
Inverse Adversarial Accuracy-	Train: 99.17%.
Time taken: 0:02:45
======= Epoch 78 =======
Loss: 0.2498.	LR: 0.0451
Standard Accuracy-	Test: 88.74%.
Inverse Adversarial Accuracy-	Train: 99.28%.
Time taken: 0:02:45
======= Epoch 79 =======
Loss: 0.2341.	LR: 0.0415
Standard Accuracy-	Test: 88.08%.
Inverse Adversarial Accuracy-	Train: 99.33%.
Time taken: 0:02:45
======= Epoch 80 =======
Loss: 0.2298.	LR: 0.0381
Standard Accuracy-	Test: 88.21%.
Inverse Adversarial Accuracy-	Train: 99.31%.
Time taken: 0:02:45
======= Epoch 81 =======
Loss: 0.2132.	LR: 0.0347
Standard Accuracy-	Test: 86.88%.
Inverse Adversarial Accuracy-	Train: 99.42%.
Time taken: 0:02:45
======= Epoch 82 =======
Loss: 0.1968.	LR: 0.0315
Standard Accuracy-	Test: 90.02%.
Inverse Adversarial Accuracy-	Train: 99.55%.
Time taken: 0:02:45
======= Epoch 83 =======
Loss: 0.1810.	LR: 0.0285
Standard Accuracy-	Test: 89.12%.
Inverse Adversarial Accuracy-	Train: 99.63%.
Time taken: 0:02:45
======= Epoch 84 =======
Loss: 0.1744.	LR: 0.0255
Standard Accuracy-	Test: 89.58%.
Inverse Adversarial Accuracy-	Train: 99.58%.
Time taken: 0:02:44
======= Epoch 85 =======
Loss: 0.1620.	LR: 0.0227
Standard Accuracy-	Test: 90.25%.
Inverse Adversarial Accuracy-	Train: 99.58%.
Time taken: 0:02:45
======= Epoch 86 =======
Loss: 0.1402.	LR: 0.0200
Standard Accuracy-	Test: 89.64%.
Inverse Adversarial Accuracy-	Train: 99.67%.
Time taken: 0:02:45
======= Epoch 87 =======
Loss: 0.1224.	LR: 0.0175
Standard Accuracy-	Test: 90.87%.
Inverse Adversarial Accuracy-	Train: 99.78%.
Time taken: 0:02:44
======= Epoch 88 =======
Loss: 0.1069.	LR: 0.0152
Standard Accuracy-	Test: 91.22%.
Inverse Adversarial Accuracy-	Train: 99.85%.
Time taken: 0:02:45
======= Epoch 89 =======
Loss: 0.0898.	LR: 0.0130
Standard Accuracy-	Test: 92.38%.
Inverse Adversarial Accuracy-	Train: 99.86%.
Time taken: 0:02:45
======= Epoch 90 =======
Loss: 0.0761.	LR: 0.0109
Standard Accuracy-	Test: 92.43%.
Inverse Adversarial Accuracy-	Train: 99.90%.	Test: 99.13%.
Time taken: 0:03:32
======= Epoch 91 =======
Loss: 0.0584.	LR: 0.0091
Standard Accuracy-	Test: 92.63%.
Inverse Adversarial Accuracy-	Train: 99.91%.	Test: 98.85%.
Time taken: 0:03:32
======= Epoch 92 =======
Loss: 0.0468.	LR: 0.0074
Standard Accuracy-	Test: 92.86%.
Inverse Adversarial Accuracy-	Train: 99.95%.	Test: 99.16%.
Time taken: 0:03:34
======= Epoch 93 =======
Loss: 0.0351.	LR: 0.0058
Standard Accuracy-	Test: 93.04%.
Inverse Adversarial Accuracy-	Train: 99.95%.	Test: 99.13%.
Time taken: 0:03:32
======= Epoch 94 =======
Loss: 0.0270.	LR: 0.0045
Standard Accuracy-	Test: 93.46%.
Inverse Adversarial Accuracy-	Train: 99.94%.	Test: 99.16%.
Time taken: 0:03:32
======= Epoch 95 =======
Loss: 0.0172.	LR: 0.0033
Standard Accuracy-	Test: 93.36%.
Inverse Adversarial Accuracy-	Train: 99.98%.	Test: 99.53%.
Time taken: 0:03:34
======= Epoch 96 =======
Loss: 0.0131.	LR: 0.0023
Standard Accuracy-	Test: 94.00%.
Inverse Adversarial Accuracy-	Train: 99.97%.	Test: 99.29%.
Time taken: 0:03:32
======= Epoch 97 =======
Loss: 0.0107.	LR: 0.0015
Standard Accuracy-	Test: 93.94%.
Inverse Adversarial Accuracy-	Train: 99.98%.	Test: 99.46%.
Time taken: 0:03:32
======= Epoch 98 =======
Loss: 0.0093.	LR: 0.0008
Standard Accuracy-	Test: 94.07%.
Inverse Adversarial Accuracy-	Train: 99.98%.	Test: 99.47%.
Time taken: 0:03:32
======= Epoch 99 =======
Loss: 0.0085.	LR: 0.0004
Standard Accuracy-	Test: 94.05%.
Inverse Adversarial Accuracy-	Train: 99.99%.	Test: 99.50%.
Time taken: 0:03:34
======= Epoch 100 =======
Loss: 0.0078.	LR: 0.0001
Standard Accuracy-	Test: 94.16%.
Inverse Adversarial Accuracy-	Train: 99.99%.	Test: 99.37%.
Time taken: 0:03:32

Training completed.
Standard Accuracy-	Train: 99.58%.	Test: 94.16%.
Inverse Adversarial Accuracy-	Train: 99.99%.	Test: 99.37%.
Script Completed.
