Using device: cuda
using standard version including apgd-ce, apgd-t, fab-t, square.
initial accuracy: 94.61%
apgd-ce - 1/37 - 229 out of 256 successfully perturbed
apgd-ce - 2/37 - 236 out of 256 successfully perturbed
apgd-ce - 3/37 - 237 out of 256 successfully perturbed
apgd-ce - 4/37 - 241 out of 256 successfully perturbed
apgd-ce - 5/37 - 235 out of 256 successfully perturbed
apgd-ce - 6/37 - 235 out of 256 successfully perturbed
apgd-ce - 7/37 - 234 out of 256 successfully perturbed
apgd-ce - 8/37 - 239 out of 256 successfully perturbed
apgd-ce - 9/37 - 233 out of 256 successfully perturbed
apgd-ce - 10/37 - 238 out of 256 successfully perturbed
apgd-ce - 11/37 - 238 out of 256 successfully perturbed
apgd-ce - 12/37 - 231 out of 256 successfully perturbed
apgd-ce - 13/37 - 232 out of 256 successfully perturbed
apgd-ce - 14/37 - 232 out of 256 successfully perturbed
apgd-ce - 15/37 - 237 out of 256 successfully perturbed
apgd-ce - 16/37 - 223 out of 256 successfully perturbed
apgd-ce - 17/37 - 237 out of 256 successfully perturbed
apgd-ce - 18/37 - 225 out of 256 successfully perturbed
apgd-ce - 19/37 - 239 out of 256 successfully perturbed
apgd-ce - 20/37 - 239 out of 256 successfully perturbed
apgd-ce - 21/37 - 237 out of 256 successfully perturbed
apgd-ce - 22/37 - 239 out of 256 successfully perturbed
apgd-ce - 23/37 - 228 out of 256 successfully perturbed
apgd-ce - 24/37 - 241 out of 256 successfully perturbed
apgd-ce - 25/37 - 237 out of 256 successfully perturbed
apgd-ce - 26/37 - 239 out of 256 successfully perturbed
apgd-ce - 27/37 - 237 out of 256 successfully perturbed
apgd-ce - 28/37 - 232 out of 256 successfully perturbed
apgd-ce - 29/37 - 238 out of 256 successfully perturbed
apgd-ce - 30/37 - 244 out of 256 successfully perturbed
apgd-ce - 31/37 - 241 out of 256 successfully perturbed
apgd-ce - 32/37 - 232 out of 256 successfully perturbed
apgd-ce - 33/37 - 235 out of 256 successfully perturbed
apgd-ce - 34/37 - 240 out of 256 successfully perturbed
apgd-ce - 35/37 - 238 out of 256 successfully perturbed
apgd-ce - 36/37 - 227 out of 256 successfully perturbed
apgd-ce - 37/37 - 230 out of 245 successfully perturbed
robust accuracy after APGD-CE: 7.56% (total time 393.0 s)
apgd-t - 1/3 - 29 out of 256 successfully perturbed
apgd-t - 2/3 - 24 out of 256 successfully perturbed
apgd-t - 3/3 - 26 out of 244 successfully perturbed
robust accuracy after APGD-T: 6.77% (total time 667.3 s)
fab-t - 1/3 - 0 out of 256 successfully perturbed
fab-t - 2/3 - 0 out of 256 successfully perturbed
fab-t - 3/3 - 0 out of 165 successfully perturbed
robust accuracy after FAB-T: 6.77% (total time 994.9 s)
square - 1/3 - 0 out of 256 successfully perturbed
square - 2/3 - 0 out of 256 successfully perturbed
square - 3/3 - 0 out of 165 successfully perturbed
robust accuracy after SQUARE: 6.77% (total time 1295.8 s)
max Linf perturbation: 0.01569, nan in tensor: 0, max: 1.00000, min: 0.00000
robust accuracy: 6.77%
