Using device: cuda
using standard version including apgd-ce, apgd-t, fab-t, square.
initial accuracy: 87.33%
apgd-ce - 1/35 - 139 out of 256 successfully perturbed
apgd-ce - 2/35 - 127 out of 256 successfully perturbed
apgd-ce - 3/35 - 128 out of 256 successfully perturbed
apgd-ce - 4/35 - 114 out of 256 successfully perturbed
apgd-ce - 5/35 - 124 out of 256 successfully perturbed
apgd-ce - 6/35 - 123 out of 256 successfully perturbed
apgd-ce - 7/35 - 119 out of 256 successfully perturbed
apgd-ce - 8/35 - 125 out of 256 successfully perturbed
apgd-ce - 9/35 - 134 out of 256 successfully perturbed
apgd-ce - 10/35 - 112 out of 256 successfully perturbed
apgd-ce - 11/35 - 119 out of 256 successfully perturbed
apgd-ce - 12/35 - 123 out of 256 successfully perturbed
apgd-ce - 13/35 - 127 out of 256 successfully perturbed
apgd-ce - 14/35 - 120 out of 256 successfully perturbed
apgd-ce - 15/35 - 114 out of 256 successfully perturbed
apgd-ce - 16/35 - 131 out of 256 successfully perturbed
apgd-ce - 17/35 - 122 out of 256 successfully perturbed
apgd-ce - 18/35 - 139 out of 256 successfully perturbed
apgd-ce - 19/35 - 130 out of 256 successfully perturbed
apgd-ce - 20/35 - 128 out of 256 successfully perturbed
apgd-ce - 21/35 - 133 out of 256 successfully perturbed
apgd-ce - 22/35 - 126 out of 256 successfully perturbed
apgd-ce - 23/35 - 138 out of 256 successfully perturbed
apgd-ce - 24/35 - 130 out of 256 successfully perturbed
apgd-ce - 25/35 - 124 out of 256 successfully perturbed
apgd-ce - 26/35 - 127 out of 256 successfully perturbed
apgd-ce - 27/35 - 126 out of 256 successfully perturbed
apgd-ce - 28/35 - 123 out of 256 successfully perturbed
apgd-ce - 29/35 - 138 out of 256 successfully perturbed
apgd-ce - 30/35 - 140 out of 256 successfully perturbed
apgd-ce - 31/35 - 121 out of 256 successfully perturbed
apgd-ce - 32/35 - 123 out of 256 successfully perturbed
apgd-ce - 33/35 - 113 out of 256 successfully perturbed
apgd-ce - 34/35 - 120 out of 256 successfully perturbed
apgd-ce - 35/35 - 12 out of 29 successfully perturbed
robust accuracy after APGD-CE: 44.41% (total time 362.0 s)
apgd-t - 1/18 - 9 out of 256 successfully perturbed
apgd-t - 2/18 - 4 out of 256 successfully perturbed
apgd-t - 3/18 - 8 out of 256 successfully perturbed
apgd-t - 4/18 - 8 out of 256 successfully perturbed
apgd-t - 5/18 - 12 out of 256 successfully perturbed
apgd-t - 6/18 - 12 out of 256 successfully perturbed
apgd-t - 7/18 - 8 out of 256 successfully perturbed
apgd-t - 8/18 - 12 out of 256 successfully perturbed
apgd-t - 9/18 - 4 out of 256 successfully perturbed
apgd-t - 10/18 - 6 out of 256 successfully perturbed
apgd-t - 11/18 - 11 out of 256 successfully perturbed
apgd-t - 12/18 - 9 out of 256 successfully perturbed
apgd-t - 13/18 - 3 out of 256 successfully perturbed
apgd-t - 14/18 - 8 out of 256 successfully perturbed
apgd-t - 15/18 - 10 out of 256 successfully perturbed
apgd-t - 16/18 - 10 out of 256 successfully perturbed
apgd-t - 17/18 - 9 out of 256 successfully perturbed
apgd-t - 18/18 - 2 out of 89 successfully perturbed
robust accuracy after APGD-T: 42.96% (total time 2038.0 s)
fab-t - 1/17 - 0 out of 256 successfully perturbed
fab-t - 2/17 - 0 out of 256 successfully perturbed
fab-t - 3/17 - 1 out of 256 successfully perturbed
fab-t - 4/17 - 0 out of 256 successfully perturbed
fab-t - 5/17 - 0 out of 256 successfully perturbed
fab-t - 6/17 - 0 out of 256 successfully perturbed
fab-t - 7/17 - 0 out of 256 successfully perturbed
fab-t - 8/17 - 0 out of 256 successfully perturbed
fab-t - 9/17 - 0 out of 256 successfully perturbed
fab-t - 10/17 - 0 out of 256 successfully perturbed
fab-t - 11/17 - 0 out of 256 successfully perturbed
fab-t - 12/17 - 0 out of 256 successfully perturbed
fab-t - 13/17 - 0 out of 256 successfully perturbed
fab-t - 14/17 - 0 out of 256 successfully perturbed
fab-t - 15/17 - 0 out of 256 successfully perturbed
fab-t - 16/17 - 0 out of 256 successfully perturbed
fab-t - 17/17 - 0 out of 200 successfully perturbed
robust accuracy after FAB-T: 42.95% (total time 4064.1 s)
square - 1/17 - 0 out of 256 successfully perturbed
square - 2/17 - 0 out of 256 successfully perturbed
square - 3/17 - 0 out of 256 successfully perturbed
square - 4/17 - 0 out of 256 successfully perturbed
square - 5/17 - 0 out of 256 successfully perturbed
square - 6/17 - 0 out of 256 successfully perturbed
square - 7/17 - 0 out of 256 successfully perturbed
square - 8/17 - 0 out of 256 successfully perturbed
square - 9/17 - 0 out of 256 successfully perturbed
square - 10/17 - 0 out of 256 successfully perturbed
square - 11/17 - 0 out of 256 successfully perturbed
square - 12/17 - 0 out of 256 successfully perturbed
square - 13/17 - 0 out of 256 successfully perturbed
square - 14/17 - 0 out of 256 successfully perturbed
square - 15/17 - 0 out of 256 successfully perturbed
square - 16/17 - 0 out of 256 successfully perturbed
square - 17/17 - 0 out of 199 successfully perturbed
robust accuracy after SQUARE: 42.95% (total time 5917.6 s)
max Linf perturbation: 0.03137, nan in tensor: 0, max: 1.00000, min: 0.00000
robust accuracy: 42.95%
