Using device: cuda
using standard version including apgd-ce, apgd-t, fab-t, square.
initial accuracy: 82.60%
apgd-ce - 1/33 - 107 out of 256 successfully perturbed
apgd-ce - 2/33 - 98 out of 256 successfully perturbed
apgd-ce - 3/33 - 106 out of 256 successfully perturbed
apgd-ce - 4/33 - 85 out of 256 successfully perturbed
apgd-ce - 5/33 - 93 out of 256 successfully perturbed
apgd-ce - 6/33 - 97 out of 256 successfully perturbed
apgd-ce - 7/33 - 102 out of 256 successfully perturbed
apgd-ce - 8/33 - 94 out of 256 successfully perturbed
apgd-ce - 9/33 - 103 out of 256 successfully perturbed
apgd-ce - 10/33 - 97 out of 256 successfully perturbed
apgd-ce - 11/33 - 93 out of 256 successfully perturbed
apgd-ce - 12/33 - 90 out of 256 successfully perturbed
apgd-ce - 13/33 - 103 out of 256 successfully perturbed
apgd-ce - 14/33 - 97 out of 256 successfully perturbed
apgd-ce - 15/33 - 103 out of 256 successfully perturbed
apgd-ce - 16/33 - 91 out of 256 successfully perturbed
apgd-ce - 17/33 - 106 out of 256 successfully perturbed
apgd-ce - 18/33 - 114 out of 256 successfully perturbed
apgd-ce - 19/33 - 92 out of 256 successfully perturbed
apgd-ce - 20/33 - 98 out of 256 successfully perturbed
apgd-ce - 21/33 - 98 out of 256 successfully perturbed
apgd-ce - 22/33 - 98 out of 256 successfully perturbed
apgd-ce - 23/33 - 104 out of 256 successfully perturbed
apgd-ce - 24/33 - 100 out of 256 successfully perturbed
apgd-ce - 25/33 - 94 out of 256 successfully perturbed
apgd-ce - 26/33 - 96 out of 256 successfully perturbed
apgd-ce - 27/33 - 113 out of 256 successfully perturbed
apgd-ce - 28/33 - 106 out of 256 successfully perturbed
apgd-ce - 29/33 - 86 out of 256 successfully perturbed
apgd-ce - 30/33 - 89 out of 256 successfully perturbed
apgd-ce - 31/33 - 103 out of 256 successfully perturbed
apgd-ce - 32/33 - 100 out of 256 successfully perturbed
apgd-ce - 33/33 - 17 out of 68 successfully perturbed
robust accuracy after APGD-CE: 50.87% (total time 375.9 s)
apgd-t - 1/20 - 7 out of 256 successfully perturbed
apgd-t - 2/20 - 11 out of 256 successfully perturbed
apgd-t - 3/20 - 26 out of 256 successfully perturbed
apgd-t - 4/20 - 13 out of 256 successfully perturbed
apgd-t - 5/20 - 11 out of 256 successfully perturbed
apgd-t - 6/20 - 12 out of 256 successfully perturbed
apgd-t - 7/20 - 10 out of 256 successfully perturbed
apgd-t - 8/20 - 10 out of 256 successfully perturbed
apgd-t - 9/20 - 10 out of 256 successfully perturbed
apgd-t - 10/20 - 14 out of 256 successfully perturbed
apgd-t - 11/20 - 12 out of 256 successfully perturbed
apgd-t - 12/20 - 17 out of 256 successfully perturbed
apgd-t - 13/20 - 11 out of 256 successfully perturbed
apgd-t - 14/20 - 14 out of 256 successfully perturbed
apgd-t - 15/20 - 15 out of 256 successfully perturbed
apgd-t - 16/20 - 9 out of 256 successfully perturbed
apgd-t - 17/20 - 15 out of 256 successfully perturbed
apgd-t - 18/20 - 19 out of 256 successfully perturbed
apgd-t - 19/20 - 8 out of 256 successfully perturbed
apgd-t - 20/20 - 10 out of 223 successfully perturbed
robust accuracy after APGD-T: 48.33% (total time 2306.8 s)
fab-t - 1/19 - 0 out of 256 successfully perturbed
fab-t - 2/19 - 0 out of 256 successfully perturbed
fab-t - 3/19 - 0 out of 256 successfully perturbed
fab-t - 4/19 - 0 out of 256 successfully perturbed
fab-t - 5/19 - 0 out of 256 successfully perturbed
fab-t - 6/19 - 0 out of 256 successfully perturbed
fab-t - 7/19 - 0 out of 256 successfully perturbed
fab-t - 8/19 - 0 out of 256 successfully perturbed
fab-t - 9/19 - 0 out of 256 successfully perturbed
fab-t - 10/19 - 0 out of 256 successfully perturbed
fab-t - 11/19 - 0 out of 256 successfully perturbed
fab-t - 12/19 - 0 out of 256 successfully perturbed
fab-t - 13/19 - 0 out of 256 successfully perturbed
fab-t - 14/19 - 0 out of 256 successfully perturbed
fab-t - 15/19 - 0 out of 256 successfully perturbed
fab-t - 16/19 - 0 out of 256 successfully perturbed
fab-t - 17/19 - 0 out of 256 successfully perturbed
fab-t - 18/19 - 0 out of 256 successfully perturbed
fab-t - 19/19 - 0 out of 225 successfully perturbed
robust accuracy after FAB-T: 48.33% (total time 4617.3 s)
square - 1/19 - 0 out of 256 successfully perturbed
square - 2/19 - 0 out of 256 successfully perturbed
square - 3/19 - 0 out of 256 successfully perturbed
square - 4/19 - 0 out of 256 successfully perturbed
square - 5/19 - 0 out of 256 successfully perturbed
square - 6/19 - 0 out of 256 successfully perturbed
square - 7/19 - 0 out of 256 successfully perturbed
square - 8/19 - 0 out of 256 successfully perturbed
square - 9/19 - 0 out of 256 successfully perturbed
square - 10/19 - 0 out of 256 successfully perturbed
square - 11/19 - 0 out of 256 successfully perturbed
square - 12/19 - 0 out of 256 successfully perturbed
square - 13/19 - 0 out of 256 successfully perturbed
square - 14/19 - 0 out of 256 successfully perturbed
square - 15/19 - 0 out of 256 successfully perturbed
square - 16/19 - 0 out of 256 successfully perturbed
square - 17/19 - 0 out of 256 successfully perturbed
square - 18/19 - 0 out of 256 successfully perturbed
square - 19/19 - 0 out of 225 successfully perturbed
robust accuracy after SQUARE: 48.33% (total time 6763.2 s)
max Linf perturbation: 0.03137, nan in tensor: 0, max: 1.00000, min: 0.00000
robust accuracy: 48.33%
