Using device: cuda



Standard training for 0 epochs



Standard Accuracy-	Test: 9.257812%.
Adversarial training for 100 epochs
======= Epoch 1 =======
Loss: 2.0658.	LR: 0.0084
Standard Accuracy-	Test: 34.71%.
Adversarial Accuracy-	Train: 22.63%.
Time taken: 0:02:22
======= Epoch 2 =======
Loss: 1.9599.	LR: 0.0092
Standard Accuracy-	Test: 43.68%.
Adversarial Accuracy-	Train: 26.06%.
Time taken: 0:02:22
======= Epoch 3 =======
Loss: 1.8963.	LR: 0.0116
Standard Accuracy-	Test: 49.18%.
Adversarial Accuracy-	Train: 28.45%.
Time taken: 0:02:22
======= Epoch 4 =======
Loss: 1.8452.	LR: 0.0155
Standard Accuracy-	Test: 51.95%.
Adversarial Accuracy-	Train: 30.22%.
Time taken: 0:02:22
======= Epoch 5 =======
Loss: 1.7989.	LR: 0.0209
Standard Accuracy-	Test: 53.54%.
Adversarial Accuracy-	Train: 31.99%.
Time taken: 0:02:22
======= Epoch 6 =======
Loss: 1.7549.	LR: 0.0277
Standard Accuracy-	Test: 54.76%.
Adversarial Accuracy-	Train: 33.77%.
Time taken: 0:02:22
======= Epoch 7 =======
Loss: 1.7187.	LR: 0.0357
Standard Accuracy-	Test: 56.54%.
Adversarial Accuracy-	Train: 35.28%.
Time taken: 0:02:22
======= Epoch 8 =======
Loss: 1.6899.	LR: 0.0450
Standard Accuracy-	Test: 61.36%.
Adversarial Accuracy-	Train: 36.29%.
Time taken: 0:02:22
======= Epoch 9 =======
Loss: 1.6620.	LR: 0.0552
Standard Accuracy-	Test: 58.54%.
Adversarial Accuracy-	Train: 37.45%.
Time taken: 0:02:22
======= Epoch 10 =======
Loss: 1.6401.	LR: 0.0663
Standard Accuracy-	Test: 57.40%.
Adversarial Accuracy-	Train: 38.59%.
Time taken: 0:02:22
======= Epoch 11 =======
Loss: 1.6181.	LR: 0.0781
Standard Accuracy-	Test: 61.30%.
Adversarial Accuracy-	Train: 39.18%.
Time taken: 0:02:22
======= Epoch 12 =======
Loss: 1.6018.	LR: 0.0903
Standard Accuracy-	Test: 63.75%.
Adversarial Accuracy-	Train: 39.90%.
Time taken: 0:02:22
======= Epoch 13 =======
Loss: 1.5886.	LR: 0.1029
Standard Accuracy-	Test: 63.84%.
Adversarial Accuracy-	Train: 40.55%.
Time taken: 0:02:22
======= Epoch 14 =======
Loss: 1.5832.	LR: 0.1155
Standard Accuracy-	Test: 62.26%.
Adversarial Accuracy-	Train: 40.72%.
Time taken: 0:02:22
======= Epoch 15 =======
Loss: 1.5747.	LR: 0.1281
Standard Accuracy-	Test: 65.53%.
Adversarial Accuracy-	Train: 40.86%.
Time taken: 0:02:22
======= Epoch 16 =======
Loss: 1.5674.	LR: 0.1404
Standard Accuracy-	Test: 65.50%.
Adversarial Accuracy-	Train: 41.08%.
Time taken: 0:02:22
======= Epoch 17 =======
Loss: 1.5619.	LR: 0.1521
Standard Accuracy-	Test: 63.32%.
Adversarial Accuracy-	Train: 41.49%.
Time taken: 0:02:22
======= Epoch 18 =======
Loss: 1.5553.	LR: 0.1632
Standard Accuracy-	Test: 65.33%.
Adversarial Accuracy-	Train: 41.57%.
Time taken: 0:02:22
======= Epoch 19 =======
Loss: 1.5502.	LR: 0.1735
Standard Accuracy-	Test: 63.44%.
Adversarial Accuracy-	Train: 41.81%.
Time taken: 0:02:21
======= Epoch 20 =======
Loss: 1.5463.	LR: 0.1827
Standard Accuracy-	Test: 65.55%.
Adversarial Accuracy-	Train: 42.05%.
Time taken: 0:02:22
======= Epoch 21 =======
Loss: 1.5410.	LR: 0.1908
Standard Accuracy-	Test: 66.98%.
Adversarial Accuracy-	Train: 42.12%.
Time taken: 0:02:22
======= Epoch 22 =======
Loss: 1.5352.	LR: 0.1975
Standard Accuracy-	Test: 69.35%.
Adversarial Accuracy-	Train: 42.41%.
Time taken: 0:02:22
======= Epoch 23 =======
Loss: 1.5319.	LR: 0.2029
Standard Accuracy-	Test: 66.46%.
Adversarial Accuracy-	Train: 42.41%.
Time taken: 0:02:21
======= Epoch 24 =======
Loss: 1.5271.	LR: 0.2068
Standard Accuracy-	Test: 70.06%.
Adversarial Accuracy-	Train: 42.70%.
Time taken: 0:02:21
======= Epoch 25 =======
Loss: 1.5233.	LR: 0.2092
Standard Accuracy-	Test: 65.91%.
Adversarial Accuracy-	Train: 42.78%.
Time taken: 0:02:22
======= Epoch 26 =======
Loss: 1.5180.	LR: 0.2100
Standard Accuracy-	Test: 63.77%.
Adversarial Accuracy-	Train: 43.22%.
Time taken: 0:02:22
======= Epoch 27 =======
Loss: 1.5194.	LR: 0.2099
Standard Accuracy-	Test: 69.91%.
Adversarial Accuracy-	Train: 43.05%.
Time taken: 0:02:22
======= Epoch 28 =======
Loss: 1.5128.	LR: 0.2096
Standard Accuracy-	Test: 68.06%.
Adversarial Accuracy-	Train: 43.35%.
Time taken: 0:02:22
======= Epoch 29 =======
Loss: 1.5094.	LR: 0.2092
Standard Accuracy-	Test: 64.55%.
Adversarial Accuracy-	Train: 43.41%.
Time taken: 0:02:22
======= Epoch 30 =======
Loss: 1.5062.	LR: 0.2085
Standard Accuracy-	Test: 71.30%.
Adversarial Accuracy-	Train: 43.48%.	Test: 38.22%.
Time taken: 0:03:09
======= Epoch 31 =======
Loss: 1.5059.	LR: 0.2077
Standard Accuracy-	Test: 68.30%.
Adversarial Accuracy-	Train: 43.53%.
Time taken: 0:02:22
======= Epoch 32 =======
Loss: 1.5002.	LR: 0.2067
Standard Accuracy-	Test: 67.96%.
Adversarial Accuracy-	Train: 43.83%.
Time taken: 0:02:22
======= Epoch 33 =======
Loss: 1.4999.	LR: 0.2055
Standard Accuracy-	Test: 65.86%.
Adversarial Accuracy-	Train: 43.86%.
Time taken: 0:02:21
======= Epoch 34 =======
Loss: 1.4965.	LR: 0.2042
Standard Accuracy-	Test: 67.88%.
Adversarial Accuracy-	Train: 43.78%.
Time taken: 0:02:22
======= Epoch 35 =======
Loss: 1.4928.	LR: 0.2026
Standard Accuracy-	Test: 71.45%.
Adversarial Accuracy-	Train: 43.83%.
Time taken: 0:02:21
======= Epoch 36 =======
Loss: 1.4919.	LR: 0.2009
Standard Accuracy-	Test: 69.62%.
Adversarial Accuracy-	Train: 44.22%.
Time taken: 0:02:22
======= Epoch 37 =======
Loss: 1.4916.	LR: 0.1990
Standard Accuracy-	Test: 70.05%.
Adversarial Accuracy-	Train: 44.13%.
Time taken: 0:02:22
======= Epoch 38 =======
Loss: 1.4833.	LR: 0.1970
Standard Accuracy-	Test: 66.51%.
Adversarial Accuracy-	Train: 44.45%.
Time taken: 0:02:22
======= Epoch 39 =======
Loss: 1.4830.	LR: 0.1948
Standard Accuracy-	Test: 71.63%.
Adversarial Accuracy-	Train: 44.42%.
Time taken: 0:02:21
======= Epoch 40 =======
Loss: 1.4819.	LR: 0.1925
Standard Accuracy-	Test: 70.45%.
Adversarial Accuracy-	Train: 44.31%.
Time taken: 0:02:22
======= Epoch 41 =======
Loss: 1.4751.	LR: 0.1899
Standard Accuracy-	Test: 66.98%.
Adversarial Accuracy-	Train: 44.59%.
Time taken: 0:02:22
======= Epoch 42 =======
Loss: 1.4802.	LR: 0.1873
Standard Accuracy-	Test: 70.72%.
Adversarial Accuracy-	Train: 44.40%.
Time taken: 0:02:21
======= Epoch 43 =======
Loss: 1.4760.	LR: 0.1845
Standard Accuracy-	Test: 68.50%.
Adversarial Accuracy-	Train: 44.36%.
Time taken: 0:02:22
======= Epoch 44 =======
Loss: 1.4734.	LR: 0.1815
Standard Accuracy-	Test: 70.90%.
Adversarial Accuracy-	Train: 44.70%.
Time taken: 0:02:21
======= Epoch 45 =======
Loss: 1.4691.	LR: 0.1785
Standard Accuracy-	Test: 67.80%.
Adversarial Accuracy-	Train: 44.98%.
Time taken: 0:02:21
======= Epoch 46 =======
Loss: 1.4686.	LR: 0.1753
Standard Accuracy-	Test: 67.09%.
Adversarial Accuracy-	Train: 44.91%.
Time taken: 0:02:22
======= Epoch 47 =======
Loss: 1.4645.	LR: 0.1719
Standard Accuracy-	Test: 69.09%.
Adversarial Accuracy-	Train: 45.17%.
Time taken: 0:02:21
======= Epoch 48 =======
Loss: 1.4632.	LR: 0.1685
Standard Accuracy-	Test: 70.11%.
Adversarial Accuracy-	Train: 45.08%.
Time taken: 0:02:21
======= Epoch 49 =======
Loss: 1.4615.	LR: 0.1649
Standard Accuracy-	Test: 70.84%.
Adversarial Accuracy-	Train: 45.01%.
Time taken: 0:02:21
======= Epoch 50 =======
Loss: 1.4582.	LR: 0.1613
Standard Accuracy-	Test: 71.63%.
Adversarial Accuracy-	Train: 45.09%.
Time taken: 0:02:21
======= Epoch 51 =======
Loss: 1.4545.	LR: 0.1575
Standard Accuracy-	Test: 71.22%.
Adversarial Accuracy-	Train: 45.15%.
Time taken: 0:02:21
======= Epoch 52 =======
Loss: 1.4559.	LR: 0.1536
Standard Accuracy-	Test: 69.76%.
Adversarial Accuracy-	Train: 45.33%.
Time taken: 0:02:22
======= Epoch 53 =======
Loss: 1.4526.	LR: 0.1497
Standard Accuracy-	Test: 70.01%.
Adversarial Accuracy-	Train: 45.26%.
Time taken: 0:02:21
======= Epoch 54 =======
Loss: 1.4459.	LR: 0.1457
Standard Accuracy-	Test: 70.97%.
Adversarial Accuracy-	Train: 45.69%.
Time taken: 0:02:22
======= Epoch 55 =======
Loss: 1.4471.	LR: 0.1416
Standard Accuracy-	Test: 71.33%.
Adversarial Accuracy-	Train: 45.58%.
Time taken: 0:02:22
======= Epoch 56 =======
Loss: 1.4382.	LR: 0.1374
Standard Accuracy-	Test: 73.57%.
Adversarial Accuracy-	Train: 46.11%.
Time taken: 0:02:21
======= Epoch 57 =======
Loss: 1.4378.	LR: 0.1332
Standard Accuracy-	Test: 68.25%.
Adversarial Accuracy-	Train: 45.76%.
Time taken: 0:02:22
======= Epoch 58 =======
Loss: 1.4341.	LR: 0.1290
Standard Accuracy-	Test: 72.74%.
Adversarial Accuracy-	Train: 45.82%.
Time taken: 0:02:22
======= Epoch 59 =======
Loss: 1.4306.	LR: 0.1247
Standard Accuracy-	Test: 72.88%.
Adversarial Accuracy-	Train: 46.09%.
Time taken: 0:02:21
======= Epoch 60 =======
Loss: 1.4313.	LR: 0.1203
Standard Accuracy-	Test: 72.32%.
Adversarial Accuracy-	Train: 46.15%.	Test: 41.15%.
Time taken: 0:03:09
======= Epoch 61 =======
Loss: 1.4257.	LR: 0.1160
Standard Accuracy-	Test: 72.48%.
Adversarial Accuracy-	Train: 46.49%.
Time taken: 0:02:21
======= Epoch 62 =======
Loss: 1.4230.	LR: 0.1116
Standard Accuracy-	Test: 71.47%.
Adversarial Accuracy-	Train: 46.31%.
Time taken: 0:02:22
======= Epoch 63 =======
Loss: 1.4158.	LR: 0.1072
Standard Accuracy-	Test: 70.68%.
Adversarial Accuracy-	Train: 46.72%.
Time taken: 0:02:22
======= Epoch 64 =======
Loss: 1.4095.	LR: 0.1028
Standard Accuracy-	Test: 71.40%.
Adversarial Accuracy-	Train: 47.08%.
Time taken: 0:02:22
======= Epoch 65 =======
Loss: 1.4077.	LR: 0.0984
Standard Accuracy-	Test: 71.74%.
Adversarial Accuracy-	Train: 46.70%.
Time taken: 0:02:22
======= Epoch 66 =======
Loss: 1.4027.	LR: 0.0940
Standard Accuracy-	Test: 74.17%.
Adversarial Accuracy-	Train: 47.38%.
Time taken: 0:02:22
======= Epoch 67 =======
Loss: 1.3965.	LR: 0.0897
Standard Accuracy-	Test: 74.38%.
Adversarial Accuracy-	Train: 47.43%.
Time taken: 0:02:21
======= Epoch 68 =======
Loss: 1.3896.	LR: 0.0853
Standard Accuracy-	Test: 74.20%.
Adversarial Accuracy-	Train: 47.62%.
Time taken: 0:02:22
======= Epoch 69 =======
Loss: 1.3847.	LR: 0.0810
Standard Accuracy-	Test: 72.98%.
Adversarial Accuracy-	Train: 47.91%.
Time taken: 0:02:22
======= Epoch 70 =======
Loss: 1.3759.	LR: 0.0768
Standard Accuracy-	Test: 74.38%.
Adversarial Accuracy-	Train: 47.93%.
Time taken: 0:02:22
======= Epoch 71 =======
Loss: 1.3735.	LR: 0.0725
Standard Accuracy-	Test: 73.92%.
Adversarial Accuracy-	Train: 47.96%.
Time taken: 0:02:22
======= Epoch 72 =======
Loss: 1.3664.	LR: 0.0684
Standard Accuracy-	Test: 75.36%.
Adversarial Accuracy-	Train: 48.43%.
Time taken: 0:02:22
======= Epoch 73 =======
Loss: 1.3572.	LR: 0.0643
Standard Accuracy-	Test: 72.37%.
Adversarial Accuracy-	Train: 48.78%.
Time taken: 0:02:22
======= Epoch 74 =======
Loss: 1.3489.	LR: 0.0603
Standard Accuracy-	Test: 76.00%.
Adversarial Accuracy-	Train: 48.74%.
Time taken: 0:02:22
======= Epoch 75 =======
Loss: 1.3438.	LR: 0.0563
Standard Accuracy-	Test: 75.21%.
Adversarial Accuracy-	Train: 48.97%.
Time taken: 0:02:22
======= Epoch 76 =======
Loss: 1.3311.	LR: 0.0525
Standard Accuracy-	Test: 74.46%.
Adversarial Accuracy-	Train: 49.67%.
Time taken: 0:02:22
======= Epoch 77 =======
Loss: 1.3216.	LR: 0.0487
Standard Accuracy-	Test: 76.48%.
Adversarial Accuracy-	Train: 49.80%.
Time taken: 0:02:22
======= Epoch 78 =======
Loss: 1.3100.	LR: 0.0451
Standard Accuracy-	Test: 75.09%.
Adversarial Accuracy-	Train: 49.99%.
Time taken: 0:02:22
======= Epoch 79 =======
Loss: 1.2939.	LR: 0.0415
Standard Accuracy-	Test: 78.16%.
Adversarial Accuracy-	Train: 50.92%.
Time taken: 0:02:22
======= Epoch 80 =======
Loss: 1.2867.	LR: 0.0381
Standard Accuracy-	Test: 75.39%.
Adversarial Accuracy-	Train: 50.84%.
Time taken: 0:02:22
======= Epoch 81 =======
Loss: 1.2701.	LR: 0.0347
Standard Accuracy-	Test: 76.45%.
Adversarial Accuracy-	Train: 51.39%.
Time taken: 0:02:21
======= Epoch 82 =======
Loss: 1.2570.	LR: 0.0315
Standard Accuracy-	Test: 77.91%.
Adversarial Accuracy-	Train: 51.82%.
Time taken: 0:02:22
======= Epoch 83 =======
Loss: 1.2363.	LR: 0.0285
Standard Accuracy-	Test: 79.40%.
Adversarial Accuracy-	Train: 52.79%.
Time taken: 0:02:22
======= Epoch 84 =======
Loss: 1.2188.	LR: 0.0255
Standard Accuracy-	Test: 78.84%.
Adversarial Accuracy-	Train: 53.32%.
Time taken: 0:02:21
======= Epoch 85 =======
Loss: 1.2035.	LR: 0.0227
Standard Accuracy-	Test: 79.36%.
Adversarial Accuracy-	Train: 53.76%.
Time taken: 0:02:22
======= Epoch 86 =======
Loss: 1.1803.	LR: 0.0200
Standard Accuracy-	Test: 79.98%.
Adversarial Accuracy-	Train: 54.62%.
Time taken: 0:02:21
======= Epoch 87 =======
Loss: 1.1556.	LR: 0.0175
Standard Accuracy-	Test: 79.05%.
Adversarial Accuracy-	Train: 55.11%.
Time taken: 0:02:22
======= Epoch 88 =======
Loss: 1.1272.	LR: 0.0152
Standard Accuracy-	Test: 81.15%.
Adversarial Accuracy-	Train: 56.00%.
Time taken: 0:02:22
======= Epoch 89 =======
Loss: 1.1061.	LR: 0.0130
Standard Accuracy-	Test: 81.40%.
Adversarial Accuracy-	Train: 56.83%.
Time taken: 0:02:21
======= Epoch 90 =======
Loss: 1.0722.	LR: 0.0109
Standard Accuracy-	Test: 81.77%.
Adversarial Accuracy-	Train: 57.85%.	Test: 46.52%.
Time taken: 0:03:09
======= Epoch 91 =======
Loss: 1.0360.	LR: 0.0091
Standard Accuracy-	Test: 81.68%.
Adversarial Accuracy-	Train: 59.16%.	Test: 47.38%.
Time taken: 0:03:09
======= Epoch 92 =======
Loss: 1.0059.	LR: 0.0074
Standard Accuracy-	Test: 82.22%.
Adversarial Accuracy-	Train: 60.27%.	Test: 47.81%.
Time taken: 0:03:09
======= Epoch 93 =======
Loss: 0.9665.	LR: 0.0058
Standard Accuracy-	Test: 82.86%.
Adversarial Accuracy-	Train: 61.51%.	Test: 47.89%.
Time taken: 0:03:09
======= Epoch 94 =======
Loss: 0.9252.	LR: 0.0045
Standard Accuracy-	Test: 83.89%.
Adversarial Accuracy-	Train: 62.84%.	Test: 47.02%.
Time taken: 0:03:09
======= Epoch 95 =======
Loss: 0.8866.	LR: 0.0033
Standard Accuracy-	Test: 82.94%.
Adversarial Accuracy-	Train: 64.50%.	Test: 47.30%.
Time taken: 0:03:09
======= Epoch 96 =======
Loss: 0.8488.	LR: 0.0023
Standard Accuracy-	Test: 83.80%.
Adversarial Accuracy-	Train: 65.74%.	Test: 47.63%.
Time taken: 0:03:09
======= Epoch 97 =======
Loss: 0.8131.	LR: 0.0015
Standard Accuracy-	Test: 83.77%.
Adversarial Accuracy-	Train: 66.89%.	Test: 47.46%.
Time taken: 0:03:09
======= Epoch 98 =======
Loss: 0.7891.	LR: 0.0008
Standard Accuracy-	Test: 84.25%.
Adversarial Accuracy-	Train: 68.00%.	Test: 46.79%.
Time taken: 0:03:09
======= Epoch 99 =======
Loss: 0.7727.	LR: 0.0004
Standard Accuracy-	Test: 84.38%.
Adversarial Accuracy-	Train: 68.36%.	Test: 46.75%.
Time taken: 0:03:09
======= Epoch 100 =======
Loss: 0.7625.	LR: 0.0001
Standard Accuracy-	Test: 84.20%.
Adversarial Accuracy-	Train: 68.80%.	Test: 47.14%.
Time taken: 0:03:09

Training completed.
Standard Accuracy-	Train: 92.87%.	Test: 82.86%.
Adversarial Accuracy-	Train: 68.80%.	Test: 47.89%.
Script Completed.
