Using device: cuda



Standard training for 0 epochs
Standard Accuracy-	Test: 9.257812%.
Wrong label Adversarial training for 100 epochs
======= Epoch 1 =======
Loss: 3.7626.	LR: 0.0084
Standard Accuracy-	Train: 39.06%.	Test: 49.50%.
Adversarial Accuracy-	Train: 20.79%.
Time taken: 0:02:49
======= Epoch 2 =======
Loss: 3.3591.	LR: 0.0092
Standard Accuracy-	Train: 50.84%.	Test: 54.19%.
Adversarial Accuracy-	Train: 24.11%.
Time taken: 0:02:50
======= Epoch 3 =======
Loss: 3.0708.	LR: 0.0116
Standard Accuracy-	Train: 57.93%.	Test: 61.04%.
Adversarial Accuracy-	Train: 26.07%.
Time taken: 0:02:50
======= Epoch 4 =======
Loss: 2.8151.	LR: 0.0155
Standard Accuracy-	Train: 63.55%.	Test: 65.26%.
Adversarial Accuracy-	Train: 27.00%.
Time taken: 0:02:50
======= Epoch 5 =======
Loss: 2.5679.	LR: 0.0209
Standard Accuracy-	Train: 68.42%.	Test: 69.63%.
Adversarial Accuracy-	Train: 27.28%.
Time taken: 0:02:50
======= Epoch 6 =======
Loss: 2.3196.	LR: 0.0277
Standard Accuracy-	Train: 71.76%.	Test: 74.28%.
Adversarial Accuracy-	Train: 26.16%.
Time taken: 0:02:50
======= Epoch 7 =======
Loss: 2.0288.	LR: 0.0357
Standard Accuracy-	Train: 75.38%.	Test: 73.21%.
Adversarial Accuracy-	Train: 22.21%.
Time taken: 0:02:50
======= Epoch 8 =======
Loss: 1.5931.	LR: 0.0450
Standard Accuracy-	Train: 79.12%.	Test: 78.02%.
Adversarial Accuracy-	Train: 13.13%.
Time taken: 0:02:50
======= Epoch 9 =======
Loss: 1.1122.	LR: 0.0552
Standard Accuracy-	Train: 82.14%.	Test: 81.33%.
Adversarial Accuracy-	Train: 4.22%.
Time taken: 0:02:50
======= Epoch 10 =======
Loss: 0.8205.	LR: 0.0663
Standard Accuracy-	Train: 84.49%.	Test: 80.84%.
Adversarial Accuracy-	Train: 1.32%.
Time taken: 0:02:49
======= Epoch 11 =======
Loss: 0.6891.	LR: 0.0781
Standard Accuracy-	Train: 85.30%.	Test: 76.35%.
Adversarial Accuracy-	Train: 0.50%.
Time taken: 0:02:50
======= Epoch 12 =======
Loss: 0.6384.	LR: 0.0903
Standard Accuracy-	Train: 85.90%.	Test: 81.23%.
Adversarial Accuracy-	Train: 0.35%.
Time taken: 0:02:49
======= Epoch 13 =======
Loss: 0.6591.	LR: 0.1029
Standard Accuracy-	Train: 85.75%.	Test: 81.67%.
Adversarial Accuracy-	Train: 0.31%.
Time taken: 0:02:50
======= Epoch 14 =======
Loss: 0.6282.	LR: 0.1155
Standard Accuracy-	Train: 85.88%.	Test: 82.95%.
Adversarial Accuracy-	Train: 0.20%.
Time taken: 0:02:49
======= Epoch 15 =======
Loss: 0.6120.	LR: 0.1281
Standard Accuracy-	Train: 86.08%.	Test: 78.50%.
Adversarial Accuracy-	Train: 0.18%.
Time taken: 0:02:49
======= Epoch 16 =======
Loss: 0.5896.	LR: 0.1404
Standard Accuracy-	Train: 86.24%.	Test: 79.51%.
Adversarial Accuracy-	Train: 0.14%.
Time taken: 0:02:49
======= Epoch 17 =======
Loss: 0.5779.	LR: 0.1521
Standard Accuracy-	Train: 86.38%.	Test: 82.67%.
Adversarial Accuracy-	Train: 0.12%.
Time taken: 0:02:49
======= Epoch 18 =======
Loss: 0.5805.	LR: 0.1632
Standard Accuracy-	Train: 86.41%.	Test: 78.56%.
Adversarial Accuracy-	Train: 0.16%.
Time taken: 0:02:49
======= Epoch 19 =======
Loss: 0.5639.	LR: 0.1735
Standard Accuracy-	Train: 86.48%.	Test: 78.87%.
Adversarial Accuracy-	Train: 0.09%.
Time taken: 0:02:50
======= Epoch 20 =======
Loss: 0.5777.	LR: 0.1827
Standard Accuracy-	Train: 86.53%.	Test: 77.59%.
Adversarial Accuracy-	Train: 0.11%.
Time taken: 0:02:49
======= Epoch 21 =======
Loss: 0.5592.	LR: 0.1908
Standard Accuracy-	Train: 86.40%.	Test: 79.86%.
Adversarial Accuracy-	Train: 0.07%.
Time taken: 0:02:49
======= Epoch 22 =======
Loss: 0.5506.	LR: 0.1975
Standard Accuracy-	Train: 86.49%.	Test: 82.77%.
Adversarial Accuracy-	Train: 0.10%.
Time taken: 0:02:49
======= Epoch 23 =======
Loss: 0.5838.	LR: 0.2029
Standard Accuracy-	Train: 86.27%.	Test: 81.38%.
Adversarial Accuracy-	Train: 0.14%.
Time taken: 0:02:49
======= Epoch 24 =======
Loss: 0.5491.	LR: 0.2068
Standard Accuracy-	Train: 86.77%.	Test: 78.49%.
Adversarial Accuracy-	Train: 0.09%.
Time taken: 0:02:49
======= Epoch 25 =======
Loss: 0.5563.	LR: 0.2092
Standard Accuracy-	Train: 86.80%.	Test: 83.20%.
Adversarial Accuracy-	Train: 0.14%.
Time taken: 0:02:49
======= Epoch 26 =======
Loss: 0.5513.	LR: 0.2100
Standard Accuracy-	Train: 86.70%.	Test: 81.09%.
Adversarial Accuracy-	Train: 0.13%.
Time taken: 0:02:49
======= Epoch 27 =======
Loss: 0.5432.	LR: 0.2099
Standard Accuracy-	Train: 87.03%.	Test: 80.48%.
Adversarial Accuracy-	Train: 0.10%.
Time taken: 0:02:49
======= Epoch 28 =======
Loss: 0.5173.	LR: 0.2096
Standard Accuracy-	Train: 87.08%.	Test: 84.25%.
Adversarial Accuracy-	Train: 0.04%.
Time taken: 0:02:50
======= Epoch 29 =======
Loss: 0.5566.	LR: 0.2092
Standard Accuracy-	Train: 86.70%.	Test: 81.03%.
Adversarial Accuracy-	Train: 0.12%.
Time taken: 0:02:49
======= Epoch 30 =======
Loss: 0.5324.	LR: 0.2085
Standard Accuracy-	Train: 87.19%.	Test: 82.17%.
Adversarial Accuracy-	Train: 0.08%.	Test: 0.00%.
Time taken: 0:03:37
======= Epoch 31 =======
Loss: 0.5341.	LR: 0.2077
Standard Accuracy-	Train: 87.23%.	Test: 81.80%.
Adversarial Accuracy-	Train: 0.12%.
Time taken: 0:02:49
======= Epoch 32 =======
Loss: 0.4990.	LR: 0.2067
Standard Accuracy-	Train: 87.38%.	Test: 77.21%.
Adversarial Accuracy-	Train: 0.04%.
Time taken: 0:02:49
======= Epoch 33 =======
Loss: 0.5244.	LR: 0.2055
Standard Accuracy-	Train: 87.21%.	Test: 83.02%.
Adversarial Accuracy-	Train: 0.12%.
Time taken: 0:02:49
======= Epoch 34 =======
Loss: 0.5068.	LR: 0.2042
Standard Accuracy-	Train: 87.24%.	Test: 81.95%.
Adversarial Accuracy-	Train: 0.05%.
Time taken: 0:02:49
======= Epoch 35 =======
Loss: 0.6249.	LR: 0.2026
Standard Accuracy-	Train: 86.20%.	Test: 83.31%.
Adversarial Accuracy-	Train: 0.49%.
Time taken: 0:02:49
======= Epoch 36 =======
Loss: 0.4886.	LR: 0.2009
Standard Accuracy-	Train: 87.60%.	Test: 77.42%.
Adversarial Accuracy-	Train: 0.04%.
Time taken: 0:02:49
======= Epoch 37 =======
Loss: 0.5052.	LR: 0.1990
Standard Accuracy-	Train: 87.42%.	Test: 72.63%.
Adversarial Accuracy-	Train: 0.06%.
Time taken: 0:02:49
======= Epoch 38 =======
Loss: 0.5085.	LR: 0.1970
Standard Accuracy-	Train: 87.33%.	Test: 81.05%.
Adversarial Accuracy-	Train: 0.08%.
Time taken: 0:02:49
======= Epoch 39 =======
Loss: 0.4860.	LR: 0.1948
Standard Accuracy-	Train: 87.69%.	Test: 82.74%.
Adversarial Accuracy-	Train: 0.05%.
Time taken: 0:02:49
======= Epoch 40 =======
Loss: 0.4968.	LR: 0.1925
Standard Accuracy-	Train: 87.72%.	Test: 80.69%.
Adversarial Accuracy-	Train: 0.05%.
Time taken: 0:02:49
======= Epoch 41 =======
Loss: 0.5167.	LR: 0.1899
Standard Accuracy-	Train: 87.38%.	Test: 80.04%.
Adversarial Accuracy-	Train: 0.07%.
Time taken: 0:02:49
======= Epoch 42 =======
Loss: 0.4796.	LR: 0.1873
Standard Accuracy-	Train: 87.91%.	Test: 81.31%.
Adversarial Accuracy-	Train: 0.03%.
Time taken: 0:02:49
======= Epoch 43 =======
Loss: 0.4970.	LR: 0.1845
Standard Accuracy-	Train: 87.79%.	Test: 78.42%.
Adversarial Accuracy-	Train: 0.04%.
Time taken: 0:02:50
======= Epoch 44 =======
Loss: 0.4698.	LR: 0.1815
Standard Accuracy-	Train: 88.03%.	Test: 84.55%.
Adversarial Accuracy-	Train: 0.02%.
Time taken: 0:02:49
======= Epoch 45 =======
Loss: 0.4802.	LR: 0.1785
Standard Accuracy-	Train: 87.95%.	Test: 85.83%.
Adversarial Accuracy-	Train: 0.04%.
Time taken: 0:02:49
======= Epoch 46 =======
Loss: 0.4798.	LR: 0.1753
Standard Accuracy-	Train: 87.89%.	Test: 83.25%.
Adversarial Accuracy-	Train: 0.05%.
Time taken: 0:02:49
======= Epoch 47 =======
Loss: 0.4845.	LR: 0.1719
Standard Accuracy-	Train: 87.96%.	Test: 81.38%.
Adversarial Accuracy-	Train: 0.07%.
Time taken: 0:02:49
======= Epoch 48 =======
Loss: 0.4830.	LR: 0.1685
Standard Accuracy-	Train: 87.92%.	Test: 81.47%.
Adversarial Accuracy-	Train: 0.08%.
Time taken: 0:02:49
======= Epoch 49 =======
Loss: 0.4608.	LR: 0.1649
Standard Accuracy-	Train: 88.23%.	Test: 83.24%.
Adversarial Accuracy-	Train: 0.02%.
Time taken: 0:02:49
======= Epoch 50 =======
Loss: 0.4505.	LR: 0.1613
Standard Accuracy-	Train: 88.52%.	Test: 80.64%.
Adversarial Accuracy-	Train: 0.04%.
Time taken: 0:02:49
======= Epoch 51 =======
Loss: 0.4586.	LR: 0.1575
Standard Accuracy-	Train: 88.31%.	Test: 82.01%.
Adversarial Accuracy-	Train: 0.04%.
Time taken: 0:02:49
======= Epoch 52 =======
Loss: 0.4458.	LR: 0.1536
Standard Accuracy-	Train: 88.41%.	Test: 84.56%.
Adversarial Accuracy-	Train: 0.02%.
Time taken: 0:02:49
======= Epoch 53 =======
Loss: 0.4446.	LR: 0.1497
Standard Accuracy-	Train: 88.59%.	Test: 83.55%.
Adversarial Accuracy-	Train: 0.03%.
Time taken: 0:02:49
======= Epoch 54 =======
Loss: 0.4351.	LR: 0.1457
Standard Accuracy-	Train: 88.64%.	Test: 82.38%.
Adversarial Accuracy-	Train: 0.02%.
Time taken: 0:02:49
======= Epoch 55 =======
Loss: 0.4444.	LR: 0.1416
Standard Accuracy-	Train: 88.74%.	Test: 83.48%.
Adversarial Accuracy-	Train: 0.04%.
Time taken: 0:02:49
======= Epoch 56 =======
Loss: 0.4280.	LR: 0.1374
Standard Accuracy-	Train: 88.93%.	Test: 80.52%.
Adversarial Accuracy-	Train: 0.02%.
Time taken: 0:02:49
======= Epoch 57 =======
Loss: 0.4256.	LR: 0.1332
Standard Accuracy-	Train: 89.01%.	Test: 85.27%.
Adversarial Accuracy-	Train: 0.03%.
Time taken: 0:02:49
======= Epoch 58 =======
Loss: 0.4245.	LR: 0.1290
Standard Accuracy-	Train: 88.87%.	Test: 83.28%.
Adversarial Accuracy-	Train: 0.02%.
Time taken: 0:02:49
======= Epoch 59 =======
Loss: 0.4209.	LR: 0.1247
Standard Accuracy-	Train: 88.98%.	Test: 79.00%.
Adversarial Accuracy-	Train: 0.03%.
Time taken: 0:02:49
======= Epoch 60 =======
Loss: 0.4191.	LR: 0.1203
Standard Accuracy-	Train: 89.11%.	Test: 84.60%.
Adversarial Accuracy-	Train: 0.02%.	Test: 0.00%.
Time taken: 0:03:37
======= Epoch 61 =======
Loss: 0.4009.	LR: 0.1160
Standard Accuracy-	Train: 89.45%.	Test: 85.73%.
Adversarial Accuracy-	Train: 0.03%.
Time taken: 0:02:49
======= Epoch 62 =======
Loss: 0.4037.	LR: 0.1116
Standard Accuracy-	Train: 89.45%.	Test: 84.34%.
Adversarial Accuracy-	Train: 0.02%.
Time taken: 0:02:49
======= Epoch 63 =======
Loss: 0.3905.	LR: 0.1072
Standard Accuracy-	Train: 89.82%.	Test: 84.08%.
Adversarial Accuracy-	Train: 0.02%.
Time taken: 0:02:49
======= Epoch 64 =======
Loss: 0.3857.	LR: 0.1028
Standard Accuracy-	Train: 89.84%.	Test: 83.60%.
Adversarial Accuracy-	Train: 0.03%.
Time taken: 0:02:49
======= Epoch 65 =======
Loss: 0.3773.	LR: 0.0984
Standard Accuracy-	Train: 90.21%.	Test: 85.25%.
Adversarial Accuracy-	Train: 0.02%.
Time taken: 0:02:49
======= Epoch 66 =======
Loss: 0.3732.	LR: 0.0940
Standard Accuracy-	Train: 90.26%.	Test: 85.97%.
Adversarial Accuracy-	Train: 0.02%.
Time taken: 0:02:50
======= Epoch 67 =======
Loss: 0.3650.	LR: 0.0897
Standard Accuracy-	Train: 90.27%.	Test: 87.77%.
Adversarial Accuracy-	Train: 0.03%.
Time taken: 0:02:50
======= Epoch 68 =======
Loss: 0.3481.	LR: 0.0853
Standard Accuracy-	Train: 90.63%.	Test: 86.42%.
Adversarial Accuracy-	Train: 0.02%.
Time taken: 0:02:49
======= Epoch 69 =======
Loss: 0.3538.	LR: 0.0810
Standard Accuracy-	Train: 90.54%.	Test: 87.42%.
Adversarial Accuracy-	Train: 0.01%.
Time taken: 0:02:49
======= Epoch 70 =======
Loss: 0.3376.	LR: 0.0768
Standard Accuracy-	Train: 90.90%.	Test: 85.44%.
Adversarial Accuracy-	Train: 0.02%.
Time taken: 0:02:49
======= Epoch 71 =======
Loss: 0.3404.	LR: 0.0725
Standard Accuracy-	Train: 90.81%.	Test: 87.61%.
Adversarial Accuracy-	Train: 0.02%.
Time taken: 0:02:49
======= Epoch 72 =======
Loss: 0.3294.	LR: 0.0684
Standard Accuracy-	Train: 91.15%.	Test: 87.71%.
Adversarial Accuracy-	Train: 0.01%.
Time taken: 0:02:49
======= Epoch 73 =======
Loss: 0.3090.	LR: 0.0643
Standard Accuracy-	Train: 91.37%.	Test: 87.52%.
Adversarial Accuracy-	Train: 0.01%.
Time taken: 0:02:49
======= Epoch 74 =======
Loss: 0.3085.	LR: 0.0603
Standard Accuracy-	Train: 91.67%.	Test: 86.99%.
Adversarial Accuracy-	Train: 0.01%.
Time taken: 0:02:49
======= Epoch 75 =======
Loss: 0.3015.	LR: 0.0563
Standard Accuracy-	Train: 91.72%.	Test: 88.56%.
Adversarial Accuracy-	Train: 0.01%.
Time taken: 0:02:49
======= Epoch 76 =======
Loss: 0.2807.	LR: 0.0525
Standard Accuracy-	Train: 92.10%.	Test: 88.81%.
Adversarial Accuracy-	Train: 0.01%.
Time taken: 0:02:50
======= Epoch 77 =======
Loss: 0.2767.	LR: 0.0487
Standard Accuracy-	Train: 92.36%.	Test: 89.04%.
Adversarial Accuracy-	Train: 0.02%.
Time taken: 0:02:50
======= Epoch 78 =======
Loss: 0.2604.	LR: 0.0451
Standard Accuracy-	Train: 92.85%.	Test: 87.82%.
Adversarial Accuracy-	Train: 0.01%.
Time taken: 0:02:49
======= Epoch 79 =======
Loss: 0.2455.	LR: 0.0415
Standard Accuracy-	Train: 93.14%.	Test: 86.84%.
Adversarial Accuracy-	Train: 0.01%.
Time taken: 0:02:49
======= Epoch 80 =======
Loss: 0.2403.	LR: 0.0381
Standard Accuracy-	Train: 93.28%.	Test: 88.87%.
Adversarial Accuracy-	Train: 0.01%.
Time taken: 0:02:49
======= Epoch 81 =======
Loss: 0.2215.	LR: 0.0347
Standard Accuracy-	Train: 93.80%.	Test: 89.87%.
Adversarial Accuracy-	Train: 0.01%.
Time taken: 0:02:49
======= Epoch 82 =======
Loss: 0.2103.	LR: 0.0315
Standard Accuracy-	Train: 94.14%.	Test: 89.59%.
Adversarial Accuracy-	Train: 0.01%.
Time taken: 0:02:49
======= Epoch 83 =======
Loss: 0.1876.	LR: 0.0285
Standard Accuracy-	Train: 94.81%.	Test: 89.65%.
Adversarial Accuracy-	Train: 0.01%.
Time taken: 0:02:49
======= Epoch 84 =======
Loss: 0.1834.	LR: 0.0255
Standard Accuracy-	Train: 95.04%.	Test: 90.19%.
Adversarial Accuracy-	Train: 0.01%.
Time taken: 0:02:49
======= Epoch 85 =======
Loss: 0.1687.	LR: 0.0227
Standard Accuracy-	Train: 95.39%.	Test: 91.43%.
Adversarial Accuracy-	Train: 0.01%.
Time taken: 0:02:49
======= Epoch 86 =======
Loss: 0.1511.	LR: 0.0200
Standard Accuracy-	Train: 95.98%.	Test: 91.46%.
Adversarial Accuracy-	Train: 0.02%.
Time taken: 0:02:49
======= Epoch 87 =======
Loss: 0.1302.	LR: 0.0175
Standard Accuracy-	Train: 96.41%.	Test: 91.54%.
Adversarial Accuracy-	Train: 0.01%.
Time taken: 0:02:49
======= Epoch 88 =======
Loss: 0.1127.	LR: 0.0152
Standard Accuracy-	Train: 96.99%.	Test: 91.02%.
Adversarial Accuracy-	Train: 0.02%.
Time taken: 0:02:49
======= Epoch 89 =======
Loss: 0.0946.	LR: 0.0130
Standard Accuracy-	Train: 97.49%.	Test: 92.95%.
Adversarial Accuracy-	Train: 0.02%.
Time taken: 0:02:49
======= Epoch 90 =======
Loss: 0.0806.	LR: 0.0109
Standard Accuracy-	Train: 98.20%.	Test: 93.06%.
Adversarial Accuracy-	Train: 0.04%.	Test: 0.01%.
Time taken: 0:03:37
======= Epoch 91 =======
Loss: 0.0665.	LR: 0.0091
Standard Accuracy-	Train: 98.56%.	Test: 93.13%.
Adversarial Accuracy-	Train: 0.02%.	Test: 0.01%.
Time taken: 0:03:38
======= Epoch 92 =======
Loss: 0.0492.	LR: 0.0074
Standard Accuracy-	Train: 99.09%.	Test: 93.56%.
Adversarial Accuracy-	Train: 0.03%.	Test: 0.00%.
Time taken: 0:03:38
======= Epoch 93 =======
Loss: 0.0442.	LR: 0.0058
Standard Accuracy-	Train: 99.32%.	Test: 93.89%.
Adversarial Accuracy-	Train: 0.03%.	Test: 0.00%.
Time taken: 0:03:37
======= Epoch 94 =======
Loss: 0.0341.	LR: 0.0045
Standard Accuracy-	Train: 99.59%.	Test: 93.55%.
Adversarial Accuracy-	Train: 0.05%.	Test: 0.00%.
Time taken: 0:03:37
======= Epoch 95 =======
Loss: 0.0302.	LR: 0.0033
Standard Accuracy-	Train: 99.73%.	Test: 93.74%.
Adversarial Accuracy-	Train: 0.05%.	Test: 0.00%.
Time taken: 0:03:37
======= Epoch 96 =======
Loss: 0.0269.	LR: 0.0023
Standard Accuracy-	Train: 99.80%.	Test: 94.07%.
Adversarial Accuracy-	Train: 0.04%.	Test: 0.00%.
Time taken: 0:03:38
======= Epoch 97 =======
Loss: 0.0245.	LR: 0.0015
Standard Accuracy-	Train: 99.88%.	Test: 94.35%.
Adversarial Accuracy-	Train: 0.05%.	Test: 0.00%.
Time taken: 0:03:37
======= Epoch 98 =======
Loss: 0.0233.	LR: 0.0008
Standard Accuracy-	Train: 99.88%.	Test: 94.30%.
Adversarial Accuracy-	Train: 0.04%.	Test: 0.00%.
Time taken: 0:03:37
======= Epoch 99 =======
Loss: 0.0240.	LR: 0.0004
Standard Accuracy-	Train: 99.88%.	Test: 94.12%.
Adversarial Accuracy-	Train: 0.04%.	Test: 0.00%.
Time taken: 0:03:39
======= Epoch 100 =======
Loss: 0.0233.	LR: 0.0001
Standard Accuracy-	Train: 99.87%.	Test: 94.31%.
Adversarial Accuracy-	Train: 0.04%.	Test: 0.00%.
Time taken: 0:03:37

Training completed.
Standard Accuracy-	Train: 99.87%.	Test: 94.35%.
Adversarial Accuracy-	Train: 0.04%.	Test: 0.00%.
Script Completed.
