Using device: cuda



Standard training for 0 epochs



Standard Accuracy-	Test: 9.257812%.
Inverse Adversarial training for 100 epochs
======= Epoch 1 =======
Loss: 2.0279.	LR: 0.0084
Standard Accuracy-	Test: 46.35%.
Inverse Adversarial Accuracy-	Train: 79.54%.
Time taken: 0:02:46
======= Epoch 2 =======
Loss: 1.1337.	LR: 0.0092
Standard Accuracy-	Test: 68.14%.
Inverse Adversarial Accuracy-	Train: 93.84%.
Time taken: 0:02:47
======= Epoch 3 =======
Loss: 0.9079.	LR: 0.0116
Standard Accuracy-	Test: 71.28%.
Inverse Adversarial Accuracy-	Train: 95.55%.
Time taken: 0:02:47
======= Epoch 4 =======
Loss: 0.7996.	LR: 0.0155
Standard Accuracy-	Test: 74.92%.
Inverse Adversarial Accuracy-	Train: 96.12%.
Time taken: 0:02:47
======= Epoch 5 =======
Loss: 0.7275.	LR: 0.0209
Standard Accuracy-	Test: 73.91%.
Inverse Adversarial Accuracy-	Train: 96.49%.
Time taken: 0:02:47
======= Epoch 6 =======
Loss: 0.6815.	LR: 0.0277
Standard Accuracy-	Test: 77.45%.
Inverse Adversarial Accuracy-	Train: 96.66%.
Time taken: 0:02:47
======= Epoch 7 =======
Loss: 0.6471.	LR: 0.0357
Standard Accuracy-	Test: 79.31%.
Inverse Adversarial Accuracy-	Train: 96.81%.
Time taken: 0:02:47
======= Epoch 8 =======
Loss: 0.6293.	LR: 0.0450
Standard Accuracy-	Test: 80.90%.
Inverse Adversarial Accuracy-	Train: 96.59%.
Time taken: 0:02:47
======= Epoch 9 =======
Loss: 0.5944.	LR: 0.0552
Standard Accuracy-	Test: 77.06%.
Inverse Adversarial Accuracy-	Train: 96.75%.
Time taken: 0:02:47
======= Epoch 10 =======
Loss: 0.5881.	LR: 0.0663
Standard Accuracy-	Test: 75.21%.
Inverse Adversarial Accuracy-	Train: 96.66%.
Time taken: 0:02:47
======= Epoch 11 =======
Loss: 0.5678.	LR: 0.0781
Standard Accuracy-	Test: 78.82%.
Inverse Adversarial Accuracy-	Train: 96.78%.
Time taken: 0:02:47
======= Epoch 12 =======
Loss: 0.5633.	LR: 0.0903
Standard Accuracy-	Test: 77.71%.
Inverse Adversarial Accuracy-	Train: 96.82%.
Time taken: 0:02:47
======= Epoch 13 =======
Loss: 0.5499.	LR: 0.1029
Standard Accuracy-	Test: 81.56%.
Inverse Adversarial Accuracy-	Train: 96.97%.
Time taken: 0:02:47
======= Epoch 14 =======
Loss: 0.5497.	LR: 0.1155
Standard Accuracy-	Test: 75.10%.
Inverse Adversarial Accuracy-	Train: 96.96%.
Time taken: 0:02:47
======= Epoch 15 =======
Loss: 0.5402.	LR: 0.1281
Standard Accuracy-	Test: 82.45%.
Inverse Adversarial Accuracy-	Train: 97.06%.
Time taken: 0:02:47
======= Epoch 16 =======
Loss: 0.5324.	LR: 0.1404
Standard Accuracy-	Test: 75.40%.
Inverse Adversarial Accuracy-	Train: 97.20%.
Time taken: 0:02:47
======= Epoch 17 =======
Loss: 0.5602.	LR: 0.1521
Standard Accuracy-	Test: 73.03%.
Inverse Adversarial Accuracy-	Train: 96.77%.
Time taken: 0:02:47
======= Epoch 18 =======
Loss: 0.5808.	LR: 0.1632
Standard Accuracy-	Test: 70.68%.
Inverse Adversarial Accuracy-	Train: 96.24%.
Time taken: 0:02:46
======= Epoch 19 =======
Loss: 0.5421.	LR: 0.1735
Standard Accuracy-	Test: 72.53%.
Inverse Adversarial Accuracy-	Train: 96.84%.
Time taken: 0:02:46
======= Epoch 20 =======
Loss: 0.5351.	LR: 0.1827
Standard Accuracy-	Test: 79.08%.
Inverse Adversarial Accuracy-	Train: 96.85%.
Time taken: 0:02:46
======= Epoch 21 =======
Loss: 0.5199.	LR: 0.1908
Standard Accuracy-	Test: 73.65%.
Inverse Adversarial Accuracy-	Train: 97.16%.
Time taken: 0:02:46
======= Epoch 22 =======
Loss: 0.5264.	LR: 0.1975
Standard Accuracy-	Test: 76.28%.
Inverse Adversarial Accuracy-	Train: 96.99%.
Time taken: 0:02:46
======= Epoch 23 =======
Loss: 0.5335.	LR: 0.2029
Standard Accuracy-	Test: 80.87%.
Inverse Adversarial Accuracy-	Train: 96.77%.
Time taken: 0:02:46
======= Epoch 24 =======
Loss: 0.5204.	LR: 0.2068
Standard Accuracy-	Test: 80.09%.
Inverse Adversarial Accuracy-	Train: 96.96%.
Time taken: 0:02:46
======= Epoch 25 =======
Loss: 0.5074.	LR: 0.2092
Standard Accuracy-	Test: 71.13%.
Inverse Adversarial Accuracy-	Train: 97.10%.
Time taken: 0:02:46
======= Epoch 26 =======
Loss: 0.5139.	LR: 0.2100
Standard Accuracy-	Test: 76.81%.
Inverse Adversarial Accuracy-	Train: 97.15%.
Time taken: 0:02:47
======= Epoch 27 =======
Loss: 0.5133.	LR: 0.2099
Standard Accuracy-	Test: 80.55%.
Inverse Adversarial Accuracy-	Train: 97.02%.
Time taken: 0:02:46
======= Epoch 28 =======
Loss: 0.5069.	LR: 0.2096
Standard Accuracy-	Test: 79.71%.
Inverse Adversarial Accuracy-	Train: 97.21%.
Time taken: 0:02:46
======= Epoch 29 =======
Loss: 0.4833.	LR: 0.2092
Standard Accuracy-	Test: 80.19%.
Inverse Adversarial Accuracy-	Train: 97.51%.
Time taken: 0:02:46
======= Epoch 30 =======
Loss: 0.4976.	LR: 0.2085
Standard Accuracy-	Test: 82.69%.
Inverse Adversarial Accuracy-	Train: 97.34%.	Test: 92.30%.
Time taken: 0:03:35
======= Epoch 31 =======
Loss: 0.5154.	LR: 0.2077
Standard Accuracy-	Test: 78.35%.
Inverse Adversarial Accuracy-	Train: 97.05%.
Time taken: 0:02:47
======= Epoch 32 =======
Loss: 0.5027.	LR: 0.2067
Standard Accuracy-	Test: 78.89%.
Inverse Adversarial Accuracy-	Train: 96.91%.
Time taken: 0:02:47
======= Epoch 33 =======
Loss: 0.4991.	LR: 0.2055
Standard Accuracy-	Test: 76.48%.
Inverse Adversarial Accuracy-	Train: 96.99%.
Time taken: 0:02:47
======= Epoch 34 =======
Loss: 0.4937.	LR: 0.2042
Standard Accuracy-	Test: 81.46%.
Inverse Adversarial Accuracy-	Train: 97.09%.
Time taken: 0:02:47
======= Epoch 35 =======
Loss: 0.4749.	LR: 0.2026
Standard Accuracy-	Test: 79.20%.
Inverse Adversarial Accuracy-	Train: 97.55%.
Time taken: 0:02:46
======= Epoch 36 =======
Loss: 0.4867.	LR: 0.2009
Standard Accuracy-	Test: 80.05%.
Inverse Adversarial Accuracy-	Train: 97.23%.
Time taken: 0:02:46
======= Epoch 37 =======
Loss: 0.4715.	LR: 0.1990
Standard Accuracy-	Test: 75.90%.
Inverse Adversarial Accuracy-	Train: 97.42%.
Time taken: 0:02:47
======= Epoch 38 =======
Loss: 0.4857.	LR: 0.1970
Standard Accuracy-	Test: 82.20%.
Inverse Adversarial Accuracy-	Train: 97.07%.
Time taken: 0:02:46
======= Epoch 39 =======
Loss: 0.4893.	LR: 0.1948
Standard Accuracy-	Test: 82.73%.
Inverse Adversarial Accuracy-	Train: 97.15%.
Time taken: 0:02:47
======= Epoch 40 =======
Loss: 0.4607.	LR: 0.1925
Standard Accuracy-	Test: 79.99%.
Inverse Adversarial Accuracy-	Train: 97.80%.
Time taken: 0:02:47
======= Epoch 41 =======
Loss: 0.4577.	LR: 0.1899
Standard Accuracy-	Test: 83.26%.
Inverse Adversarial Accuracy-	Train: 97.69%.
Time taken: 0:02:47
======= Epoch 42 =======
Loss: 0.4758.	LR: 0.1873
Standard Accuracy-	Test: 78.35%.
Inverse Adversarial Accuracy-	Train: 97.24%.
Time taken: 0:02:46
======= Epoch 43 =======
Loss: 0.4540.	LR: 0.1845
Standard Accuracy-	Test: 75.61%.
Inverse Adversarial Accuracy-	Train: 97.73%.
Time taken: 0:02:46
======= Epoch 44 =======
Loss: 0.4498.	LR: 0.1815
Standard Accuracy-	Test: 84.72%.
Inverse Adversarial Accuracy-	Train: 97.88%.
Time taken: 0:02:46
======= Epoch 45 =======
Loss: 0.4339.	LR: 0.1785
Standard Accuracy-	Test: 71.47%.
Inverse Adversarial Accuracy-	Train: 97.95%.
Time taken: 0:02:46
======= Epoch 46 =======
Loss: 0.4442.	LR: 0.1753
Standard Accuracy-	Test: 80.76%.
Inverse Adversarial Accuracy-	Train: 97.98%.
Time taken: 0:02:46
======= Epoch 47 =======
Loss: 0.4615.	LR: 0.1719
Standard Accuracy-	Test: 84.37%.
Inverse Adversarial Accuracy-	Train: 97.55%.
Time taken: 0:02:46
======= Epoch 48 =======
Loss: 0.4319.	LR: 0.1685
Standard Accuracy-	Test: 84.37%.
Inverse Adversarial Accuracy-	Train: 97.95%.
Time taken: 0:02:46
======= Epoch 49 =======
Loss: 0.4372.	LR: 0.1649
Standard Accuracy-	Test: 80.21%.
Inverse Adversarial Accuracy-	Train: 97.82%.
Time taken: 0:02:46
======= Epoch 50 =======
Loss: 0.4407.	LR: 0.1613
Standard Accuracy-	Test: 81.94%.
Inverse Adversarial Accuracy-	Train: 97.94%.
Time taken: 0:02:47
======= Epoch 51 =======
Loss: 0.4322.	LR: 0.1575
Standard Accuracy-	Test: 82.31%.
Inverse Adversarial Accuracy-	Train: 97.91%.
Time taken: 0:02:46
======= Epoch 52 =======
Loss: 0.4236.	LR: 0.1536
Standard Accuracy-	Test: 82.84%.
Inverse Adversarial Accuracy-	Train: 98.14%.
Time taken: 0:02:46
======= Epoch 53 =======
Loss: 0.4196.	LR: 0.1497
Standard Accuracy-	Test: 82.65%.
Inverse Adversarial Accuracy-	Train: 98.14%.
Time taken: 0:02:46
======= Epoch 54 =======
Loss: 0.4320.	LR: 0.1457
Standard Accuracy-	Test: 81.18%.
Inverse Adversarial Accuracy-	Train: 97.62%.
Time taken: 0:02:46
======= Epoch 55 =======
Loss: 0.4149.	LR: 0.1416
Standard Accuracy-	Test: 82.15%.
Inverse Adversarial Accuracy-	Train: 98.10%.
Time taken: 0:02:46
======= Epoch 56 =======
Loss: 0.4056.	LR: 0.1374
Standard Accuracy-	Test: 80.63%.
Inverse Adversarial Accuracy-	Train: 98.07%.
Time taken: 0:02:46
======= Epoch 57 =======
Loss: 0.4128.	LR: 0.1332
Standard Accuracy-	Test: 81.66%.
Inverse Adversarial Accuracy-	Train: 98.11%.
Time taken: 0:02:46
======= Epoch 58 =======
Loss: 0.4099.	LR: 0.1290
Standard Accuracy-	Test: 77.09%.
Inverse Adversarial Accuracy-	Train: 98.04%.
Time taken: 0:02:46
======= Epoch 59 =======
Loss: 0.3944.	LR: 0.1247
Standard Accuracy-	Test: 84.81%.
Inverse Adversarial Accuracy-	Train: 98.17%.
Time taken: 0:02:46
======= Epoch 60 =======
Loss: 0.4121.	LR: 0.1203
Standard Accuracy-	Test: 82.94%.
Inverse Adversarial Accuracy-	Train: 97.82%.	Test: 97.02%.
Time taken: 0:03:34
======= Epoch 61 =======
Loss: 0.3946.	LR: 0.1160
Standard Accuracy-	Test: 85.22%.
Inverse Adversarial Accuracy-	Train: 98.15%.
Time taken: 0:02:47
======= Epoch 62 =======
Loss: 0.3777.	LR: 0.1116
Standard Accuracy-	Test: 84.18%.
Inverse Adversarial Accuracy-	Train: 98.45%.
Time taken: 0:02:46
======= Epoch 63 =======
Loss: 0.3668.	LR: 0.1072
Standard Accuracy-	Test: 85.33%.
Inverse Adversarial Accuracy-	Train: 98.59%.
Time taken: 0:02:46
======= Epoch 64 =======
Loss: 0.3657.	LR: 0.1028
Standard Accuracy-	Test: 84.46%.
Inverse Adversarial Accuracy-	Train: 98.51%.
Time taken: 0:02:46
======= Epoch 65 =======
Loss: 0.3567.	LR: 0.0984
Standard Accuracy-	Test: 84.88%.
Inverse Adversarial Accuracy-	Train: 98.65%.
Time taken: 0:02:46
======= Epoch 66 =======
Loss: 0.3560.	LR: 0.0940
Standard Accuracy-	Test: 86.83%.
Inverse Adversarial Accuracy-	Train: 98.53%.
Time taken: 0:02:46
======= Epoch 67 =======
Loss: 0.3394.	LR: 0.0897
Standard Accuracy-	Test: 83.43%.
Inverse Adversarial Accuracy-	Train: 98.67%.
Time taken: 0:02:46
======= Epoch 68 =======
Loss: 0.3349.	LR: 0.0853
Standard Accuracy-	Test: 85.67%.
Inverse Adversarial Accuracy-	Train: 98.77%.
Time taken: 0:02:46
======= Epoch 69 =======
Loss: 0.3243.	LR: 0.0810
Standard Accuracy-	Test: 83.02%.
Inverse Adversarial Accuracy-	Train: 98.93%.
Time taken: 0:02:46
======= Epoch 70 =======
Loss: 0.3263.	LR: 0.0768
Standard Accuracy-	Test: 83.61%.
Inverse Adversarial Accuracy-	Train: 98.84%.
Time taken: 0:02:46
======= Epoch 71 =======
Loss: 0.3209.	LR: 0.0725
Standard Accuracy-	Test: 88.35%.
Inverse Adversarial Accuracy-	Train: 98.84%.
Time taken: 0:02:46
======= Epoch 72 =======
Loss: 0.3095.	LR: 0.0684
Standard Accuracy-	Test: 87.46%.
Inverse Adversarial Accuracy-	Train: 98.92%.
Time taken: 0:02:46
======= Epoch 73 =======
Loss: 0.3025.	LR: 0.0643
Standard Accuracy-	Test: 85.95%.
Inverse Adversarial Accuracy-	Train: 98.96%.
Time taken: 0:02:46
======= Epoch 74 =======
Loss: 0.3050.	LR: 0.0603
Standard Accuracy-	Test: 88.46%.
Inverse Adversarial Accuracy-	Train: 98.81%.
Time taken: 0:02:46
======= Epoch 75 =======
Loss: 0.2879.	LR: 0.0563
Standard Accuracy-	Test: 89.10%.
Inverse Adversarial Accuracy-	Train: 99.06%.
Time taken: 0:02:46
======= Epoch 76 =======
Loss: 0.2759.	LR: 0.0525
Standard Accuracy-	Test: 87.56%.
Inverse Adversarial Accuracy-	Train: 99.10%.
Time taken: 0:02:46
======= Epoch 77 =======
Loss: 0.2634.	LR: 0.0487
Standard Accuracy-	Test: 88.88%.
Inverse Adversarial Accuracy-	Train: 99.08%.
Time taken: 0:02:46
======= Epoch 78 =======
Loss: 0.2560.	LR: 0.0451
Standard Accuracy-	Test: 88.22%.
Inverse Adversarial Accuracy-	Train: 99.21%.
Time taken: 0:02:46
======= Epoch 79 =======
Loss: 0.2323.	LR: 0.0415
Standard Accuracy-	Test: 87.28%.
Inverse Adversarial Accuracy-	Train: 99.42%.
Time taken: 0:02:46
======= Epoch 80 =======
Loss: 0.2251.	LR: 0.0381
Standard Accuracy-	Test: 90.06%.
Inverse Adversarial Accuracy-	Train: 99.40%.
Time taken: 0:02:46
======= Epoch 81 =======
Loss: 0.2103.	LR: 0.0347
Standard Accuracy-	Test: 89.18%.
Inverse Adversarial Accuracy-	Train: 99.44%.
Time taken: 0:02:46
======= Epoch 82 =======
Loss: 0.1981.	LR: 0.0315
Standard Accuracy-	Test: 88.71%.
Inverse Adversarial Accuracy-	Train: 99.48%.
Time taken: 0:02:46
======= Epoch 83 =======
Loss: 0.1829.	LR: 0.0285
Standard Accuracy-	Test: 90.09%.
Inverse Adversarial Accuracy-	Train: 99.56%.
Time taken: 0:02:46
======= Epoch 84 =======
Loss: 0.1662.	LR: 0.0255
Standard Accuracy-	Test: 90.81%.
Inverse Adversarial Accuracy-	Train: 99.71%.
Time taken: 0:02:46
======= Epoch 85 =======
Loss: 0.1512.	LR: 0.0227
Standard Accuracy-	Test: 90.60%.
Inverse Adversarial Accuracy-	Train: 99.72%.
Time taken: 0:02:46
======= Epoch 86 =======
Loss: 0.1374.	LR: 0.0200
Standard Accuracy-	Test: 90.80%.
Inverse Adversarial Accuracy-	Train: 99.76%.
Time taken: 0:02:46
======= Epoch 87 =======
Loss: 0.1195.	LR: 0.0175
Standard Accuracy-	Test: 91.43%.
Inverse Adversarial Accuracy-	Train: 99.79%.
Time taken: 0:02:46
======= Epoch 88 =======
Loss: 0.1099.	LR: 0.0152
Standard Accuracy-	Test: 91.76%.
Inverse Adversarial Accuracy-	Train: 99.81%.
Time taken: 0:02:46
======= Epoch 89 =======
Loss: 0.0872.	LR: 0.0130
Standard Accuracy-	Test: 92.60%.
Inverse Adversarial Accuracy-	Train: 99.84%.
Time taken: 0:02:51
======= Epoch 90 =======
Loss: 0.0760.	LR: 0.0109
Standard Accuracy-	Test: 92.76%.
Inverse Adversarial Accuracy-	Train: 99.90%.	Test: 99.36%.
Time taken: 0:03:34
======= Epoch 91 =======
Loss: 0.0559.	LR: 0.0091
Standard Accuracy-	Test: 92.41%.
Inverse Adversarial Accuracy-	Train: 99.93%.	Test: 99.22%.
Time taken: 0:03:34
======= Epoch 92 =======
Loss: 0.0451.	LR: 0.0074
Standard Accuracy-	Test: 93.25%.
Inverse Adversarial Accuracy-	Train: 99.93%.	Test: 99.18%.
Time taken: 0:03:37
======= Epoch 93 =======
Loss: 0.0331.	LR: 0.0058
Standard Accuracy-	Test: 93.74%.
Inverse Adversarial Accuracy-	Train: 99.96%.	Test: 99.37%.
Time taken: 0:03:35
======= Epoch 94 =======
Loss: 0.0238.	LR: 0.0045
Standard Accuracy-	Test: 93.74%.
Inverse Adversarial Accuracy-	Train: 99.96%.	Test: 99.27%.
Time taken: 0:03:35
======= Epoch 95 =======
Loss: 0.0168.	LR: 0.0033
Standard Accuracy-	Test: 93.74%.
Inverse Adversarial Accuracy-	Train: 99.98%.	Test: 99.39%.
Time taken: 0:03:35
======= Epoch 96 =======
Loss: 0.0112.	LR: 0.0023
Standard Accuracy-	Test: 94.21%.
Inverse Adversarial Accuracy-	Train: 99.99%.	Test: 99.38%.
Time taken: 0:03:35
======= Epoch 97 =======
Loss: 0.0093.	LR: 0.0015
Standard Accuracy-	Test: 94.41%.
Inverse Adversarial Accuracy-	Train: 99.98%.	Test: 99.36%.
Time taken: 0:03:35
======= Epoch 98 =======
Loss: 0.0083.	LR: 0.0008
Standard Accuracy-	Test: 94.37%.
Inverse Adversarial Accuracy-	Train: 99.98%.	Test: 99.30%.
Time taken: 0:03:34
======= Epoch 99 =======
Loss: 0.0076.	LR: 0.0004
Standard Accuracy-	Test: 94.36%.
Inverse Adversarial Accuracy-	Train: 99.99%.	Test: 99.41%.
Time taken: 0:03:34
======= Epoch 100 =======
Loss: 0.0078.	LR: 0.0001
Standard Accuracy-	Test: 94.46%.
Inverse Adversarial Accuracy-	Train: 99.99%.	Test: 99.43%.
Time taken: 0:03:35

Training completed.
Standard Accuracy-	Train: 99.67%.	Test: 94.46%.
Inverse Adversarial Accuracy-	Train: 99.99%.	Test: 99.43%.
Script Completed.
