Using device: cuda
using standard version including apgd-ce, apgd-t, fab-t, square.
initial accuracy: 94.63%
apgd-ce - 1/37 - 246 out of 256 successfully perturbed
apgd-ce - 2/37 - 252 out of 256 successfully perturbed
apgd-ce - 3/37 - 251 out of 256 successfully perturbed
apgd-ce - 4/37 - 248 out of 256 successfully perturbed
apgd-ce - 5/37 - 249 out of 256 successfully perturbed
apgd-ce - 6/37 - 248 out of 256 successfully perturbed
apgd-ce - 7/37 - 250 out of 256 successfully perturbed
apgd-ce - 8/37 - 249 out of 256 successfully perturbed
apgd-ce - 9/37 - 248 out of 256 successfully perturbed
apgd-ce - 10/37 - 251 out of 256 successfully perturbed
apgd-ce - 11/37 - 250 out of 256 successfully perturbed
apgd-ce - 12/37 - 241 out of 256 successfully perturbed
apgd-ce - 13/37 - 245 out of 256 successfully perturbed
apgd-ce - 14/37 - 245 out of 256 successfully perturbed
apgd-ce - 15/37 - 250 out of 256 successfully perturbed
apgd-ce - 16/37 - 241 out of 256 successfully perturbed
apgd-ce - 17/37 - 244 out of 256 successfully perturbed
apgd-ce - 18/37 - 240 out of 256 successfully perturbed
apgd-ce - 19/37 - 247 out of 256 successfully perturbed
apgd-ce - 20/37 - 251 out of 256 successfully perturbed
apgd-ce - 21/37 - 250 out of 256 successfully perturbed
apgd-ce - 22/37 - 252 out of 256 successfully perturbed
apgd-ce - 23/37 - 245 out of 256 successfully perturbed
apgd-ce - 24/37 - 249 out of 256 successfully perturbed
apgd-ce - 25/37 - 249 out of 256 successfully perturbed
apgd-ce - 26/37 - 251 out of 256 successfully perturbed
apgd-ce - 27/37 - 250 out of 256 successfully perturbed
apgd-ce - 28/37 - 249 out of 256 successfully perturbed
apgd-ce - 29/37 - 248 out of 256 successfully perturbed
apgd-ce - 30/37 - 250 out of 256 successfully perturbed
apgd-ce - 31/37 - 250 out of 256 successfully perturbed
apgd-ce - 32/37 - 251 out of 256 successfully perturbed
apgd-ce - 33/37 - 252 out of 256 successfully perturbed
apgd-ce - 34/37 - 247 out of 256 successfully perturbed
apgd-ce - 35/37 - 251 out of 256 successfully perturbed
apgd-ce - 36/37 - 244 out of 256 successfully perturbed
apgd-ce - 37/37 - 240 out of 247 successfully perturbed
robust accuracy after APGD-CE: 2.89% (total time 392.6 s)
apgd-t - 1/2 - 71 out of 256 successfully perturbed
apgd-t - 2/2 - 7 out of 33 successfully perturbed
robust accuracy after APGD-T: 2.11% (total time 486.1 s)
fab-t - 1/1 - 0 out of 211 successfully perturbed
robust accuracy after FAB-T: 2.11% (total time 590.9 s)
square - 1/1 - 0 out of 211 successfully perturbed
robust accuracy after SQUARE: 2.11% (total time 686.2 s)
max Linf perturbation: 0.00784, nan in tensor: 0, max: 1.00000, min: 0.00000
robust accuracy: 2.11%
