Using device: cuda



Standard training for 0 epochs



Standard Accuracy-	Test: 9.257812%.
Inverse Adversarial training for 100 epochs
======= Epoch 1 =======
Loss: 2.1822.	LR: 0.0084
Standard Accuracy-	Test: 53.45%.
Inverse Adversarial Accuracy-	Train: 75.76%.
Time taken: 0:02:44
======= Epoch 2 =======
Loss: 1.1839.	LR: 0.0092
Standard Accuracy-	Test: 62.14%.
Inverse Adversarial Accuracy-	Train: 93.90%.
Time taken: 0:02:45
======= Epoch 3 =======
Loss: 0.8923.	LR: 0.0116
Standard Accuracy-	Test: 70.21%.
Inverse Adversarial Accuracy-	Train: 96.25%.
Time taken: 0:02:45
======= Epoch 4 =======
Loss: 0.7721.	LR: 0.0155
Standard Accuracy-	Test: 72.93%.
Inverse Adversarial Accuracy-	Train: 97.07%.
Time taken: 0:02:45
======= Epoch 5 =======
Loss: 0.7129.	LR: 0.0209
Standard Accuracy-	Test: 75.00%.
Inverse Adversarial Accuracy-	Train: 97.09%.
Time taken: 0:02:45
======= Epoch 6 =======
Loss: 0.6537.	LR: 0.0277
Standard Accuracy-	Test: 77.50%.
Inverse Adversarial Accuracy-	Train: 97.39%.
Time taken: 0:02:45
======= Epoch 7 =======
Loss: 0.6098.	LR: 0.0357
Standard Accuracy-	Test: 79.50%.
Inverse Adversarial Accuracy-	Train: 97.65%.
Time taken: 0:02:45
======= Epoch 8 =======
Loss: 0.5926.	LR: 0.0450
Standard Accuracy-	Test: 78.75%.
Inverse Adversarial Accuracy-	Train: 97.41%.
Time taken: 0:02:45
======= Epoch 9 =======
Loss: 0.5561.	LR: 0.0552
Standard Accuracy-	Test: 80.50%.
Inverse Adversarial Accuracy-	Train: 97.74%.
Time taken: 0:02:45
======= Epoch 10 =======
Loss: 0.5541.	LR: 0.0663
Standard Accuracy-	Test: 78.76%.
Inverse Adversarial Accuracy-	Train: 97.49%.
Time taken: 0:02:45
======= Epoch 11 =======
Loss: 0.5434.	LR: 0.0781
Standard Accuracy-	Test: 74.37%.
Inverse Adversarial Accuracy-	Train: 97.48%.
Time taken: 0:02:45
======= Epoch 12 =======
Loss: 0.5569.	LR: 0.0903
Standard Accuracy-	Test: 78.73%.
Inverse Adversarial Accuracy-	Train: 97.06%.
Time taken: 0:02:44
======= Epoch 13 =======
Loss: 0.5490.	LR: 0.1029
Standard Accuracy-	Test: 75.04%.
Inverse Adversarial Accuracy-	Train: 96.98%.
Time taken: 0:02:45
======= Epoch 14 =======
Loss: 0.5483.	LR: 0.1155
Standard Accuracy-	Test: 76.17%.
Inverse Adversarial Accuracy-	Train: 97.08%.
Time taken: 0:02:45
======= Epoch 15 =======
Loss: 0.5503.	LR: 0.1281
Standard Accuracy-	Test: 78.91%.
Inverse Adversarial Accuracy-	Train: 97.02%.
Time taken: 0:02:45
======= Epoch 16 =======
Loss: 0.5363.	LR: 0.1404
Standard Accuracy-	Test: 77.44%.
Inverse Adversarial Accuracy-	Train: 97.25%.
Time taken: 0:02:44
======= Epoch 17 =======
Loss: 0.5513.	LR: 0.1521
Standard Accuracy-	Test: 79.68%.
Inverse Adversarial Accuracy-	Train: 97.06%.
Time taken: 0:02:44
======= Epoch 18 =======
Loss: 0.5389.	LR: 0.1632
Standard Accuracy-	Test: 77.36%.
Inverse Adversarial Accuracy-	Train: 97.04%.
Time taken: 0:02:44
======= Epoch 19 =======
Loss: 0.5371.	LR: 0.1735
Standard Accuracy-	Test: 77.34%.
Inverse Adversarial Accuracy-	Train: 97.00%.
Time taken: 0:02:44
======= Epoch 20 =======
Loss: 0.5370.	LR: 0.1827
Standard Accuracy-	Test: 76.88%.
Inverse Adversarial Accuracy-	Train: 96.87%.
Time taken: 0:02:45
======= Epoch 21 =======
Loss: 0.5566.	LR: 0.1908
Standard Accuracy-	Test: 77.55%.
Inverse Adversarial Accuracy-	Train: 96.69%.
Time taken: 0:02:44
======= Epoch 22 =======
Loss: 0.5273.	LR: 0.1975
Standard Accuracy-	Test: 80.01%.
Inverse Adversarial Accuracy-	Train: 97.03%.
Time taken: 0:02:44
======= Epoch 23 =======
Loss: 0.5140.	LR: 0.2029
Standard Accuracy-	Test: 77.29%.
Inverse Adversarial Accuracy-	Train: 97.24%.
Time taken: 0:02:46
======= Epoch 24 =======
Loss: 0.5277.	LR: 0.2068
Standard Accuracy-	Test: 73.02%.
Inverse Adversarial Accuracy-	Train: 97.04%.
Time taken: 0:02:44
======= Epoch 25 =======
Loss: 0.5119.	LR: 0.2092
Standard Accuracy-	Test: 75.02%.
Inverse Adversarial Accuracy-	Train: 97.08%.
Time taken: 0:02:44
======= Epoch 26 =======
Loss: 0.5236.	LR: 0.2100
Standard Accuracy-	Test: 78.37%.
Inverse Adversarial Accuracy-	Train: 96.95%.
Time taken: 0:02:44
======= Epoch 27 =======
Loss: 0.5246.	LR: 0.2099
Standard Accuracy-	Test: 76.56%.
Inverse Adversarial Accuracy-	Train: 96.83%.
Time taken: 0:02:44
======= Epoch 28 =======
Loss: 0.5187.	LR: 0.2096
Standard Accuracy-	Test: 81.23%.
Inverse Adversarial Accuracy-	Train: 97.11%.
Time taken: 0:02:45
======= Epoch 29 =======
Loss: 0.4882.	LR: 0.2092
Standard Accuracy-	Test: 57.37%.
Inverse Adversarial Accuracy-	Train: 97.51%.
Time taken: 0:02:44
======= Epoch 30 =======
Loss: 0.4991.	LR: 0.2085
Standard Accuracy-	Test: 81.71%.
Inverse Adversarial Accuracy-	Train: 97.26%.	Test: 97.07%.
Time taken: 0:03:32
======= Epoch 31 =======
Loss: 0.4881.	LR: 0.2077
Standard Accuracy-	Test: 76.11%.
Inverse Adversarial Accuracy-	Train: 97.58%.
Time taken: 0:02:44
======= Epoch 32 =======
Loss: 0.4824.	LR: 0.2067
Standard Accuracy-	Test: 76.11%.
Inverse Adversarial Accuracy-	Train: 97.47%.
Time taken: 0:02:44
======= Epoch 33 =======
Loss: 0.4885.	LR: 0.2055
Standard Accuracy-	Test: 79.43%.
Inverse Adversarial Accuracy-	Train: 97.37%.
Time taken: 0:02:44
======= Epoch 34 =======
Loss: 0.4702.	LR: 0.2042
Standard Accuracy-	Test: 76.29%.
Inverse Adversarial Accuracy-	Train: 97.78%.
Time taken: 0:02:44
======= Epoch 35 =======
Loss: 0.4943.	LR: 0.2026
Standard Accuracy-	Test: 78.38%.
Inverse Adversarial Accuracy-	Train: 97.36%.
Time taken: 0:02:45
======= Epoch 36 =======
Loss: 0.4771.	LR: 0.2009
Standard Accuracy-	Test: 80.75%.
Inverse Adversarial Accuracy-	Train: 97.60%.
Time taken: 0:02:44
======= Epoch 37 =======
Loss: 0.4812.	LR: 0.1990
Standard Accuracy-	Test: 71.95%.
Inverse Adversarial Accuracy-	Train: 97.51%.
Time taken: 0:02:44
======= Epoch 38 =======
Loss: 0.4835.	LR: 0.1970
Standard Accuracy-	Test: 81.15%.
Inverse Adversarial Accuracy-	Train: 97.30%.
Time taken: 0:02:44
======= Epoch 39 =======
Loss: 0.4689.	LR: 0.1948
Standard Accuracy-	Test: 76.41%.
Inverse Adversarial Accuracy-	Train: 97.49%.
Time taken: 0:02:44
======= Epoch 40 =======
Loss: 0.4854.	LR: 0.1925
Standard Accuracy-	Test: 81.53%.
Inverse Adversarial Accuracy-	Train: 97.27%.
Time taken: 0:02:44
======= Epoch 41 =======
Loss: 0.4586.	LR: 0.1899
Standard Accuracy-	Test: 81.52%.
Inverse Adversarial Accuracy-	Train: 97.64%.
Time taken: 0:02:44
======= Epoch 42 =======
Loss: 0.4599.	LR: 0.1873
Standard Accuracy-	Test: 78.71%.
Inverse Adversarial Accuracy-	Train: 97.75%.
Time taken: 0:02:44
======= Epoch 43 =======
Loss: 0.4536.	LR: 0.1845
Standard Accuracy-	Test: 82.23%.
Inverse Adversarial Accuracy-	Train: 97.83%.
Time taken: 0:02:44
======= Epoch 44 =======
Loss: 0.4578.	LR: 0.1815
Standard Accuracy-	Test: 75.75%.
Inverse Adversarial Accuracy-	Train: 97.66%.
Time taken: 0:02:44
======= Epoch 45 =======
Loss: 0.4422.	LR: 0.1785
Standard Accuracy-	Test: 80.96%.
Inverse Adversarial Accuracy-	Train: 97.82%.
Time taken: 0:02:44
======= Epoch 46 =======
Loss: 0.4531.	LR: 0.1753
Standard Accuracy-	Test: 78.17%.
Inverse Adversarial Accuracy-	Train: 97.67%.
Time taken: 0:02:44
======= Epoch 47 =======
Loss: 0.4387.	LR: 0.1719
Standard Accuracy-	Test: 82.64%.
Inverse Adversarial Accuracy-	Train: 97.84%.
Time taken: 0:02:44
======= Epoch 48 =======
Loss: 0.4581.	LR: 0.1685
Standard Accuracy-	Test: 80.57%.
Inverse Adversarial Accuracy-	Train: 97.60%.
Time taken: 0:02:44
======= Epoch 49 =======
Loss: 0.4300.	LR: 0.1649
Standard Accuracy-	Test: 78.21%.
Inverse Adversarial Accuracy-	Train: 97.94%.
Time taken: 0:02:44
======= Epoch 50 =======
Loss: 0.4399.	LR: 0.1613
Standard Accuracy-	Test: 79.79%.
Inverse Adversarial Accuracy-	Train: 97.82%.
Time taken: 0:02:44
======= Epoch 51 =======
Loss: 0.4351.	LR: 0.1575
Standard Accuracy-	Test: 83.18%.
Inverse Adversarial Accuracy-	Train: 97.93%.
Time taken: 0:02:44
======= Epoch 52 =======
Loss: 0.4293.	LR: 0.1536
Standard Accuracy-	Test: 82.76%.
Inverse Adversarial Accuracy-	Train: 97.91%.
Time taken: 0:02:44
======= Epoch 53 =======
Loss: 0.4297.	LR: 0.1497
Standard Accuracy-	Test: 82.35%.
Inverse Adversarial Accuracy-	Train: 97.94%.
Time taken: 0:02:44
======= Epoch 54 =======
Loss: 0.3988.	LR: 0.1457
Standard Accuracy-	Test: 83.76%.
Inverse Adversarial Accuracy-	Train: 98.28%.
Time taken: 0:02:44
======= Epoch 55 =======
Loss: 0.4066.	LR: 0.1416
Standard Accuracy-	Test: 81.37%.
Inverse Adversarial Accuracy-	Train: 98.29%.
Time taken: 0:02:44
======= Epoch 56 =======
Loss: 0.4043.	LR: 0.1374
Standard Accuracy-	Test: 81.88%.
Inverse Adversarial Accuracy-	Train: 98.12%.
Time taken: 0:02:44
======= Epoch 57 =======
Loss: 0.3991.	LR: 0.1332
Standard Accuracy-	Test: 80.17%.
Inverse Adversarial Accuracy-	Train: 98.37%.
Time taken: 0:02:44
======= Epoch 58 =======
Loss: 0.4139.	LR: 0.1290
Standard Accuracy-	Test: 81.26%.
Inverse Adversarial Accuracy-	Train: 97.94%.
Time taken: 0:02:44
======= Epoch 59 =======
Loss: 0.3952.	LR: 0.1247
Standard Accuracy-	Test: 84.92%.
Inverse Adversarial Accuracy-	Train: 98.29%.
Time taken: 0:02:44
======= Epoch 60 =======
Loss: 0.3861.	LR: 0.1203
Standard Accuracy-	Test: 79.01%.
Inverse Adversarial Accuracy-	Train: 98.28%.	Test: 97.34%.
Time taken: 0:03:32
======= Epoch 61 =======
Loss: 0.4018.	LR: 0.1160
Standard Accuracy-	Test: 82.53%.
Inverse Adversarial Accuracy-	Train: 98.06%.
Time taken: 0:02:45
======= Epoch 62 =======
Loss: 0.3876.	LR: 0.1116
Standard Accuracy-	Test: 83.83%.
Inverse Adversarial Accuracy-	Train: 98.25%.
Time taken: 0:02:44
======= Epoch 63 =======
Loss: 0.3820.	LR: 0.1072
Standard Accuracy-	Test: 85.32%.
Inverse Adversarial Accuracy-	Train: 98.28%.
Time taken: 0:02:44
======= Epoch 64 =======
Loss: 0.3787.	LR: 0.1028
Standard Accuracy-	Test: 85.29%.
Inverse Adversarial Accuracy-	Train: 98.37%.
Time taken: 0:02:44
======= Epoch 65 =======
Loss: 0.3679.	LR: 0.0984
Standard Accuracy-	Test: 84.61%.
Inverse Adversarial Accuracy-	Train: 98.45%.
Time taken: 0:02:44
======= Epoch 66 =======
Loss: 0.3695.	LR: 0.0940
Standard Accuracy-	Test: 85.65%.
Inverse Adversarial Accuracy-	Train: 98.27%.
Time taken: 0:02:44
======= Epoch 67 =======
Loss: 0.3449.	LR: 0.0897
Standard Accuracy-	Test: 87.06%.
Inverse Adversarial Accuracy-	Train: 98.62%.
Time taken: 0:02:45
======= Epoch 68 =======
Loss: 0.3379.	LR: 0.0853
Standard Accuracy-	Test: 86.27%.
Inverse Adversarial Accuracy-	Train: 98.63%.
Time taken: 0:02:44
======= Epoch 69 =======
Loss: 0.3437.	LR: 0.0810
Standard Accuracy-	Test: 86.27%.
Inverse Adversarial Accuracy-	Train: 98.50%.
Time taken: 0:02:44
======= Epoch 70 =======
Loss: 0.3328.	LR: 0.0768
Standard Accuracy-	Test: 85.49%.
Inverse Adversarial Accuracy-	Train: 98.67%.
Time taken: 0:02:44
======= Epoch 71 =======
Loss: 0.3300.	LR: 0.0725
Standard Accuracy-	Test: 87.68%.
Inverse Adversarial Accuracy-	Train: 98.66%.
Time taken: 0:02:44
======= Epoch 72 =======
Loss: 0.3115.	LR: 0.0684
Standard Accuracy-	Test: 86.16%.
Inverse Adversarial Accuracy-	Train: 98.91%.
Time taken: 0:02:44
======= Epoch 73 =======
Loss: 0.2977.	LR: 0.0643
Standard Accuracy-	Test: 83.83%.
Inverse Adversarial Accuracy-	Train: 98.98%.
Time taken: 0:02:44
======= Epoch 74 =======
Loss: 0.2843.	LR: 0.0603
Standard Accuracy-	Test: 86.97%.
Inverse Adversarial Accuracy-	Train: 99.07%.
Time taken: 0:02:44
======= Epoch 75 =======
Loss: 0.2823.	LR: 0.0563
Standard Accuracy-	Test: 89.46%.
Inverse Adversarial Accuracy-	Train: 99.11%.
Time taken: 0:02:44
======= Epoch 76 =======
Loss: 0.2789.	LR: 0.0525
Standard Accuracy-	Test: 87.46%.
Inverse Adversarial Accuracy-	Train: 99.07%.
Time taken: 0:02:44
======= Epoch 77 =======
Loss: 0.2543.	LR: 0.0487
Standard Accuracy-	Test: 87.75%.
Inverse Adversarial Accuracy-	Train: 99.30%.
Time taken: 0:02:44
======= Epoch 78 =======
Loss: 0.2476.	LR: 0.0451
Standard Accuracy-	Test: 89.01%.
Inverse Adversarial Accuracy-	Train: 99.27%.
Time taken: 0:02:44
======= Epoch 79 =======
Loss: 0.2345.	LR: 0.0415
Standard Accuracy-	Test: 86.41%.
Inverse Adversarial Accuracy-	Train: 99.35%.
Time taken: 0:02:44
======= Epoch 80 =======
Loss: 0.2242.	LR: 0.0381
Standard Accuracy-	Test: 90.49%.
Inverse Adversarial Accuracy-	Train: 99.39%.
Time taken: 0:02:44
======= Epoch 81 =======
Loss: 0.2070.	LR: 0.0347
Standard Accuracy-	Test: 89.21%.
Inverse Adversarial Accuracy-	Train: 99.48%.
Time taken: 0:02:44
======= Epoch 82 =======
Loss: 0.2091.	LR: 0.0315
Standard Accuracy-	Test: 89.15%.
Inverse Adversarial Accuracy-	Train: 99.41%.
Time taken: 0:02:44
======= Epoch 83 =======
Loss: 0.1883.	LR: 0.0285
Standard Accuracy-	Test: 89.72%.
Inverse Adversarial Accuracy-	Train: 99.51%.
Time taken: 0:02:44
======= Epoch 84 =======
Loss: 0.1738.	LR: 0.0255
Standard Accuracy-	Test: 90.05%.
Inverse Adversarial Accuracy-	Train: 99.60%.
Time taken: 0:02:44
======= Epoch 85 =======
Loss: 0.1538.	LR: 0.0227
Standard Accuracy-	Test: 90.82%.
Inverse Adversarial Accuracy-	Train: 99.64%.
Time taken: 0:02:44
======= Epoch 86 =======
Loss: 0.1347.	LR: 0.0200
Standard Accuracy-	Test: 91.26%.
Inverse Adversarial Accuracy-	Train: 99.75%.
Time taken: 0:02:44
======= Epoch 87 =======
Loss: 0.1241.	LR: 0.0175
Standard Accuracy-	Test: 91.71%.
Inverse Adversarial Accuracy-	Train: 99.79%.
Time taken: 0:02:44
======= Epoch 88 =======
Loss: 0.1027.	LR: 0.0152
Standard Accuracy-	Test: 92.89%.
Inverse Adversarial Accuracy-	Train: 99.82%.
Time taken: 0:02:44
======= Epoch 89 =======
Loss: 0.0901.	LR: 0.0130
Standard Accuracy-	Test: 92.48%.
Inverse Adversarial Accuracy-	Train: 99.83%.
Time taken: 0:02:44
======= Epoch 90 =======
Loss: 0.0701.	LR: 0.0109
Standard Accuracy-	Test: 93.12%.
Inverse Adversarial Accuracy-	Train: 99.90%.	Test: 99.16%.
Time taken: 0:03:32
======= Epoch 91 =======
Loss: 0.0585.	LR: 0.0091
Standard Accuracy-	Test: 93.23%.
Inverse Adversarial Accuracy-	Train: 99.92%.	Test: 99.30%.
Time taken: 0:03:32
======= Epoch 92 =======
Loss: 0.0440.	LR: 0.0074
Standard Accuracy-	Test: 93.26%.
Inverse Adversarial Accuracy-	Train: 99.97%.	Test: 99.28%.
Time taken: 0:03:32
======= Epoch 93 =======
Loss: 0.0306.	LR: 0.0058
Standard Accuracy-	Test: 94.28%.
Inverse Adversarial Accuracy-	Train: 99.97%.	Test: 99.38%.
Time taken: 0:03:32
======= Epoch 94 =======
Loss: 0.0232.	LR: 0.0045
Standard Accuracy-	Test: 94.23%.
Inverse Adversarial Accuracy-	Train: 99.99%.	Test: 99.41%.
Time taken: 0:03:32
======= Epoch 95 =======
Loss: 0.0132.	LR: 0.0033
Standard Accuracy-	Test: 94.47%.
Inverse Adversarial Accuracy-	Train: 100.00%.	Test: 99.38%.
Time taken: 0:03:32
======= Epoch 96 =======
Loss: 0.0103.	LR: 0.0023
Standard Accuracy-	Test: 94.76%.
Inverse Adversarial Accuracy-	Train: 99.99%.	Test: 99.45%.
Time taken: 0:03:32
======= Epoch 97 =======
Loss: 0.0079.	LR: 0.0015
Standard Accuracy-	Test: 94.67%.
Inverse Adversarial Accuracy-	Train: 100.00%.	Test: 99.53%.
Time taken: 0:03:32
======= Epoch 98 =======
Loss: 0.0078.	LR: 0.0008
Standard Accuracy-	Test: 94.64%.
Inverse Adversarial Accuracy-	Train: 99.99%.	Test: 99.44%.
Time taken: 0:03:32
======= Epoch 99 =======
Loss: 0.0069.	LR: 0.0004
Standard Accuracy-	Test: 94.74%.
Inverse Adversarial Accuracy-	Train: 100.00%.	Test: 99.43%.
Time taken: 0:03:32
======= Epoch 100 =======
Loss: 0.0063.	LR: 0.0001
Standard Accuracy-	Test: 94.70%.
Inverse Adversarial Accuracy-	Train: 100.00%.	Test: 99.48%.
Time taken: 0:03:32

Training completed.
Standard Accuracy-	Train: 99.87%.	Test: 94.76%.
Inverse Adversarial Accuracy-	Train: 100.00%.	Test: 99.45%.
Script Completed.
