Using device: cuda
using standard version including apgd-ce, apgd-t, fab-t, square.
initial accuracy: 94.77%
apgd-ce - 1/38 - 256 out of 256 successfully perturbed
apgd-ce - 2/38 - 256 out of 256 successfully perturbed
apgd-ce - 3/38 - 256 out of 256 successfully perturbed
apgd-ce - 4/38 - 256 out of 256 successfully perturbed
apgd-ce - 5/38 - 256 out of 256 successfully perturbed
apgd-ce - 6/38 - 256 out of 256 successfully perturbed
apgd-ce - 7/38 - 256 out of 256 successfully perturbed
apgd-ce - 8/38 - 256 out of 256 successfully perturbed
apgd-ce - 9/38 - 256 out of 256 successfully perturbed
apgd-ce - 10/38 - 256 out of 256 successfully perturbed
apgd-ce - 11/38 - 256 out of 256 successfully perturbed
apgd-ce - 12/38 - 256 out of 256 successfully perturbed
apgd-ce - 13/38 - 256 out of 256 successfully perturbed
apgd-ce - 14/38 - 256 out of 256 successfully perturbed
apgd-ce - 15/38 - 256 out of 256 successfully perturbed
apgd-ce - 16/38 - 256 out of 256 successfully perturbed
apgd-ce - 17/38 - 256 out of 256 successfully perturbed
apgd-ce - 18/38 - 256 out of 256 successfully perturbed
apgd-ce - 19/38 - 256 out of 256 successfully perturbed
apgd-ce - 20/38 - 256 out of 256 successfully perturbed
apgd-ce - 21/38 - 256 out of 256 successfully perturbed
apgd-ce - 22/38 - 256 out of 256 successfully perturbed
apgd-ce - 23/38 - 256 out of 256 successfully perturbed
apgd-ce - 24/38 - 256 out of 256 successfully perturbed
apgd-ce - 25/38 - 256 out of 256 successfully perturbed
apgd-ce - 26/38 - 256 out of 256 successfully perturbed
apgd-ce - 27/38 - 256 out of 256 successfully perturbed
apgd-ce - 28/38 - 256 out of 256 successfully perturbed
apgd-ce - 29/38 - 256 out of 256 successfully perturbed
apgd-ce - 30/38 - 256 out of 256 successfully perturbed
apgd-ce - 31/38 - 256 out of 256 successfully perturbed
apgd-ce - 32/38 - 256 out of 256 successfully perturbed
apgd-ce - 33/38 - 256 out of 256 successfully perturbed
apgd-ce - 34/38 - 256 out of 256 successfully perturbed
apgd-ce - 35/38 - 256 out of 256 successfully perturbed
apgd-ce - 36/38 - 256 out of 256 successfully perturbed
apgd-ce - 37/38 - 256 out of 256 successfully perturbed
apgd-ce - 38/38 - 5 out of 5 successfully perturbed
robust accuracy after APGD-CE: 0.00% (total time 390.0 s)
max Linf perturbation: 0.03137, nan in tensor: 0, max: 1.00000, min: 0.00000
robust accuracy: 0.00%
