Using device: cuda



Standard training for 0 epochs
Standard Accuracy-	Test: 9.257812%.
Wrong label Adversarial training for 100 epochs
======= Epoch 1 =======
Loss: 3.4849.	LR: 0.0084
Standard Accuracy-	Train: 42.74%.	Test: 55.29%.
Adversarial Accuracy-	Train: 28.00%.
Time taken: 0:02:49
======= Epoch 2 =======
Loss: 2.9089.	LR: 0.0092
Standard Accuracy-	Train: 57.50%.	Test: 59.65%.
Adversarial Accuracy-	Train: 35.30%.
Time taken: 0:02:49
======= Epoch 3 =======
Loss: 2.5772.	LR: 0.0116
Standard Accuracy-	Train: 65.37%.	Test: 68.64%.
Adversarial Accuracy-	Train: 39.31%.
Time taken: 0:02:49
======= Epoch 4 =======
Loss: 2.3557.	LR: 0.0155
Standard Accuracy-	Train: 70.08%.	Test: 67.45%.
Adversarial Accuracy-	Train: 42.67%.
Time taken: 0:02:49
======= Epoch 5 =======
Loss: 2.1896.	LR: 0.0209
Standard Accuracy-	Train: 73.75%.	Test: 71.77%.
Adversarial Accuracy-	Train: 44.23%.
Time taken: 0:02:49
======= Epoch 6 =======
Loss: 2.0485.	LR: 0.0277
Standard Accuracy-	Train: 76.00%.	Test: 76.33%.
Adversarial Accuracy-	Train: 46.12%.
Time taken: 0:02:49
======= Epoch 7 =======
Loss: 1.9479.	LR: 0.0357
Standard Accuracy-	Train: 77.98%.	Test: 76.28%.
Adversarial Accuracy-	Train: 47.07%.
Time taken: 0:02:50
======= Epoch 8 =======
Loss: 1.8655.	LR: 0.0450
Standard Accuracy-	Train: 79.37%.	Test: 77.40%.
Adversarial Accuracy-	Train: 47.69%.
Time taken: 0:02:50
======= Epoch 9 =======
Loss: 1.7945.	LR: 0.0552
Standard Accuracy-	Train: 80.62%.	Test: 78.30%.
Adversarial Accuracy-	Train: 48.61%.
Time taken: 0:02:49
======= Epoch 10 =======
Loss: 1.7221.	LR: 0.0663
Standard Accuracy-	Train: 81.67%.	Test: 75.95%.
Adversarial Accuracy-	Train: 48.45%.
Time taken: 0:02:49
======= Epoch 11 =======
Loss: 1.6786.	LR: 0.0781
Standard Accuracy-	Train: 82.41%.	Test: 79.19%.
Adversarial Accuracy-	Train: 48.77%.
Time taken: 0:02:49
======= Epoch 12 =======
Loss: 1.6555.	LR: 0.0903
Standard Accuracy-	Train: 82.82%.	Test: 76.62%.
Adversarial Accuracy-	Train: 48.71%.
Time taken: 0:02:49
======= Epoch 13 =======
Loss: 1.6301.	LR: 0.1029
Standard Accuracy-	Train: 83.15%.	Test: 81.36%.
Adversarial Accuracy-	Train: 48.54%.
Time taken: 0:02:49
======= Epoch 14 =======
Loss: 1.6112.	LR: 0.1155
Standard Accuracy-	Train: 83.39%.	Test: 81.27%.
Adversarial Accuracy-	Train: 48.31%.
Time taken: 0:02:49
======= Epoch 15 =======
Loss: 1.5923.	LR: 0.1281
Standard Accuracy-	Train: 83.71%.	Test: 81.81%.
Adversarial Accuracy-	Train: 48.58%.
Time taken: 0:02:49
======= Epoch 16 =======
Loss: 1.5659.	LR: 0.1404
Standard Accuracy-	Train: 84.30%.	Test: 76.58%.
Adversarial Accuracy-	Train: 48.11%.
Time taken: 0:02:49
======= Epoch 17 =======
Loss: 1.5441.	LR: 0.1521
Standard Accuracy-	Train: 84.34%.	Test: 81.47%.
Adversarial Accuracy-	Train: 47.63%.
Time taken: 0:02:49
======= Epoch 18 =======
Loss: 1.5191.	LR: 0.1632
Standard Accuracy-	Train: 84.55%.	Test: 80.44%.
Adversarial Accuracy-	Train: 47.39%.
Time taken: 0:02:49
======= Epoch 19 =======
Loss: 1.4838.	LR: 0.1735
Standard Accuracy-	Train: 85.08%.	Test: 79.76%.
Adversarial Accuracy-	Train: 46.28%.
Time taken: 0:02:49
======= Epoch 20 =======
Loss: 1.4715.	LR: 0.1827
Standard Accuracy-	Train: 84.96%.	Test: 82.58%.
Adversarial Accuracy-	Train: 45.49%.
Time taken: 0:02:49
======= Epoch 21 =======
Loss: 1.4298.	LR: 0.1908
Standard Accuracy-	Train: 85.55%.	Test: 82.49%.
Adversarial Accuracy-	Train: 42.86%.
Time taken: 0:02:49
======= Epoch 22 =======
Loss: 1.3480.	LR: 0.1975
Standard Accuracy-	Train: 85.97%.	Test: 82.82%.
Adversarial Accuracy-	Train: 35.69%.
Time taken: 0:02:49
======= Epoch 23 =======
Loss: 1.2386.	LR: 0.2029
Standard Accuracy-	Train: 86.58%.	Test: 83.21%.
Adversarial Accuracy-	Train: 26.13%.
Time taken: 0:02:49
======= Epoch 24 =======
Loss: 1.1678.	LR: 0.2068
Standard Accuracy-	Train: 86.80%.	Test: 79.99%.
Adversarial Accuracy-	Train: 21.84%.
Time taken: 0:02:49
======= Epoch 25 =======
Loss: 1.1235.	LR: 0.2092
Standard Accuracy-	Train: 86.79%.	Test: 80.12%.
Adversarial Accuracy-	Train: 18.92%.
Time taken: 0:02:49
======= Epoch 26 =======
Loss: 1.0744.	LR: 0.2100
Standard Accuracy-	Train: 86.89%.	Test: 75.74%.
Adversarial Accuracy-	Train: 16.23%.
Time taken: 0:02:49
======= Epoch 27 =======
Loss: 1.0332.	LR: 0.2099
Standard Accuracy-	Train: 87.19%.	Test: 78.43%.
Adversarial Accuracy-	Train: 14.35%.
Time taken: 0:02:49
======= Epoch 28 =======
Loss: 0.9997.	LR: 0.2096
Standard Accuracy-	Train: 87.18%.	Test: 80.97%.
Adversarial Accuracy-	Train: 12.76%.
Time taken: 0:02:49
======= Epoch 29 =======
Loss: 0.9868.	LR: 0.2092
Standard Accuracy-	Train: 87.22%.	Test: 84.25%.
Adversarial Accuracy-	Train: 11.81%.
Time taken: 0:02:49
======= Epoch 30 =======
Loss: 0.9406.	LR: 0.2085
Standard Accuracy-	Train: 87.45%.	Test: 82.45%.
Adversarial Accuracy-	Train: 9.66%.	Test: 1.11%.
Time taken: 0:03:37
======= Epoch 31 =======
Loss: 0.9361.	LR: 0.2077
Standard Accuracy-	Train: 87.61%.	Test: 79.72%.
Adversarial Accuracy-	Train: 9.64%.
Time taken: 0:02:49
======= Epoch 32 =======
Loss: 0.8949.	LR: 0.2067
Standard Accuracy-	Train: 87.44%.	Test: 77.81%.
Adversarial Accuracy-	Train: 9.21%.
Time taken: 0:02:49
======= Epoch 33 =======
Loss: 0.9228.	LR: 0.2055
Standard Accuracy-	Train: 87.54%.	Test: 82.08%.
Adversarial Accuracy-	Train: 9.47%.
Time taken: 0:02:49
======= Epoch 34 =======
Loss: 0.8952.	LR: 0.2042
Standard Accuracy-	Train: 87.62%.	Test: 83.14%.
Adversarial Accuracy-	Train: 8.55%.
Time taken: 0:02:49
======= Epoch 35 =======
Loss: 0.9101.	LR: 0.2026
Standard Accuracy-	Train: 87.73%.	Test: 83.02%.
Adversarial Accuracy-	Train: 9.36%.
Time taken: 0:02:49
======= Epoch 36 =======
Loss: 0.8495.	LR: 0.2009
Standard Accuracy-	Train: 87.92%.	Test: 80.93%.
Adversarial Accuracy-	Train: 8.55%.
Time taken: 0:02:49
======= Epoch 37 =======
Loss: 0.8516.	LR: 0.1990
Standard Accuracy-	Train: 88.02%.	Test: 81.75%.
Adversarial Accuracy-	Train: 7.95%.
Time taken: 0:02:49
======= Epoch 38 =======
Loss: 0.9067.	LR: 0.1970
Standard Accuracy-	Train: 87.81%.	Test: 80.01%.
Adversarial Accuracy-	Train: 9.19%.
Time taken: 0:02:49
======= Epoch 39 =======
Loss: 0.8191.	LR: 0.1948
Standard Accuracy-	Train: 88.40%.	Test: 82.24%.
Adversarial Accuracy-	Train: 7.30%.
Time taken: 0:02:49
======= Epoch 40 =======
Loss: 0.8230.	LR: 0.1925
Standard Accuracy-	Train: 88.16%.	Test: 79.98%.
Adversarial Accuracy-	Train: 7.98%.
Time taken: 0:02:49
======= Epoch 41 =======
Loss: 0.8659.	LR: 0.1899
Standard Accuracy-	Train: 88.21%.	Test: 77.40%.
Adversarial Accuracy-	Train: 8.75%.
Time taken: 0:02:49
======= Epoch 42 =======
Loss: 0.8587.	LR: 0.1873
Standard Accuracy-	Train: 88.15%.	Test: 73.73%.
Adversarial Accuracy-	Train: 8.48%.
Time taken: 0:02:49
======= Epoch 43 =======
Loss: 0.8118.	LR: 0.1845
Standard Accuracy-	Train: 88.51%.	Test: 67.56%.
Adversarial Accuracy-	Train: 7.92%.
Time taken: 0:02:49
======= Epoch 44 =======
Loss: 0.8198.	LR: 0.1815
Standard Accuracy-	Train: 88.46%.	Test: 85.31%.
Adversarial Accuracy-	Train: 7.68%.
Time taken: 0:02:49
======= Epoch 45 =======
Loss: 0.7998.	LR: 0.1785
Standard Accuracy-	Train: 88.69%.	Test: 80.42%.
Adversarial Accuracy-	Train: 7.07%.
Time taken: 0:02:49
======= Epoch 46 =======
Loss: 0.7656.	LR: 0.1753
Standard Accuracy-	Train: 88.68%.	Test: 71.96%.
Adversarial Accuracy-	Train: 6.75%.
Time taken: 0:02:49
======= Epoch 47 =======
Loss: 0.8217.	LR: 0.1719
Standard Accuracy-	Train: 88.40%.	Test: 80.32%.
Adversarial Accuracy-	Train: 7.88%.
Time taken: 0:02:49
======= Epoch 48 =======
Loss: 0.7635.	LR: 0.1685
Standard Accuracy-	Train: 88.77%.	Test: 83.12%.
Adversarial Accuracy-	Train: 6.50%.
Time taken: 0:02:49
======= Epoch 49 =======
Loss: 0.7784.	LR: 0.1649
Standard Accuracy-	Train: 88.79%.	Test: 82.48%.
Adversarial Accuracy-	Train: 7.09%.
Time taken: 0:02:49
======= Epoch 50 =======
Loss: 0.8244.	LR: 0.1613
Standard Accuracy-	Train: 88.70%.	Test: 75.08%.
Adversarial Accuracy-	Train: 8.30%.
Time taken: 0:02:49
======= Epoch 51 =======
Loss: 0.7726.	LR: 0.1575
Standard Accuracy-	Train: 88.97%.	Test: 84.35%.
Adversarial Accuracy-	Train: 7.32%.
Time taken: 0:02:49
======= Epoch 52 =======
Loss: 0.7486.	LR: 0.1536
Standard Accuracy-	Train: 89.16%.	Test: 83.87%.
Adversarial Accuracy-	Train: 6.90%.
Time taken: 0:02:49
======= Epoch 53 =======
Loss: 0.7596.	LR: 0.1497
Standard Accuracy-	Train: 89.05%.	Test: 73.24%.
Adversarial Accuracy-	Train: 6.84%.
Time taken: 0:02:49
======= Epoch 54 =======
Loss: 0.7321.	LR: 0.1457
Standard Accuracy-	Train: 89.32%.	Test: 83.90%.
Adversarial Accuracy-	Train: 6.39%.
Time taken: 0:02:49
======= Epoch 55 =======
Loss: 0.7043.	LR: 0.1416
Standard Accuracy-	Train: 89.48%.	Test: 83.11%.
Adversarial Accuracy-	Train: 6.18%.
Time taken: 0:02:49
======= Epoch 56 =======
Loss: 0.7123.	LR: 0.1374
Standard Accuracy-	Train: 89.56%.	Test: 79.07%.
Adversarial Accuracy-	Train: 6.04%.
Time taken: 0:02:49
======= Epoch 57 =======
Loss: 0.7211.	LR: 0.1332
Standard Accuracy-	Train: 89.53%.	Test: 83.99%.
Adversarial Accuracy-	Train: 6.59%.
Time taken: 0:02:49
======= Epoch 58 =======
Loss: 0.7089.	LR: 0.1290
Standard Accuracy-	Train: 89.76%.	Test: 83.77%.
Adversarial Accuracy-	Train: 6.69%.
Time taken: 0:02:49
======= Epoch 59 =======
Loss: 0.6922.	LR: 0.1247
Standard Accuracy-	Train: 89.79%.	Test: 84.77%.
Adversarial Accuracy-	Train: 6.70%.
Time taken: 0:02:49
======= Epoch 60 =======
Loss: 0.6846.	LR: 0.1203
Standard Accuracy-	Train: 89.80%.	Test: 82.51%.
Adversarial Accuracy-	Train: 6.20%.	Test: 1.83%.
Time taken: 0:03:37
======= Epoch 61 =======
Loss: 0.6783.	LR: 0.1160
Standard Accuracy-	Train: 89.86%.	Test: 85.57%.
Adversarial Accuracy-	Train: 6.05%.
Time taken: 0:02:49
======= Epoch 62 =======
Loss: 0.6620.	LR: 0.1116
Standard Accuracy-	Train: 90.27%.	Test: 82.98%.
Adversarial Accuracy-	Train: 5.79%.
Time taken: 0:02:49
======= Epoch 63 =======
Loss: 0.6454.	LR: 0.1072
Standard Accuracy-	Train: 90.15%.	Test: 83.54%.
Adversarial Accuracy-	Train: 5.18%.
Time taken: 0:02:49
======= Epoch 64 =======
Loss: 0.6342.	LR: 0.1028
Standard Accuracy-	Train: 90.63%.	Test: 86.39%.
Adversarial Accuracy-	Train: 5.59%.
Time taken: 0:02:49
======= Epoch 65 =======
Loss: 0.6381.	LR: 0.0984
Standard Accuracy-	Train: 90.71%.	Test: 80.21%.
Adversarial Accuracy-	Train: 5.63%.
Time taken: 0:02:49
======= Epoch 66 =======
Loss: 0.6147.	LR: 0.0940
Standard Accuracy-	Train: 90.58%.	Test: 84.19%.
Adversarial Accuracy-	Train: 5.30%.
Time taken: 0:02:49
======= Epoch 67 =======
Loss: 0.5960.	LR: 0.0897
Standard Accuracy-	Train: 91.11%.	Test: 83.09%.
Adversarial Accuracy-	Train: 5.20%.
Time taken: 0:02:49
======= Epoch 68 =======
Loss: 0.5944.	LR: 0.0853
Standard Accuracy-	Train: 91.18%.	Test: 87.29%.
Adversarial Accuracy-	Train: 5.17%.
Time taken: 0:02:49
======= Epoch 69 =======
Loss: 0.5664.	LR: 0.0810
Standard Accuracy-	Train: 91.36%.	Test: 87.04%.
Adversarial Accuracy-	Train: 5.15%.
Time taken: 0:02:49
======= Epoch 70 =======
Loss: 0.5608.	LR: 0.0768
Standard Accuracy-	Train: 91.42%.	Test: 87.89%.
Adversarial Accuracy-	Train: 4.85%.
Time taken: 0:02:49
======= Epoch 71 =======
Loss: 0.5429.	LR: 0.0725
Standard Accuracy-	Train: 91.70%.	Test: 87.24%.
Adversarial Accuracy-	Train: 4.81%.
Time taken: 0:02:49
======= Epoch 72 =======
Loss: 0.5208.	LR: 0.0684
Standard Accuracy-	Train: 91.82%.	Test: 86.66%.
Adversarial Accuracy-	Train: 4.32%.
Time taken: 0:02:49
======= Epoch 73 =======
Loss: 0.5151.	LR: 0.0643
Standard Accuracy-	Train: 92.10%.	Test: 86.82%.
Adversarial Accuracy-	Train: 4.32%.
Time taken: 0:02:49
======= Epoch 74 =======
Loss: 0.5022.	LR: 0.0603
Standard Accuracy-	Train: 92.15%.	Test: 88.34%.
Adversarial Accuracy-	Train: 4.19%.
Time taken: 0:02:49
======= Epoch 75 =======
Loss: 0.4685.	LR: 0.0563
Standard Accuracy-	Train: 92.41%.	Test: 89.24%.
Adversarial Accuracy-	Train: 3.96%.
Time taken: 0:02:49
======= Epoch 76 =======
Loss: 0.4637.	LR: 0.0525
Standard Accuracy-	Train: 92.74%.	Test: 89.52%.
Adversarial Accuracy-	Train: 4.15%.
Time taken: 0:02:49
======= Epoch 77 =======
Loss: 0.4462.	LR: 0.0487
Standard Accuracy-	Train: 92.86%.	Test: 89.10%.
Adversarial Accuracy-	Train: 4.06%.
Time taken: 0:02:49
======= Epoch 78 =======
Loss: 0.4269.	LR: 0.0451
Standard Accuracy-	Train: 93.30%.	Test: 88.40%.
Adversarial Accuracy-	Train: 3.77%.
Time taken: 0:02:49
======= Epoch 79 =======
Loss: 0.4100.	LR: 0.0415
Standard Accuracy-	Train: 93.56%.	Test: 88.70%.
Adversarial Accuracy-	Train: 3.48%.
Time taken: 0:02:49
======= Epoch 80 =======
Loss: 0.3716.	LR: 0.0381
Standard Accuracy-	Train: 93.90%.	Test: 87.33%.
Adversarial Accuracy-	Train: 3.33%.
Time taken: 0:02:49
======= Epoch 81 =======
Loss: 0.3549.	LR: 0.0347
Standard Accuracy-	Train: 94.25%.	Test: 88.51%.
Adversarial Accuracy-	Train: 3.20%.
Time taken: 0:02:49
======= Epoch 82 =======
Loss: 0.3334.	LR: 0.0315
Standard Accuracy-	Train: 94.69%.	Test: 89.52%.
Adversarial Accuracy-	Train: 2.86%.
Time taken: 0:02:49
======= Epoch 83 =======
Loss: 0.3107.	LR: 0.0285
Standard Accuracy-	Train: 95.11%.	Test: 90.14%.
Adversarial Accuracy-	Train: 2.95%.
Time taken: 0:02:49
======= Epoch 84 =======
Loss: 0.2957.	LR: 0.0255
Standard Accuracy-	Train: 95.18%.	Test: 90.10%.
Adversarial Accuracy-	Train: 2.66%.
Time taken: 0:02:49
======= Epoch 85 =======
Loss: 0.2604.	LR: 0.0227
Standard Accuracy-	Train: 95.82%.	Test: 91.12%.
Adversarial Accuracy-	Train: 2.64%.
Time taken: 0:02:49
======= Epoch 86 =======
Loss: 0.2348.	LR: 0.0200
Standard Accuracy-	Train: 96.36%.	Test: 91.14%.
Adversarial Accuracy-	Train: 2.44%.
Time taken: 0:02:49
======= Epoch 87 =======
Loss: 0.2088.	LR: 0.0175
Standard Accuracy-	Train: 96.71%.	Test: 92.53%.
Adversarial Accuracy-	Train: 2.22%.
Time taken: 0:02:49
======= Epoch 88 =======
Loss: 0.1965.	LR: 0.0152
Standard Accuracy-	Train: 97.11%.	Test: 91.54%.
Adversarial Accuracy-	Train: 2.41%.
Time taken: 0:02:49
======= Epoch 89 =======
Loss: 0.1615.	LR: 0.0130
Standard Accuracy-	Train: 97.69%.	Test: 92.30%.
Adversarial Accuracy-	Train: 2.00%.
Time taken: 0:02:49
======= Epoch 90 =======
Loss: 0.1391.	LR: 0.0109
Standard Accuracy-	Train: 98.05%.	Test: 92.67%.
Adversarial Accuracy-	Train: 1.95%.	Test: 0.59%.
Time taken: 0:03:37
======= Epoch 91 =======
Loss: 0.1181.	LR: 0.0091
Standard Accuracy-	Train: 98.62%.	Test: 92.46%.
Adversarial Accuracy-	Train: 1.87%.	Test: 0.39%.
Time taken: 0:03:37
======= Epoch 92 =======
Loss: 0.0954.	LR: 0.0074
Standard Accuracy-	Train: 98.94%.	Test: 93.38%.
Adversarial Accuracy-	Train: 1.74%.	Test: 0.19%.
Time taken: 0:03:37
======= Epoch 93 =======
Loss: 0.0823.	LR: 0.0058
Standard Accuracy-	Train: 99.22%.	Test: 93.78%.
Adversarial Accuracy-	Train: 1.56%.	Test: 0.23%.
Time taken: 0:03:37
======= Epoch 94 =======
Loss: 0.0656.	LR: 0.0045
Standard Accuracy-	Train: 99.50%.	Test: 94.08%.
Adversarial Accuracy-	Train: 1.45%.	Test: 0.21%.
Time taken: 0:03:37
======= Epoch 95 =======
Loss: 0.0567.	LR: 0.0033
Standard Accuracy-	Train: 99.64%.	Test: 94.30%.
Adversarial Accuracy-	Train: 1.39%.	Test: 0.27%.
Time taken: 0:03:37
======= Epoch 96 =======
Loss: 0.0501.	LR: 0.0023
Standard Accuracy-	Train: 99.82%.	Test: 94.32%.
Adversarial Accuracy-	Train: 1.36%.	Test: 0.22%.
Time taken: 0:03:37
======= Epoch 97 =======
Loss: 0.0481.	LR: 0.0015
Standard Accuracy-	Train: 99.82%.	Test: 94.55%.
Adversarial Accuracy-	Train: 1.43%.	Test: 0.26%.
Time taken: 0:03:37
======= Epoch 98 =======
Loss: 0.0458.	LR: 0.0008
Standard Accuracy-	Train: 99.86%.	Test: 94.57%.
Adversarial Accuracy-	Train: 1.48%.	Test: 0.22%.
Time taken: 0:03:37
======= Epoch 99 =======
Loss: 0.0415.	LR: 0.0004
Standard Accuracy-	Train: 99.88%.	Test: 94.62%.
Adversarial Accuracy-	Train: 1.35%.	Test: 0.28%.
Time taken: 0:03:37
======= Epoch 100 =======
Loss: 0.0412.	LR: 0.0001
Standard Accuracy-	Train: 99.87%.	Test: 94.75%.
Adversarial Accuracy-	Train: 1.40%.	Test: 0.26%.
Time taken: 0:03:37

Training completed.
Standard Accuracy-	Train: 99.87%.	Test: 94.75%.
Adversarial Accuracy-	Train: 1.40%.	Test: 0.26%.
Script Completed.
