Using device: cuda
using standard version including apgd-ce, apgd-t, fab-t, square.
initial accuracy: 81.97%
apgd-ce - 1/33 - 102 out of 256 successfully perturbed
apgd-ce - 2/33 - 88 out of 256 successfully perturbed
apgd-ce - 3/33 - 101 out of 256 successfully perturbed
apgd-ce - 4/33 - 82 out of 256 successfully perturbed
apgd-ce - 5/33 - 99 out of 256 successfully perturbed
apgd-ce - 6/33 - 98 out of 256 successfully perturbed
apgd-ce - 7/33 - 94 out of 256 successfully perturbed
apgd-ce - 8/33 - 91 out of 256 successfully perturbed
apgd-ce - 9/33 - 97 out of 256 successfully perturbed
apgd-ce - 10/33 - 98 out of 256 successfully perturbed
apgd-ce - 11/33 - 95 out of 256 successfully perturbed
apgd-ce - 12/33 - 85 out of 256 successfully perturbed
apgd-ce - 13/33 - 90 out of 256 successfully perturbed
apgd-ce - 14/33 - 90 out of 256 successfully perturbed
apgd-ce - 15/33 - 101 out of 256 successfully perturbed
apgd-ce - 16/33 - 93 out of 256 successfully perturbed
apgd-ce - 17/33 - 107 out of 256 successfully perturbed
apgd-ce - 18/33 - 93 out of 256 successfully perturbed
apgd-ce - 19/33 - 96 out of 256 successfully perturbed
apgd-ce - 20/33 - 92 out of 256 successfully perturbed
apgd-ce - 21/33 - 103 out of 256 successfully perturbed
apgd-ce - 22/33 - 89 out of 256 successfully perturbed
apgd-ce - 23/33 - 94 out of 256 successfully perturbed
apgd-ce - 24/33 - 109 out of 256 successfully perturbed
apgd-ce - 25/33 - 83 out of 256 successfully perturbed
apgd-ce - 26/33 - 95 out of 256 successfully perturbed
apgd-ce - 27/33 - 103 out of 256 successfully perturbed
apgd-ce - 28/33 - 91 out of 256 successfully perturbed
apgd-ce - 29/33 - 83 out of 256 successfully perturbed
apgd-ce - 30/33 - 92 out of 256 successfully perturbed
apgd-ce - 31/33 - 99 out of 256 successfully perturbed
apgd-ce - 32/33 - 94 out of 256 successfully perturbed
apgd-ce - 33/33 - 2 out of 5 successfully perturbed
robust accuracy after APGD-CE: 51.68% (total time 390.0 s)
apgd-t - 1/21 - 15 out of 256 successfully perturbed
apgd-t - 2/21 - 10 out of 256 successfully perturbed
apgd-t - 3/21 - 12 out of 256 successfully perturbed
apgd-t - 4/21 - 11 out of 256 successfully perturbed
apgd-t - 5/21 - 15 out of 256 successfully perturbed
apgd-t - 6/21 - 10 out of 256 successfully perturbed
apgd-t - 7/21 - 14 out of 256 successfully perturbed
apgd-t - 8/21 - 12 out of 256 successfully perturbed
apgd-t - 9/21 - 14 out of 256 successfully perturbed
apgd-t - 10/21 - 18 out of 256 successfully perturbed
apgd-t - 11/21 - 15 out of 256 successfully perturbed
apgd-t - 12/21 - 12 out of 256 successfully perturbed
apgd-t - 13/21 - 11 out of 256 successfully perturbed
apgd-t - 14/21 - 11 out of 256 successfully perturbed
apgd-t - 15/21 - 13 out of 256 successfully perturbed
apgd-t - 16/21 - 19 out of 256 successfully perturbed
apgd-t - 17/21 - 19 out of 256 successfully perturbed
apgd-t - 18/21 - 16 out of 256 successfully perturbed
apgd-t - 19/21 - 13 out of 256 successfully perturbed
apgd-t - 20/21 - 10 out of 256 successfully perturbed
apgd-t - 21/21 - 2 out of 48 successfully perturbed
robust accuracy after APGD-T: 48.96% (total time 2427.4 s)
fab-t - 1/20 - 0 out of 256 successfully perturbed
fab-t - 2/20 - 0 out of 256 successfully perturbed
fab-t - 3/20 - 0 out of 256 successfully perturbed
fab-t - 4/20 - 0 out of 256 successfully perturbed
fab-t - 5/20 - 0 out of 256 successfully perturbed
fab-t - 6/20 - 0 out of 256 successfully perturbed
fab-t - 7/20 - 0 out of 256 successfully perturbed
fab-t - 8/20 - 0 out of 256 successfully perturbed
fab-t - 9/20 - 0 out of 256 successfully perturbed
fab-t - 10/20 - 0 out of 256 successfully perturbed
fab-t - 11/20 - 0 out of 256 successfully perturbed
fab-t - 12/20 - 0 out of 256 successfully perturbed
fab-t - 13/20 - 0 out of 256 successfully perturbed
fab-t - 14/20 - 0 out of 256 successfully perturbed
fab-t - 15/20 - 0 out of 256 successfully perturbed
fab-t - 16/20 - 1 out of 256 successfully perturbed
fab-t - 17/20 - 0 out of 256 successfully perturbed
fab-t - 18/20 - 0 out of 256 successfully perturbed
fab-t - 19/20 - 0 out of 256 successfully perturbed
fab-t - 20/20 - 0 out of 32 successfully perturbed
robust accuracy after FAB-T: 48.95% (total time 4786.8 s)
square - 1/20 - 0 out of 256 successfully perturbed
square - 2/20 - 0 out of 256 successfully perturbed
square - 3/20 - 0 out of 256 successfully perturbed
square - 4/20 - 0 out of 256 successfully perturbed
square - 5/20 - 0 out of 256 successfully perturbed
square - 6/20 - 0 out of 256 successfully perturbed
square - 7/20 - 0 out of 256 successfully perturbed
square - 8/20 - 0 out of 256 successfully perturbed
square - 9/20 - 0 out of 256 successfully perturbed
square - 10/20 - 0 out of 256 successfully perturbed
square - 11/20 - 0 out of 256 successfully perturbed
square - 12/20 - 0 out of 256 successfully perturbed
square - 13/20 - 0 out of 256 successfully perturbed
square - 14/20 - 0 out of 256 successfully perturbed
square - 15/20 - 0 out of 256 successfully perturbed
square - 16/20 - 0 out of 256 successfully perturbed
square - 17/20 - 0 out of 256 successfully perturbed
square - 18/20 - 0 out of 256 successfully perturbed
square - 19/20 - 0 out of 256 successfully perturbed
square - 20/20 - 0 out of 31 successfully perturbed
robust accuracy after SQUARE: 48.95% (total time 6945.5 s)
max Linf perturbation: 0.03137, nan in tensor: 0, max: 1.00000, min: 0.00000
robust accuracy: 48.95%
