Using device: cuda



Standard training for 0 epochs
Standard Accuracy-	Test: 9.257812%.
Wrong label Adversarial training for 100 epochs
======= Epoch 1 =======
Loss: 2.9630.	LR: 0.0084
Standard Accuracy-	Train: 48.37%.	Test: 59.98%.
Adversarial Accuracy-	Train: 42.89%.
Time taken: 0:02:49
======= Epoch 2 =======
Loss: 2.1196.	LR: 0.0092
Standard Accuracy-	Train: 66.32%.	Test: 69.44%.
Adversarial Accuracy-	Train: 57.49%.
Time taken: 0:02:49
======= Epoch 3 =======
Loss: 1.7589.	LR: 0.0116
Standard Accuracy-	Train: 73.71%.	Test: 74.49%.
Adversarial Accuracy-	Train: 63.78%.
Time taken: 0:02:49
======= Epoch 4 =======
Loss: 1.5638.	LR: 0.0155
Standard Accuracy-	Train: 77.38%.	Test: 77.97%.
Adversarial Accuracy-	Train: 67.35%.
Time taken: 0:02:49
======= Epoch 5 =======
Loss: 1.4368.	LR: 0.0209
Standard Accuracy-	Train: 79.90%.	Test: 79.60%.
Adversarial Accuracy-	Train: 69.70%.
Time taken: 0:02:49
======= Epoch 6 =======
Loss: 1.3296.	LR: 0.0277
Standard Accuracy-	Train: 81.59%.	Test: 80.05%.
Adversarial Accuracy-	Train: 71.39%.
Time taken: 0:02:49
======= Epoch 7 =======
Loss: 1.2588.	LR: 0.0357
Standard Accuracy-	Train: 83.01%.	Test: 82.51%.
Adversarial Accuracy-	Train: 72.72%.
Time taken: 0:02:49
======= Epoch 8 =======
Loss: 1.1982.	LR: 0.0450
Standard Accuracy-	Train: 84.03%.	Test: 78.57%.
Adversarial Accuracy-	Train: 74.04%.
Time taken: 0:02:49
======= Epoch 9 =======
Loss: 1.1486.	LR: 0.0552
Standard Accuracy-	Train: 85.01%.	Test: 78.77%.
Adversarial Accuracy-	Train: 74.73%.
Time taken: 0:02:49
======= Epoch 10 =======
Loss: 1.1141.	LR: 0.0663
Standard Accuracy-	Train: 85.41%.	Test: 79.39%.
Adversarial Accuracy-	Train: 75.12%.
Time taken: 0:02:49
======= Epoch 11 =======
Loss: 1.0886.	LR: 0.0781
Standard Accuracy-	Train: 85.78%.	Test: 80.35%.
Adversarial Accuracy-	Train: 75.85%.
Time taken: 0:02:49
======= Epoch 12 =======
Loss: 1.0724.	LR: 0.0903
Standard Accuracy-	Train: 86.19%.	Test: 83.19%.
Adversarial Accuracy-	Train: 76.14%.
Time taken: 0:02:49
======= Epoch 13 =======
Loss: 1.0588.	LR: 0.1029
Standard Accuracy-	Train: 86.41%.	Test: 82.77%.
Adversarial Accuracy-	Train: 76.60%.
Time taken: 0:02:49
======= Epoch 14 =======
Loss: 1.0654.	LR: 0.1155
Standard Accuracy-	Train: 86.43%.	Test: 84.81%.
Adversarial Accuracy-	Train: 76.30%.
Time taken: 0:02:49
======= Epoch 15 =======
Loss: 1.0500.	LR: 0.1281
Standard Accuracy-	Train: 86.53%.	Test: 81.34%.
Adversarial Accuracy-	Train: 76.78%.
Time taken: 0:02:49
======= Epoch 16 =======
Loss: 1.0284.	LR: 0.1404
Standard Accuracy-	Train: 87.01%.	Test: 84.35%.
Adversarial Accuracy-	Train: 77.00%.
Time taken: 0:02:49
======= Epoch 17 =======
Loss: 1.0365.	LR: 0.1521
Standard Accuracy-	Train: 86.72%.	Test: 80.34%.
Adversarial Accuracy-	Train: 76.88%.
Time taken: 0:02:49
======= Epoch 18 =======
Loss: 1.0234.	LR: 0.1632
Standard Accuracy-	Train: 86.93%.	Test: 83.54%.
Adversarial Accuracy-	Train: 77.25%.
Time taken: 0:02:49
======= Epoch 19 =======
Loss: 1.0166.	LR: 0.1735
Standard Accuracy-	Train: 86.90%.	Test: 82.55%.
Adversarial Accuracy-	Train: 77.20%.
Time taken: 0:02:49
======= Epoch 20 =======
Loss: 1.0105.	LR: 0.1827
Standard Accuracy-	Train: 87.19%.	Test: 80.23%.
Adversarial Accuracy-	Train: 77.66%.
Time taken: 0:02:54
======= Epoch 21 =======
Loss: 1.0048.	LR: 0.1908
Standard Accuracy-	Train: 87.28%.	Test: 83.24%.
Adversarial Accuracy-	Train: 77.59%.
Time taken: 0:02:49
======= Epoch 22 =======
Loss: 1.0042.	LR: 0.1975
Standard Accuracy-	Train: 87.41%.	Test: 83.39%.
Adversarial Accuracy-	Train: 77.61%.
Time taken: 0:02:49
======= Epoch 23 =======
Loss: 0.9954.	LR: 0.2029
Standard Accuracy-	Train: 87.31%.	Test: 80.88%.
Adversarial Accuracy-	Train: 77.91%.
Time taken: 0:02:49
======= Epoch 24 =======
Loss: 0.9894.	LR: 0.2068
Standard Accuracy-	Train: 87.59%.	Test: 79.06%.
Adversarial Accuracy-	Train: 77.74%.
Time taken: 0:02:49
======= Epoch 25 =======
Loss: 0.9841.	LR: 0.2092
Standard Accuracy-	Train: 87.77%.	Test: 84.41%.
Adversarial Accuracy-	Train: 78.09%.
Time taken: 0:02:49
======= Epoch 26 =======
Loss: 0.9727.	LR: 0.2100
Standard Accuracy-	Train: 87.79%.	Test: 77.13%.
Adversarial Accuracy-	Train: 78.33%.
Time taken: 0:02:49
======= Epoch 27 =======
Loss: 0.9653.	LR: 0.2099
Standard Accuracy-	Train: 87.76%.	Test: 83.29%.
Adversarial Accuracy-	Train: 78.43%.
Time taken: 0:02:49
======= Epoch 28 =======
Loss: 0.9612.	LR: 0.2096
Standard Accuracy-	Train: 88.14%.	Test: 80.18%.
Adversarial Accuracy-	Train: 78.54%.
Time taken: 0:02:49
======= Epoch 29 =======
Loss: 0.9532.	LR: 0.2092
Standard Accuracy-	Train: 88.11%.	Test: 83.08%.
Adversarial Accuracy-	Train: 78.60%.
Time taken: 0:02:49
======= Epoch 30 =======
Loss: 0.9480.	LR: 0.2085
Standard Accuracy-	Train: 88.13%.	Test: 84.81%.
Adversarial Accuracy-	Train: 78.74%.	Test: 71.50%.
Time taken: 0:03:36
======= Epoch 31 =======
Loss: 0.9462.	LR: 0.2077
Standard Accuracy-	Train: 88.34%.	Test: 85.19%.
Adversarial Accuracy-	Train: 78.96%.
Time taken: 0:02:49
======= Epoch 32 =======
Loss: 0.9362.	LR: 0.2067
Standard Accuracy-	Train: 88.41%.	Test: 83.62%.
Adversarial Accuracy-	Train: 78.83%.
Time taken: 0:02:49
======= Epoch 33 =======
Loss: 0.9369.	LR: 0.2055
Standard Accuracy-	Train: 88.46%.	Test: 84.32%.
Adversarial Accuracy-	Train: 78.93%.
Time taken: 0:02:49
======= Epoch 34 =======
Loss: 0.9298.	LR: 0.2042
Standard Accuracy-	Train: 88.41%.	Test: 82.15%.
Adversarial Accuracy-	Train: 78.87%.
Time taken: 0:02:49
======= Epoch 35 =======
Loss: 0.9197.	LR: 0.2026
Standard Accuracy-	Train: 88.62%.	Test: 84.71%.
Adversarial Accuracy-	Train: 78.99%.
Time taken: 0:02:49
======= Epoch 36 =======
Loss: 0.9124.	LR: 0.2009
Standard Accuracy-	Train: 88.59%.	Test: 85.12%.
Adversarial Accuracy-	Train: 79.34%.
Time taken: 0:02:48
======= Epoch 37 =======
Loss: 0.9166.	LR: 0.1990
Standard Accuracy-	Train: 88.51%.	Test: 81.32%.
Adversarial Accuracy-	Train: 79.41%.
Time taken: 0:02:48
======= Epoch 38 =======
Loss: 0.9136.	LR: 0.1970
Standard Accuracy-	Train: 88.76%.	Test: 84.86%.
Adversarial Accuracy-	Train: 79.53%.
Time taken: 0:02:49
======= Epoch 39 =======
Loss: 0.9052.	LR: 0.1948
Standard Accuracy-	Train: 88.92%.	Test: 77.89%.
Adversarial Accuracy-	Train: 79.40%.
Time taken: 0:02:49
======= Epoch 40 =======
Loss: 0.8995.	LR: 0.1925
Standard Accuracy-	Train: 89.08%.	Test: 82.34%.
Adversarial Accuracy-	Train: 79.53%.
Time taken: 0:02:48
======= Epoch 41 =======
Loss: 0.8954.	LR: 0.1899
Standard Accuracy-	Train: 89.27%.	Test: 85.27%.
Adversarial Accuracy-	Train: 79.42%.
Time taken: 0:02:49
======= Epoch 42 =======
Loss: 0.8940.	LR: 0.1873
Standard Accuracy-	Train: 89.11%.	Test: 83.68%.
Adversarial Accuracy-	Train: 79.87%.
Time taken: 0:02:49
======= Epoch 43 =======
Loss: 0.8924.	LR: 0.1845
Standard Accuracy-	Train: 88.96%.	Test: 83.07%.
Adversarial Accuracy-	Train: 79.60%.
Time taken: 0:02:49
======= Epoch 44 =======
Loss: 0.8735.	LR: 0.1815
Standard Accuracy-	Train: 89.41%.	Test: 83.66%.
Adversarial Accuracy-	Train: 80.06%.
Time taken: 0:02:49
======= Epoch 45 =======
Loss: 0.8806.	LR: 0.1785
Standard Accuracy-	Train: 89.25%.	Test: 83.30%.
Adversarial Accuracy-	Train: 79.77%.
Time taken: 0:02:49
======= Epoch 46 =======
Loss: 0.8661.	LR: 0.1753
Standard Accuracy-	Train: 89.51%.	Test: 84.65%.
Adversarial Accuracy-	Train: 79.89%.
Time taken: 0:02:49
======= Epoch 47 =======
Loss: 0.8649.	LR: 0.1719
Standard Accuracy-	Train: 89.49%.	Test: 86.25%.
Adversarial Accuracy-	Train: 80.02%.
Time taken: 0:02:49
======= Epoch 48 =======
Loss: 0.8640.	LR: 0.1685
Standard Accuracy-	Train: 89.59%.	Test: 85.08%.
Adversarial Accuracy-	Train: 80.30%.
Time taken: 0:02:49
======= Epoch 49 =======
Loss: 0.8620.	LR: 0.1649
Standard Accuracy-	Train: 89.41%.	Test: 86.67%.
Adversarial Accuracy-	Train: 80.34%.
Time taken: 0:02:49
======= Epoch 50 =======
Loss: 0.8536.	LR: 0.1613
Standard Accuracy-	Train: 89.73%.	Test: 84.61%.
Adversarial Accuracy-	Train: 80.27%.
Time taken: 0:02:49
======= Epoch 51 =======
Loss: 0.8418.	LR: 0.1575
Standard Accuracy-	Train: 89.96%.	Test: 84.77%.
Adversarial Accuracy-	Train: 80.61%.
Time taken: 0:02:49
======= Epoch 52 =======
Loss: 0.8450.	LR: 0.1536
Standard Accuracy-	Train: 89.96%.	Test: 86.78%.
Adversarial Accuracy-	Train: 80.41%.
Time taken: 0:02:49
======= Epoch 53 =======
Loss: 0.8342.	LR: 0.1497
Standard Accuracy-	Train: 90.00%.	Test: 86.51%.
Adversarial Accuracy-	Train: 80.97%.
Time taken: 0:02:49
======= Epoch 54 =======
Loss: 0.8374.	LR: 0.1457
Standard Accuracy-	Train: 90.00%.	Test: 82.62%.
Adversarial Accuracy-	Train: 80.45%.
Time taken: 0:02:49
======= Epoch 55 =======
Loss: 0.8228.	LR: 0.1416
Standard Accuracy-	Train: 90.17%.	Test: 87.43%.
Adversarial Accuracy-	Train: 81.12%.
Time taken: 0:02:49
======= Epoch 56 =======
Loss: 0.8157.	LR: 0.1374
Standard Accuracy-	Train: 90.28%.	Test: 87.09%.
Adversarial Accuracy-	Train: 80.89%.
Time taken: 0:02:49
======= Epoch 57 =======
Loss: 0.8047.	LR: 0.1332
Standard Accuracy-	Train: 90.42%.	Test: 85.93%.
Adversarial Accuracy-	Train: 81.11%.
Time taken: 0:02:49
======= Epoch 58 =======
Loss: 0.8055.	LR: 0.1290
Standard Accuracy-	Train: 90.51%.	Test: 87.67%.
Adversarial Accuracy-	Train: 81.21%.
Time taken: 0:02:49
======= Epoch 59 =======
Loss: 0.7957.	LR: 0.1247
Standard Accuracy-	Train: 90.62%.	Test: 86.49%.
Adversarial Accuracy-	Train: 81.26%.
Time taken: 0:02:49
======= Epoch 60 =======
Loss: 0.7931.	LR: 0.1203
Standard Accuracy-	Train: 90.63%.	Test: 86.51%.
Adversarial Accuracy-	Train: 81.48%.	Test: 73.54%.
Time taken: 0:03:37
======= Epoch 61 =======
Loss: 0.7824.	LR: 0.1160
Standard Accuracy-	Train: 90.85%.	Test: 87.76%.
Adversarial Accuracy-	Train: 81.66%.
Time taken: 0:02:49
======= Epoch 62 =======
Loss: 0.7713.	LR: 0.1116
Standard Accuracy-	Train: 90.94%.	Test: 83.68%.
Adversarial Accuracy-	Train: 81.95%.
Time taken: 0:02:49
======= Epoch 63 =======
Loss: 0.7711.	LR: 0.1072
Standard Accuracy-	Train: 90.99%.	Test: 86.49%.
Adversarial Accuracy-	Train: 81.88%.
Time taken: 0:02:49
======= Epoch 64 =======
Loss: 0.7497.	LR: 0.1028
Standard Accuracy-	Train: 91.34%.	Test: 85.37%.
Adversarial Accuracy-	Train: 82.29%.
Time taken: 0:02:49
======= Epoch 65 =======
Loss: 0.7401.	LR: 0.0984
Standard Accuracy-	Train: 91.60%.	Test: 82.22%.
Adversarial Accuracy-	Train: 82.54%.
Time taken: 0:02:49
======= Epoch 66 =======
Loss: 0.7311.	LR: 0.0940
Standard Accuracy-	Train: 91.66%.	Test: 88.78%.
Adversarial Accuracy-	Train: 82.66%.
Time taken: 0:02:49
======= Epoch 67 =======
Loss: 0.7226.	LR: 0.0897
Standard Accuracy-	Train: 91.89%.	Test: 87.95%.
Adversarial Accuracy-	Train: 82.83%.
Time taken: 0:02:49
======= Epoch 68 =======
Loss: 0.7162.	LR: 0.0853
Standard Accuracy-	Train: 91.85%.	Test: 89.18%.
Adversarial Accuracy-	Train: 82.95%.
Time taken: 0:02:49
======= Epoch 69 =======
Loss: 0.6912.	LR: 0.0810
Standard Accuracy-	Train: 92.21%.	Test: 88.84%.
Adversarial Accuracy-	Train: 83.55%.
Time taken: 0:02:49
======= Epoch 70 =======
Loss: 0.6855.	LR: 0.0768
Standard Accuracy-	Train: 92.27%.	Test: 87.75%.
Adversarial Accuracy-	Train: 83.61%.
Time taken: 0:02:49
======= Epoch 71 =======
Loss: 0.6797.	LR: 0.0725
Standard Accuracy-	Train: 92.30%.	Test: 88.96%.
Adversarial Accuracy-	Train: 83.54%.
Time taken: 0:02:49
======= Epoch 72 =======
Loss: 0.6625.	LR: 0.0684
Standard Accuracy-	Train: 92.65%.	Test: 89.73%.
Adversarial Accuracy-	Train: 83.89%.
Time taken: 0:02:49
======= Epoch 73 =======
Loss: 0.6416.	LR: 0.0643
Standard Accuracy-	Train: 93.06%.	Test: 88.96%.
Adversarial Accuracy-	Train: 84.37%.
Time taken: 0:02:49
======= Epoch 74 =======
Loss: 0.6377.	LR: 0.0603
Standard Accuracy-	Train: 93.16%.	Test: 89.75%.
Adversarial Accuracy-	Train: 84.16%.
Time taken: 0:02:49
======= Epoch 75 =======
Loss: 0.6204.	LR: 0.0563
Standard Accuracy-	Train: 93.23%.	Test: 89.30%.
Adversarial Accuracy-	Train: 84.70%.
Time taken: 0:02:49
======= Epoch 76 =======
Loss: 0.5924.	LR: 0.0525
Standard Accuracy-	Train: 93.64%.	Test: 90.26%.
Adversarial Accuracy-	Train: 85.47%.
Time taken: 0:02:49
======= Epoch 77 =======
Loss: 0.5737.	LR: 0.0487
Standard Accuracy-	Train: 93.96%.	Test: 91.13%.
Adversarial Accuracy-	Train: 85.60%.
Time taken: 0:02:49
======= Epoch 78 =======
Loss: 0.5523.	LR: 0.0451
Standard Accuracy-	Train: 94.24%.	Test: 90.33%.
Adversarial Accuracy-	Train: 86.14%.
Time taken: 0:02:49
======= Epoch 79 =======
Loss: 0.5316.	LR: 0.0415
Standard Accuracy-	Train: 94.68%.	Test: 91.08%.
Adversarial Accuracy-	Train: 86.36%.
Time taken: 0:02:49
======= Epoch 80 =======
Loss: 0.5107.	LR: 0.0381
Standard Accuracy-	Train: 94.92%.	Test: 90.97%.
Adversarial Accuracy-	Train: 86.72%.
Time taken: 0:02:49
======= Epoch 81 =======
Loss: 0.4799.	LR: 0.0347
Standard Accuracy-	Train: 95.21%.	Test: 88.89%.
Adversarial Accuracy-	Train: 87.60%.
Time taken: 0:02:49
======= Epoch 82 =======
Loss: 0.4601.	LR: 0.0315
Standard Accuracy-	Train: 95.67%.	Test: 91.16%.
Adversarial Accuracy-	Train: 87.96%.
Time taken: 0:02:49
======= Epoch 83 =======
Loss: 0.4337.	LR: 0.0285
Standard Accuracy-	Train: 96.00%.	Test: 92.30%.
Adversarial Accuracy-	Train: 88.50%.
Time taken: 0:02:49
======= Epoch 84 =======
Loss: 0.4095.	LR: 0.0255
Standard Accuracy-	Train: 96.27%.	Test: 91.78%.
Adversarial Accuracy-	Train: 89.14%.
Time taken: 0:02:48
======= Epoch 85 =======
Loss: 0.3711.	LR: 0.0227
Standard Accuracy-	Train: 96.75%.	Test: 92.29%.
Adversarial Accuracy-	Train: 89.99%.
Time taken: 0:02:49
======= Epoch 86 =======
Loss: 0.3393.	LR: 0.0200
Standard Accuracy-	Train: 97.25%.	Test: 92.15%.
Adversarial Accuracy-	Train: 90.74%.
Time taken: 0:02:49
======= Epoch 87 =======
Loss: 0.3136.	LR: 0.0175
Standard Accuracy-	Train: 97.53%.	Test: 92.63%.
Adversarial Accuracy-	Train: 91.57%.
Time taken: 0:02:49
======= Epoch 88 =======
Loss: 0.2770.	LR: 0.0152
Standard Accuracy-	Train: 97.99%.	Test: 92.85%.
Adversarial Accuracy-	Train: 92.36%.
Time taken: 0:02:49
======= Epoch 89 =======
Loss: 0.2385.	LR: 0.0130
Standard Accuracy-	Train: 98.41%.	Test: 93.12%.
Adversarial Accuracy-	Train: 93.33%.
Time taken: 0:02:49
======= Epoch 90 =======
Loss: 0.2083.	LR: 0.0109
Standard Accuracy-	Train: 98.67%.	Test: 93.50%.
Adversarial Accuracy-	Train: 94.20%.	Test: 84.61%.
Time taken: 0:03:37
======= Epoch 91 =======
Loss: 0.1769.	LR: 0.0091
Standard Accuracy-	Train: 99.10%.	Test: 93.67%.
Adversarial Accuracy-	Train: 95.09%.	Test: 84.59%.
Time taken: 0:03:36
======= Epoch 92 =======
Loss: 0.1466.	LR: 0.0074
Standard Accuracy-	Train: 99.28%.	Test: 94.16%.
Adversarial Accuracy-	Train: 96.00%.	Test: 84.99%.
Time taken: 0:03:36
======= Epoch 93 =======
Loss: 0.1281.	LR: 0.0058
Standard Accuracy-	Train: 99.52%.	Test: 94.11%.
Adversarial Accuracy-	Train: 96.61%.	Test: 85.38%.
Time taken: 0:03:36
======= Epoch 94 =======
Loss: 0.1081.	LR: 0.0045
Standard Accuracy-	Train: 99.66%.	Test: 94.45%.
Adversarial Accuracy-	Train: 97.46%.	Test: 85.71%.
Time taken: 0:03:36
======= Epoch 95 =======
Loss: 0.0919.	LR: 0.0033
Standard Accuracy-	Train: 99.76%.	Test: 94.70%.
Adversarial Accuracy-	Train: 97.90%.	Test: 86.13%.
Time taken: 0:03:36
======= Epoch 96 =======
Loss: 0.0853.	LR: 0.0023
Standard Accuracy-	Train: 99.81%.	Test: 94.71%.
Adversarial Accuracy-	Train: 98.31%.	Test: 86.16%.
Time taken: 0:03:36
======= Epoch 97 =======
Loss: 0.0775.	LR: 0.0015
Standard Accuracy-	Train: 99.87%.	Test: 94.92%.
Adversarial Accuracy-	Train: 98.40%.	Test: 86.30%.
Time taken: 0:03:36
======= Epoch 98 =======
Loss: 0.0757.	LR: 0.0008
Standard Accuracy-	Train: 99.89%.	Test: 94.69%.
Adversarial Accuracy-	Train: 98.56%.	Test: 86.38%.
Time taken: 0:03:36
======= Epoch 99 =======
Loss: 0.0705.	LR: 0.0004
Standard Accuracy-	Train: 99.93%.	Test: 94.64%.
Adversarial Accuracy-	Train: 98.71%.	Test: 86.17%.
Time taken: 0:03:36
======= Epoch 100 =======
Loss: 0.0706.	LR: 0.0001
Standard Accuracy-	Train: 99.91%.	Test: 94.79%.
Adversarial Accuracy-	Train: 98.74%.	Test: 86.30%.
Time taken: 0:03:36

Training completed.
Standard Accuracy-	Train: 99.91%.	Test: 94.92%.
Adversarial Accuracy-	Train: 98.74%.	Test: 86.30%.
Script Completed.
