Using device: cuda



Standard training for 0 epochs
Standard Accuracy-	Test: 9.257812%.
Wrong label Adversarial training for 100 epochs
======= Epoch 1 =======
Loss: 3.8186.	LR: 0.0084
Standard Accuracy-	Train: 38.43%.	Test: 49.12%.
Adversarial Accuracy-	Train: 19.42%.
Time taken: 0:02:56
======= Epoch 2 =======
Loss: 3.4258.	LR: 0.0092
Standard Accuracy-	Train: 49.69%.	Test: 54.16%.
Adversarial Accuracy-	Train: 22.37%.
Time taken: 0:02:59
======= Epoch 3 =======
Loss: 3.1361.	LR: 0.0116
Standard Accuracy-	Train: 56.91%.	Test: 60.75%.
Adversarial Accuracy-	Train: 23.66%.
Time taken: 0:02:58
======= Epoch 4 =======
Loss: 2.8623.	LR: 0.0155
Standard Accuracy-	Train: 62.98%.	Test: 64.60%.
Adversarial Accuracy-	Train: 24.12%.
Time taken: 0:02:59
======= Epoch 5 =======
Loss: 2.5650.	LR: 0.0209
Standard Accuracy-	Train: 68.04%.	Test: 69.58%.
Adversarial Accuracy-	Train: 23.43%.
Time taken: 0:02:59
======= Epoch 6 =======
Loss: 2.2125.	LR: 0.0277
Standard Accuracy-	Train: 72.24%.	Test: 76.40%.
Adversarial Accuracy-	Train: 19.90%.
Time taken: 0:02:59
======= Epoch 7 =======
Loss: 1.7098.	LR: 0.0357
Standard Accuracy-	Train: 76.90%.	Test: 77.10%.
Adversarial Accuracy-	Train: 11.15%.
Time taken: 0:02:59
======= Epoch 8 =======
Loss: 1.1299.	LR: 0.0450
Standard Accuracy-	Train: 81.04%.	Test: 78.68%.
Adversarial Accuracy-	Train: 2.96%.
Time taken: 0:02:59
======= Epoch 9 =======
Loss: 0.8191.	LR: 0.0552
Standard Accuracy-	Train: 83.63%.	Test: 78.96%.
Adversarial Accuracy-	Train: 0.59%.
Time taken: 0:02:59
======= Epoch 10 =======
Loss: 0.6642.	LR: 0.0663
Standard Accuracy-	Train: 84.94%.	Test: 79.16%.
Adversarial Accuracy-	Train: 0.22%.
Time taken: 0:02:58
======= Epoch 11 =======
Loss: 0.5908.	LR: 0.0781
Standard Accuracy-	Train: 85.48%.	Test: 81.99%.
Adversarial Accuracy-	Train: 0.08%.
Time taken: 0:02:59
======= Epoch 12 =======
Loss: 0.5702.	LR: 0.0903
Standard Accuracy-	Train: 85.82%.	Test: 82.47%.
Adversarial Accuracy-	Train: 0.08%.
Time taken: 0:02:59
======= Epoch 13 =======
Loss: 0.5661.	LR: 0.1029
Standard Accuracy-	Train: 85.90%.	Test: 81.97%.
Adversarial Accuracy-	Train: 0.04%.
Time taken: 0:02:58
======= Epoch 14 =======
Loss: 0.5555.	LR: 0.1155
Standard Accuracy-	Train: 85.98%.	Test: 83.16%.
Adversarial Accuracy-	Train: 0.03%.
Time taken: 0:02:59
======= Epoch 15 =======
Loss: 0.5601.	LR: 0.1281
Standard Accuracy-	Train: 85.91%.	Test: 77.79%.
Adversarial Accuracy-	Train: 0.03%.
Time taken: 0:02:59
======= Epoch 16 =======
Loss: 0.5423.	LR: 0.1404
Standard Accuracy-	Train: 86.16%.	Test: 79.97%.
Adversarial Accuracy-	Train: 0.02%.
Time taken: 0:02:59
======= Epoch 17 =======
Loss: 0.5507.	LR: 0.1521
Standard Accuracy-	Train: 86.01%.	Test: 79.65%.
Adversarial Accuracy-	Train: 0.02%.
Time taken: 0:02:59
======= Epoch 18 =======
Loss: 0.5654.	LR: 0.1632
Standard Accuracy-	Train: 86.22%.	Test: 77.18%.
Adversarial Accuracy-	Train: 0.03%.
Time taken: 0:02:59
======= Epoch 19 =======
Loss: 0.5255.	LR: 0.1735
Standard Accuracy-	Train: 86.08%.	Test: 80.82%.
Adversarial Accuracy-	Train: 0.01%.
Time taken: 0:02:59
======= Epoch 20 =======
Loss: 0.5341.	LR: 0.1827
Standard Accuracy-	Train: 86.15%.	Test: 81.10%.
Adversarial Accuracy-	Train: 0.01%.
Time taken: 0:02:59
======= Epoch 21 =======
Loss: 0.5402.	LR: 0.1908
Standard Accuracy-	Train: 86.42%.	Test: 81.55%.
Adversarial Accuracy-	Train: 0.01%.
Time taken: 0:02:59
======= Epoch 22 =======
Loss: 0.5528.	LR: 0.1975
Standard Accuracy-	Train: 86.23%.	Test: 71.80%.
Adversarial Accuracy-	Train: 0.05%.
Time taken: 0:02:59
======= Epoch 23 =======
Loss: 0.5315.	LR: 0.2029
Standard Accuracy-	Train: 86.68%.	Test: 78.89%.
Adversarial Accuracy-	Train: 0.03%.
Time taken: 0:03:00
======= Epoch 24 =======
Loss: 0.5201.	LR: 0.2068
Standard Accuracy-	Train: 86.51%.	Test: 76.71%.
Adversarial Accuracy-	Train: 0.03%.
Time taken: 0:03:00
======= Epoch 25 =======
Loss: 0.5236.	LR: 0.2092
Standard Accuracy-	Train: 86.55%.	Test: 77.65%.
Adversarial Accuracy-	Train: 0.02%.
Time taken: 0:03:00
======= Epoch 26 =======
Loss: 0.5033.	LR: 0.2100
Standard Accuracy-	Train: 86.84%.	Test: 81.17%.
Adversarial Accuracy-	Train: 0.01%.
Time taken: 0:02:59
======= Epoch 27 =======
Loss: 0.5042.	LR: 0.2099
Standard Accuracy-	Train: 86.81%.	Test: 78.19%.
Adversarial Accuracy-	Train: 0.02%.
Time taken: 0:03:00
======= Epoch 28 =======
Loss: 0.4962.	LR: 0.2096
Standard Accuracy-	Train: 86.72%.	Test: 79.17%.
Adversarial Accuracy-	Train: 0.02%.
Time taken: 0:03:00
======= Epoch 29 =======
Loss: 0.5166.	LR: 0.2092
Standard Accuracy-	Train: 86.63%.	Test: 79.64%.
Adversarial Accuracy-	Train: 0.02%.
Time taken: 0:02:59
======= Epoch 30 =======
Loss: 0.5222.	LR: 0.2085
Standard Accuracy-	Train: 86.88%.	Test: 80.79%.
Adversarial Accuracy-	Train: 0.06%.	Test: 0.01%.
Time taken: 0:03:49
======= Epoch 31 =======
Loss: 0.4947.	LR: 0.2077
Standard Accuracy-	Train: 87.11%.	Test: 83.36%.
Adversarial Accuracy-	Train: 0.01%.
Time taken: 0:02:59
======= Epoch 32 =======
Loss: 0.4825.	LR: 0.2067
Standard Accuracy-	Train: 87.33%.	Test: 81.52%.
Adversarial Accuracy-	Train: 0.00%.
Time taken: 0:03:00
======= Epoch 33 =======
Loss: 0.4943.	LR: 0.2055
Standard Accuracy-	Train: 87.26%.	Test: 80.05%.
Adversarial Accuracy-	Train: 0.02%.
Time taken: 0:03:00
======= Epoch 34 =======
Loss: 0.4896.	LR: 0.2042
Standard Accuracy-	Train: 87.19%.	Test: 79.39%.
Adversarial Accuracy-	Train: 0.02%.
Time taken: 0:02:59
======= Epoch 35 =======
Loss: 0.4821.	LR: 0.2026
Standard Accuracy-	Train: 87.38%.	Test: 81.37%.
Adversarial Accuracy-	Train: 0.01%.
Time taken: 0:03:00
======= Epoch 36 =======
Loss: 0.4717.	LR: 0.2009
Standard Accuracy-	Train: 87.35%.	Test: 73.67%.
Adversarial Accuracy-	Train: 0.01%.
Time taken: 0:02:59
======= Epoch 37 =======
Loss: 0.4922.	LR: 0.1990
Standard Accuracy-	Train: 87.16%.	Test: 77.98%.
Adversarial Accuracy-	Train: 0.01%.
Time taken: 0:02:59
======= Epoch 38 =======
Loss: 0.4723.	LR: 0.1970
Standard Accuracy-	Train: 87.40%.	Test: 79.88%.
Adversarial Accuracy-	Train: 0.00%.
Time taken: 0:02:59
======= Epoch 39 =======
Loss: 0.5192.	LR: 0.1948
Standard Accuracy-	Train: 87.15%.	Test: 77.76%.
Adversarial Accuracy-	Train: 0.08%.
Time taken: 0:03:00
======= Epoch 40 =======
Loss: 0.4688.	LR: 0.1925
Standard Accuracy-	Train: 87.60%.	Test: 82.71%.
Adversarial Accuracy-	Train: 0.01%.
Time taken: 0:02:59
======= Epoch 41 =======
Loss: 0.4720.	LR: 0.1899
Standard Accuracy-	Train: 87.62%.	Test: 80.93%.
Adversarial Accuracy-	Train: 0.01%.
Time taken: 0:02:59
======= Epoch 42 =======
Loss: 0.4629.	LR: 0.1873
Standard Accuracy-	Train: 87.72%.	Test: 82.70%.
Adversarial Accuracy-	Train: 0.01%.
Time taken: 0:03:00
======= Epoch 43 =======
Loss: 0.4577.	LR: 0.1845
Standard Accuracy-	Train: 87.79%.	Test: 72.57%.
Adversarial Accuracy-	Train: 0.01%.
Time taken: 0:02:59
======= Epoch 44 =======
Loss: 0.4621.	LR: 0.1815
Standard Accuracy-	Train: 87.77%.	Test: 83.52%.
Adversarial Accuracy-	Train: 0.01%.
Time taken: 0:03:00
======= Epoch 45 =======
Loss: 0.4726.	LR: 0.1785
Standard Accuracy-	Train: 87.76%.	Test: 77.36%.
Adversarial Accuracy-	Train: 0.03%.
Time taken: 0:02:59
======= Epoch 46 =======
Loss: 0.5443.	LR: 0.1753
Standard Accuracy-	Train: 86.91%.	Test: 80.06%.
Adversarial Accuracy-	Train: 0.56%.
Time taken: 0:02:59
======= Epoch 47 =======
Loss: 0.4558.	LR: 0.1719
Standard Accuracy-	Train: 88.27%.	Test: 81.74%.
Adversarial Accuracy-	Train: 0.01%.
Time taken: 0:02:59
======= Epoch 48 =======
Loss: 0.4566.	LR: 0.1685
Standard Accuracy-	Train: 88.23%.	Test: 81.32%.
Adversarial Accuracy-	Train: 0.01%.
Time taken: 0:02:59
======= Epoch 49 =======
Loss: 0.4391.	LR: 0.1649
Standard Accuracy-	Train: 88.37%.	Test: 80.99%.
Adversarial Accuracy-	Train: 0.00%.
Time taken: 0:02:59
======= Epoch 50 =======
Loss: 0.4591.	LR: 0.1613
Standard Accuracy-	Train: 88.17%.	Test: 83.23%.
Adversarial Accuracy-	Train: 0.05%.
Time taken: 0:03:00
======= Epoch 51 =======
Loss: 0.4308.	LR: 0.1575
Standard Accuracy-	Train: 88.52%.	Test: 79.04%.
Adversarial Accuracy-	Train: 0.00%.
Time taken: 0:02:59
======= Epoch 52 =======
Loss: 0.4421.	LR: 0.1536
Standard Accuracy-	Train: 88.40%.	Test: 81.59%.
Adversarial Accuracy-	Train: 0.00%.
Time taken: 0:02:59
======= Epoch 53 =======
Loss: 0.4209.	LR: 0.1497
Standard Accuracy-	Train: 88.68%.	Test: 81.86%.
Adversarial Accuracy-	Train: 0.00%.
Time taken: 0:02:59
======= Epoch 54 =======
Loss: 0.4321.	LR: 0.1457
Standard Accuracy-	Train: 88.57%.	Test: 70.82%.
Adversarial Accuracy-	Train: 0.01%.
Time taken: 0:02:59
======= Epoch 55 =======
Loss: 0.4233.	LR: 0.1416
Standard Accuracy-	Train: 88.67%.	Test: 81.63%.
Adversarial Accuracy-	Train: 0.00%.
Time taken: 0:03:00
======= Epoch 56 =======
Loss: 0.4132.	LR: 0.1374
Standard Accuracy-	Train: 88.93%.	Test: 82.30%.
Adversarial Accuracy-	Train: 0.00%.
Time taken: 0:02:59
======= Epoch 57 =======
Loss: 0.4368.	LR: 0.1332
Standard Accuracy-	Train: 88.72%.	Test: 86.96%.
Adversarial Accuracy-	Train: 0.00%.
Time taken: 0:02:59
======= Epoch 58 =======
Loss: 0.4077.	LR: 0.1290
Standard Accuracy-	Train: 89.05%.	Test: 84.41%.
Adversarial Accuracy-	Train: 0.00%.
Time taken: 0:02:59
======= Epoch 59 =======
Loss: 0.4045.	LR: 0.1247
Standard Accuracy-	Train: 89.06%.	Test: 85.47%.
Adversarial Accuracy-	Train: 0.00%.
Time taken: 0:02:59
======= Epoch 60 =======
Loss: 0.3998.	LR: 0.1203
Standard Accuracy-	Train: 89.29%.	Test: 85.46%.
Adversarial Accuracy-	Train: 0.01%.	Test: 0.00%.
Time taken: 0:03:50
======= Epoch 61 =======
Loss: 0.3910.	LR: 0.1160
Standard Accuracy-	Train: 89.46%.	Test: 86.17%.
Adversarial Accuracy-	Train: 0.00%.
Time taken: 0:02:59
======= Epoch 62 =======
Loss: 0.3939.	LR: 0.1116
Standard Accuracy-	Train: 89.58%.	Test: 83.19%.
Adversarial Accuracy-	Train: 0.01%.
Time taken: 0:02:59
======= Epoch 63 =======
Loss: 0.3907.	LR: 0.1072
Standard Accuracy-	Train: 89.61%.	Test: 84.18%.
Adversarial Accuracy-	Train: 0.01%.
Time taken: 0:03:00
======= Epoch 64 =======
Loss: 0.3746.	LR: 0.1028
Standard Accuracy-	Train: 89.64%.	Test: 83.81%.
Adversarial Accuracy-	Train: 0.00%.
Time taken: 0:02:59
======= Epoch 65 =======
Loss: 0.3619.	LR: 0.0984
Standard Accuracy-	Train: 90.05%.	Test: 82.96%.
Adversarial Accuracy-	Train: 0.00%.
Time taken: 0:02:59
======= Epoch 66 =======
Loss: 0.3618.	LR: 0.0940
Standard Accuracy-	Train: 90.14%.	Test: 85.75%.
Adversarial Accuracy-	Train: 0.00%.
Time taken: 0:02:59
======= Epoch 67 =======
Loss: 0.3616.	LR: 0.0897
Standard Accuracy-	Train: 90.32%.	Test: 84.78%.
Adversarial Accuracy-	Train: 0.00%.
Time taken: 0:02:59
======= Epoch 68 =======
Loss: 0.3497.	LR: 0.0853
Standard Accuracy-	Train: 90.18%.	Test: 84.53%.
Adversarial Accuracy-	Train: 0.00%.
Time taken: 0:02:59
======= Epoch 69 =======
Loss: 0.3426.	LR: 0.0810
Standard Accuracy-	Train: 90.63%.	Test: 85.15%.
Adversarial Accuracy-	Train: 0.00%.
Time taken: 0:02:59
======= Epoch 70 =======
Loss: 0.3282.	LR: 0.0768
Standard Accuracy-	Train: 90.86%.	Test: 84.59%.
Adversarial Accuracy-	Train: 0.00%.
Time taken: 0:02:59
======= Epoch 71 =======
Loss: 0.3297.	LR: 0.0725
Standard Accuracy-	Train: 90.89%.	Test: 84.28%.
Adversarial Accuracy-	Train: 0.00%.
Time taken: 0:02:59
======= Epoch 72 =======
Loss: 0.3161.	LR: 0.0684
Standard Accuracy-	Train: 91.14%.	Test: 87.58%.
Adversarial Accuracy-	Train: 0.01%.
Time taken: 0:02:59
======= Epoch 73 =======
Loss: 0.3009.	LR: 0.0643
Standard Accuracy-	Train: 91.44%.	Test: 84.58%.
Adversarial Accuracy-	Train: 0.00%.
Time taken: 0:02:59
======= Epoch 74 =======
Loss: 0.2956.	LR: 0.0603
Standard Accuracy-	Train: 91.54%.	Test: 88.32%.
Adversarial Accuracy-	Train: 0.00%.
Time taken: 0:02:59
======= Epoch 75 =======
Loss: 0.2972.	LR: 0.0563
Standard Accuracy-	Train: 91.84%.	Test: 86.35%.
Adversarial Accuracy-	Train: 0.00%.
Time taken: 0:02:59
======= Epoch 76 =======
Loss: 0.2702.	LR: 0.0525
Standard Accuracy-	Train: 92.24%.	Test: 88.84%.
Adversarial Accuracy-	Train: 0.00%.
Time taken: 0:02:59
======= Epoch 77 =======
Loss: 0.2665.	LR: 0.0487
Standard Accuracy-	Train: 92.29%.	Test: 87.53%.
Adversarial Accuracy-	Train: 0.00%.
Time taken: 0:02:59
======= Epoch 78 =======
Loss: 0.2590.	LR: 0.0451
Standard Accuracy-	Train: 92.79%.	Test: 86.86%.
Adversarial Accuracy-	Train: 0.00%.
Time taken: 0:02:59
======= Epoch 79 =======
Loss: 0.2461.	LR: 0.0415
Standard Accuracy-	Train: 93.06%.	Test: 86.74%.
Adversarial Accuracy-	Train: 0.00%.
Time taken: 0:02:59
======= Epoch 80 =======
Loss: 0.2341.	LR: 0.0381
Standard Accuracy-	Train: 93.37%.	Test: 87.66%.
Adversarial Accuracy-	Train: 0.00%.
Time taken: 0:02:59
======= Epoch 81 =======
Loss: 0.2196.	LR: 0.0347
Standard Accuracy-	Train: 93.79%.	Test: 90.21%.
Adversarial Accuracy-	Train: 0.00%.
Time taken: 0:02:59
======= Epoch 82 =======
Loss: 0.2042.	LR: 0.0315
Standard Accuracy-	Train: 94.34%.	Test: 89.82%.
Adversarial Accuracy-	Train: 0.00%.
Time taken: 0:02:57
======= Epoch 83 =======
Loss: 0.1930.	LR: 0.0285
Standard Accuracy-	Train: 94.50%.	Test: 89.72%.
Adversarial Accuracy-	Train: 0.00%.
Time taken: 0:02:56
======= Epoch 84 =======
Loss: 0.1784.	LR: 0.0255
Standard Accuracy-	Train: 95.03%.	Test: 90.57%.
Adversarial Accuracy-	Train: 0.00%.
Time taken: 0:02:57
======= Epoch 85 =======
Loss: 0.1580.	LR: 0.0227
Standard Accuracy-	Train: 95.63%.	Test: 91.60%.
Adversarial Accuracy-	Train: 0.00%.
Time taken: 0:02:56
======= Epoch 86 =======
Loss: 0.1475.	LR: 0.0200
Standard Accuracy-	Train: 95.87%.	Test: 91.89%.
Adversarial Accuracy-	Train: 0.00%.
Time taken: 0:02:56
======= Epoch 87 =======
Loss: 0.1330.	LR: 0.0175
Standard Accuracy-	Train: 96.26%.	Test: 90.82%.
Adversarial Accuracy-	Train: 0.00%.
Time taken: 0:02:57
======= Epoch 88 =======
Loss: 0.1105.	LR: 0.0152
Standard Accuracy-	Train: 96.98%.	Test: 91.55%.
Adversarial Accuracy-	Train: 0.00%.
Time taken: 0:02:56
======= Epoch 89 =======
Loss: 0.0935.	LR: 0.0130
Standard Accuracy-	Train: 97.57%.	Test: 92.62%.
Adversarial Accuracy-	Train: 0.00%.
Time taken: 0:02:56
======= Epoch 90 =======
Loss: 0.0777.	LR: 0.0109
Standard Accuracy-	Train: 98.10%.	Test: 92.85%.
Adversarial Accuracy-	Train: 0.01%.	Test: 0.00%.
Time taken: 0:03:47
======= Epoch 91 =======
Loss: 0.0657.	LR: 0.0091
Standard Accuracy-	Train: 98.51%.	Test: 92.72%.
Adversarial Accuracy-	Train: 0.01%.	Test: 0.00%.
Time taken: 0:03:47
======= Epoch 92 =======
Loss: 0.0490.	LR: 0.0074
Standard Accuracy-	Train: 99.04%.	Test: 93.21%.
Adversarial Accuracy-	Train: 0.00%.	Test: 0.00%.
Time taken: 0:03:49
======= Epoch 93 =======
Loss: 0.0499.	LR: 0.0058
Standard Accuracy-	Train: 99.21%.	Test: 94.33%.
Adversarial Accuracy-	Train: 0.00%.	Test: 0.00%.
Time taken: 0:03:46
======= Epoch 94 =======
Loss: 0.0384.	LR: 0.0045
Standard Accuracy-	Train: 99.53%.	Test: 93.72%.
Adversarial Accuracy-	Train: 0.01%.	Test: 0.00%.
Time taken: 0:03:45
======= Epoch 95 =======
Loss: 0.0305.	LR: 0.0033
Standard Accuracy-	Train: 99.68%.	Test: 94.05%.
Adversarial Accuracy-	Train: 0.01%.	Test: 0.00%.
Time taken: 0:03:46
======= Epoch 96 =======
Loss: 0.0289.	LR: 0.0023
Standard Accuracy-	Train: 99.77%.	Test: 94.02%.
Adversarial Accuracy-	Train: 0.00%.	Test: 0.00%.
Time taken: 0:03:46
======= Epoch 97 =======
Loss: 0.0248.	LR: 0.0015
Standard Accuracy-	Train: 99.83%.	Test: 94.69%.
Adversarial Accuracy-	Train: 0.01%.	Test: 0.00%.
Time taken: 0:03:46
======= Epoch 98 =======
Loss: 0.0249.	LR: 0.0008
Standard Accuracy-	Train: 99.88%.	Test: 94.78%.
Adversarial Accuracy-	Train: 0.01%.	Test: 0.00%.
Time taken: 0:03:46
======= Epoch 99 =======
Loss: 0.0227.	LR: 0.0004
Standard Accuracy-	Train: 99.89%.	Test: 94.32%.
Adversarial Accuracy-	Train: 0.01%.	Test: 0.00%.
Time taken: 0:03:46
======= Epoch 100 =======
Loss: 0.0238.	LR: 0.0001
Standard Accuracy-	Train: 99.88%.	Test: 94.49%.
Adversarial Accuracy-	Train: 0.01%.	Test: 0.00%.
Time taken: 0:03:46

Training completed.
Standard Accuracy-	Train: 99.88%.	Test: 94.78%.
Adversarial Accuracy-	Train: 0.01%.	Test: 0.00%.
Script Completed.
