Using device: cuda
using standard version including apgd-ce, apgd-t, fab-t, square.
initial accuracy: 89.75%
apgd-ce - 1/36 - 144 out of 256 successfully perturbed
apgd-ce - 2/36 - 132 out of 256 successfully perturbed
apgd-ce - 3/36 - 150 out of 256 successfully perturbed
apgd-ce - 4/36 - 139 out of 256 successfully perturbed
apgd-ce - 5/36 - 133 out of 256 successfully perturbed
apgd-ce - 6/36 - 153 out of 256 successfully perturbed
apgd-ce - 7/36 - 135 out of 256 successfully perturbed
apgd-ce - 8/36 - 132 out of 256 successfully perturbed
apgd-ce - 9/36 - 155 out of 256 successfully perturbed
apgd-ce - 10/36 - 135 out of 256 successfully perturbed
apgd-ce - 11/36 - 132 out of 256 successfully perturbed
apgd-ce - 12/36 - 130 out of 256 successfully perturbed
apgd-ce - 13/36 - 139 out of 256 successfully perturbed
apgd-ce - 14/36 - 135 out of 256 successfully perturbed
apgd-ce - 15/36 - 138 out of 256 successfully perturbed
apgd-ce - 16/36 - 134 out of 256 successfully perturbed
apgd-ce - 17/36 - 133 out of 256 successfully perturbed
apgd-ce - 18/36 - 154 out of 256 successfully perturbed
apgd-ce - 19/36 - 145 out of 256 successfully perturbed
apgd-ce - 20/36 - 145 out of 256 successfully perturbed
apgd-ce - 21/36 - 138 out of 256 successfully perturbed
apgd-ce - 22/36 - 134 out of 256 successfully perturbed
apgd-ce - 23/36 - 154 out of 256 successfully perturbed
apgd-ce - 24/36 - 147 out of 256 successfully perturbed
apgd-ce - 25/36 - 141 out of 256 successfully perturbed
apgd-ce - 26/36 - 155 out of 256 successfully perturbed
apgd-ce - 27/36 - 146 out of 256 successfully perturbed
apgd-ce - 28/36 - 122 out of 256 successfully perturbed
apgd-ce - 29/36 - 141 out of 256 successfully perturbed
apgd-ce - 30/36 - 158 out of 256 successfully perturbed
apgd-ce - 31/36 - 153 out of 256 successfully perturbed
apgd-ce - 32/36 - 137 out of 256 successfully perturbed
apgd-ce - 33/36 - 126 out of 256 successfully perturbed
apgd-ce - 34/36 - 143 out of 256 successfully perturbed
apgd-ce - 35/36 - 133 out of 256 successfully perturbed
apgd-ce - 36/36 - 9 out of 15 successfully perturbed
robust accuracy after APGD-CE: 40.45% (total time 372.3 s)
apgd-t - 1/16 - 13 out of 256 successfully perturbed
apgd-t - 2/16 - 8 out of 256 successfully perturbed
apgd-t - 3/16 - 8 out of 256 successfully perturbed
apgd-t - 4/16 - 4 out of 256 successfully perturbed
apgd-t - 5/16 - 6 out of 256 successfully perturbed
apgd-t - 6/16 - 7 out of 256 successfully perturbed
apgd-t - 7/16 - 5 out of 256 successfully perturbed
apgd-t - 8/16 - 8 out of 256 successfully perturbed
apgd-t - 9/16 - 9 out of 256 successfully perturbed
apgd-t - 10/16 - 5 out of 256 successfully perturbed
apgd-t - 11/16 - 6 out of 256 successfully perturbed
apgd-t - 12/16 - 4 out of 256 successfully perturbed
apgd-t - 13/16 - 5 out of 256 successfully perturbed
apgd-t - 14/16 - 5 out of 256 successfully perturbed
apgd-t - 15/16 - 5 out of 256 successfully perturbed
apgd-t - 16/16 - 6 out of 205 successfully perturbed
robust accuracy after APGD-T: 39.41% (total time 1909.2 s)
fab-t - 1/16 - 0 out of 256 successfully perturbed
fab-t - 2/16 - 0 out of 256 successfully perturbed
fab-t - 3/16 - 0 out of 256 successfully perturbed
fab-t - 4/16 - 0 out of 256 successfully perturbed
fab-t - 5/16 - 0 out of 256 successfully perturbed
fab-t - 6/16 - 0 out of 256 successfully perturbed
fab-t - 7/16 - 0 out of 256 successfully perturbed
fab-t - 8/16 - 0 out of 256 successfully perturbed
fab-t - 9/16 - 0 out of 256 successfully perturbed
fab-t - 10/16 - 0 out of 256 successfully perturbed
fab-t - 11/16 - 0 out of 256 successfully perturbed
fab-t - 12/16 - 0 out of 256 successfully perturbed
fab-t - 13/16 - 0 out of 256 successfully perturbed
fab-t - 14/16 - 0 out of 256 successfully perturbed
fab-t - 15/16 - 0 out of 256 successfully perturbed
fab-t - 16/16 - 0 out of 101 successfully perturbed
robust accuracy after FAB-T: 39.41% (total time 3775.7 s)
square - 1/16 - 0 out of 256 successfully perturbed
square - 2/16 - 0 out of 256 successfully perturbed
square - 3/16 - 0 out of 256 successfully perturbed
square - 4/16 - 0 out of 256 successfully perturbed
square - 5/16 - 0 out of 256 successfully perturbed
square - 6/16 - 0 out of 256 successfully perturbed
square - 7/16 - 0 out of 256 successfully perturbed
square - 8/16 - 0 out of 256 successfully perturbed
square - 9/16 - 0 out of 256 successfully perturbed
square - 10/16 - 0 out of 256 successfully perturbed
square - 11/16 - 0 out of 256 successfully perturbed
square - 12/16 - 0 out of 256 successfully perturbed
square - 13/16 - 0 out of 256 successfully perturbed
square - 14/16 - 0 out of 256 successfully perturbed
square - 15/16 - 0 out of 256 successfully perturbed
square - 16/16 - 0 out of 101 successfully perturbed
robust accuracy after SQUARE: 39.41% (total time 5484.0 s)
max Linf perturbation: 0.03137, nan in tensor: 0, max: 1.00000, min: 0.00000
robust accuracy: 39.41%
