Using device: cuda
using standard version including apgd-ce, apgd-t, fab-t, square.
initial accuracy: 86.01%
apgd-ce - 1/34 - 117 out of 256 successfully perturbed
apgd-ce - 2/34 - 110 out of 256 successfully perturbed
apgd-ce - 3/34 - 117 out of 256 successfully perturbed
apgd-ce - 4/34 - 109 out of 256 successfully perturbed
apgd-ce - 5/34 - 108 out of 256 successfully perturbed
apgd-ce - 6/34 - 122 out of 256 successfully perturbed
apgd-ce - 7/34 - 116 out of 256 successfully perturbed
apgd-ce - 8/34 - 97 out of 256 successfully perturbed
apgd-ce - 9/34 - 119 out of 256 successfully perturbed
apgd-ce - 10/34 - 110 out of 256 successfully perturbed
apgd-ce - 11/34 - 111 out of 256 successfully perturbed
apgd-ce - 12/34 - 113 out of 256 successfully perturbed
apgd-ce - 13/34 - 103 out of 256 successfully perturbed
apgd-ce - 14/34 - 117 out of 256 successfully perturbed
apgd-ce - 15/34 - 103 out of 256 successfully perturbed
apgd-ce - 16/34 - 118 out of 256 successfully perturbed
apgd-ce - 17/34 - 118 out of 256 successfully perturbed
apgd-ce - 18/34 - 125 out of 256 successfully perturbed
apgd-ce - 19/34 - 119 out of 256 successfully perturbed
apgd-ce - 20/34 - 110 out of 256 successfully perturbed
apgd-ce - 21/34 - 114 out of 256 successfully perturbed
apgd-ce - 22/34 - 119 out of 256 successfully perturbed
apgd-ce - 23/34 - 115 out of 256 successfully perturbed
apgd-ce - 24/34 - 110 out of 256 successfully perturbed
apgd-ce - 25/34 - 131 out of 256 successfully perturbed
apgd-ce - 26/34 - 106 out of 256 successfully perturbed
apgd-ce - 27/34 - 113 out of 256 successfully perturbed
apgd-ce - 28/34 - 130 out of 256 successfully perturbed
apgd-ce - 29/34 - 117 out of 256 successfully perturbed
apgd-ce - 30/34 - 122 out of 256 successfully perturbed
apgd-ce - 31/34 - 105 out of 256 successfully perturbed
apgd-ce - 32/34 - 120 out of 256 successfully perturbed
apgd-ce - 33/34 - 114 out of 256 successfully perturbed
apgd-ce - 34/34 - 56 out of 153 successfully perturbed
robust accuracy after APGD-CE: 47.67% (total time 356.3 s)
apgd-t - 1/19 - 14 out of 256 successfully perturbed
apgd-t - 2/19 - 16 out of 256 successfully perturbed
apgd-t - 3/19 - 14 out of 256 successfully perturbed
apgd-t - 4/19 - 12 out of 256 successfully perturbed
apgd-t - 5/19 - 18 out of 256 successfully perturbed
apgd-t - 6/19 - 14 out of 256 successfully perturbed
apgd-t - 7/19 - 15 out of 256 successfully perturbed
apgd-t - 8/19 - 8 out of 256 successfully perturbed
apgd-t - 9/19 - 14 out of 256 successfully perturbed
apgd-t - 10/19 - 12 out of 256 successfully perturbed
apgd-t - 11/19 - 21 out of 256 successfully perturbed
apgd-t - 12/19 - 15 out of 256 successfully perturbed
apgd-t - 13/19 - 16 out of 256 successfully perturbed
apgd-t - 14/19 - 13 out of 256 successfully perturbed
apgd-t - 15/19 - 15 out of 256 successfully perturbed
apgd-t - 16/19 - 17 out of 256 successfully perturbed
apgd-t - 17/19 - 13 out of 256 successfully perturbed
apgd-t - 18/19 - 13 out of 256 successfully perturbed
apgd-t - 19/19 - 9 out of 159 successfully perturbed
robust accuracy after APGD-T: 44.98% (total time 2146.8 s)
fab-t - 1/18 - 0 out of 256 successfully perturbed
fab-t - 2/18 - 0 out of 256 successfully perturbed
fab-t - 3/18 - 0 out of 256 successfully perturbed
fab-t - 4/18 - 0 out of 256 successfully perturbed
fab-t - 5/18 - 0 out of 256 successfully perturbed
fab-t - 6/18 - 1 out of 256 successfully perturbed
fab-t - 7/18 - 0 out of 256 successfully perturbed
fab-t - 8/18 - 0 out of 256 successfully perturbed
fab-t - 9/18 - 0 out of 256 successfully perturbed
fab-t - 10/18 - 1 out of 256 successfully perturbed
fab-t - 11/18 - 0 out of 256 successfully perturbed
fab-t - 12/18 - 0 out of 256 successfully perturbed
fab-t - 13/18 - 0 out of 256 successfully perturbed
fab-t - 14/18 - 0 out of 256 successfully perturbed
fab-t - 15/18 - 0 out of 256 successfully perturbed
fab-t - 16/18 - 0 out of 256 successfully perturbed
fab-t - 17/18 - 0 out of 256 successfully perturbed
fab-t - 18/18 - 0 out of 146 successfully perturbed
robust accuracy after FAB-T: 44.96% (total time 4273.0 s)
square - 1/18 - 0 out of 256 successfully perturbed
square - 2/18 - 0 out of 256 successfully perturbed
square - 3/18 - 0 out of 256 successfully perturbed
square - 4/18 - 0 out of 256 successfully perturbed
square - 5/18 - 0 out of 256 successfully perturbed
square - 6/18 - 0 out of 256 successfully perturbed
square - 7/18 - 0 out of 256 successfully perturbed
square - 8/18 - 0 out of 256 successfully perturbed
square - 9/18 - 0 out of 256 successfully perturbed
square - 10/18 - 0 out of 256 successfully perturbed
square - 11/18 - 0 out of 256 successfully perturbed
square - 12/18 - 0 out of 256 successfully perturbed
square - 13/18 - 0 out of 256 successfully perturbed
square - 14/18 - 0 out of 256 successfully perturbed
square - 15/18 - 0 out of 256 successfully perturbed
square - 16/18 - 0 out of 256 successfully perturbed
square - 17/18 - 0 out of 256 successfully perturbed
square - 18/18 - 0 out of 144 successfully perturbed
robust accuracy after SQUARE: 44.96% (total time 6219.4 s)
max Linf perturbation: 0.03137, nan in tensor: 0, max: 1.00000, min: 0.00000
robust accuracy: 44.96%
